<?xml version="1.0" encoding="UTF-8"?>
<coverage generated="1520230479265" clover="3.2.0">
  <project timestamp="1520230479266" name="All files">
    <metrics statements="604" coveredstatements="600" conditionals="329" coveredconditionals="311" methods="169" coveredmethods="167" elements="1102" coveredelements="1078" complexity="0" loc="604" ncloc="604" packages="21" files="56" classes="56">
      <package name="server">
        <metrics statements="28" coveredstatements="28" conditionals="0" coveredconditionals="0" methods="6" coveredmethods="6"/>
        <file name="server.js" path="/home/francisco/projects/server/server.js">
          <metrics statements="28" coveredstatements="28" conditionals="0" coveredconditionals="0" methods="6" coveredmethods="6"/>
          <line num="4" count="31" type="stmt"/>
          <line num="5" count="31" type="stmt"/>
          <line num="6" count="31" type="stmt"/>
          <line num="7" count="31" type="stmt"/>
          <line num="10" count="31" type="stmt"/>
          <line num="14" count="8111" type="stmt"/>
          <line num="18" count="31" type="stmt"/>
          <line num="21" count="141" type="stmt"/>
          <line num="29" count="141" type="stmt"/>
          <line num="32" count="141" type="stmt"/>
          <line num="35" count="1400" type="stmt"/>
          <line num="38" count="140" type="stmt"/>
          <line num="39" count="560" type="stmt"/>
          <line num="44" count="140" type="stmt"/>
          <line num="47" count="140" type="stmt"/>
          <line num="48" count="280" type="stmt"/>
          <line num="52" count="140" type="stmt"/>
          <line num="53" count="140" type="stmt"/>
          <line num="56" count="140" type="stmt"/>
          <line num="57" count="135" type="stmt"/>
          <line num="58" count="135" type="stmt"/>
          <line num="62" count="140" type="stmt"/>
          <line num="67" count="31" type="stmt"/>
          <line num="68" count="31" type="stmt"/>
          <line num="69" count="31" type="stmt"/>
          <line num="70" count="31" type="stmt"/>
          <line num="71" count="31" type="stmt"/>
          <line num="73" count="31" type="stmt"/>
        </file>
      </package>
      <package name="server.error">
        <metrics statements="16" coveredstatements="16" conditionals="8" coveredconditionals="8" methods="5" coveredmethods="5"/>
        <file name="index.js" path="/home/francisco/projects/server/error/index.js">
          <metrics statements="16" coveredstatements="16" conditionals="8" coveredconditionals="8" methods="5" coveredmethods="5"/>
          <line num="1" count="36" type="stmt"/>
          <line num="2" count="54" type="stmt"/>
          <line num="3" count="54" type="stmt"/>
          <line num="4" count="351" type="cond" truecount="2" falsecount="0"/>
          <line num="6" count="54" type="stmt"/>
          <line num="9" count="233" type="stmt"/>
          <line num="11" count="36" type="cond" truecount="2" falsecount="0"/>
          <line num="12" count="116" type="cond" truecount="2" falsecount="0"/>
          <line num="14" count="116" type="cond" truecount="2" falsecount="0"/>
          <line num="15" count="54" type="stmt"/>
          <line num="16" count="54" type="stmt"/>
          <line num="17" count="54" type="stmt"/>
          <line num="18" count="54" type="stmt"/>
          <line num="19" count="54" type="stmt"/>
          <line num="23" count="36" type="stmt"/>
          <line num="25" count="36" type="stmt"/>
        </file>
      </package>
      <package name="server.plugins">
        <metrics statements="8" coveredstatements="7" conditionals="0" coveredconditionals="0" methods="1" coveredmethods="1"/>
        <file name="index.js" path="/home/francisco/projects/server/plugins/index.js">
          <metrics statements="8" coveredstatements="7" conditionals="0" coveredconditionals="0" methods="1" coveredmethods="1"/>
          <line num="7" count="31" type="stmt"/>
          <line num="9" count="31" type="stmt"/>
          <line num="10" count="31" type="stmt"/>
          <line num="11" count="31" type="stmt"/>
          <line num="12" count="744" type="stmt"/>
          <line num="13" count="31" type="stmt"/>
          <line num="15" count="0" type="stmt"/>
          <line num="19" count="31" type="stmt"/>
        </file>
      </package>
      <package name="server.plugins.compress">
        <metrics statements="3" coveredstatements="3" conditionals="0" coveredconditionals="0" methods="1" coveredmethods="1"/>
        <file name="index.js" path="/home/francisco/projects/server/plugins/compress/index.js">
          <metrics statements="3" coveredstatements="3" conditionals="0" coveredconditionals="0" methods="1" coveredmethods="1"/>
          <line num="1" count="31" type="stmt"/>
          <line num="3" count="31" type="stmt"/>
          <line num="14" count="159" type="stmt"/>
        </file>
      </package>
      <package name="server.plugins.express">
        <metrics statements="28" coveredstatements="28" conditionals="8" coveredconditionals="7" methods="12" coveredmethods="11"/>
        <file name="index.js" path="/home/francisco/projects/server/plugins/express/index.js">
          <metrics statements="28" coveredstatements="28" conditionals="8" coveredconditionals="7" methods="12" coveredmethods="11"/>
          <line num="1" count="31" type="stmt"/>
          <line num="4" count="31" type="stmt"/>
          <line num="5" count="2" type="stmt"/>
          <line num="6" count="2" type="stmt"/>
          <line num="7" count="1" type="stmt"/>
          <line num="9" count="1" type="stmt"/>
          <line num="14" count="31" type="stmt"/>
          <line num="43" count="140" type="stmt"/>
          <line num="44" count="140" type="stmt"/>
          <line num="47" count="140" type="stmt"/>
          <line num="48" count="566" type="stmt"/>
          <line num="52" count="140" type="stmt"/>
          <line num="55" count="140" type="cond" truecount="2" falsecount="0"/>
          <line num="58" count="139" type="cond" truecount="2" falsecount="0"/>
          <line num="59" count="135" type="stmt"/>
          <line num="63" count="4" type="stmt"/>
          <line num="64" count="4" type="stmt"/>
          <line num="65" count="4" type="cond" truecount="2" falsecount="0"/>
          <line num="66" count="4" type="stmt"/>
          <line num="69" count="140" type="stmt"/>
          <line num="70" count="140" type="stmt"/>
          <line num="71" count="140" type="stmt"/>
          <line num="73" count="140" type="stmt"/>
          <line num="74" count="140" type="stmt"/>
          <line num="75" count="140" type="stmt"/>
          <line num="78" count="140" type="stmt"/>
          <line num="80" count="135" type="stmt"/>
          <line num="81" count="135" type="cond" truecount="1" falsecount="1"/>
        </file>
      </package>
      <package name="server.plugins.favicon">
        <metrics statements="3" coveredstatements="3" conditionals="4" coveredconditionals="4" methods="1" coveredmethods="1"/>
        <file name="index.js" path="/home/francisco/projects/server/plugins/favicon/index.js">
          <metrics statements="3" coveredstatements="3" conditionals="4" coveredconditionals="4" methods="1" coveredmethods="1"/>
          <line num="1" count="31" type="stmt"/>
          <line num="3" count="31" type="stmt"/>
          <line num="15" count="161" type="cond" truecount="4" falsecount="0"/>
        </file>
      </package>
      <package name="server.plugins.final">
        <metrics statements="25" coveredstatements="24" conditionals="17" coveredconditionals="16" methods="3" coveredmethods="3"/>
        <file name="errors.js" path="/home/francisco/projects/server/plugins/final/errors.js">
          <metrics statements="4" coveredstatements="4" conditionals="0" coveredconditionals="0" methods="1" coveredmethods="1"/>
          <line num="1" count="31" type="stmt"/>
          <line num="3" count="31" type="stmt"/>
          <line num="37" count="31" type="stmt"/>
          <line num="63" count="31" type="stmt"/>
        </file>
        <file name="index.js" path="/home/francisco/projects/server/plugins/final/index.js">
          <metrics statements="21" coveredstatements="20" conditionals="17" coveredconditionals="16" methods="2" coveredmethods="2"/>
          <line num="4" count="31" type="stmt"/>
          <line num="6" count="31" type="stmt"/>
          <line num="7" count="31" type="stmt"/>
          <line num="10" count="31" type="stmt"/>
          <line num="11" count="156" type="cond" truecount="2" falsecount="0"/>
          <line num="12" count="134" type="cond" truecount="2" falsecount="0"/>
          <line num="15" count="10" type="cond" truecount="2" falsecount="0"/>
          <line num="16" count="8" type="stmt"/>
          <line num="20" count="2" type="stmt"/>
          <line num="21" count="2" type="stmt"/>
          <line num="22" count="2" type="stmt"/>
          <line num="26" count="31" type="stmt"/>
          <line num="27" count="4" type="stmt"/>
          <line num="28" count="4" type="stmt"/>
          <line num="29" count="4" type="cond" truecount="2" falsecount="0"/>
          <line num="31" count="3" type="cond" truecount="3" falsecount="0"/>
          <line num="32" count="3" type="cond" truecount="2" falsecount="0"/>
          <line num="35" count="3" type="cond" truecount="3" falsecount="1"/>
          <line num="36" count="3" type="stmt"/>
          <line num="40" count="0" type="stmt"/>
          <line num="43" count="31" type="stmt"/>
        </file>
      </package>
      <package name="server.plugins.log">
        <metrics statements="5" coveredstatements="5" conditionals="0" coveredconditionals="0" methods="1" coveredmethods="1"/>
        <file name="index.js" path="/home/francisco/projects/server/plugins/log/index.js">
          <metrics statements="5" coveredstatements="5" conditionals="0" coveredconditionals="0" methods="1" coveredmethods="1"/>
          <line num="1" count="31" type="stmt"/>
          <line num="3" count="31" type="stmt"/>
          <line num="15" count="31" type="stmt"/>
          <line num="29" count="140" type="stmt"/>
          <line num="33" count="31" type="stmt"/>
        </file>
      </package>
      <package name="server.plugins.parser">
        <metrics statements="22" coveredstatements="22" conditionals="16" coveredconditionals="16" methods="9" coveredmethods="9"/>
        <file name="index.js" path="/home/francisco/projects/server/plugins/parser/index.js">
          <metrics statements="22" coveredstatements="22" conditionals="16" coveredconditionals="16" methods="9" coveredmethods="9"/>
          <line num="5" count="31" type="stmt"/>
          <line num="38" count="141" type="cond" truecount="2" falsecount="0"/>
          <line num="44" count="162" type="cond" truecount="2" falsecount="0"/>
          <line num="45" count="161" type="stmt"/>
          <line num="46" count="638" type="stmt"/>
          <line num="51" count="162" type="cond" truecount="2" falsecount="0"/>
          <line num="52" count="161" type="stmt"/>
          <line num="53" count="161" type="stmt"/>
          <line num="58" count="162" type="cond" truecount="2" falsecount="0"/>
          <line num="59" count="161" type="stmt"/>
          <line num="60" count="161" type="stmt"/>
          <line num="65" count="162" type="cond" truecount="2" falsecount="0"/>
          <line num="66" count="161" type="stmt"/>
          <line num="67" count="161" type="stmt"/>
          <line num="72" count="162" type="cond" truecount="2" falsecount="0"/>
          <line num="73" count="161" type="stmt"/>
          <line num="74" count="161" type="stmt"/>
          <line num="79" count="162" type="cond" truecount="2" falsecount="0"/>
          <line num="80" count="161" type="stmt"/>
          <line num="84" count="161" type="stmt"/>
          <line num="89" count="162" type="cond" truecount="2" falsecount="0"/>
          <line num="94" count="31" type="stmt"/>
        </file>
      </package>
      <package name="server.plugins.security">
        <metrics statements="8" coveredstatements="8" conditionals="8" coveredconditionals="8" methods="3" coveredmethods="3"/>
        <file name="index.js" path="/home/francisco/projects/server/plugins/security/index.js">
          <metrics statements="8" coveredstatements="8" conditionals="8" coveredconditionals="8" methods="3" coveredmethods="3"/>
          <line num="1" count="31" type="stmt"/>
          <line num="2" count="31" type="stmt"/>
          <line num="4" count="31" type="stmt"/>
          <line num="50" count="120" type="cond" truecount="4" falsecount="0"/>
          <line num="55" count="120" type="cond" truecount="4" falsecount="0"/>
          <line num="56" count="97" type="stmt"/>
          <line num="57" count="97" type="stmt"/>
          <line num="61" count="120" type="stmt"/>
        </file>
      </package>
      <package name="server.plugins.session">
        <metrics statements="10" coveredstatements="9" conditionals="4" coveredconditionals="3" methods="4" coveredmethods="4"/>
        <file name="index.js" path="/home/francisco/projects/server/plugins/session/index.js">
          <metrics statements="10" coveredstatements="9" conditionals="4" coveredconditionals="3" methods="4" coveredmethods="4"/>
          <line num="1" count="31" type="stmt"/>
          <line num="4" count="31" type="stmt"/>
          <line num="6" count="31" type="stmt"/>
          <line num="9" count="31" type="stmt"/>
          <line num="37" count="140" type="cond" truecount="3" falsecount="1"/>
          <line num="38" count="0" type="stmt"/>
          <line num="40" count="140" type="stmt"/>
          <line num="42" count="161" type="stmt"/>
          <line num="44" count="140" type="stmt"/>
          <line num="45" count="7" type="stmt"/>
        </file>
      </package>
      <package name="server.plugins.socket">
        <metrics statements="20" coveredstatements="20" conditionals="8" coveredconditionals="8" methods="7" coveredmethods="7"/>
        <file name="index.js" path="/home/francisco/projects/server/plugins/socket/index.js">
          <metrics statements="20" coveredstatements="20" conditionals="8" coveredconditionals="8" methods="7" coveredmethods="7"/>
          <line num="2" count="31" type="stmt"/>
          <line num="3" count="31" type="stmt"/>
          <line num="5" count="31" type="stmt"/>
          <line num="14" count="11" type="stmt"/>
          <line num="15" count="36" type="cond" truecount="2" falsecount="0"/>
          <line num="16" count="29" type="cond" truecount="4" falsecount="0"/>
          <line num="18" count="16" type="stmt"/>
          <line num="19" count="16" type="stmt"/>
          <line num="20" count="16" type="cond" truecount="2" falsecount="0"/>
          <line num="21" count="1" type="stmt"/>
          <line num="25" count="140" type="stmt"/>
          <line num="28" count="140" type="stmt"/>
          <line num="29" count="140" type="stmt"/>
          <line num="30" count="140" type="stmt"/>
          <line num="31" count="7" type="stmt"/>
          <line num="32" count="8" type="stmt"/>
          <line num="33" count="8" type="stmt"/>
          <line num="36" count="7" type="stmt"/>
          <line num="37" count="7" type="stmt"/>
          <line num="40" count="7" type="stmt"/>
        </file>
      </package>
      <package name="server.plugins.static">
        <metrics statements="2" coveredstatements="2" conditionals="0" coveredconditionals="0" methods="1" coveredmethods="1"/>
        <file name="index.js" path="/home/francisco/projects/server/plugins/static/index.js">
          <metrics statements="2" coveredstatements="2" conditionals="0" coveredconditionals="0" methods="1" coveredmethods="1"/>
          <line num="1" count="31" type="stmt"/>
          <line num="12" count="140" type="stmt"/>
        </file>
      </package>
      <package name="server.reply">
        <metrics statements="115" coveredstatements="115" conditionals="35" coveredconditionals="33" methods="44" coveredmethods="44"/>
        <file name="cookie.js" path="/home/francisco/projects/server/reply/cookie.js">
          <metrics statements="2" coveredstatements="2" conditionals="0" coveredconditionals="0" methods="1" coveredmethods="1"/>
          <line num="1" count="32" type="stmt"/>
          <line num="3" count="32" type="stmt"/>
        </file>
        <file name="download.js" path="/home/francisco/projects/server/reply/download.js">
          <metrics statements="2" coveredstatements="2" conditionals="0" coveredconditionals="0" methods="1" coveredmethods="1"/>
          <line num="1" count="32" type="stmt"/>
          <line num="3" count="32" type="stmt"/>
        </file>
        <file name="end.js" path="/home/francisco/projects/server/reply/end.js">
          <metrics statements="2" coveredstatements="2" conditionals="0" coveredconditionals="0" methods="1" coveredmethods="1"/>
          <line num="1" count="32" type="stmt"/>
          <line num="3" count="32" type="stmt"/>
        </file>
        <file name="file.js" path="/home/francisco/projects/server/reply/file.js">
          <metrics statements="2" coveredstatements="2" conditionals="0" coveredconditionals="0" methods="1" coveredmethods="1"/>
          <line num="1" count="32" type="stmt"/>
          <line num="3" count="32" type="stmt"/>
        </file>
        <file name="header.js" path="/home/francisco/projects/server/reply/header.js">
          <metrics statements="2" coveredstatements="2" conditionals="0" coveredconditionals="0" methods="1" coveredmethods="1"/>
          <line num="1" count="32" type="stmt"/>
          <line num="3" count="32" type="stmt"/>
        </file>
        <file name="index.js" path="/home/francisco/projects/server/reply/index.js">
          <metrics statements="1" coveredstatements="1" conditionals="0" coveredconditionals="0" methods="0" coveredmethods="0"/>
          <line num="1" count="32" type="stmt"/>
        </file>
        <file name="json.js" path="/home/francisco/projects/server/reply/json.js">
          <metrics statements="2" coveredstatements="2" conditionals="0" coveredconditionals="0" methods="1" coveredmethods="1"/>
          <line num="1" count="32" type="stmt"/>
          <line num="3" count="32" type="stmt"/>
        </file>
        <file name="jsonp.js" path="/home/francisco/projects/server/reply/jsonp.js">
          <metrics statements="2" coveredstatements="2" conditionals="0" coveredconditionals="0" methods="1" coveredmethods="1"/>
          <line num="1" count="32" type="stmt"/>
          <line num="3" count="32" type="stmt"/>
        </file>
        <file name="redirect.js" path="/home/francisco/projects/server/reply/redirect.js">
          <metrics statements="2" coveredstatements="2" conditionals="0" coveredconditionals="0" methods="1" coveredmethods="1"/>
          <line num="1" count="32" type="stmt"/>
          <line num="3" count="32" type="stmt"/>
        </file>
        <file name="render.js" path="/home/francisco/projects/server/reply/render.js">
          <metrics statements="2" coveredstatements="2" conditionals="0" coveredconditionals="0" methods="1" coveredmethods="1"/>
          <line num="1" count="32" type="stmt"/>
          <line num="3" count="32" type="stmt"/>
        </file>
        <file name="reply.js" path="/home/francisco/projects/server/reply/reply.js">
          <metrics statements="90" coveredstatements="90" conditionals="35" coveredconditionals="33" methods="32" coveredmethods="32"/>
          <line num="1" count="32" type="stmt"/>
          <line num="2" count="32" type="stmt"/>
          <line num="5" count="32" type="stmt"/>
          <line num="6" count="165" type="stmt"/>
          <line num="7" count="165" type="stmt"/>
          <line num="8" count="157" type="stmt"/>
          <line num="13" count="32" type="stmt"/>
          <line num="14" count="2" type="stmt"/>
          <line num="15" count="2" type="stmt"/>
          <line num="17" count="2" type="stmt"/>
          <line num="22" count="32" type="stmt"/>
          <line num="25" count="6" type="cond" truecount="2" falsecount="0"/>
          <line num="26" count="1" type="stmt"/>
          <line num="29" count="5" type="cond" truecount="2" falsecount="0"/>
          <line num="30" count="1" type="stmt"/>
          <line num="33" count="4" type="cond" truecount="2" falsecount="0"/>
          <line num="34" count="1" type="stmt"/>
          <line num="37" count="3" type="stmt"/>
          <line num="38" count="3" type="cond" truecount="2" falsecount="0"/>
          <line num="39" count="2" type="stmt"/>
          <line num="42" count="3" type="stmt"/>
          <line num="43" count="3" type="cond" truecount="2" falsecount="0"/>
          <line num="44" count="1" type="stmt"/>
          <line num="46" count="2" type="stmt"/>
          <line num="47" count="2" type="cond" truecount="1" falsecount="1"/>
          <line num="51" count="3" type="stmt"/>
          <line num="56" count="32" type="stmt"/>
          <line num="57" count="4" type="stmt"/>
          <line num="58" count="4" type="stmt"/>
          <line num="60" count="4" type="stmt"/>
          <line num="65" count="32" type="stmt"/>
          <line num="68" count="10" type="cond" truecount="2" falsecount="0"/>
          <line num="69" count="1" type="stmt"/>
          <line num="72" count="9" type="cond" truecount="2" falsecount="0"/>
          <line num="73" count="1" type="stmt"/>
          <line num="76" count="8" type="cond" truecount="1" falsecount="0"/>
          <line num="77" count="8" type="cond" truecount="2" falsecount="0"/>
          <line num="78" count="7" type="stmt"/>
          <line num="81" count="8" type="stmt"/>
          <line num="82" count="3" type="cond" truecount="2" falsecount="0"/>
          <line num="83" count="1" type="stmt"/>
          <line num="85" count="2" type="stmt"/>
          <line num="86" count="2" type="cond" truecount="1" falsecount="1"/>
          <line num="90" count="8" type="stmt"/>
          <line num="95" count="32" type="stmt"/>
          <line num="96" count="1" type="stmt"/>
          <line num="97" count="1" type="stmt"/>
          <line num="99" count="1" type="stmt"/>
          <line num="102" count="32" type="stmt"/>
          <line num="103" count="1" type="stmt"/>
          <line num="104" count="1" type="stmt"/>
          <line num="106" count="1" type="stmt"/>
          <line num="109" count="32" type="stmt"/>
          <line num="110" count="1" type="stmt"/>
          <line num="111" count="1" type="stmt"/>
          <line num="113" count="1" type="stmt"/>
          <line num="116" count="32" type="stmt"/>
          <line num="117" count="2" type="stmt"/>
          <line num="118" count="2" type="stmt"/>
          <line num="120" count="2" type="stmt"/>
          <line num="123" count="32" type="stmt"/>
          <line num="126" count="8" type="cond" truecount="2" falsecount="0"/>
          <line num="127" count="1" type="stmt"/>
          <line num="130" count="7" type="cond" truecount="2" falsecount="0"/>
          <line num="131" count="1" type="stmt"/>
          <line num="134" count="6" type="cond" truecount="1" falsecount="0"/>
          <line num="136" count="6" type="stmt"/>
          <line num="138" count="6" type="cond" truecount="2" falsecount="0"/>
          <line num="139" count="6" type="stmt"/>
          <line num="141" count="6" type="stmt"/>
          <line num="144" count="32" type="stmt"/>
          <line num="147" count="126" type="cond" truecount="5" falsecount="0"/>
          <line num="148" count="1" type="stmt"/>
          <line num="151" count="125" type="stmt"/>
          <line num="152" count="125" type="stmt"/>
          <line num="154" count="125" type="stmt"/>
          <line num="157" count="32" type="stmt"/>
          <line num="158" count="34" type="stmt"/>
          <line num="160" count="34" type="stmt"/>
          <line num="161" count="34" type="stmt"/>
          <line num="163" count="34" type="stmt"/>
          <line num="166" count="32" type="stmt"/>
          <line num="167" count="1" type="stmt"/>
          <line num="168" count="1" type="stmt"/>
          <line num="170" count="1" type="stmt"/>
          <line num="173" count="32" type="stmt"/>
          <line num="174" count="153" type="stmt"/>
          <line num="175" count="183" type="stmt"/>
          <line num="177" count="144" type="stmt"/>
          <line num="181" count="32" type="stmt"/>
        </file>
        <file name="send.js" path="/home/francisco/projects/server/reply/send.js">
          <metrics statements="2" coveredstatements="2" conditionals="0" coveredconditionals="0" methods="1" coveredmethods="1"/>
          <line num="1" count="32" type="stmt"/>
          <line num="3" count="99" type="stmt"/>
        </file>
        <file name="status.js" path="/home/francisco/projects/server/reply/status.js">
          <metrics statements="2" coveredstatements="2" conditionals="0" coveredconditionals="0" methods="1" coveredmethods="1"/>
          <line num="1" count="32" type="stmt"/>
          <line num="3" count="34" type="stmt"/>
        </file>
        <file name="type.js" path="/home/francisco/projects/server/reply/type.js">
          <metrics statements="2" coveredstatements="2" conditionals="0" coveredconditionals="0" methods="1" coveredmethods="1"/>
          <line num="1" count="32" type="stmt"/>
          <line num="3" count="32" type="stmt"/>
        </file>
      </package>
      <package name="server.router">
        <metrics statements="49" coveredstatements="49" conditionals="20" coveredconditionals="18" methods="12" coveredmethods="12"/>
        <file name="del.js" path="/home/francisco/projects/server/router/del.js">
          <metrics statements="3" coveredstatements="3" conditionals="0" coveredconditionals="0" methods="1" coveredmethods="1"/>
          <line num="2" count="31" type="stmt"/>
          <line num="5" count="31" type="stmt"/>
          <line num="6" count="2" type="stmt"/>
        </file>
        <file name="error.js" path="/home/francisco/projects/server/router/error.js">
          <metrics statements="14" coveredstatements="14" conditionals="6" coveredconditionals="5" methods="3" coveredmethods="3"/>
          <line num="1" count="31" type="stmt"/>
          <line num="2" count="31" type="stmt"/>
          <line num="4" count="31" type="stmt"/>
          <line num="6" count="69" type="stmt"/>
          <line num="7" count="69" type="stmt"/>
          <line num="9" count="69" type="stmt"/>
          <line num="10" count="69" type="stmt"/>
          <line num="13" count="32" type="cond" truecount="2" falsecount="0"/>
          <line num="14" count="32" type="stmt"/>
          <line num="17" count="32" type="cond" truecount="3" falsecount="1"/>
          <line num="19" count="32" type="stmt"/>
          <line num="20" count="32" type="stmt"/>
          <line num="21" count="32" type="stmt"/>
          <line num="23" count="69" type="stmt"/>
        </file>
        <file name="errors.js" path="/home/francisco/projects/server/router/errors.js">
          <metrics statements="4" coveredstatements="4" conditionals="0" coveredconditionals="0" methods="1" coveredmethods="1"/>
          <line num="3" count="1" type="stmt"/>
          <line num="5" count="1" type="stmt"/>
          <line num="6" count="1" type="stmt"/>
          <line num="8" count="1" type="stmt"/>
        </file>
        <file name="generic.js" path="/home/francisco/projects/server/router/generic.js">
          <metrics statements="13" coveredstatements="13" conditionals="8" coveredconditionals="7" methods="2" coveredmethods="2"/>
          <line num="1" count="31" type="stmt"/>
          <line num="2" count="31" type="stmt"/>
          <line num="5" count="31" type="stmt"/>
          <line num="8" count="39" type="stmt"/>
          <line num="10" count="39" type="cond" truecount="1" falsecount="1"/>
          <line num="12" count="39" type="stmt"/>
          <line num="15" count="48" type="cond" truecount="2" falsecount="0"/>
          <line num="18" count="40" type="cond" truecount="2" falsecount="0"/>
          <line num="21" count="36" type="stmt"/>
          <line num="22" count="36" type="cond" truecount="2" falsecount="0"/>
          <line num="23" count="30" type="stmt"/>
          <line num="26" count="30" type="stmt"/>
          <line num="28" count="30" type="stmt"/>
        </file>
        <file name="get.js" path="/home/francisco/projects/server/router/get.js">
          <metrics statements="3" coveredstatements="3" conditionals="0" coveredconditionals="0" methods="1" coveredmethods="1"/>
          <line num="2" count="31" type="stmt"/>
          <line num="5" count="31" type="stmt"/>
          <line num="6" count="32" type="stmt"/>
        </file>
        <file name="index.js" path="/home/francisco/projects/server/router/index.js">
          <metrics statements="1" coveredstatements="1" conditionals="0" coveredconditionals="0" methods="0" coveredmethods="0"/>
          <line num="8" count="31" type="stmt"/>
        </file>
        <file name="post.js" path="/home/francisco/projects/server/router/post.js">
          <metrics statements="3" coveredstatements="3" conditionals="0" coveredconditionals="0" methods="1" coveredmethods="1"/>
          <line num="2" count="31" type="stmt"/>
          <line num="5" count="31" type="stmt"/>
          <line num="6" count="4" type="stmt"/>
        </file>
        <file name="put.js" path="/home/francisco/projects/server/router/put.js">
          <metrics statements="3" coveredstatements="3" conditionals="0" coveredconditionals="0" methods="1" coveredmethods="1"/>
          <line num="2" count="31" type="stmt"/>
          <line num="5" count="31" type="stmt"/>
          <line num="6" count="1" type="stmt"/>
        </file>
        <file name="sub.js" path="/home/francisco/projects/server/router/sub.js">
          <metrics statements="5" coveredstatements="5" conditionals="6" coveredconditionals="6" methods="2" coveredmethods="2"/>
          <line num="1" count="31" type="stmt"/>
          <line num="2" count="4" type="stmt"/>
          <line num="3" count="4" type="cond" truecount="6" falsecount="0"/>
          <line num="5" count="3" type="stmt"/>
          <line num="6" count="3" type="stmt"/>
        </file>
      </package>
      <package name="server.src.config">
        <metrics statements="118" coveredstatements="118" conditionals="120" coveredconditionals="116" methods="20" coveredmethods="19"/>
        <file name="env.js" path="/home/francisco/projects/server/src/config/env.js">
          <metrics statements="18" coveredstatements="18" conditionals="12" coveredconditionals="11" methods="4" coveredmethods="4"/>
          <line num="2" count="33" type="stmt"/>
          <line num="5" count="33" type="stmt"/>
          <line num="6" count="7623" type="stmt"/>
          <line num="7" count="6633" type="stmt"/>
          <line num="8" count="5973" type="cond" truecount="2" falsecount="0"/>
          <line num="11" count="33" type="stmt"/>
          <line num="12" count="9570" type="cond" truecount="2" falsecount="0"/>
          <line num="13" count="7623" type="cond" truecount="1" falsecount="1"/>
          <line num="14" count="7623" type="cond" truecount="2" falsecount="0"/>
          <line num="15" count="6633" type="cond" truecount="2" falsecount="0"/>
          <line num="16" count="5973" type="stmt"/>
          <line num="17" count="5973" type="cond" truecount="2" falsecount="0"/>
          <line num="19" count="33" type="stmt"/>
          <line num="21" count="5775" type="stmt"/>
          <line num="24" count="33" type="stmt"/>
          <line num="25" count="33" type="stmt"/>
          <line num="26" count="9570" type="stmt"/>
          <line num="29" count="33" type="stmt"/>
        </file>
        <file name="errors.js" path="/home/francisco/projects/server/src/config/errors.js">
          <metrics statements="15" coveredstatements="15" conditionals="2" coveredconditionals="0" methods="9" coveredmethods="8"/>
          <line num="1" count="34" type="stmt"/>
          <line num="2" count="19" type="stmt"/>
          <line num="5" count="34" type="stmt"/>
          <line num="11" count="34" type="stmt"/>
          <line num="16" count="34" type="stmt"/>
          <line num="21" count="34" type="stmt"/>
          <line num="27" count="34" type="stmt"/>
          <line num="32" count="34" type="stmt"/>
          <line num="41" count="34" type="stmt"/>
          <line num="46" count="34" type="stmt"/>
          <line num="51" count="34" type="stmt"/>
          <line num="56" count="34" type="stmt"/>
          <line num="61" count="34" type="stmt"/>
          <line num="67" count="34" type="stmt"/>
          <line num="73" count="34" type="stmt"/>
        </file>
        <file name="index.js" path="/home/francisco/projects/server/src/config/index.js">
          <metrics statements="8" coveredstatements="8" conditionals="4" coveredconditionals="3" methods="2" coveredmethods="2"/>
          <line num="1" count="32" type="stmt"/>
          <line num="2" count="32" type="stmt"/>
          <line num="3" count="32" type="stmt"/>
          <line num="7" count="32" type="cond" truecount="2" falsecount="0"/>
          <line num="10" count="147" type="stmt"/>
          <line num="13" count="147" type="cond" truecount="1" falsecount="1"/>
          <line num="14" count="1410" type="stmt"/>
          <line num="17" count="146" type="stmt"/>
        </file>
        <file name="parse.js" path="/home/francisco/projects/server/src/config/parse.js">
          <metrics statements="68" coveredstatements="68" conditionals="94" coveredconditionals="94" methods="4" coveredmethods="4"/>
          <line num="5" count="34" type="stmt"/>
          <line num="6" count="34" type="stmt"/>
          <line num="13" count="34" type="stmt"/>
          <line num="16" count="1656" type="cond" truecount="2" falsecount="0"/>
          <line num="17" count="42" type="stmt"/>
          <line num="21" count="1614" type="cond" truecount="4" falsecount="0"/>
          <line num="25" count="4547" type="cond" truecount="2" falsecount="0"/>
          <line num="26" count="12" type="cond" truecount="2" falsecount="0"/>
          <line num="27" count="1" type="stmt"/>
          <line num="29" count="11" type="cond" truecount="2" falsecount="0"/>
          <line num="30" count="1" type="stmt"/>
          <line num="32" count="10" type="stmt"/>
          <line num="36" count="4545" type="stmt"/>
          <line num="39" count="4545" type="stmt"/>
          <line num="40" count="450132" type="stmt"/>
          <line num="43" count="4545" type="stmt"/>
          <line num="49" count="1612" type="stmt"/>
          <line num="52" count="1612" type="stmt"/>
          <line num="56" count="8508" type="stmt"/>
          <line num="60" count="8508" type="cond" truecount="2" falsecount="0"/>
          <line num="63" count="7641" type="cond" truecount="2" falsecount="0"/>
          <line num="64" count="3" type="stmt"/>
          <line num="68" count="7638" type="cond" truecount="2" falsecount="0"/>
          <line num="69" count="2" type="stmt"/>
          <line num="73" count="7636" type="cond" truecount="2" falsecount="0"/>
          <line num="74" count="7311" type="cond" truecount="4" falsecount="0"/>
          <line num="75" count="325" type="cond" truecount="4" falsecount="0"/>
          <line num="76" count="1" type="stmt"/>
          <line num="80" count="7635" type="cond" truecount="2" falsecount="0"/>
          <line num="81" count="7486" type="cond" truecount="4" falsecount="0"/>
          <line num="82" count="149" type="cond" truecount="4" falsecount="0"/>
          <line num="83" count="1" type="stmt"/>
          <line num="87" count="7634" type="cond" truecount="2" falsecount="0"/>
          <line num="88" count="7628" type="cond" truecount="4" falsecount="0"/>
          <line num="93" count="7634" type="stmt"/>
          <line num="98" count="30536" type="stmt"/>
          <line num="99" count="7634" type="cond" truecount="2" falsecount="0"/>
          <line num="100" count="3834" type="stmt"/>
          <line num="105" count="7636" type="cond" truecount="4" falsecount="0"/>
          <line num="106" count="145" type="cond" truecount="2" falsecount="0"/>
          <line num="110" count="7636" type="cond" truecount="5" falsecount="0"/>
          <line num="111" count="481" type="cond" truecount="2" falsecount="0"/>
          <line num="112" count="327" type="stmt"/>
          <line num="114" count="481" type="stmt"/>
          <line num="115" count="481" type="cond" truecount="4" falsecount="0"/>
          <line num="116" count="160" type="stmt"/>
          <line num="121" count="7636" type="cond" truecount="2" falsecount="0"/>
          <line num="122" count="302" type="stmt"/>
          <line num="130" count="7636" type="cond" truecount="4" falsecount="0"/>
          <line num="131" count="1" type="stmt"/>
          <line num="136" count="7635" type="cond" truecount="5" falsecount="0"/>
          <line num="137" count="3" type="stmt"/>
          <line num="141" count="7632" type="cond" truecount="4" falsecount="0"/>
          <line num="144" count="2446" type="cond" truecount="2" falsecount="0"/>
          <line num="146" count="3322" type="cond" truecount="2" falsecount="0"/>
          <line num="149" count="2446" type="cond" truecount="2" falsecount="0"/>
          <line num="150" count="6" type="stmt"/>
          <line num="156" count="7626" type="cond" truecount="2" falsecount="0"/>
          <line num="157" count="3" type="stmt"/>
          <line num="158" count="3" type="cond" truecount="2" falsecount="0"/>
          <line num="159" count="2" type="cond" truecount="2" falsecount="0"/>
          <line num="162" count="7624" type="cond" truecount="2" falsecount="0"/>
          <line num="163" count="3826" type="stmt"/>
          <line num="168" count="1595" type="stmt"/>
          <line num="169" count="8474" type="stmt"/>
          <line num="170" count="8474" type="cond" truecount="2" falsecount="0"/>
          <line num="171" count="9" type="stmt"/>
          <line num="175" count="1595" type="stmt"/>
        </file>
        <file name="schema.js" path="/home/francisco/projects/server/src/config/schema.js">
          <metrics statements="9" coveredstatements="9" conditionals="8" coveredconditionals="8" methods="1" coveredmethods="1"/>
          <line num="1" count="33" type="stmt"/>
          <line num="2" count="33" type="stmt"/>
          <line num="3" count="33" type="stmt"/>
          <line num="5" count="33" type="stmt"/>
          <line num="16" count="164" type="cond" truecount="4" falsecount="0"/>
          <line num="17" count="4" type="cond" truecount="2" falsecount="0"/>
          <line num="18" count="4" type="cond" truecount="2" falsecount="0"/>
          <line num="19" count="4" type="stmt"/>
          <line num="21" count="160" type="stmt"/>
        </file>
      </package>
      <package name="server.test">
        <metrics statements="79" coveredstatements="78" conditionals="40" coveredconditionals="33" methods="26" coveredmethods="26"/>
        <file name="generic.js" path="/home/francisco/projects/server/test/generic.js">
          <metrics statements="10" coveredstatements="10" conditionals="4" coveredconditionals="4" methods="2" coveredmethods="2"/>
          <line num="1" count="29" type="stmt"/>
          <line num="3" count="138" type="stmt"/>
          <line num="4" count="138" type="stmt"/>
          <line num="5" count="137" type="stmt"/>
          <line num="6" count="137" type="stmt"/>
          <line num="7" count="137" type="cond" truecount="4" falsecount="0"/>
          <line num="8" count="10" type="stmt"/>
          <line num="9" count="10" type="stmt"/>
          <line num="12" count="137" type="stmt"/>
          <line num="13" count="137" type="stmt"/>
        </file>
        <file name="handler.js" path="/home/francisco/projects/server/test/handler.js">
          <metrics statements="4" coveredstatements="4" conditionals="2" coveredconditionals="2" methods="1" coveredmethods="1"/>
          <line num="1" count="29" type="stmt"/>
          <line num="3" count="29" type="stmt"/>
          <line num="4" count="17" type="cond" truecount="2" falsecount="0"/>
          <line num="5" count="15" type="stmt"/>
        </file>
        <file name="index.js" path="/home/francisco/projects/server/test/index.js">
          <metrics statements="36" coveredstatements="36" conditionals="8" coveredconditionals="8" methods="16" coveredmethods="16"/>
          <line num="2" count="29" type="stmt"/>
          <line num="3" count="29" type="stmt"/>
          <line num="4" count="29" type="stmt"/>
          <line num="5" count="29" type="stmt"/>
          <line num="6" count="29" type="stmt"/>
          <line num="7" count="29" type="stmt"/>
          <line num="8" count="29" type="stmt"/>
          <line num="9" count="29" type="stmt"/>
          <line num="13" count="29" type="stmt"/>
          <line num="16" count="136" type="stmt"/>
          <line num="19" count="136" type="stmt"/>
          <line num="22" count="136" type="cond" truecount="2" falsecount="0"/>
          <line num="25" count="136" type="stmt"/>
          <line num="26" count="136" type="stmt"/>
          <line num="27" count="136" type="stmt"/>
          <line num="28" count="136" type="stmt"/>
          <line num="31" count="136" type="stmt"/>
          <line num="33" count="136" type="stmt"/>
          <line num="39" count="29" type="stmt"/>
          <line num="41" count="135" type="stmt"/>
          <line num="45" count="135" type="stmt"/>
          <line num="46" count="135" type="cond" truecount="2" falsecount="0"/>
          <line num="53" count="29" type="stmt"/>
          <line num="56" count="135" type="stmt"/>
          <line num="59" count="135" type="stmt"/>
          <line num="63" count="134" type="stmt"/>
          <line num="64" count="118" type="stmt"/>
          <line num="65" count="17" type="stmt"/>
          <line num="66" count="1" type="stmt"/>
          <line num="67" count="2" type="stmt"/>
          <line num="73" count="134" type="cond" truecount="4" falsecount="0"/>
          <line num="74" count="128" type="stmt"/>
          <line num="80" count="136" type="stmt"/>
          <line num="81" count="29" type="stmt"/>
          <line num="84" count="29" type="stmt"/>
          <line num="85" count="29" type="stmt"/>
        </file>
        <file name="instance.js" path="/home/francisco/projects/server/test/instance.js">
          <metrics statements="2" coveredstatements="2" conditionals="5" coveredconditionals="4" methods="1" coveredmethods="1"/>
          <line num="2" count="29" type="cond" truecount="0" falsecount="1"/>
          <line num="3" count="271" type="cond" truecount="4" falsecount="0"/>
        </file>
        <file name="normalize.js" path="/home/francisco/projects/server/test/normalize.js">
          <metrics statements="10" coveredstatements="10" conditionals="13" coveredconditionals="11" methods="1" coveredmethods="1"/>
          <line num="3" count="29" type="stmt"/>
          <line num="6" count="138" type="cond" truecount="1" falsecount="1"/>
          <line num="9" count="138" type="stmt"/>
          <line num="10" count="138" type="cond" truecount="5" falsecount="0"/>
          <line num="11" count="3" type="stmt"/>
          <line num="15" count="138" type="cond" truecount="1" falsecount="1"/>
          <line num="16" count="138" type="stmt"/>
          <line num="20" count="138" type="cond" truecount="4" falsecount="0"/>
          <line num="21" count="6" type="stmt"/>
          <line num="25" count="138" type="stmt"/>
        </file>
        <file name="options.js" path="/home/francisco/projects/server/test/options.js">
          <metrics statements="5" coveredstatements="5" conditionals="5" coveredconditionals="2" methods="1" coveredmethods="1"/>
          <line num="1" count="29" type="stmt"/>
          <line num="2" count="29" type="stmt"/>
          <line num="5" count="29" type="cond" truecount="0" falsecount="3"/>
          <line num="8" count="136" type="cond" truecount="2" falsecount="0"/>
          <line num="11" count="131" type="stmt"/>
        </file>
        <file name="port.js" path="/home/francisco/projects/server/test/port.js">
          <metrics statements="10" coveredstatements="9" conditionals="3" coveredconditionals="2" methods="2" coveredmethods="2"/>
          <line num="4" count="30" type="stmt"/>
          <line num="5" count="30" type="stmt"/>
          <line num="7" count="146" type="stmt"/>
          <line num="10" count="30" type="cond" truecount="1" falsecount="0"/>
          <line num="11" count="146" type="stmt"/>
          <line num="14" count="146" type="cond" truecount="1" falsecount="1"/>
          <line num="15" count="0" type="stmt"/>
          <line num="19" count="146" type="stmt"/>
          <line num="20" count="146" type="stmt"/>
          <line num="23" count="30" type="stmt"/>
        </file>
        <file name="wait.js" path="/home/francisco/projects/server/test/wait.js">
          <metrics statements="2" coveredstatements="2" conditionals="0" coveredconditionals="0" methods="2" coveredmethods="2"/>
          <line num="2" count="29" type="stmt"/>
          <line num="3" count="1" type="stmt"/>
        </file>
      </package>
      <package name="server.utils">
        <metrics statements="3" coveredstatements="3" conditionals="0" coveredconditionals="0" methods="0" coveredmethods="0"/>
        <file name="index.js" path="/home/francisco/projects/server/utils/index.js">
          <metrics statements="3" coveredstatements="3" conditionals="0" coveredconditionals="0" methods="0" coveredmethods="0"/>
          <line num="2" count="31" type="stmt"/>
          <line num="3" count="31" type="stmt"/>
          <line num="4" count="31" type="stmt"/>
        </file>
      </package>
      <package name="server.utils.join">
        <metrics statements="28" coveredstatements="28" conditionals="16" coveredconditionals="16" methods="3" coveredmethods="3"/>
        <file name="index.js" path="/home/francisco/projects/server/utils/join/index.js">
          <metrics statements="28" coveredstatements="28" conditionals="16" coveredconditionals="16" methods="3" coveredmethods="3"/>
          <line num="1" count="32" type="stmt"/>
          <line num="2" count="32" type="stmt"/>
          <line num="3" count="32" type="stmt"/>
          <line num="6" count="32" type="stmt"/>
          <line num="7" count="3487" type="cond" truecount="2" falsecount="0"/>
          <line num="10" count="155" type="cond" truecount="2" falsecount="0"/>
          <line num="11" count="54" type="stmt"/>
          <line num="15" count="101" type="cond" truecount="2" falsecount="0"/>
          <line num="16" count="1" type="stmt"/>
          <line num="22" count="100" type="cond" truecount="2" falsecount="0"/>
          <line num="24" count="100" type="cond" truecount="2" falsecount="0"/>
          <line num="25" count="99" type="stmt"/>
          <line num="27" count="1" type="stmt"/>
          <line num="31" count="32" type="stmt"/>
          <line num="34" count="354" type="stmt"/>
          <line num="37" count="354" type="stmt"/>
          <line num="38" count="376" type="stmt"/>
          <line num="39" count="376" type="stmt"/>
          <line num="40" count="3519" type="stmt"/>
          <line num="42" count="3519" type="cond" truecount="2" falsecount="0"/>
          <line num="44" count="37" type="cond" truecount="2" falsecount="0"/>
          <line num="45" count="32" type="stmt"/>
          <line num="46" count="32" type="stmt"/>
          <line num="47" count="32" type="stmt"/>
          <line num="52" count="3482" type="stmt"/>
          <line num="53" count="3455" type="cond" truecount="2" falsecount="0"/>
          <line num="56" count="35" type="stmt"/>
          <line num="59" count="374" type="stmt"/>
        </file>
      </package>
      <package name="server.utils.modern">
        <metrics statements="33" coveredstatements="33" conditionals="16" coveredconditionals="16" methods="9" coveredmethods="9"/>
        <file name="errors.js" path="/home/francisco/projects/server/utils/modern/errors.js">
          <metrics statements="8" coveredstatements="8" conditionals="0" coveredconditionals="0" methods="3" coveredmethods="3"/>
          <line num="1" count="32" type="stmt"/>
          <line num="2" count="11" type="stmt"/>
          <line num="5" count="32" type="stmt"/>
          <line num="14" count="32" type="stmt"/>
          <line num="25" count="32" type="stmt"/>
          <line num="38" count="32" type="stmt"/>
          <line num="47" count="32" type="stmt"/>
          <line num="62" count="32" type="stmt"/>
        </file>
        <file name="index.js" path="/home/francisco/projects/server/utils/modern/index.js">
          <metrics statements="10" coveredstatements="10" conditionals="4" coveredconditionals="4" methods="4" coveredmethods="4"/>
          <line num="4" count="32" type="stmt"/>
          <line num="9" count="32" type="stmt"/>
          <line num="12" count="32" type="stmt"/>
          <line num="15" count="2169" type="stmt"/>
          <line num="18" count="2181" type="stmt"/>
          <line num="21" count="2181" type="cond" truecount="2" falsecount="0"/>
          <line num="22" count="308" type="stmt"/>
          <line num="25" count="1869" type="stmt"/>
          <line num="28" count="1869" type="cond" truecount="2" falsecount="0"/>
          <line num="31" count="1869" type="stmt"/>
        </file>
        <file name="validate.js" path="/home/francisco/projects/server/utils/modern/validate.js">
          <metrics statements="15" coveredstatements="15" conditionals="12" coveredconditionals="12" methods="2" coveredmethods="2"/>
          <line num="1" count="32" type="stmt"/>
          <line num="3" count="32" type="stmt"/>
          <line num="4" count="2169" type="cond" truecount="2" falsecount="0"/>
          <line num="5" count="2" type="stmt"/>
          <line num="7" count="2167" type="cond" truecount="2" falsecount="0"/>
          <line num="8" count="4" type="stmt"/>
          <line num="10" count="2163" type="cond" truecount="2" falsecount="0"/>
          <line num="11" count="1" type="stmt"/>
          <line num="15" count="32" type="stmt"/>
          <line num="16" count="1873" type="cond" truecount="2" falsecount="0"/>
          <line num="17" count="1" type="stmt"/>
          <line num="19" count="1872" type="cond" truecount="2" falsecount="0"/>
          <line num="20" count="2" type="stmt"/>
          <line num="22" count="1870" type="cond" truecount="2" falsecount="0"/>
          <line num="23" count="1" type="stmt"/>
        </file>
      </package>
      <package name="server.utils.normalize">
        <metrics statements="1" coveredstatements="1" conditionals="9" coveredconditionals="9" methods="1" coveredmethods="1"/>
        <file name="index.js" path="/home/francisco/projects/server/utils/normalize/index.js">
          <metrics statements="1" coveredstatements="1" conditionals="9" coveredconditionals="9" methods="1" coveredmethods="1"/>
          <line num="5" count="385" type="cond" truecount="2" falsecount="0"/>
        </file>
      </package>
    </metrics>
  </project>
</coverage>
