<?xml version="1.0" encoding="UTF-8"?>
<coverage generated="1520349264281" clover="3.2.0">
  <project timestamp="1520349264281" name="All files">
    <metrics statements="602" coveredstatements="601" conditionals="320" coveredconditionals="309" methods="162" coveredmethods="161" elements="1084" coveredelements="1071" complexity="0" loc="602" ncloc="602" packages="21" files="56" classes="56">
      <package name="server">
        <metrics statements="27" coveredstatements="27" conditionals="0" coveredconditionals="0" methods="6" coveredmethods="6"/>
        <file name="server.js" path="/home/francisco/projects/server/server.js">
          <metrics statements="27" coveredstatements="27" conditionals="0" coveredconditionals="0" methods="6" coveredmethods="6"/>
          <line num="4" count="31" type="stmt"/>
          <line num="5" count="31" type="stmt"/>
          <line num="6" count="31" type="stmt"/>
          <line num="7" count="31" type="stmt"/>
          <line num="11" count="8544" type="stmt"/>
          <line num="15" count="31" type="stmt"/>
          <line num="18" count="148" type="stmt"/>
          <line num="26" count="148" type="stmt"/>
          <line num="29" count="148" type="stmt"/>
          <line num="32" count="1470" type="stmt"/>
          <line num="35" count="147" type="stmt"/>
          <line num="36" count="588" type="stmt"/>
          <line num="41" count="147" type="stmt"/>
          <line num="44" count="147" type="stmt"/>
          <line num="45" count="294" type="stmt"/>
          <line num="49" count="147" type="stmt"/>
          <line num="50" count="147" type="stmt"/>
          <line num="53" count="147" type="stmt"/>
          <line num="54" count="144" type="stmt"/>
          <line num="55" count="144" type="stmt"/>
          <line num="59" count="147" type="stmt"/>
          <line num="64" count="31" type="stmt"/>
          <line num="65" count="31" type="stmt"/>
          <line num="66" count="31" type="stmt"/>
          <line num="67" count="31" type="stmt"/>
          <line num="68" count="31" type="stmt"/>
          <line num="70" count="31" type="stmt"/>
        </file>
      </package>
      <package name="server.error">
        <metrics statements="16" coveredstatements="16" conditionals="8" coveredconditionals="8" methods="5" coveredmethods="5"/>
        <file name="index.js" path="/home/francisco/projects/server/error/index.js">
          <metrics statements="16" coveredstatements="16" conditionals="8" coveredconditionals="8" methods="5" coveredmethods="5"/>
          <line num="1" count="36" type="stmt"/>
          <line num="2" count="54" type="stmt"/>
          <line num="3" count="54" type="stmt"/>
          <line num="4" count="349" type="cond" truecount="2" falsecount="0"/>
          <line num="6" count="54" type="stmt"/>
          <line num="9" count="233" type="stmt"/>
          <line num="11" count="36" type="cond" truecount="2" falsecount="0"/>
          <line num="12" count="116" type="cond" truecount="2" falsecount="0"/>
          <line num="14" count="116" type="cond" truecount="2" falsecount="0"/>
          <line num="15" count="54" type="stmt"/>
          <line num="16" count="54" type="stmt"/>
          <line num="17" count="54" type="stmt"/>
          <line num="18" count="54" type="stmt"/>
          <line num="19" count="54" type="stmt"/>
          <line num="23" count="36" type="stmt"/>
          <line num="25" count="36" type="stmt"/>
        </file>
      </package>
      <package name="server.plugins">
        <metrics statements="8" coveredstatements="8" conditionals="0" coveredconditionals="0" methods="1" coveredmethods="1"/>
        <file name="index.js" path="/home/francisco/projects/server/plugins/index.js">
          <metrics statements="8" coveredstatements="8" conditionals="0" coveredconditionals="0" methods="1" coveredmethods="1"/>
          <line num="7" count="32" type="stmt"/>
          <line num="9" count="32" type="stmt"/>
          <line num="10" count="32" type="stmt"/>
          <line num="11" count="32" type="stmt"/>
          <line num="12" count="775" type="stmt"/>
          <line num="13" count="31" type="stmt"/>
          <line num="15" count="1" type="stmt"/>
          <line num="19" count="31" type="stmt"/>
        </file>
      </package>
      <package name="server.plugins.compress">
        <metrics statements="3" coveredstatements="3" conditionals="0" coveredconditionals="0" methods="1" coveredmethods="1"/>
        <file name="index.js" path="/home/francisco/projects/server/plugins/compress/index.js">
          <metrics statements="3" coveredstatements="3" conditionals="0" coveredconditionals="0" methods="1" coveredmethods="1"/>
          <line num="1" count="31" type="stmt"/>
          <line num="3" count="31" type="stmt"/>
          <line num="14" count="165" type="stmt"/>
        </file>
      </package>
      <package name="server.plugins.express">
        <metrics statements="27" coveredstatements="27" conditionals="8" coveredconditionals="8" methods="11" coveredmethods="11"/>
        <file name="index.js" path="/home/francisco/projects/server/plugins/express/index.js">
          <metrics statements="27" coveredstatements="27" conditionals="8" coveredconditionals="8" methods="11" coveredmethods="11"/>
          <line num="1" count="31" type="stmt"/>
          <line num="4" count="31" type="stmt"/>
          <line num="5" count="2" type="stmt"/>
          <line num="6" count="2" type="stmt"/>
          <line num="7" count="1" type="stmt"/>
          <line num="9" count="1" type="stmt"/>
          <line num="14" count="31" type="stmt"/>
          <line num="43" count="147" type="stmt"/>
          <line num="44" count="147" type="stmt"/>
          <line num="47" count="147" type="stmt"/>
          <line num="48" count="594" type="stmt"/>
          <line num="52" count="147" type="stmt"/>
          <line num="55" count="147" type="cond" truecount="2" falsecount="0"/>
          <line num="58" count="146" type="cond" truecount="2" falsecount="0"/>
          <line num="59" count="142" type="stmt"/>
          <line num="63" count="4" type="stmt"/>
          <line num="64" count="4" type="stmt"/>
          <line num="65" count="4" type="cond" truecount="2" falsecount="0"/>
          <line num="66" count="4" type="stmt"/>
          <line num="69" count="147" type="stmt"/>
          <line num="70" count="147" type="stmt"/>
          <line num="71" count="147" type="stmt"/>
          <line num="73" count="147" type="stmt"/>
          <line num="74" count="147" type="stmt"/>
          <line num="75" count="147" type="stmt"/>
          <line num="78" count="144" type="stmt"/>
          <line num="79" count="144" type="cond" truecount="2" falsecount="0"/>
        </file>
      </package>
      <package name="server.plugins.favicon">
        <metrics statements="3" coveredstatements="3" conditionals="4" coveredconditionals="4" methods="1" coveredmethods="1"/>
        <file name="index.js" path="/home/francisco/projects/server/plugins/favicon/index.js">
          <metrics statements="3" coveredstatements="3" conditionals="4" coveredconditionals="4" methods="1" coveredmethods="1"/>
          <line num="1" count="31" type="stmt"/>
          <line num="3" count="31" type="stmt"/>
          <line num="15" count="167" type="cond" truecount="4" falsecount="0"/>
        </file>
      </package>
      <package name="server.plugins.final">
        <metrics statements="25" coveredstatements="25" conditionals="16" coveredconditionals="16" methods="3" coveredmethods="3"/>
        <file name="errors.js" path="/home/francisco/projects/server/plugins/final/errors.js">
          <metrics statements="4" coveredstatements="4" conditionals="0" coveredconditionals="0" methods="1" coveredmethods="1"/>
          <line num="1" count="31" type="stmt"/>
          <line num="3" count="31" type="stmt"/>
          <line num="37" count="31" type="stmt"/>
          <line num="63" count="31" type="stmt"/>
        </file>
        <file name="index.js" path="/home/francisco/projects/server/plugins/final/index.js">
          <metrics statements="21" coveredstatements="21" conditionals="16" coveredconditionals="16" methods="2" coveredmethods="2"/>
          <line num="4" count="31" type="stmt"/>
          <line num="6" count="31" type="stmt"/>
          <line num="7" count="31" type="stmt"/>
          <line num="10" count="31" type="stmt"/>
          <line num="11" count="159" type="cond" truecount="2" falsecount="0"/>
          <line num="12" count="137" type="cond" truecount="2" falsecount="0"/>
          <line num="15" count="10" type="cond" truecount="2" falsecount="0"/>
          <line num="16" count="8" type="stmt"/>
          <line num="20" count="2" type="stmt"/>
          <line num="21" count="2" type="stmt"/>
          <line num="22" count="2" type="stmt"/>
          <line num="26" count="31" type="stmt"/>
          <line num="27" count="7" type="stmt"/>
          <line num="28" count="7" type="stmt"/>
          <line num="29" count="7" type="cond" truecount="2" falsecount="0"/>
          <line num="31" count="6" type="cond" truecount="2" falsecount="0"/>
          <line num="32" count="6" type="cond" truecount="2" falsecount="0"/>
          <line num="35" count="6" type="cond" truecount="4" falsecount="0"/>
          <line num="36" count="5" type="stmt"/>
          <line num="40" count="1" type="stmt"/>
          <line num="43" count="31" type="stmt"/>
        </file>
      </package>
      <package name="server.plugins.log">
        <metrics statements="5" coveredstatements="5" conditionals="0" coveredconditionals="0" methods="1" coveredmethods="1"/>
        <file name="index.js" path="/home/francisco/projects/server/plugins/log/index.js">
          <metrics statements="5" coveredstatements="5" conditionals="0" coveredconditionals="0" methods="1" coveredmethods="1"/>
          <line num="1" count="31" type="stmt"/>
          <line num="3" count="31" type="stmt"/>
          <line num="15" count="31" type="stmt"/>
          <line num="29" count="147" type="stmt"/>
          <line num="33" count="31" type="stmt"/>
        </file>
      </package>
      <package name="server.plugins.parser">
        <metrics statements="22" coveredstatements="22" conditionals="16" coveredconditionals="16" methods="9" coveredmethods="9"/>
        <file name="index.js" path="/home/francisco/projects/server/plugins/parser/index.js">
          <metrics statements="22" coveredstatements="22" conditionals="16" coveredconditionals="16" methods="9" coveredmethods="9"/>
          <line num="5" count="31" type="stmt"/>
          <line num="38" count="148" type="cond" truecount="2" falsecount="0"/>
          <line num="44" count="168" type="cond" truecount="2" falsecount="0"/>
          <line num="45" count="167" type="stmt"/>
          <line num="46" count="662" type="stmt"/>
          <line num="51" count="168" type="cond" truecount="2" falsecount="0"/>
          <line num="52" count="167" type="stmt"/>
          <line num="53" count="167" type="stmt"/>
          <line num="58" count="168" type="cond" truecount="2" falsecount="0"/>
          <line num="59" count="167" type="stmt"/>
          <line num="60" count="167" type="stmt"/>
          <line num="65" count="168" type="cond" truecount="2" falsecount="0"/>
          <line num="66" count="167" type="stmt"/>
          <line num="67" count="167" type="stmt"/>
          <line num="72" count="168" type="cond" truecount="2" falsecount="0"/>
          <line num="73" count="167" type="stmt"/>
          <line num="74" count="167" type="stmt"/>
          <line num="79" count="168" type="cond" truecount="2" falsecount="0"/>
          <line num="80" count="167" type="stmt"/>
          <line num="84" count="167" type="stmt"/>
          <line num="89" count="168" type="cond" truecount="2" falsecount="0"/>
          <line num="94" count="31" type="stmt"/>
        </file>
      </package>
      <package name="server.plugins.security">
        <metrics statements="8" coveredstatements="8" conditionals="8" coveredconditionals="8" methods="3" coveredmethods="3"/>
        <file name="index.js" path="/home/francisco/projects/server/plugins/security/index.js">
          <metrics statements="8" coveredstatements="8" conditionals="8" coveredconditionals="8" methods="3" coveredmethods="3"/>
          <line num="1" count="31" type="stmt"/>
          <line num="2" count="31" type="stmt"/>
          <line num="4" count="31" type="stmt"/>
          <line num="50" count="125" type="cond" truecount="4" falsecount="0"/>
          <line num="55" count="125" type="cond" truecount="4" falsecount="0"/>
          <line num="56" count="102" type="stmt"/>
          <line num="57" count="102" type="stmt"/>
          <line num="61" count="125" type="stmt"/>
        </file>
      </package>
      <package name="server.plugins.session">
        <metrics statements="10" coveredstatements="10" conditionals="4" coveredconditionals="4" methods="4" coveredmethods="4"/>
        <file name="index.js" path="/home/francisco/projects/server/plugins/session/index.js">
          <metrics statements="10" coveredstatements="10" conditionals="4" coveredconditionals="4" methods="4" coveredmethods="4"/>
          <line num="1" count="31" type="stmt"/>
          <line num="4" count="31" type="stmt"/>
          <line num="6" count="31" type="stmt"/>
          <line num="9" count="31" type="stmt"/>
          <line num="37" count="147" type="cond" truecount="4" falsecount="0"/>
          <line num="38" count="1" type="stmt"/>
          <line num="40" count="147" type="stmt"/>
          <line num="42" count="167" type="stmt"/>
          <line num="44" count="147" type="stmt"/>
          <line num="45" count="7" type="stmt"/>
        </file>
      </package>
      <package name="server.plugins.socket">
        <metrics statements="20" coveredstatements="20" conditionals="8" coveredconditionals="8" methods="7" coveredmethods="7"/>
        <file name="index.js" path="/home/francisco/projects/server/plugins/socket/index.js">
          <metrics statements="20" coveredstatements="20" conditionals="8" coveredconditionals="8" methods="7" coveredmethods="7"/>
          <line num="2" count="31" type="stmt"/>
          <line num="3" count="31" type="stmt"/>
          <line num="5" count="31" type="stmt"/>
          <line num="14" count="11" type="stmt"/>
          <line num="15" count="36" type="cond" truecount="2" falsecount="0"/>
          <line num="16" count="29" type="cond" truecount="4" falsecount="0"/>
          <line num="18" count="16" type="stmt"/>
          <line num="19" count="16" type="stmt"/>
          <line num="20" count="16" type="cond" truecount="2" falsecount="0"/>
          <line num="21" count="1" type="stmt"/>
          <line num="25" count="147" type="stmt"/>
          <line num="28" count="147" type="stmt"/>
          <line num="29" count="147" type="stmt"/>
          <line num="30" count="147" type="stmt"/>
          <line num="31" count="7" type="stmt"/>
          <line num="32" count="8" type="stmt"/>
          <line num="33" count="8" type="stmt"/>
          <line num="36" count="7" type="stmt"/>
          <line num="37" count="7" type="stmt"/>
          <line num="40" count="7" type="stmt"/>
        </file>
      </package>
      <package name="server.plugins.static">
        <metrics statements="2" coveredstatements="2" conditionals="0" coveredconditionals="0" methods="1" coveredmethods="1"/>
        <file name="index.js" path="/home/francisco/projects/server/plugins/static/index.js">
          <metrics statements="2" coveredstatements="2" conditionals="0" coveredconditionals="0" methods="1" coveredmethods="1"/>
          <line num="1" count="31" type="stmt"/>
          <line num="12" count="147" type="stmt"/>
        </file>
      </package>
      <package name="server.reply">
        <metrics statements="114" coveredstatements="114" conditionals="29" coveredconditionals="29" methods="38" coveredmethods="38"/>
        <file name="cookie.js" path="/home/francisco/projects/server/reply/cookie.js">
          <metrics statements="2" coveredstatements="2" conditionals="0" coveredconditionals="0" methods="1" coveredmethods="1"/>
          <line num="1" count="32" type="stmt"/>
          <line num="3" count="32" type="stmt"/>
        </file>
        <file name="download.js" path="/home/francisco/projects/server/reply/download.js">
          <metrics statements="2" coveredstatements="2" conditionals="0" coveredconditionals="0" methods="1" coveredmethods="1"/>
          <line num="1" count="32" type="stmt"/>
          <line num="3" count="32" type="stmt"/>
        </file>
        <file name="end.js" path="/home/francisco/projects/server/reply/end.js">
          <metrics statements="2" coveredstatements="2" conditionals="0" coveredconditionals="0" methods="1" coveredmethods="1"/>
          <line num="1" count="32" type="stmt"/>
          <line num="3" count="32" type="stmt"/>
        </file>
        <file name="file.js" path="/home/francisco/projects/server/reply/file.js">
          <metrics statements="2" coveredstatements="2" conditionals="0" coveredconditionals="0" methods="1" coveredmethods="1"/>
          <line num="1" count="32" type="stmt"/>
          <line num="3" count="32" type="stmt"/>
        </file>
        <file name="header.js" path="/home/francisco/projects/server/reply/header.js">
          <metrics statements="2" coveredstatements="2" conditionals="0" coveredconditionals="0" methods="1" coveredmethods="1"/>
          <line num="1" count="32" type="stmt"/>
          <line num="3" count="32" type="stmt"/>
        </file>
        <file name="index.js" path="/home/francisco/projects/server/reply/index.js">
          <metrics statements="1" coveredstatements="1" conditionals="0" coveredconditionals="0" methods="0" coveredmethods="0"/>
          <line num="1" count="32" type="stmt"/>
        </file>
        <file name="json.js" path="/home/francisco/projects/server/reply/json.js">
          <metrics statements="2" coveredstatements="2" conditionals="0" coveredconditionals="0" methods="1" coveredmethods="1"/>
          <line num="1" count="32" type="stmt"/>
          <line num="3" count="32" type="stmt"/>
        </file>
        <file name="jsonp.js" path="/home/francisco/projects/server/reply/jsonp.js">
          <metrics statements="2" coveredstatements="2" conditionals="0" coveredconditionals="0" methods="1" coveredmethods="1"/>
          <line num="1" count="32" type="stmt"/>
          <line num="3" count="32" type="stmt"/>
        </file>
        <file name="redirect.js" path="/home/francisco/projects/server/reply/redirect.js">
          <metrics statements="2" coveredstatements="2" conditionals="0" coveredconditionals="0" methods="1" coveredmethods="1"/>
          <line num="1" count="32" type="stmt"/>
          <line num="3" count="32" type="stmt"/>
        </file>
        <file name="render.js" path="/home/francisco/projects/server/reply/render.js">
          <metrics statements="2" coveredstatements="2" conditionals="0" coveredconditionals="0" methods="1" coveredmethods="1"/>
          <line num="1" count="32" type="stmt"/>
          <line num="3" count="32" type="stmt"/>
        </file>
        <file name="reply.js" path="/home/francisco/projects/server/reply/reply.js">
          <metrics statements="89" coveredstatements="89" conditionals="29" coveredconditionals="29" methods="26" coveredmethods="26"/>
          <line num="1" count="32" type="stmt"/>
          <line num="2" count="32" type="stmt"/>
          <line num="3" count="32" type="stmt"/>
          <line num="6" count="32" type="stmt"/>
          <line num="7" count="170" type="stmt"/>
          <line num="8" count="170" type="stmt"/>
          <line num="9" count="162" type="stmt"/>
          <line num="14" count="32" type="stmt"/>
          <line num="15" count="2" type="stmt"/>
          <line num="16" count="2" type="stmt"/>
          <line num="18" count="2" type="stmt"/>
          <line num="23" count="32" type="stmt"/>
          <line num="26" count="6" type="cond" truecount="2" falsecount="0"/>
          <line num="27" count="1" type="stmt"/>
          <line num="30" count="5" type="cond" truecount="2" falsecount="0"/>
          <line num="31" count="1" type="stmt"/>
          <line num="34" count="4" type="cond" truecount="2" falsecount="0"/>
          <line num="35" count="1" type="stmt"/>
          <line num="38" count="3" type="stmt"/>
          <line num="39" count="3" type="cond" truecount="2" falsecount="0"/>
          <line num="40" count="2" type="stmt"/>
          <line num="43" count="3" type="stmt"/>
          <line num="44" count="3" type="cond" truecount="2" falsecount="0"/>
          <line num="45" count="1" type="stmt"/>
          <line num="47" count="2" type="stmt"/>
          <line num="50" count="3" type="stmt"/>
          <line num="55" count="32" type="stmt"/>
          <line num="56" count="4" type="stmt"/>
          <line num="57" count="4" type="stmt"/>
          <line num="59" count="4" type="stmt"/>
          <line num="64" count="32" type="stmt"/>
          <line num="67" count="10" type="cond" truecount="2" falsecount="0"/>
          <line num="68" count="1" type="stmt"/>
          <line num="71" count="9" type="cond" truecount="2" falsecount="0"/>
          <line num="72" count="1" type="stmt"/>
          <line num="75" count="8" type="cond" truecount="1" falsecount="0"/>
          <line num="76" count="8" type="cond" truecount="2" falsecount="0"/>
          <line num="77" count="7" type="stmt"/>
          <line num="80" count="8" type="stmt"/>
          <line num="81" count="3" type="cond" truecount="2" falsecount="0"/>
          <line num="82" count="1" type="stmt"/>
          <line num="84" count="2" type="stmt"/>
          <line num="87" count="8" type="stmt"/>
          <line num="92" count="32" type="stmt"/>
          <line num="93" count="1" type="stmt"/>
          <line num="94" count="1" type="stmt"/>
          <line num="96" count="1" type="stmt"/>
          <line num="99" count="32" type="stmt"/>
          <line num="100" count="1" type="stmt"/>
          <line num="101" count="1" type="stmt"/>
          <line num="103" count="1" type="stmt"/>
          <line num="106" count="32" type="stmt"/>
          <line num="107" count="1" type="stmt"/>
          <line num="108" count="1" type="stmt"/>
          <line num="110" count="1" type="stmt"/>
          <line num="113" count="32" type="stmt"/>
          <line num="114" count="2" type="stmt"/>
          <line num="115" count="2" type="stmt"/>
          <line num="117" count="2" type="stmt"/>
          <line num="120" count="32" type="stmt"/>
          <line num="123" count="8" type="cond" truecount="2" falsecount="0"/>
          <line num="124" count="1" type="stmt"/>
          <line num="127" count="7" type="cond" truecount="2" falsecount="0"/>
          <line num="128" count="1" type="stmt"/>
          <line num="131" count="6" type="cond" truecount="1" falsecount="0"/>
          <line num="134" count="6" type="stmt"/>
          <line num="135" count="6" type="stmt"/>
          <line num="136" count="3" type="stmt"/>
          <line num="139" count="6" type="stmt"/>
          <line num="142" count="32" type="stmt"/>
          <line num="145" count="131" type="cond" truecount="5" falsecount="0"/>
          <line num="146" count="1" type="stmt"/>
          <line num="149" count="130" type="stmt"/>
          <line num="150" count="130" type="stmt"/>
          <line num="152" count="130" type="stmt"/>
          <line num="155" count="32" type="stmt"/>
          <line num="156" count="34" type="stmt"/>
          <line num="158" count="34" type="stmt"/>
          <line num="159" count="34" type="stmt"/>
          <line num="161" count="34" type="stmt"/>
          <line num="164" count="32" type="stmt"/>
          <line num="165" count="1" type="stmt"/>
          <line num="166" count="1" type="stmt"/>
          <line num="168" count="1" type="stmt"/>
          <line num="171" count="32" type="stmt"/>
          <line num="172" count="158" type="stmt"/>
          <line num="173" count="188" type="stmt"/>
          <line num="175" count="147" type="stmt"/>
          <line num="179" count="32" type="stmt"/>
        </file>
        <file name="send.js" path="/home/francisco/projects/server/reply/send.js">
          <metrics statements="2" coveredstatements="2" conditionals="0" coveredconditionals="0" methods="1" coveredmethods="1"/>
          <line num="1" count="32" type="stmt"/>
          <line num="3" count="104" type="stmt"/>
        </file>
        <file name="status.js" path="/home/francisco/projects/server/reply/status.js">
          <metrics statements="2" coveredstatements="2" conditionals="0" coveredconditionals="0" methods="1" coveredmethods="1"/>
          <line num="1" count="32" type="stmt"/>
          <line num="3" count="34" type="stmt"/>
        </file>
        <file name="type.js" path="/home/francisco/projects/server/reply/type.js">
          <metrics statements="2" coveredstatements="2" conditionals="0" coveredconditionals="0" methods="1" coveredmethods="1"/>
          <line num="1" count="32" type="stmt"/>
          <line num="3" count="32" type="stmt"/>
        </file>
      </package>
      <package name="server.router">
        <metrics statements="49" coveredstatements="49" conditionals="18" coveredconditionals="18" methods="12" coveredmethods="12"/>
        <file name="del.js" path="/home/francisco/projects/server/router/del.js">
          <metrics statements="3" coveredstatements="3" conditionals="0" coveredconditionals="0" methods="1" coveredmethods="1"/>
          <line num="2" count="31" type="stmt"/>
          <line num="5" count="31" type="stmt"/>
          <line num="6" count="2" type="stmt"/>
        </file>
        <file name="error.js" path="/home/francisco/projects/server/router/error.js">
          <metrics statements="14" coveredstatements="14" conditionals="6" coveredconditionals="6" methods="3" coveredmethods="3"/>
          <line num="1" count="31" type="stmt"/>
          <line num="2" count="31" type="stmt"/>
          <line num="4" count="31" type="stmt"/>
          <line num="6" count="71" type="stmt"/>
          <line num="7" count="71" type="stmt"/>
          <line num="9" count="71" type="stmt"/>
          <line num="10" count="71" type="stmt"/>
          <line num="13" count="37" type="cond" truecount="2" falsecount="0"/>
          <line num="14" count="37" type="stmt"/>
          <line num="17" count="37" type="cond" truecount="4" falsecount="0"/>
          <line num="19" count="36" type="stmt"/>
          <line num="20" count="36" type="stmt"/>
          <line num="21" count="36" type="stmt"/>
          <line num="23" count="71" type="stmt"/>
        </file>
        <file name="errors.js" path="/home/francisco/projects/server/router/errors.js">
          <metrics statements="4" coveredstatements="4" conditionals="0" coveredconditionals="0" methods="1" coveredmethods="1"/>
          <line num="3" count="1" type="stmt"/>
          <line num="5" count="1" type="stmt"/>
          <line num="6" count="1" type="stmt"/>
          <line num="8" count="1" type="stmt"/>
        </file>
        <file name="generic.js" path="/home/francisco/projects/server/router/generic.js">
          <metrics statements="13" coveredstatements="13" conditionals="6" coveredconditionals="6" methods="2" coveredmethods="2"/>
          <line num="1" count="31" type="stmt"/>
          <line num="2" count="31" type="stmt"/>
          <line num="5" count="31" type="stmt"/>
          <line num="8" count="39" type="stmt"/>
          <line num="10" count="39" type="stmt"/>
          <line num="12" count="39" type="stmt"/>
          <line num="15" count="48" type="cond" truecount="2" falsecount="0"/>
          <line num="18" count="40" type="cond" truecount="2" falsecount="0"/>
          <line num="21" count="36" type="stmt"/>
          <line num="22" count="36" type="cond" truecount="2" falsecount="0"/>
          <line num="23" count="30" type="stmt"/>
          <line num="26" count="30" type="stmt"/>
          <line num="28" count="30" type="stmt"/>
        </file>
        <file name="get.js" path="/home/francisco/projects/server/router/get.js">
          <metrics statements="3" coveredstatements="3" conditionals="0" coveredconditionals="0" methods="1" coveredmethods="1"/>
          <line num="2" count="31" type="stmt"/>
          <line num="5" count="31" type="stmt"/>
          <line num="6" count="32" type="stmt"/>
        </file>
        <file name="index.js" path="/home/francisco/projects/server/router/index.js">
          <metrics statements="1" coveredstatements="1" conditionals="0" coveredconditionals="0" methods="0" coveredmethods="0"/>
          <line num="8" count="31" type="stmt"/>
        </file>
        <file name="post.js" path="/home/francisco/projects/server/router/post.js">
          <metrics statements="3" coveredstatements="3" conditionals="0" coveredconditionals="0" methods="1" coveredmethods="1"/>
          <line num="2" count="31" type="stmt"/>
          <line num="5" count="31" type="stmt"/>
          <line num="6" count="4" type="stmt"/>
        </file>
        <file name="put.js" path="/home/francisco/projects/server/router/put.js">
          <metrics statements="3" coveredstatements="3" conditionals="0" coveredconditionals="0" methods="1" coveredmethods="1"/>
          <line num="2" count="31" type="stmt"/>
          <line num="5" count="31" type="stmt"/>
          <line num="6" count="1" type="stmt"/>
        </file>
        <file name="sub.js" path="/home/francisco/projects/server/router/sub.js">
          <metrics statements="5" coveredstatements="5" conditionals="6" coveredconditionals="6" methods="2" coveredmethods="2"/>
          <line num="1" count="31" type="stmt"/>
          <line num="2" count="4" type="stmt"/>
          <line num="3" count="4" type="cond" truecount="6" falsecount="0"/>
          <line num="5" count="3" type="stmt"/>
          <line num="6" count="3" type="stmt"/>
        </file>
      </package>
      <package name="server.test">
        <metrics statements="79" coveredstatements="78" conditionals="40" coveredconditionals="33" methods="26" coveredmethods="26"/>
        <file name="generic.js" path="/home/francisco/projects/server/test/generic.js">
          <metrics statements="10" coveredstatements="10" conditionals="4" coveredconditionals="4" methods="2" coveredmethods="2"/>
          <line num="1" count="29" type="stmt"/>
          <line num="3" count="144" type="stmt"/>
          <line num="4" count="144" type="stmt"/>
          <line num="5" count="144" type="stmt"/>
          <line num="6" count="144" type="stmt"/>
          <line num="7" count="144" type="cond" truecount="4" falsecount="0"/>
          <line num="8" count="12" type="stmt"/>
          <line num="9" count="12" type="stmt"/>
          <line num="12" count="144" type="stmt"/>
          <line num="13" count="144" type="stmt"/>
        </file>
        <file name="handler.js" path="/home/francisco/projects/server/test/handler.js">
          <metrics statements="4" coveredstatements="4" conditionals="2" coveredconditionals="2" methods="1" coveredmethods="1"/>
          <line num="1" count="29" type="stmt"/>
          <line num="3" count="29" type="stmt"/>
          <line num="4" count="17" type="cond" truecount="2" falsecount="0"/>
          <line num="5" count="15" type="stmt"/>
        </file>
        <file name="index.js" path="/home/francisco/projects/server/test/index.js">
          <metrics statements="36" coveredstatements="36" conditionals="8" coveredconditionals="8" methods="16" coveredmethods="16"/>
          <line num="2" count="29" type="stmt"/>
          <line num="3" count="29" type="stmt"/>
          <line num="4" count="29" type="stmt"/>
          <line num="5" count="29" type="stmt"/>
          <line num="6" count="29" type="stmt"/>
          <line num="7" count="29" type="stmt"/>
          <line num="8" count="29" type="stmt"/>
          <line num="9" count="29" type="stmt"/>
          <line num="13" count="29" type="stmt"/>
          <line num="16" count="142" type="stmt"/>
          <line num="19" count="142" type="stmt"/>
          <line num="22" count="142" type="cond" truecount="2" falsecount="0"/>
          <line num="25" count="142" type="stmt"/>
          <line num="26" count="142" type="stmt"/>
          <line num="27" count="142" type="stmt"/>
          <line num="28" count="142" type="stmt"/>
          <line num="31" count="142" type="stmt"/>
          <line num="33" count="142" type="stmt"/>
          <line num="39" count="29" type="stmt"/>
          <line num="41" count="141" type="stmt"/>
          <line num="45" count="141" type="stmt"/>
          <line num="46" count="141" type="cond" truecount="2" falsecount="0"/>
          <line num="53" count="29" type="stmt"/>
          <line num="56" count="141" type="stmt"/>
          <line num="59" count="141" type="stmt"/>
          <line num="63" count="140" type="stmt"/>
          <line num="64" count="124" type="stmt"/>
          <line num="65" count="17" type="stmt"/>
          <line num="66" count="1" type="stmt"/>
          <line num="67" count="2" type="stmt"/>
          <line num="73" count="141" type="cond" truecount="4" falsecount="0"/>
          <line num="74" count="135" type="stmt"/>
          <line num="80" count="142" type="stmt"/>
          <line num="81" count="29" type="stmt"/>
          <line num="84" count="29" type="stmt"/>
          <line num="85" count="29" type="stmt"/>
        </file>
        <file name="instance.js" path="/home/francisco/projects/server/test/instance.js">
          <metrics statements="2" coveredstatements="2" conditionals="5" coveredconditionals="4" methods="1" coveredmethods="1"/>
          <line num="2" count="29" type="cond" truecount="0" falsecount="1"/>
          <line num="3" count="283" type="cond" truecount="4" falsecount="0"/>
        </file>
        <file name="normalize.js" path="/home/francisco/projects/server/test/normalize.js">
          <metrics statements="10" coveredstatements="10" conditionals="13" coveredconditionals="11" methods="1" coveredmethods="1"/>
          <line num="3" count="29" type="stmt"/>
          <line num="6" count="144" type="cond" truecount="1" falsecount="1"/>
          <line num="9" count="144" type="stmt"/>
          <line num="10" count="144" type="cond" truecount="5" falsecount="0"/>
          <line num="11" count="3" type="stmt"/>
          <line num="15" count="144" type="cond" truecount="1" falsecount="1"/>
          <line num="16" count="144" type="stmt"/>
          <line num="20" count="144" type="cond" truecount="4" falsecount="0"/>
          <line num="21" count="6" type="stmt"/>
          <line num="25" count="144" type="stmt"/>
        </file>
        <file name="options.js" path="/home/francisco/projects/server/test/options.js">
          <metrics statements="5" coveredstatements="5" conditionals="5" coveredconditionals="2" methods="1" coveredmethods="1"/>
          <line num="1" count="29" type="stmt"/>
          <line num="2" count="29" type="stmt"/>
          <line num="5" count="29" type="cond" truecount="0" falsecount="3"/>
          <line num="8" count="142" type="cond" truecount="2" falsecount="0"/>
          <line num="11" count="137" type="stmt"/>
        </file>
        <file name="port.js" path="/home/francisco/projects/server/test/port.js">
          <metrics statements="10" coveredstatements="9" conditionals="3" coveredconditionals="2" methods="2" coveredmethods="2"/>
          <line num="4" count="30" type="stmt"/>
          <line num="5" count="30" type="stmt"/>
          <line num="7" count="153" type="stmt"/>
          <line num="10" count="30" type="cond" truecount="1" falsecount="0"/>
          <line num="11" count="153" type="stmt"/>
          <line num="14" count="153" type="cond" truecount="1" falsecount="1"/>
          <line num="15" count="0" type="stmt"/>
          <line num="19" count="153" type="stmt"/>
          <line num="20" count="153" type="stmt"/>
          <line num="23" count="30" type="stmt"/>
        </file>
        <file name="wait.js" path="/home/francisco/projects/server/test/wait.js">
          <metrics statements="2" coveredstatements="2" conditionals="0" coveredconditionals="0" methods="2" coveredmethods="2"/>
          <line num="2" count="29" type="stmt"/>
          <line num="3" count="1" type="stmt"/>
        </file>
      </package>
      <package name="server.utils">
        <metrics statements="4" coveredstatements="4" conditionals="0" coveredconditionals="0" methods="0" coveredmethods="0"/>
        <file name="index.js" path="/home/francisco/projects/server/utils/index.js">
          <metrics statements="4" coveredstatements="4" conditionals="0" coveredconditionals="0" methods="0" coveredmethods="0"/>
          <line num="2" count="31" type="stmt"/>
          <line num="3" count="31" type="stmt"/>
          <line num="4" count="31" type="stmt"/>
          <line num="5" count="31" type="stmt"/>
        </file>
      </package>
      <package name="server.utils.join">
        <metrics statements="28" coveredstatements="28" conditionals="16" coveredconditionals="16" methods="3" coveredmethods="3"/>
        <file name="index.js" path="/home/francisco/projects/server/utils/join/index.js">
          <metrics statements="28" coveredstatements="28" conditionals="16" coveredconditionals="16" methods="3" coveredmethods="3"/>
          <line num="1" count="32" type="stmt"/>
          <line num="2" count="32" type="stmt"/>
          <line num="3" count="32" type="stmt"/>
          <line num="6" count="32" type="stmt"/>
          <line num="7" count="3613" type="cond" truecount="2" falsecount="0"/>
          <line num="10" count="163" type="cond" truecount="2" falsecount="0"/>
          <line num="11" count="54" type="stmt"/>
          <line num="15" count="109" type="cond" truecount="2" falsecount="0"/>
          <line num="16" count="4" type="stmt"/>
          <line num="22" count="105" type="cond" truecount="2" falsecount="0"/>
          <line num="24" count="105" type="cond" truecount="2" falsecount="0"/>
          <line num="25" count="104" type="stmt"/>
          <line num="28" count="1" type="stmt"/>
          <line num="32" count="32" type="stmt"/>
          <line num="35" count="367" type="stmt"/>
          <line num="38" count="367" type="stmt"/>
          <line num="39" count="388" type="stmt"/>
          <line num="40" count="388" type="stmt"/>
          <line num="41" count="3649" type="stmt"/>
          <line num="43" count="3649" type="cond" truecount="2" falsecount="0"/>
          <line num="45" count="45" type="cond" truecount="2" falsecount="0"/>
          <line num="46" count="37" type="stmt"/>
          <line num="47" count="37" type="stmt"/>
          <line num="48" count="37" type="stmt"/>
          <line num="53" count="3604" type="stmt"/>
          <line num="54" count="3576" type="cond" truecount="2" falsecount="0"/>
          <line num="57" count="41" type="stmt"/>
          <line num="60" count="386" type="stmt"/>
        </file>
      </package>
      <package name="server.utils.modern">
        <metrics statements="33" coveredstatements="33" conditionals="16" coveredconditionals="16" methods="9" coveredmethods="9"/>
        <file name="errors.js" path="/home/francisco/projects/server/utils/modern/errors.js">
          <metrics statements="8" coveredstatements="8" conditionals="0" coveredconditionals="0" methods="3" coveredmethods="3"/>
          <line num="1" count="32" type="stmt"/>
          <line num="2" count="11" type="stmt"/>
          <line num="5" count="32" type="stmt"/>
          <line num="14" count="32" type="stmt"/>
          <line num="25" count="32" type="stmt"/>
          <line num="38" count="32" type="stmt"/>
          <line num="47" count="32" type="stmt"/>
          <line num="62" count="32" type="stmt"/>
        </file>
        <file name="index.js" path="/home/francisco/projects/server/utils/modern/index.js">
          <metrics statements="10" coveredstatements="10" conditionals="4" coveredconditionals="4" methods="4" coveredmethods="4"/>
          <line num="4" count="32" type="stmt"/>
          <line num="9" count="32" type="stmt"/>
          <line num="12" count="32" type="stmt"/>
          <line num="15" count="2252" type="stmt"/>
          <line num="18" count="2263" type="stmt"/>
          <line num="21" count="2263" type="cond" truecount="2" falsecount="0"/>
          <line num="22" count="308" type="stmt"/>
          <line num="25" count="1951" type="stmt"/>
          <line num="28" count="1951" type="cond" truecount="2" falsecount="0"/>
          <line num="31" count="1951" type="stmt"/>
        </file>
        <file name="validate.js" path="/home/francisco/projects/server/utils/modern/validate.js">
          <metrics statements="15" coveredstatements="15" conditionals="12" coveredconditionals="12" methods="2" coveredmethods="2"/>
          <line num="1" count="32" type="stmt"/>
          <line num="3" count="32" type="stmt"/>
          <line num="4" count="2252" type="cond" truecount="2" falsecount="0"/>
          <line num="5" count="2" type="stmt"/>
          <line num="7" count="2250" type="cond" truecount="2" falsecount="0"/>
          <line num="8" count="4" type="stmt"/>
          <line num="10" count="2246" type="cond" truecount="2" falsecount="0"/>
          <line num="11" count="1" type="stmt"/>
          <line num="15" count="32" type="stmt"/>
          <line num="16" count="1955" type="cond" truecount="2" falsecount="0"/>
          <line num="17" count="1" type="stmt"/>
          <line num="19" count="1954" type="cond" truecount="2" falsecount="0"/>
          <line num="20" count="2" type="stmt"/>
          <line num="22" count="1952" type="cond" truecount="2" falsecount="0"/>
          <line num="23" count="1" type="stmt"/>
        </file>
      </package>
      <package name="server.utils.normalize">
        <metrics statements="1" coveredstatements="1" conditionals="9" coveredconditionals="9" methods="1" coveredmethods="1"/>
        <file name="index.js" path="/home/francisco/projects/server/utils/normalize/index.js">
          <metrics statements="1" coveredstatements="1" conditionals="9" coveredconditionals="9" methods="1" coveredmethods="1"/>
          <line num="5" count="400" type="cond" truecount="2" falsecount="0"/>
        </file>
      </package>
      <package name="server.utils.options">
        <metrics statements="118" coveredstatements="118" conditionals="120" coveredconditionals="116" methods="20" coveredmethods="19"/>
        <file name="env.js" path="/home/francisco/projects/server/utils/options/env.js">
          <metrics statements="18" coveredstatements="18" conditionals="12" coveredconditionals="11" methods="4" coveredmethods="4"/>
          <line num="2" count="33" type="stmt"/>
          <line num="5" count="33" type="stmt"/>
          <line num="6" count="7623" type="stmt"/>
          <line num="7" count="6633" type="stmt"/>
          <line num="8" count="5973" type="cond" truecount="2" falsecount="0"/>
          <line num="11" count="33" type="stmt"/>
          <line num="12" count="9570" type="cond" truecount="2" falsecount="0"/>
          <line num="13" count="7623" type="cond" truecount="1" falsecount="1"/>
          <line num="14" count="7623" type="cond" truecount="2" falsecount="0"/>
          <line num="15" count="6633" type="cond" truecount="2" falsecount="0"/>
          <line num="16" count="5973" type="stmt"/>
          <line num="17" count="5973" type="cond" truecount="2" falsecount="0"/>
          <line num="19" count="33" type="stmt"/>
          <line num="21" count="5775" type="stmt"/>
          <line num="24" count="33" type="stmt"/>
          <line num="25" count="33" type="stmt"/>
          <line num="26" count="9570" type="stmt"/>
          <line num="29" count="33" type="stmt"/>
        </file>
        <file name="errors.js" path="/home/francisco/projects/server/utils/options/errors.js">
          <metrics statements="15" coveredstatements="15" conditionals="2" coveredconditionals="0" methods="9" coveredmethods="8"/>
          <line num="1" count="34" type="stmt"/>
          <line num="2" count="19" type="stmt"/>
          <line num="5" count="34" type="stmt"/>
          <line num="11" count="34" type="stmt"/>
          <line num="16" count="34" type="stmt"/>
          <line num="21" count="34" type="stmt"/>
          <line num="27" count="34" type="stmt"/>
          <line num="32" count="34" type="stmt"/>
          <line num="41" count="34" type="stmt"/>
          <line num="46" count="34" type="stmt"/>
          <line num="51" count="34" type="stmt"/>
          <line num="56" count="34" type="stmt"/>
          <line num="61" count="34" type="stmt"/>
          <line num="67" count="34" type="stmt"/>
          <line num="73" count="34" type="stmt"/>
        </file>
        <file name="index.js" path="/home/francisco/projects/server/utils/options/index.js">
          <metrics statements="8" coveredstatements="8" conditionals="4" coveredconditionals="3" methods="2" coveredmethods="2"/>
          <line num="1" count="32" type="stmt"/>
          <line num="2" count="32" type="stmt"/>
          <line num="3" count="32" type="stmt"/>
          <line num="7" count="32" type="cond" truecount="2" falsecount="0"/>
          <line num="10" count="155" type="stmt"/>
          <line num="13" count="154" type="cond" truecount="1" falsecount="1"/>
          <line num="14" count="1480" type="stmt"/>
          <line num="17" count="153" type="stmt"/>
        </file>
        <file name="parse.js" path="/home/francisco/projects/server/utils/options/parse.js">
          <metrics statements="68" coveredstatements="68" conditionals="94" coveredconditionals="94" methods="4" coveredmethods="4"/>
          <line num="5" count="34" type="stmt"/>
          <line num="6" count="34" type="stmt"/>
          <line num="13" count="34" type="stmt"/>
          <line num="16" count="1734" type="cond" truecount="2" falsecount="0"/>
          <line num="17" count="43" type="stmt"/>
          <line num="21" count="1691" type="cond" truecount="4" falsecount="0"/>
          <line num="25" count="4770" type="cond" truecount="2" falsecount="0"/>
          <line num="26" count="12" type="cond" truecount="2" falsecount="0"/>
          <line num="27" count="1" type="stmt"/>
          <line num="29" count="11" type="cond" truecount="2" falsecount="0"/>
          <line num="30" count="1" type="stmt"/>
          <line num="32" count="10" type="stmt"/>
          <line num="36" count="4768" type="stmt"/>
          <line num="39" count="4768" type="stmt"/>
          <line num="40" count="472977" type="stmt"/>
          <line num="43" count="4768" type="stmt"/>
          <line num="49" count="1689" type="stmt"/>
          <line num="52" count="1689" type="stmt"/>
          <line num="56" count="8936" type="stmt"/>
          <line num="60" count="8936" type="cond" truecount="2" falsecount="0"/>
          <line num="63" count="8026" type="cond" truecount="2" falsecount="0"/>
          <line num="64" count="3" type="stmt"/>
          <line num="68" count="8023" type="cond" truecount="2" falsecount="0"/>
          <line num="69" count="2" type="stmt"/>
          <line num="73" count="8021" type="cond" truecount="2" falsecount="0"/>
          <line num="74" count="7680" type="cond" truecount="4" falsecount="0"/>
          <line num="75" count="341" type="cond" truecount="4" falsecount="0"/>
          <line num="76" count="2" type="stmt"/>
          <line num="80" count="8019" type="cond" truecount="2" falsecount="0"/>
          <line num="81" count="7863" type="cond" truecount="4" falsecount="0"/>
          <line num="82" count="156" type="cond" truecount="4" falsecount="0"/>
          <line num="83" count="1" type="stmt"/>
          <line num="87" count="8018" type="cond" truecount="2" falsecount="0"/>
          <line num="88" count="8012" type="cond" truecount="4" falsecount="0"/>
          <line num="93" count="8018" type="stmt"/>
          <line num="98" count="32072" type="stmt"/>
          <line num="99" count="8018" type="cond" truecount="2" falsecount="0"/>
          <line num="100" count="4021" type="stmt"/>
          <line num="105" count="8020" type="cond" truecount="4" falsecount="0"/>
          <line num="106" count="152" type="cond" truecount="2" falsecount="0"/>
          <line num="110" count="8020" type="cond" truecount="5" falsecount="0"/>
          <line num="111" count="504" type="cond" truecount="2" falsecount="0"/>
          <line num="112" count="343" type="stmt"/>
          <line num="114" count="504" type="stmt"/>
          <line num="115" count="504" type="cond" truecount="4" falsecount="0"/>
          <line num="116" count="168" type="stmt"/>
          <line num="121" count="8020" type="cond" truecount="2" falsecount="0"/>
          <line num="122" count="317" type="stmt"/>
          <line num="130" count="8020" type="cond" truecount="4" falsecount="0"/>
          <line num="131" count="1" type="stmt"/>
          <line num="136" count="8019" type="cond" truecount="5" falsecount="0"/>
          <line num="137" count="3" type="stmt"/>
          <line num="141" count="8016" type="cond" truecount="4" falsecount="0"/>
          <line num="144" count="2569" type="cond" truecount="2" falsecount="0"/>
          <line num="146" count="3489" type="cond" truecount="2" falsecount="0"/>
          <line num="149" count="2569" type="cond" truecount="2" falsecount="0"/>
          <line num="150" count="6" type="stmt"/>
          <line num="156" count="8010" type="cond" truecount="2" falsecount="0"/>
          <line num="157" count="3" type="stmt"/>
          <line num="158" count="3" type="cond" truecount="2" falsecount="0"/>
          <line num="159" count="2" type="cond" truecount="2" falsecount="0"/>
          <line num="162" count="8008" type="cond" truecount="2" falsecount="0"/>
          <line num="163" count="4013" type="stmt"/>
          <line num="168" count="1671" type="stmt"/>
          <line num="169" count="8895" type="stmt"/>
          <line num="170" count="8895" type="cond" truecount="2" falsecount="0"/>
          <line num="171" count="9" type="stmt"/>
          <line num="175" count="1671" type="stmt"/>
        </file>
        <file name="schema.js" path="/home/francisco/projects/server/utils/options/schema.js">
          <metrics statements="9" coveredstatements="9" conditionals="8" coveredconditionals="8" methods="1" coveredmethods="1"/>
          <line num="1" count="33" type="stmt"/>
          <line num="2" count="33" type="stmt"/>
          <line num="3" count="33" type="stmt"/>
          <line num="5" count="33" type="stmt"/>
          <line num="16" count="172" type="cond" truecount="4" falsecount="0"/>
          <line num="17" count="4" type="cond" truecount="2" falsecount="0"/>
          <line num="18" count="4" type="cond" truecount="2" falsecount="0"/>
          <line num="19" count="4" type="stmt"/>
          <line num="21" count="168" type="stmt"/>
        </file>
      </package>
    </metrics>
  </project>
</coverage>
