{"/home/francisco/projects/server/server.js": {"path":"/home/francisco/projects/server/server.js","statementMap":{"0":{"start":{"line":4,"column":15},"end":{"line":4,"column":34}},"1":{"start":{"line":5,"column":14},"end":{"line":5,"column":32}},"2":{"start":{"line":6,"column":14},"end":{"line":6,"column":32}},"3":{"start":{"line":7,"column":16},"end":{"line":7,"column":36}},"4":{"start":{"line":11,"column":13},"end":{"line":11,"column":72}},"5":{"start":{"line":11,"column":28},"end":{"line":11,"column":72}},"6":{"start":{"line":11,"column":49},"end":{"line":11,"column":56}},"7":{"start":{"line":11,"column":70},"end":{"line":11,"column":71}},"8":{"start":{"line":15,"column":15},"end":{"line":60,"column":1}},"9":{"start":{"line":18,"column":14},"end":{"line":23,"column":3}},"10":{"start":{"line":26,"column":27},"end":{"line":26,"column":51}},"11":{"start":{"line":29,"column":2},"end":{"line":29,"column":58}},"12":{"start":{"line":32,"column":2},"end":{"line":32,"column":61}},"13":{"start":{"line":32,"column":40},"end":{"line":32,"column":59}},"14":{"start":{"line":35,"column":2},"end":{"line":37,"column":3}},"15":{"start":{"line":36,"column":4},"end":{"line":36,"column":20}},"16":{"start":{"line":41,"column":2},"end":{"line":41,"column":79}},"17":{"start":{"line":44,"column":2},"end":{"line":46,"column":3}},"18":{"start":{"line":45,"column":4},"end":{"line":45,"column":22}},"19":{"start":{"line":49,"column":2},"end":{"line":51,"column":3}},"20":{"start":{"line":50,"column":4},"end":{"line":50,"column":22}},"21":{"start":{"line":53,"column":2},"end":{"line":57,"column":4}},"22":{"start":{"line":54,"column":4},"end":{"line":56,"column":5}},"23":{"start":{"line":55,"column":6},"end":{"line":55,"column":23}},"24":{"start":{"line":59,"column":2},"end":{"line":59,"column":13}},"25":{"start":{"line":64,"column":0},"end":{"line":64,"column":23}},"26":{"start":{"line":65,"column":0},"end":{"line":65,"column":21}},"27":{"start":{"line":66,"column":0},"end":{"line":66,"column":21}},"28":{"start":{"line":67,"column":0},"end":{"line":67,"column":25}},"29":{"start":{"line":68,"column":0},"end":{"line":68,"column":44}},"30":{"start":{"line":70,"column":0},"end":{"line":70,"column":24}}},"fnMap":{"0":{"name":"(anonymous_0)","decl":{"start":{"line":11,"column":13},"end":{"line":11,"column":14}},"loc":{"start":{"line":11,"column":28},"end":{"line":11,"column":72}},"line":11},"1":{"name":"(anonymous_1)","decl":{"start":{"line":11,"column":44},"end":{"line":11,"column":45}},"loc":{"start":{"line":11,"column":49},"end":{"line":11,"column":56}},"line":11},"2":{"name":"(anonymous_2)","decl":{"start":{"line":11,"column":65},"end":{"line":11,"column":66}},"loc":{"start":{"line":11,"column":70},"end":{"line":11,"column":71}},"line":11},"3":{"name":"(anonymous_3)","decl":{"start":{"line":15,"column":15},"end":{"line":15,"column":16}},"loc":{"start":{"line":15,"column":33},"end":{"line":60,"column":1}},"line":15},"4":{"name":"(anonymous_4)","decl":{"start":{"line":32,"column":35},"end":{"line":32,"column":36}},"loc":{"start":{"line":32,"column":40},"end":{"line":32,"column":59}},"line":32},"5":{"name":"(anonymous_5)","decl":{"start":{"line":53,"column":14},"end":{"line":53,"column":15}},"loc":{"start":{"line":53,"column":26},"end":{"line":57,"column":3}},"line":53}},"branchMap":{},"s":{"0":2,"1":2,"2":2,"3":2,"4":2,"5":144,"6":1326,"7":1326,"8":2,"9":24,"10":24,"11":24,"12":24,"13":240,"14":24,"15":96,"16":24,"17":24,"18":48,"19":24,"20":24,"21":24,"22":24,"23":24,"24":24,"25":2,"26":2,"27":2,"28":2,"29":2,"30":2},"f":{"0":144,"1":1326,"2":1326,"3":24,"4":240,"5":24},"b":{},"_coverageSchema":"332fd63041d2c1bcb487cc26dd0d5f7d97098a6c","hash":"31a6ae8d5fd8c22efbd60ff8d4d51ab48395ffbb"}
,"/home/francisco/projects/server/error/index.js": {"path":"/home/francisco/projects/server/error/index.js","statementMap":{"0":{"start":{"line":1,"column":19},"end":{"line":7,"column":1}},"1":{"start":{"line":2,"column":16},"end":{"line":2,"column":34}},"2":{"start":{"line":3,"column":2},"end":{"line":5,"column":3}},"3":{"start":{"line":4,"column":4},"end":{"line":4,"column":77}},"4":{"start":{"line":6,"column":2},"end":{"line":6,"column":15}},"5":{"start":{"line":9,"column":20},"end":{"line":9,"column":76}},"6":{"start":{"line":9,"column":27},"end":{"line":9,"column":76}},"7":{"start":{"line":9,"column":62},"end":{"line":9,"column":65}},"8":{"start":{"line":11,"column":21},"end":{"line":21,"column":1}},"9":{"start":{"line":12,"column":2},"end":{"line":12,"column":55}},"10":{"start":{"line":14,"column":2},"end":{"line":20,"column":4}},"11":{"start":{"line":15,"column":4},"end":{"line":15,"column":73}},"12":{"start":{"line":16,"column":4},"end":{"line":16,"column":63}},"13":{"start":{"line":17,"column":4},"end":{"line":17,"column":86}},"14":{"start":{"line":18,"column":4},"end":{"line":18,"column":42}},"15":{"start":{"line":19,"column":4},"end":{"line":19,"column":48}},"16":{"start":{"line":23,"column":0},"end":{"line":23,"column":39}},"17":{"start":{"line":25,"column":0},"end":{"line":25,"column":30}}},"fnMap":{"0":{"name":"(anonymous_0)","decl":{"start":{"line":1,"column":19},"end":{"line":1,"column":20}},"loc":{"start":{"line":1,"column":38},"end":{"line":7,"column":1}},"line":1},"1":{"name":"(anonymous_1)","decl":{"start":{"line":9,"column":20},"end":{"line":9,"column":21}},"loc":{"start":{"line":9,"column":27},"end":{"line":9,"column":76}},"line":9},"2":{"name":"(anonymous_2)","decl":{"start":{"line":9,"column":55},"end":{"line":9,"column":56}},"loc":{"start":{"line":9,"column":62},"end":{"line":9,"column":65}},"line":9},"3":{"name":"(anonymous_3)","decl":{"start":{"line":11,"column":21},"end":{"line":11,"column":22}},"loc":{"start":{"line":11,"column":62},"end":{"line":21,"column":1}},"line":11},"4":{"name":"ErrorInstance","decl":{"start":{"line":14,"column":18},"end":{"line":14,"column":31}},"loc":{"start":{"line":14,"column":58},"end":{"line":20,"column":3}},"line":14}},"branchMap":{"0":{"loc":{"start":{"line":4,"column":17},"end":{"line":4,"column":76}},"type":"cond-expr","locations":[{"start":{"line":4,"column":49},"end":{"line":4,"column":64}},{"start":{"line":4,"column":67},"end":{"line":4,"column":76}}],"line":4},"1":{"loc":{"start":{"line":11,"column":31},"end":{"line":11,"column":45}},"type":"default-arg","locations":[{"start":{"line":11,"column":43},"end":{"line":11,"column":45}}],"line":11},"2":{"loc":{"start":{"line":11,"column":47},"end":{"line":11,"column":60}},"type":"default-arg","locations":[{"start":{"line":11,"column":58},"end":{"line":11,"column":60}}],"line":11},"3":{"loc":{"start":{"line":12,"column":23},"end":{"line":12,"column":54}},"type":"binary-expr","locations":[{"start":{"line":12,"column":23},"end":{"line":12,"column":41}},{"start":{"line":12,"column":45},"end":{"line":12,"column":54}}],"line":12},"4":{"loc":{"start":{"line":14,"column":33},"end":{"line":14,"column":42}},"type":"default-arg","locations":[{"start":{"line":14,"column":40},"end":{"line":14,"column":42}}],"line":14},"5":{"loc":{"start":{"line":14,"column":44},"end":{"line":14,"column":56}},"type":"default-arg","locations":[{"start":{"line":14,"column":54},"end":{"line":14,"column":56}}],"line":14}},"s":{"0":2,"1":4,"2":4,"3":21,"4":4,"5":2,"6":4,"7":20,"8":2,"9":7,"10":7,"11":4,"12":4,"13":4,"14":4,"15":4,"16":2,"17":2},"f":{"0":4,"1":4,"2":20,"3":7,"4":4},"b":{"0":[1,20],"1":[0],"2":[3],"3":[7,7],"4":[0],"5":[3]},"_coverageSchema":"332fd63041d2c1bcb487cc26dd0d5f7d97098a6c","hash":"58d57dae6c5f9372894bdb443568875a53280251"}
,"/home/francisco/projects/server/plugins/index.js": {"path":"/home/francisco/projects/server/plugins/index.js","statementMap":{"0":{"start":{"line":7,"column":12},"end":{"line":7,"column":37}},"1":{"start":{"line":9,"column":13},"end":{"line":9,"column":15}},"2":{"start":{"line":10,"column":0},"end":{"line":16,"column":1}},"3":{"start":{"line":11,"column":15},"end":{"line":11,"column":66}},"4":{"start":{"line":12,"column":19},"end":{"line":12,"column":50}},"5":{"start":{"line":12,"column":27},"end":{"line":12,"column":50}},"6":{"start":{"line":13,"column":2},"end":{"line":13,"column":72}},"7":{"start":{"line":15,"column":2},"end":{"line":15,"column":98}},"8":{"start":{"line":19,"column":0},"end":{"line":31,"column":2}}},"fnMap":{"0":{"name":"(anonymous_0)","decl":{"start":{"line":12,"column":19},"end":{"line":12,"column":20}},"loc":{"start":{"line":12,"column":27},"end":{"line":12,"column":50}},"line":12}},"branchMap":{},"s":{"0":2,"1":2,"2":2,"3":2,"4":2,"5":50,"6":2,"7":0,"8":2},"f":{"0":50},"b":{},"_coverageSchema":"332fd63041d2c1bcb487cc26dd0d5f7d97098a6c","hash":"d4b28920a32c2c701a1b01b7fcf47a5c4b889842"}
,"/home/francisco/projects/server/plugins/compress/index.js": {"path":"/home/francisco/projects/server/plugins/compress/index.js","statementMap":{"0":{"start":{"line":1,"column":17},"end":{"line":1,"column":39}},"1":{"start":{"line":3,"column":0},"end":{"line":15,"column":2}},"2":{"start":{"line":14,"column":17},"end":{"line":14,"column":70}}},"fnMap":{"0":{"name":"(anonymous_0)","decl":{"start":{"line":14,"column":10},"end":{"line":14,"column":11}},"loc":{"start":{"line":14,"column":17},"end":{"line":14,"column":70}},"line":14}},"branchMap":{},"s":{"0":2,"1":2,"2":26},"f":{"0":26},"b":{},"_coverageSchema":"332fd63041d2c1bcb487cc26dd0d5f7d97098a6c","hash":"fe6f6adce70840cb5905921359369126d75cb685"}
,"/home/francisco/projects/server/plugins/express/index.js": {"path":"/home/francisco/projects/server/plugins/express/index.js","statementMap":{"0":{"start":{"line":1,"column":16},"end":{"line":1,"column":34}},"1":{"start":{"line":4,"column":21},"end":{"line":11,"column":1}},"2":{"start":{"line":4,"column":31},"end":{"line":11,"column":1}},"3":{"start":{"line":5,"column":2},"end":{"line":10,"column":3}},"4":{"start":{"line":6,"column":16},"end":{"line":6,"column":40}},"5":{"start":{"line":7,"column":4},"end":{"line":7,"column":18}},"6":{"start":{"line":9,"column":4},"end":{"line":9,"column":12}},"7":{"start":{"line":14,"column":0},"end":{"line":81,"column":2}},"8":{"start":{"line":43,"column":4},"end":{"line":43,"column":26}},"9":{"start":{"line":44,"column":4},"end":{"line":44,"column":28}},"10":{"start":{"line":47,"column":4},"end":{"line":49,"column":5}},"11":{"start":{"line":48,"column":6},"end":{"line":48,"column":49}},"12":{"start":{"line":52,"column":4},"end":{"line":52,"column":53}},"13":{"start":{"line":55,"column":4},"end":{"line":55,"column":36}},"14":{"start":{"line":55,"column":29},"end":{"line":55,"column":36}},"15":{"start":{"line":58,"column":4},"end":{"line":60,"column":5}},"16":{"start":{"line":59,"column":6},"end":{"line":59,"column":60}},"17":{"start":{"line":63,"column":4},"end":{"line":67,"column":5}},"18":{"start":{"line":64,"column":21},"end":{"line":64,"column":45}},"19":{"start":{"line":65,"column":6},"end":{"line":65,"column":80}},"20":{"start":{"line":66,"column":6},"end":{"line":66,"column":39}},"21":{"start":{"line":69,"column":17},"end":{"line":77,"column":4}},"22":{"start":{"line":70,"column":20},"end":{"line":70,"column":78}},"23":{"start":{"line":70,"column":40},"end":{"line":70,"column":78}},"24":{"start":{"line":71,"column":4},"end":{"line":71,"column":66}},"25":{"start":{"line":71,"column":30},"end":{"line":71,"column":64}},"26":{"start":{"line":73,"column":4},"end":{"line":76,"column":7}},"27":{"start":{"line":74,"column":6},"end":{"line":74,"column":79}},"28":{"start":{"line":75,"column":6},"end":{"line":75,"column":16}},"29":{"start":{"line":78,"column":16},"end":{"line":80,"column":4}},"30":{"start":{"line":79,"column":4},"end":{"line":79,"column":59}},"31":{"start":{"line":79,"column":28},"end":{"line":79,"column":57}}},"fnMap":{"0":{"name":"(anonymous_0)","decl":{"start":{"line":4,"column":21},"end":{"line":4,"column":22}},"loc":{"start":{"line":4,"column":31},"end":{"line":11,"column":1}},"line":4},"1":{"name":"(anonymous_1)","decl":{"start":{"line":4,"column":31},"end":{"line":4,"column":32}},"loc":{"start":{"line":4,"column":57},"end":{"line":11,"column":1}},"line":4},"2":{"name":"(anonymous_2)","decl":{"start":{"line":42,"column":8},"end":{"line":42,"column":9}},"loc":{"start":{"line":42,"column":15},"end":{"line":68,"column":3}},"line":42},"3":{"name":"(anonymous_3)","decl":{"start":{"line":69,"column":10},"end":{"line":69,"column":11}},"loc":{"start":{"line":69,"column":17},"end":{"line":77,"column":4}},"line":69},"4":{"name":"(anonymous_4)","decl":{"start":{"line":69,"column":29},"end":{"line":69,"column":30}},"loc":{"start":{"line":69,"column":40},"end":{"line":77,"column":3}},"line":69},"5":{"name":"(anonymous_5)","decl":{"start":{"line":70,"column":20},"end":{"line":70,"column":21}},"loc":{"start":{"line":70,"column":40},"end":{"line":70,"column":78}},"line":70},"6":{"name":"(anonymous_6)","decl":{"start":{"line":71,"column":16},"end":{"line":71,"column":17}},"loc":{"start":{"line":71,"column":30},"end":{"line":71,"column":64}},"line":71},"7":{"name":"(anonymous_7)","decl":{"start":{"line":73,"column":50},"end":{"line":73,"column":51}},"loc":{"start":{"line":73,"column":56},"end":{"line":76,"column":5}},"line":73},"8":{"name":"(anonymous_8)","decl":{"start":{"line":78,"column":9},"end":{"line":78,"column":10}},"loc":{"start":{"line":78,"column":16},"end":{"line":80,"column":4}},"line":78},"9":{"name":"(anonymous_9)","decl":{"start":{"line":78,"column":28},"end":{"line":78,"column":29}},"loc":{"start":{"line":78,"column":49},"end":{"line":80,"column":3}},"line":78},"10":{"name":"(anonymous_10)","decl":{"start":{"line":79,"column":21},"end":{"line":79,"column":22}},"loc":{"start":{"line":79,"column":28},"end":{"line":79,"column":57}},"line":79}},"branchMap":{"0":{"loc":{"start":{"line":55,"column":4},"end":{"line":55,"column":36}},"type":"if","locations":[{"start":{"line":55,"column":4},"end":{"line":55,"column":36}},{"start":{"line":55,"column":4},"end":{"line":55,"column":36}}],"line":55},"1":{"loc":{"start":{"line":58,"column":4},"end":{"line":60,"column":5}},"type":"if","locations":[{"start":{"line":58,"column":4},"end":{"line":60,"column":5}},{"start":{"line":58,"column":4},"end":{"line":60,"column":5}}],"line":58},"2":{"loc":{"start":{"line":65,"column":27},"end":{"line":65,"column":78}},"type":"cond-expr","locations":[{"start":{"line":65,"column":49},"end":{"line":65,"column":55}},{"start":{"line":65,"column":58},"end":{"line":65,"column":78}}],"line":65},"3":{"loc":{"start":{"line":79,"column":28},"end":{"line":79,"column":57}},"type":"cond-expr","locations":[{"start":{"line":79,"column":34},"end":{"line":79,"column":45}},{"start":{"line":79,"column":48},"end":{"line":79,"column":57}}],"line":79}},"s":{"0":2,"1":2,"2":0,"3":0,"4":0,"5":0,"6":0,"7":2,"8":24,"9":24,"10":24,"11":96,"12":24,"13":24,"14":0,"15":24,"16":24,"17":0,"18":0,"19":0,"20":0,"21":24,"22":24,"23":26,"24":24,"25":26,"26":24,"27":24,"28":24,"29":24,"30":24,"31":22},"f":{"0":0,"1":0,"2":24,"3":24,"4":24,"5":26,"6":26,"7":24,"8":24,"9":24,"10":22},"b":{"0":[0,24],"1":[24,0],"2":[0,0],"3":[0,22]},"_coverageSchema":"332fd63041d2c1bcb487cc26dd0d5f7d97098a6c","hash":"375ab63f92e8df864777c8e40966a3fc15e0cec4"}
,"/home/francisco/projects/server/plugins/favicon/index.js": {"path":"/home/francisco/projects/server/plugins/favicon/index.js","statementMap":{"0":{"start":{"line":1,"column":16},"end":{"line":1,"column":40}},"1":{"start":{"line":3,"column":0},"end":{"line":19,"column":2}},"2":{"start":{"line":15,"column":11},"end":{"line":17,"column":13}}},"fnMap":{"0":{"name":"(anonymous_0)","decl":{"start":{"line":15,"column":4},"end":{"line":15,"column":5}},"loc":{"start":{"line":15,"column":11},"end":{"line":17,"column":13}},"line":15}},"branchMap":{"0":{"loc":{"start":{"line":15,"column":11},"end":{"line":17,"column":13}},"type":"cond-expr","locations":[{"start":{"line":16,"column":8},"end":{"line":16,"column":68}},{"start":{"line":17,"column":8},"end":{"line":17,"column":13}}],"line":15},"1":{"loc":{"start":{"line":15,"column":11},"end":{"line":15,"column":62}},"type":"binary-expr","locations":[{"start":{"line":15,"column":11},"end":{"line":15,"column":30}},{"start":{"line":15,"column":34},"end":{"line":15,"column":62}}],"line":15}},"s":{"0":2,"1":2,"2":26},"f":{"0":26},"b":{"0":[0,26],"1":[26,26]},"_coverageSchema":"332fd63041d2c1bcb487cc26dd0d5f7d97098a6c","hash":"c2b7b89255e6ea74dd32d9e03f7a1a6e86871ac6"}
,"/home/francisco/projects/server/plugins/final/errors.js": {"path":"/home/francisco/projects/server/plugins/final/errors.js","statementMap":{"0":{"start":{"line":1,"column":14},"end":{"line":1,"column":54}},"1":{"start":{"line":3,"column":0},"end":{"line":34,"column":2}},"2":{"start":{"line":3,"column":31},"end":{"line":34,"column":1}},"3":{"start":{"line":37,"column":0},"end":{"line":61,"column":2}},"4":{"start":{"line":63,"column":0},"end":{"line":63,"column":23}}},"fnMap":{"0":{"name":"(anonymous_0)","decl":{"start":{"line":3,"column":17},"end":{"line":3,"column":18}},"loc":{"start":{"line":3,"column":31},"end":{"line":34,"column":1}},"line":3}},"branchMap":{},"s":{"0":2,"1":2,"2":0,"3":2,"4":2},"f":{"0":0},"b":{},"_coverageSchema":"332fd63041d2c1bcb487cc26dd0d5f7d97098a6c","hash":"f64431723bc09c8f546c7e683b4adfac0129aef7"}
,"/home/francisco/projects/server/plugins/final/index.js": {"path":"/home/francisco/projects/server/plugins/final/index.js","statementMap":{"0":{"start":{"line":4,"column":19},"end":{"line":4,"column":38}},"1":{"start":{"line":6,"column":18},"end":{"line":6,"column":41}},"2":{"start":{"line":7,"column":19},"end":{"line":7,"column":41}},"3":{"start":{"line":10,"column":22},"end":{"line":23,"column":1}},"4":{"start":{"line":11,"column":2},"end":{"line":11,"column":23}},"5":{"start":{"line":11,"column":16},"end":{"line":11,"column":23}},"6":{"start":{"line":12,"column":2},"end":{"line":12,"column":34}},"7":{"start":{"line":12,"column":27},"end":{"line":12,"column":34}},"8":{"start":{"line":15,"column":2},"end":{"line":17,"column":3}},"9":{"start":{"line":16,"column":4},"end":{"line":16,"column":45}},"10":{"start":{"line":20,"column":14},"end":{"line":20,"column":73}},"11":{"start":{"line":21,"column":2},"end":{"line":21,"column":29}},"12":{"start":{"line":22,"column":2},"end":{"line":22,"column":28}},"13":{"start":{"line":26,"column":21},"end":{"line":41,"column":1}},"14":{"start":{"line":27,"column":16},"end":{"line":27,"column":25}},"15":{"start":{"line":28,"column":2},"end":{"line":28,"column":23}},"16":{"start":{"line":29,"column":2},"end":{"line":29,"column":34}},"17":{"start":{"line":29,"column":27},"end":{"line":29,"column":34}},"18":{"start":{"line":31,"column":15},"end":{"line":31,"column":41}},"19":{"start":{"line":32,"column":2},"end":{"line":32,"column":47}},"20":{"start":{"line":32,"column":34},"end":{"line":32,"column":47}},"21":{"start":{"line":35,"column":2},"end":{"line":37,"column":3}},"22":{"start":{"line":36,"column":4},"end":{"line":36,"column":54}},"23":{"start":{"line":40,"column":2},"end":{"line":40,"column":32}},"24":{"start":{"line":43,"column":0},"end":{"line":50,"column":2}}},"fnMap":{"0":{"name":"(anonymous_0)","decl":{"start":{"line":10,"column":22},"end":{"line":10,"column":23}},"loc":{"start":{"line":10,"column":35},"end":{"line":23,"column":1}},"line":10},"1":{"name":"(anonymous_1)","decl":{"start":{"line":26,"column":21},"end":{"line":26,"column":22}},"loc":{"start":{"line":26,"column":28},"end":{"line":41,"column":1}},"line":26}},"branchMap":{"0":{"loc":{"start":{"line":11,"column":2},"end":{"line":11,"column":23}},"type":"if","locations":[{"start":{"line":11,"column":2},"end":{"line":11,"column":23}},{"start":{"line":11,"column":2},"end":{"line":11,"column":23}}],"line":11},"1":{"loc":{"start":{"line":12,"column":2},"end":{"line":12,"column":34}},"type":"if","locations":[{"start":{"line":12,"column":2},"end":{"line":12,"column":34}},{"start":{"line":12,"column":2},"end":{"line":12,"column":34}}],"line":12},"2":{"loc":{"start":{"line":15,"column":2},"end":{"line":17,"column":3}},"type":"if","locations":[{"start":{"line":15,"column":2},"end":{"line":17,"column":3}},{"start":{"line":15,"column":2},"end":{"line":17,"column":3}}],"line":15},"3":{"loc":{"start":{"line":29,"column":2},"end":{"line":29,"column":34}},"type":"if","locations":[{"start":{"line":29,"column":2},"end":{"line":29,"column":34}},{"start":{"line":29,"column":2},"end":{"line":29,"column":34}}],"line":29},"4":{"loc":{"start":{"line":31,"column":15},"end":{"line":31,"column":41}},"type":"binary-expr","locations":[{"start":{"line":31,"column":15},"end":{"line":31,"column":27}},{"start":{"line":31,"column":31},"end":{"line":31,"column":41}}],"line":31},"5":{"loc":{"start":{"line":32,"column":2},"end":{"line":32,"column":47}},"type":"if","locations":[{"start":{"line":32,"column":2},"end":{"line":32,"column":47}},{"start":{"line":32,"column":2},"end":{"line":32,"column":47}}],"line":32},"6":{"loc":{"start":{"line":35,"column":2},"end":{"line":37,"column":3}},"type":"if","locations":[{"start":{"line":35,"column":2},"end":{"line":37,"column":3}},{"start":{"line":35,"column":2},"end":{"line":37,"column":3}}],"line":35},"7":{"loc":{"start":{"line":35,"column":6},"end":{"line":35,"column":54}},"type":"binary-expr","locations":[{"start":{"line":35,"column":6},"end":{"line":35,"column":18}},{"start":{"line":35,"column":22},"end":{"line":35,"column":54}}],"line":35}},"s":{"0":2,"1":2,"2":2,"3":2,"4":26,"5":0,"6":26,"7":26,"8":0,"9":0,"10":0,"11":0,"12":0,"13":2,"14":0,"15":0,"16":0,"17":0,"18":0,"19":0,"20":0,"21":0,"22":0,"23":0,"24":2},"f":{"0":26,"1":0},"b":{"0":[0,26],"1":[26,0],"2":[0,0],"3":[0,0],"4":[0,0],"5":[0,0],"6":[0,0],"7":[0,0]},"_coverageSchema":"332fd63041d2c1bcb487cc26dd0d5f7d97098a6c","hash":"98e4677a2fbbc7551382d6dc58e0fdc7943491f6"}
,"/home/francisco/projects/server/plugins/log/index.js": {"path":"/home/francisco/projects/server/plugins/log/index.js","statementMap":{"0":{"start":{"line":1,"column":12},"end":{"line":1,"column":26}},"1":{"start":{"line":3,"column":14},"end":{"line":12,"column":1}},"2":{"start":{"line":15,"column":15},"end":{"line":31,"column":1}},"3":{"start":{"line":29,"column":4},"end":{"line":29,"column":69}},"4":{"start":{"line":33,"column":0},"end":{"line":33,"column":24}}},"fnMap":{"0":{"name":"(anonymous_0)","decl":{"start":{"line":28,"column":8},"end":{"line":28,"column":9}},"loc":{"start":{"line":28,"column":15},"end":{"line":30,"column":3}},"line":28}},"branchMap":{},"s":{"0":2,"1":2,"2":2,"3":24,"4":2},"f":{"0":24},"b":{},"_coverageSchema":"332fd63041d2c1bcb487cc26dd0d5f7d97098a6c","hash":"13d8eee4f9b3a28b58e3444c2fde9656331e2f07"}
,"/home/francisco/projects/server/plugins/parser/index.js": {"path":"/home/francisco/projects/server/plugins/parser/index.js","statementMap":{"0":{"start":{"line":5,"column":15},"end":{"line":92,"column":1}},"1":{"start":{"line":38,"column":22},"end":{"line":38,"column":65}},"2":{"start":{"line":44,"column":6},"end":{"line":44,"column":45}},"3":{"start":{"line":44,"column":38},"end":{"line":44,"column":45}},"4":{"start":{"line":45,"column":6},"end":{"line":47,"column":15}},"5":{"start":{"line":46,"column":8},"end":{"line":46,"column":65}},"6":{"start":{"line":51,"column":6},"end":{"line":51,"column":43}},"7":{"start":{"line":51,"column":36},"end":{"line":51,"column":43}},"8":{"start":{"line":52,"column":19},"end":{"line":52,"column":77}},"9":{"start":{"line":53,"column":6},"end":{"line":53,"column":41}},"10":{"start":{"line":58,"column":6},"end":{"line":58,"column":43}},"11":{"start":{"line":58,"column":36},"end":{"line":58,"column":43}},"12":{"start":{"line":59,"column":19},"end":{"line":59,"column":71}},"13":{"start":{"line":60,"column":6},"end":{"line":60,"column":41}},"14":{"start":{"line":65,"column":6},"end":{"line":65,"column":43}},"15":{"start":{"line":65,"column":36},"end":{"line":65,"column":43}},"16":{"start":{"line":66,"column":19},"end":{"line":66,"column":71}},"17":{"start":{"line":67,"column":6},"end":{"line":67,"column":41}},"18":{"start":{"line":72,"column":6},"end":{"line":72,"column":43}},"19":{"start":{"line":72,"column":36},"end":{"line":72,"column":43}},"20":{"start":{"line":73,"column":19},"end":{"line":73,"column":74}},"21":{"start":{"line":74,"column":6},"end":{"line":74,"column":41}},"22":{"start":{"line":79,"column":6},"end":{"line":79,"column":45}},"23":{"start":{"line":79,"column":38},"end":{"line":79,"column":45}},"24":{"start":{"line":80,"column":21},"end":{"line":83,"column":7}},"25":{"start":{"line":84,"column":6},"end":{"line":84,"column":43}},"26":{"start":{"line":89,"column":6},"end":{"line":89,"column":38}},"27":{"start":{"line":94,"column":0},"end":{"line":94,"column":24}}},"fnMap":{"0":{"name":"(anonymous_0)","decl":{"start":{"line":38,"column":13},"end":{"line":38,"column":14}},"loc":{"start":{"line":38,"column":22},"end":{"line":38,"column":65}},"line":38},"1":{"name":"(anonymous_1)","decl":{"start":{"line":43,"column":4},"end":{"line":43,"column":5}},"loc":{"start":{"line":43,"column":11},"end":{"line":48,"column":5}},"line":43},"2":{"name":"(anonymous_2)","decl":{"start":{"line":45,"column":58},"end":{"line":45,"column":59}},"loc":{"start":{"line":45,"column":65},"end":{"line":47,"column":7}},"line":45},"3":{"name":"(anonymous_3)","decl":{"start":{"line":50,"column":4},"end":{"line":50,"column":5}},"loc":{"start":{"line":50,"column":11},"end":{"line":54,"column":5}},"line":50},"4":{"name":"(anonymous_4)","decl":{"start":{"line":57,"column":4},"end":{"line":57,"column":5}},"loc":{"start":{"line":57,"column":11},"end":{"line":61,"column":5}},"line":57},"5":{"name":"(anonymous_5)","decl":{"start":{"line":64,"column":4},"end":{"line":64,"column":5}},"loc":{"start":{"line":64,"column":11},"end":{"line":68,"column":5}},"line":64},"6":{"name":"(anonymous_6)","decl":{"start":{"line":71,"column":4},"end":{"line":71,"column":5}},"loc":{"start":{"line":71,"column":11},"end":{"line":75,"column":5}},"line":71},"7":{"name":"(anonymous_7)","decl":{"start":{"line":78,"column":4},"end":{"line":78,"column":5}},"loc":{"start":{"line":78,"column":11},"end":{"line":85,"column":5}},"line":78},"8":{"name":"(anonymous_8)","decl":{"start":{"line":88,"column":4},"end":{"line":88,"column":5}},"loc":{"start":{"line":88,"column":11},"end":{"line":90,"column":5}},"line":88}},"branchMap":{"0":{"loc":{"start":{"line":38,"column":22},"end":{"line":38,"column":65}},"type":"cond-expr","locations":[{"start":{"line":38,"column":50},"end":{"line":38,"column":57}},{"start":{"line":38,"column":60},"end":{"line":38,"column":65}}],"line":38},"1":{"loc":{"start":{"line":44,"column":6},"end":{"line":44,"column":45}},"type":"if","locations":[{"start":{"line":44,"column":6},"end":{"line":44,"column":45}},{"start":{"line":44,"column":6},"end":{"line":44,"column":45}}],"line":44},"2":{"loc":{"start":{"line":51,"column":6},"end":{"line":51,"column":43}},"type":"if","locations":[{"start":{"line":51,"column":6},"end":{"line":51,"column":43}},{"start":{"line":51,"column":6},"end":{"line":51,"column":43}}],"line":51},"3":{"loc":{"start":{"line":58,"column":6},"end":{"line":58,"column":43}},"type":"if","locations":[{"start":{"line":58,"column":6},"end":{"line":58,"column":43}},{"start":{"line":58,"column":6},"end":{"line":58,"column":43}}],"line":58},"4":{"loc":{"start":{"line":65,"column":6},"end":{"line":65,"column":43}},"type":"if","locations":[{"start":{"line":65,"column":6},"end":{"line":65,"column":43}},{"start":{"line":65,"column":6},"end":{"line":65,"column":43}}],"line":65},"5":{"loc":{"start":{"line":72,"column":6},"end":{"line":72,"column":43}},"type":"if","locations":[{"start":{"line":72,"column":6},"end":{"line":72,"column":43}},{"start":{"line":72,"column":6},"end":{"line":72,"column":43}}],"line":72},"6":{"loc":{"start":{"line":79,"column":6},"end":{"line":79,"column":45}},"type":"if","locations":[{"start":{"line":79,"column":6},"end":{"line":79,"column":45}},{"start":{"line":79,"column":6},"end":{"line":79,"column":45}}],"line":79},"7":{"loc":{"start":{"line":89,"column":17},"end":{"line":89,"column":37}},"type":"binary-expr","locations":[{"start":{"line":89,"column":17},"end":{"line":89,"column":25}},{"start":{"line":89,"column":29},"end":{"line":89,"column":37}}],"line":89}},"s":{"0":2,"1":24,"2":26,"3":0,"4":26,"5":104,"6":26,"7":0,"8":26,"9":26,"10":26,"11":0,"12":26,"13":26,"14":26,"15":0,"16":26,"17":26,"18":26,"19":0,"20":26,"21":26,"22":26,"23":0,"24":26,"25":26,"26":26,"27":2},"f":{"0":24,"1":26,"2":104,"3":26,"4":26,"5":26,"6":26,"7":26,"8":26},"b":{"0":[0,24],"1":[0,26],"2":[0,26],"3":[0,26],"4":[0,26],"5":[0,26],"6":[0,26],"7":[26,26]},"_coverageSchema":"332fd63041d2c1bcb487cc26dd0d5f7d97098a6c","hash":"7db375a03fe78fd6598f4c0a8ee8f2f21c473be8"}
,"/home/francisco/projects/server/plugins/security/index.js": {"path":"/home/francisco/projects/server/plugins/security/index.js","statementMap":{"0":{"start":{"line":1,"column":14},"end":{"line":1,"column":30}},"1":{"start":{"line":2,"column":15},"end":{"line":2,"column":32}},"2":{"start":{"line":4,"column":0},"end":{"line":63,"column":2}},"3":{"start":{"line":50,"column":11},"end":{"line":52,"column":13}},"4":{"start":{"line":55,"column":6},"end":{"line":58,"column":7}},"5":{"start":{"line":56,"column":8},"end":{"line":56,"column":39}},"6":{"start":{"line":57,"column":8},"end":{"line":57,"column":39}},"7":{"start":{"line":61,"column":11},"end":{"line":61,"column":62}}},"fnMap":{"0":{"name":"(anonymous_0)","decl":{"start":{"line":50,"column":4},"end":{"line":50,"column":5}},"loc":{"start":{"line":50,"column":11},"end":{"line":52,"column":13}},"line":50},"1":{"name":"(anonymous_1)","decl":{"start":{"line":53,"column":4},"end":{"line":53,"column":5}},"loc":{"start":{"line":53,"column":11},"end":{"line":59,"column":5}},"line":53},"2":{"name":"(anonymous_2)","decl":{"start":{"line":61,"column":4},"end":{"line":61,"column":5}},"loc":{"start":{"line":61,"column":11},"end":{"line":61,"column":62}},"line":61}},"branchMap":{"0":{"loc":{"start":{"line":50,"column":11},"end":{"line":52,"column":13}},"type":"cond-expr","locations":[{"start":{"line":51,"column":8},"end":{"line":51,"column":63}},{"start":{"line":52,"column":8},"end":{"line":52,"column":13}}],"line":50},"1":{"loc":{"start":{"line":50,"column":11},"end":{"line":50,"column":60}},"type":"binary-expr","locations":[{"start":{"line":50,"column":11},"end":{"line":50,"column":31}},{"start":{"line":50,"column":35},"end":{"line":50,"column":60}}],"line":50},"2":{"loc":{"start":{"line":55,"column":6},"end":{"line":58,"column":7}},"type":"if","locations":[{"start":{"line":55,"column":6},"end":{"line":58,"column":7}},{"start":{"line":55,"column":6},"end":{"line":58,"column":7}}],"line":55},"3":{"loc":{"start":{"line":55,"column":10},"end":{"line":55,"column":38}},"type":"binary-expr","locations":[{"start":{"line":55,"column":10},"end":{"line":55,"column":17}},{"start":{"line":55,"column":21},"end":{"line":55,"column":38}}],"line":55}},"s":{"0":2,"1":2,"2":2,"3":5,"4":5,"5":5,"6":5,"7":5},"f":{"0":5,"1":5,"2":5},"b":{"0":[5,0],"1":[5,5],"2":[5,0],"3":[5,5]},"_coverageSchema":"332fd63041d2c1bcb487cc26dd0d5f7d97098a6c","hash":"997fbc6970d9b643cd8668667ad07edadfe4535c"}
,"/home/francisco/projects/server/plugins/session/index.js": {"path":"/home/francisco/projects/server/plugins/session/index.js","statementMap":{"0":{"start":{"line":1,"column":15},"end":{"line":1,"column":38}},"1":{"start":{"line":4,"column":0},"end":{"line":4,"column":44}},"2":{"start":{"line":6,"column":19},"end":{"line":6,"column":59}},"3":{"start":{"line":9,"column":0},"end":{"line":48,"column":2}},"4":{"start":{"line":37,"column":4},"end":{"line":39,"column":5}},"5":{"start":{"line":38,"column":6},"end":{"line":38,"column":85}},"6":{"start":{"line":40,"column":4},"end":{"line":40,"column":60}},"7":{"start":{"line":42,"column":17},"end":{"line":42,"column":57}},"8":{"start":{"line":44,"column":4},"end":{"line":46,"column":7}},"9":{"start":{"line":45,"column":6},"end":{"line":45,"column":66}}},"fnMap":{"0":{"name":"(anonymous_0)","decl":{"start":{"line":36,"column":8},"end":{"line":36,"column":9}},"loc":{"start":{"line":36,"column":15},"end":{"line":41,"column":3}},"line":36},"1":{"name":"(anonymous_1)","decl":{"start":{"line":42,"column":10},"end":{"line":42,"column":11}},"loc":{"start":{"line":42,"column":17},"end":{"line":42,"column":57}},"line":42},"2":{"name":"(anonymous_2)","decl":{"start":{"line":43,"column":10},"end":{"line":43,"column":11}},"loc":{"start":{"line":43,"column":17},"end":{"line":47,"column":3}},"line":43},"3":{"name":"(anonymous_3)","decl":{"start":{"line":44,"column":15},"end":{"line":44,"column":16}},"loc":{"start":{"line":44,"column":39},"end":{"line":46,"column":5}},"line":44}},"branchMap":{"0":{"loc":{"start":{"line":37,"column":4},"end":{"line":39,"column":5}},"type":"if","locations":[{"start":{"line":37,"column":4},"end":{"line":39,"column":5}},{"start":{"line":37,"column":4},"end":{"line":39,"column":5}}],"line":37},"1":{"loc":{"start":{"line":37,"column":8},"end":{"line":37,"column":63}},"type":"binary-expr","locations":[{"start":{"line":37,"column":8},"end":{"line":37,"column":34}},{"start":{"line":37,"column":38},"end":{"line":37,"column":63}}],"line":37}},"s":{"0":2,"1":2,"2":2,"3":2,"4":24,"5":0,"6":24,"7":26,"8":24,"9":0},"f":{"0":24,"1":26,"2":24,"3":0},"b":{"0":[0,24],"1":[24,24]},"_coverageSchema":"332fd63041d2c1bcb487cc26dd0d5f7d97098a6c","hash":"79feb229a2aa89faa8f3994f20c15575ab431552"}
,"/home/francisco/projects/server/plugins/socket/index.js": {"path":"/home/francisco/projects/server/plugins/socket/index.js","statementMap":{"0":{"start":{"line":2,"column":17},"end":{"line":2,"column":37}},"1":{"start":{"line":3,"column":17},"end":{"line":3,"column":47}},"2":{"start":{"line":5,"column":0},"end":{"line":43,"column":2}},"3":{"start":{"line":14,"column":31},"end":{"line":23,"column":3}},"4":{"start":{"line":15,"column":4},"end":{"line":15,"column":28}},"5":{"start":{"line":15,"column":21},"end":{"line":15,"column":28}},"6":{"start":{"line":16,"column":4},"end":{"line":16,"column":50}},"7":{"start":{"line":16,"column":43},"end":{"line":16,"column":50}},"8":{"start":{"line":18,"column":4},"end":{"line":18,"column":23}},"9":{"start":{"line":19,"column":16},"end":{"line":19,"column":49}},"10":{"start":{"line":20,"column":4},"end":{"line":22,"column":5}},"11":{"start":{"line":21,"column":6},"end":{"line":21,"column":33}},"12":{"start":{"line":25,"column":19},"end":{"line":27,"column":6}},"13":{"start":{"line":25,"column":47},"end":{"line":27,"column":6}},"14":{"start":{"line":28,"column":4},"end":{"line":28,"column":54}},"15":{"start":{"line":29,"column":4},"end":{"line":29,"column":25}},"16":{"start":{"line":30,"column":4},"end":{"line":41,"column":7}},"17":{"start":{"line":31,"column":6},"end":{"line":34,"column":9}},"18":{"start":{"line":32,"column":29},"end":{"line":32,"column":40}},"19":{"start":{"line":33,"column":8},"end":{"line":33,"column":51}},"20":{"start":{"line":36,"column":6},"end":{"line":38,"column":9}},"21":{"start":{"line":37,"column":8},"end":{"line":37,"column":59}},"22":{"start":{"line":40,"column":6},"end":{"line":40,"column":60}}},"fnMap":{"0":{"name":"(anonymous_0)","decl":{"start":{"line":14,"column":10},"end":{"line":14,"column":11}},"loc":{"start":{"line":14,"column":31},"end":{"line":23,"column":3}},"line":14},"1":{"name":"(anonymous_1)","decl":{"start":{"line":14,"column":31},"end":{"line":14,"column":32}},"loc":{"start":{"line":14,"column":44},"end":{"line":23,"column":3}},"line":14},"2":{"name":"(anonymous_2)","decl":{"start":{"line":24,"column":10},"end":{"line":24,"column":11}},"loc":{"start":{"line":24,"column":17},"end":{"line":42,"column":3}},"line":24},"3":{"name":"(anonymous_3)","decl":{"start":{"line":25,"column":19},"end":{"line":25,"column":20}},"loc":{"start":{"line":25,"column":47},"end":{"line":27,"column":6}},"line":25},"4":{"name":"(anonymous_4)","decl":{"start":{"line":30,"column":25},"end":{"line":30,"column":26}},"loc":{"start":{"line":30,"column":41},"end":{"line":41,"column":5}},"line":30},"5":{"name":"(anonymous_5)","decl":{"start":{"line":31,"column":21},"end":{"line":31,"column":22}},"loc":{"start":{"line":31,"column":31},"end":{"line":34,"column":7}},"line":31},"6":{"name":"(anonymous_6)","decl":{"start":{"line":36,"column":30},"end":{"line":36,"column":31}},"loc":{"start":{"line":36,"column":36},"end":{"line":38,"column":7}},"line":36}},"branchMap":{"0":{"loc":{"start":{"line":15,"column":4},"end":{"line":15,"column":28}},"type":"if","locations":[{"start":{"line":15,"column":4},"end":{"line":15,"column":28}},{"start":{"line":15,"column":4},"end":{"line":15,"column":28}}],"line":15},"1":{"loc":{"start":{"line":16,"column":4},"end":{"line":16,"column":50}},"type":"if","locations":[{"start":{"line":16,"column":4},"end":{"line":16,"column":50}},{"start":{"line":16,"column":4},"end":{"line":16,"column":50}}],"line":16},"2":{"loc":{"start":{"line":16,"column":8},"end":{"line":16,"column":41}},"type":"binary-expr","locations":[{"start":{"line":16,"column":8},"end":{"line":16,"column":25}},{"start":{"line":16,"column":29},"end":{"line":16,"column":41}}],"line":16},"3":{"loc":{"start":{"line":20,"column":4},"end":{"line":22,"column":5}},"type":"if","locations":[{"start":{"line":20,"column":4},"end":{"line":22,"column":5}},{"start":{"line":20,"column":4},"end":{"line":22,"column":5}}],"line":20}},"s":{"0":2,"1":2,"2":2,"3":0,"4":0,"5":0,"6":0,"7":0,"8":0,"9":0,"10":0,"11":0,"12":24,"13":0,"14":24,"15":24,"16":24,"17":0,"18":0,"19":0,"20":0,"21":0,"22":0},"f":{"0":0,"1":0,"2":24,"3":0,"4":0,"5":0,"6":0},"b":{"0":[0,0],"1":[0,0],"2":[0,0],"3":[0,0]},"_coverageSchema":"332fd63041d2c1bcb487cc26dd0d5f7d97098a6c","hash":"662b5244669d53264318e34c1da12eb7d8c2c627"}
,"/home/francisco/projects/server/plugins/static/index.js": {"path":"/home/francisco/projects/server/plugins/static/index.js","statementMap":{"0":{"start":{"line":1,"column":0},"end":{"line":16,"column":2}},"1":{"start":{"line":12,"column":4},"end":{"line":14,"column":6}}},"fnMap":{"0":{"name":"(anonymous_0)","decl":{"start":{"line":11,"column":8},"end":{"line":11,"column":9}},"loc":{"start":{"line":11,"column":15},"end":{"line":15,"column":3}},"line":11}},"branchMap":{},"s":{"0":2,"1":24},"f":{"0":24},"b":{},"_coverageSchema":"332fd63041d2c1bcb487cc26dd0d5f7d97098a6c","hash":"116d8108f41e08f289cf39caef1981a241faeefe"}
,"/home/francisco/projects/server/reply/cookie.js": {"path":"/home/francisco/projects/server/reply/cookie.js","statementMap":{"0":{"start":{"line":1,"column":14},"end":{"line":1,"column":32}},"1":{"start":{"line":3,"column":0},"end":{"line":3,"column":59}},"2":{"start":{"line":3,"column":30},"end":{"line":3,"column":58}}},"fnMap":{"0":{"name":"(anonymous_0)","decl":{"start":{"line":3,"column":17},"end":{"line":3,"column":18}},"loc":{"start":{"line":3,"column":30},"end":{"line":3,"column":58}},"line":3}},"branchMap":{},"s":{"0":2,"1":2,"2":0},"f":{"0":0},"b":{},"_coverageSchema":"332fd63041d2c1bcb487cc26dd0d5f7d97098a6c","hash":"2063829c956e882bdced6c2a4614f1e8851aef29"}
,"/home/francisco/projects/server/reply/download.js": {"path":"/home/francisco/projects/server/reply/download.js","statementMap":{"0":{"start":{"line":1,"column":14},"end":{"line":1,"column":32}},"1":{"start":{"line":3,"column":0},"end":{"line":3,"column":61}},"2":{"start":{"line":3,"column":30},"end":{"line":3,"column":60}}},"fnMap":{"0":{"name":"(anonymous_0)","decl":{"start":{"line":3,"column":17},"end":{"line":3,"column":18}},"loc":{"start":{"line":3,"column":30},"end":{"line":3,"column":60}},"line":3}},"branchMap":{},"s":{"0":2,"1":2,"2":0},"f":{"0":0},"b":{},"_coverageSchema":"332fd63041d2c1bcb487cc26dd0d5f7d97098a6c","hash":"b65cfa8551e0073e1f6d21d8ae427a258d7f3c9f"}
,"/home/francisco/projects/server/reply/end.js": {"path":"/home/francisco/projects/server/reply/end.js","statementMap":{"0":{"start":{"line":1,"column":14},"end":{"line":1,"column":32}},"1":{"start":{"line":3,"column":0},"end":{"line":3,"column":56}},"2":{"start":{"line":3,"column":30},"end":{"line":3,"column":55}}},"fnMap":{"0":{"name":"(anonymous_0)","decl":{"start":{"line":3,"column":17},"end":{"line":3,"column":18}},"loc":{"start":{"line":3,"column":30},"end":{"line":3,"column":55}},"line":3}},"branchMap":{},"s":{"0":2,"1":2,"2":0},"f":{"0":0},"b":{},"_coverageSchema":"332fd63041d2c1bcb487cc26dd0d5f7d97098a6c","hash":"0ca9413ad367fd76eaa2b57c2d09c75f80f70c5d"}
,"/home/francisco/projects/server/reply/file.js": {"path":"/home/francisco/projects/server/reply/file.js","statementMap":{"0":{"start":{"line":1,"column":14},"end":{"line":1,"column":32}},"1":{"start":{"line":3,"column":0},"end":{"line":3,"column":57}},"2":{"start":{"line":3,"column":30},"end":{"line":3,"column":56}}},"fnMap":{"0":{"name":"(anonymous_0)","decl":{"start":{"line":3,"column":17},"end":{"line":3,"column":18}},"loc":{"start":{"line":3,"column":30},"end":{"line":3,"column":56}},"line":3}},"branchMap":{},"s":{"0":2,"1":2,"2":0},"f":{"0":0},"b":{},"_coverageSchema":"332fd63041d2c1bcb487cc26dd0d5f7d97098a6c","hash":"0159ec18a68a8df16e71831b687b58da412dc10f"}
,"/home/francisco/projects/server/reply/header.js": {"path":"/home/francisco/projects/server/reply/header.js","statementMap":{"0":{"start":{"line":1,"column":14},"end":{"line":1,"column":32}},"1":{"start":{"line":3,"column":0},"end":{"line":3,"column":59}},"2":{"start":{"line":3,"column":30},"end":{"line":3,"column":58}}},"fnMap":{"0":{"name":"(anonymous_0)","decl":{"start":{"line":3,"column":17},"end":{"line":3,"column":18}},"loc":{"start":{"line":3,"column":30},"end":{"line":3,"column":58}},"line":3}},"branchMap":{},"s":{"0":2,"1":2,"2":0},"f":{"0":0},"b":{},"_coverageSchema":"332fd63041d2c1bcb487cc26dd0d5f7d97098a6c","hash":"114708e6029b3ed5e202ba659984e767f148d211"}
,"/home/francisco/projects/server/reply/index.js": {"path":"/home/francisco/projects/server/reply/index.js","statementMap":{"0":{"start":{"line":1,"column":0},"end":{"line":14,"column":2}}},"fnMap":{},"branchMap":{},"s":{"0":2},"f":{},"b":{},"_coverageSchema":"332fd63041d2c1bcb487cc26dd0d5f7d97098a6c","hash":"d3c1cd0e14f4f0f8627960ca8eb3ca2d263d66de"}
,"/home/francisco/projects/server/reply/json.js": {"path":"/home/francisco/projects/server/reply/json.js","statementMap":{"0":{"start":{"line":1,"column":14},"end":{"line":1,"column":32}},"1":{"start":{"line":3,"column":0},"end":{"line":3,"column":57}},"2":{"start":{"line":3,"column":30},"end":{"line":3,"column":56}}},"fnMap":{"0":{"name":"(anonymous_0)","decl":{"start":{"line":3,"column":17},"end":{"line":3,"column":18}},"loc":{"start":{"line":3,"column":30},"end":{"line":3,"column":56}},"line":3}},"branchMap":{},"s":{"0":2,"1":2,"2":0},"f":{"0":0},"b":{},"_coverageSchema":"332fd63041d2c1bcb487cc26dd0d5f7d97098a6c","hash":"b1a6fdb3532b76665b3b7d09bcafb0cd51c8cac6"}
,"/home/francisco/projects/server/reply/jsonp.js": {"path":"/home/francisco/projects/server/reply/jsonp.js","statementMap":{"0":{"start":{"line":1,"column":14},"end":{"line":1,"column":32}},"1":{"start":{"line":3,"column":0},"end":{"line":3,"column":58}},"2":{"start":{"line":3,"column":30},"end":{"line":3,"column":57}}},"fnMap":{"0":{"name":"(anonymous_0)","decl":{"start":{"line":3,"column":17},"end":{"line":3,"column":18}},"loc":{"start":{"line":3,"column":30},"end":{"line":3,"column":57}},"line":3}},"branchMap":{},"s":{"0":2,"1":2,"2":0},"f":{"0":0},"b":{},"_coverageSchema":"332fd63041d2c1bcb487cc26dd0d5f7d97098a6c","hash":"7c12aa967696d447959300a67878e6158904898e"}
,"/home/francisco/projects/server/reply/redirect.js": {"path":"/home/francisco/projects/server/reply/redirect.js","statementMap":{"0":{"start":{"line":1,"column":14},"end":{"line":1,"column":32}},"1":{"start":{"line":3,"column":0},"end":{"line":3,"column":61}},"2":{"start":{"line":3,"column":30},"end":{"line":3,"column":60}}},"fnMap":{"0":{"name":"(anonymous_0)","decl":{"start":{"line":3,"column":17},"end":{"line":3,"column":18}},"loc":{"start":{"line":3,"column":30},"end":{"line":3,"column":60}},"line":3}},"branchMap":{},"s":{"0":2,"1":2,"2":0},"f":{"0":0},"b":{},"_coverageSchema":"332fd63041d2c1bcb487cc26dd0d5f7d97098a6c","hash":"6a85f119145dc56432c286f970c6cf79e2306acd"}
,"/home/francisco/projects/server/reply/render.js": {"path":"/home/francisco/projects/server/reply/render.js","statementMap":{"0":{"start":{"line":1,"column":14},"end":{"line":1,"column":32}},"1":{"start":{"line":3,"column":0},"end":{"line":3,"column":59}},"2":{"start":{"line":3,"column":30},"end":{"line":3,"column":58}}},"fnMap":{"0":{"name":"(anonymous_0)","decl":{"start":{"line":3,"column":17},"end":{"line":3,"column":18}},"loc":{"start":{"line":3,"column":30},"end":{"line":3,"column":58}},"line":3}},"branchMap":{},"s":{"0":2,"1":2,"2":0},"f":{"0":0},"b":{},"_coverageSchema":"332fd63041d2c1bcb487cc26dd0d5f7d97098a6c","hash":"df236916f2ed7b24a5dd4c78ed0d5386f2c5506b"}
,"/home/francisco/projects/server/reply/reply.js": {"path":"/home/francisco/projects/server/reply/reply.js","statementMap":{"0":{"start":{"line":1,"column":13},"end":{"line":1,"column":28}},"1":{"start":{"line":2,"column":11},"end":{"line":2,"column":27}},"2":{"start":{"line":5,"column":14},"end":{"line":9,"column":1}},"3":{"start":{"line":6,"column":2},"end":{"line":6,"column":18}},"4":{"start":{"line":7,"column":2},"end":{"line":7,"column":22}},"5":{"start":{"line":8,"column":2},"end":{"line":8,"column":14}},"6":{"start":{"line":13,"column":0},"end":{"line":18,"column":2}},"7":{"start":{"line":14,"column":2},"end":{"line":16,"column":5}},"8":{"start":{"line":15,"column":4},"end":{"line":15,"column":28}},"9":{"start":{"line":17,"column":2},"end":{"line":17,"column":14}},"10":{"start":{"line":22,"column":0},"end":{"line":52,"column":2}},"11":{"start":{"line":25,"column":2},"end":{"line":27,"column":3}},"12":{"start":{"line":26,"column":4},"end":{"line":26,"column":71}},"13":{"start":{"line":29,"column":2},"end":{"line":31,"column":3}},"14":{"start":{"line":30,"column":4},"end":{"line":30,"column":76}},"15":{"start":{"line":33,"column":2},"end":{"line":35,"column":3}},"16":{"start":{"line":34,"column":4},"end":{"line":34,"column":114}},"17":{"start":{"line":37,"column":21},"end":{"line":37,"column":25}},"18":{"start":{"line":38,"column":2},"end":{"line":40,"column":3}},"19":{"start":{"line":39,"column":4},"end":{"line":39,"column":45}},"20":{"start":{"line":42,"column":2},"end":{"line":49,"column":5}},"21":{"start":{"line":43,"column":4},"end":{"line":45,"column":5}},"22":{"start":{"line":44,"column":6},"end":{"line":44,"column":147}},"23":{"start":{"line":46,"column":4},"end":{"line":48,"column":7}},"24":{"start":{"line":47,"column":6},"end":{"line":47,"column":73}},"25":{"start":{"line":47,"column":42},"end":{"line":47,"column":71}},"26":{"start":{"line":51,"column":2},"end":{"line":51,"column":14}},"27":{"start":{"line":56,"column":0},"end":{"line":61,"column":2}},"28":{"start":{"line":57,"column":2},"end":{"line":59,"column":5}},"29":{"start":{"line":58,"column":4},"end":{"line":58,"column":18}},"30":{"start":{"line":60,"column":2},"end":{"line":60,"column":14}},"31":{"start":{"line":65,"column":0},"end":{"line":91,"column":2}},"32":{"start":{"line":68,"column":2},"end":{"line":70,"column":3}},"33":{"start":{"line":69,"column":4},"end":{"line":69,"column":67}},"34":{"start":{"line":72,"column":2},"end":{"line":74,"column":3}},"35":{"start":{"line":73,"column":4},"end":{"line":73,"column":114}},"36":{"start":{"line":76,"column":26},"end":{"line":76,"column":30}},"37":{"start":{"line":77,"column":2},"end":{"line":79,"column":3}},"38":{"start":{"line":78,"column":4},"end":{"line":78,"column":45}},"39":{"start":{"line":81,"column":2},"end":{"line":88,"column":5}},"40":{"start":{"line":82,"column":4},"end":{"line":84,"column":5}},"41":{"start":{"line":83,"column":6},"end":{"line":83,"column":147}},"42":{"start":{"line":85,"column":4},"end":{"line":87,"column":7}},"43":{"start":{"line":86,"column":6},"end":{"line":86,"column":73}},"44":{"start":{"line":86,"column":42},"end":{"line":86,"column":71}},"45":{"start":{"line":90,"column":2},"end":{"line":90,"column":14}},"46":{"start":{"line":95,"column":0},"end":{"line":100,"column":2}},"47":{"start":{"line":96,"column":2},"end":{"line":98,"column":5}},"48":{"start":{"line":97,"column":4},"end":{"line":97,"column":28}},"49":{"start":{"line":99,"column":2},"end":{"line":99,"column":14}},"50":{"start":{"line":102,"column":0},"end":{"line":107,"column":2}},"51":{"start":{"line":103,"column":2},"end":{"line":105,"column":5}},"52":{"start":{"line":104,"column":4},"end":{"line":104,"column":26}},"53":{"start":{"line":106,"column":2},"end":{"line":106,"column":14}},"54":{"start":{"line":109,"column":0},"end":{"line":114,"column":2}},"55":{"start":{"line":110,"column":2},"end":{"line":112,"column":5}},"56":{"start":{"line":111,"column":4},"end":{"line":111,"column":27}},"57":{"start":{"line":113,"column":2},"end":{"line":113,"column":14}},"58":{"start":{"line":116,"column":0},"end":{"line":121,"column":2}},"59":{"start":{"line":117,"column":2},"end":{"line":119,"column":5}},"60":{"start":{"line":118,"column":4},"end":{"line":118,"column":30}},"61":{"start":{"line":120,"column":2},"end":{"line":120,"column":14}},"62":{"start":{"line":123,"column":0},"end":{"line":142,"column":2}},"63":{"start":{"line":126,"column":2},"end":{"line":128,"column":3}},"64":{"start":{"line":127,"column":4},"end":{"line":127,"column":47}},"65":{"start":{"line":130,"column":2},"end":{"line":132,"column":3}},"66":{"start":{"line":131,"column":4},"end":{"line":131,"column":76}},"67":{"start":{"line":134,"column":26},"end":{"line":134,"column":30}},"68":{"start":{"line":136,"column":2},"end":{"line":140,"column":6}},"69":{"start":{"line":136,"column":25},"end":{"line":140,"column":4}},"70":{"start":{"line":138,"column":15},"end":{"line":138,"column":77}},"71":{"start":{"line":138,"column":30},"end":{"line":138,"column":77}},"72":{"start":{"line":139,"column":4},"end":{"line":139,"column":35}},"73":{"start":{"line":141,"column":2},"end":{"line":141,"column":14}},"74":{"start":{"line":144,"column":0},"end":{"line":155,"column":2}},"75":{"start":{"line":147,"column":2},"end":{"line":149,"column":3}},"76":{"start":{"line":148,"column":4},"end":{"line":148,"column":96}},"77":{"start":{"line":151,"column":2},"end":{"line":153,"column":5}},"78":{"start":{"line":152,"column":4},"end":{"line":152,"column":26}},"79":{"start":{"line":154,"column":2},"end":{"line":154,"column":14}},"80":{"start":{"line":157,"column":0},"end":{"line":164,"column":2}},"81":{"start":{"line":158,"column":2},"end":{"line":162,"column":5}},"82":{"start":{"line":160,"column":4},"end":{"line":160,"column":34}},"83":{"start":{"line":161,"column":4},"end":{"line":161,"column":28}},"84":{"start":{"line":163,"column":2},"end":{"line":163,"column":14}},"85":{"start":{"line":166,"column":0},"end":{"line":171,"column":2}},"86":{"start":{"line":167,"column":2},"end":{"line":169,"column":5}},"87":{"start":{"line":168,"column":4},"end":{"line":168,"column":26}},"88":{"start":{"line":170,"column":2},"end":{"line":170,"column":14}},"89":{"start":{"line":173,"column":0},"end":{"line":178,"column":2}},"90":{"start":{"line":174,"column":2},"end":{"line":176,"column":3}},"91":{"start":{"line":175,"column":4},"end":{"line":175,"column":18}},"92":{"start":{"line":177,"column":2},"end":{"line":177,"column":18}},"93":{"start":{"line":181,"column":0},"end":{"line":181,"column":23}}},"fnMap":{"0":{"name":"(anonymous_0)","decl":{"start":{"line":5,"column":14},"end":{"line":5,"column":15}},"loc":{"start":{"line":5,"column":39},"end":{"line":9,"column":1}},"line":5},"1":{"name":"(anonymous_1)","decl":{"start":{"line":13,"column":25},"end":{"line":13,"column":26}},"loc":{"start":{"line":13,"column":44},"end":{"line":18,"column":1}},"line":13},"2":{"name":"(anonymous_2)","decl":{"start":{"line":14,"column":18},"end":{"line":14,"column":19}},"loc":{"start":{"line":14,"column":25},"end":{"line":16,"column":3}},"line":14},"3":{"name":"(anonymous_3)","decl":{"start":{"line":22,"column":27},"end":{"line":22,"column":28}},"loc":{"start":{"line":22,"column":46},"end":{"line":52,"column":1}},"line":22},"4":{"name":"(anonymous_4)","decl":{"start":{"line":42,"column":18},"end":{"line":42,"column":19}},"loc":{"start":{"line":42,"column":31},"end":{"line":49,"column":3}},"line":42},"5":{"name":"(anonymous_5)","decl":{"start":{"line":46,"column":23},"end":{"line":46,"column":24}},"loc":{"start":{"line":46,"column":44},"end":{"line":48,"column":5}},"line":46},"6":{"name":"(anonymous_6)","decl":{"start":{"line":47,"column":35},"end":{"line":47,"column":36}},"loc":{"start":{"line":47,"column":42},"end":{"line":47,"column":71}},"line":47},"7":{"name":"(anonymous_7)","decl":{"start":{"line":56,"column":22},"end":{"line":56,"column":23}},"loc":{"start":{"line":56,"column":34},"end":{"line":61,"column":1}},"line":56},"8":{"name":"(anonymous_8)","decl":{"start":{"line":57,"column":18},"end":{"line":57,"column":19}},"loc":{"start":{"line":57,"column":25},"end":{"line":59,"column":3}},"line":57},"9":{"name":"(anonymous_9)","decl":{"start":{"line":65,"column":23},"end":{"line":65,"column":24}},"loc":{"start":{"line":65,"column":42},"end":{"line":91,"column":1}},"line":65},"10":{"name":"(anonymous_10)","decl":{"start":{"line":81,"column":18},"end":{"line":81,"column":19}},"loc":{"start":{"line":81,"column":31},"end":{"line":88,"column":3}},"line":81},"11":{"name":"(anonymous_11)","decl":{"start":{"line":85,"column":23},"end":{"line":85,"column":24}},"loc":{"start":{"line":85,"column":44},"end":{"line":87,"column":5}},"line":85},"12":{"name":"(anonymous_12)","decl":{"start":{"line":86,"column":35},"end":{"line":86,"column":36}},"loc":{"start":{"line":86,"column":42},"end":{"line":86,"column":71}},"line":86},"13":{"name":"(anonymous_13)","decl":{"start":{"line":95,"column":25},"end":{"line":95,"column":26}},"loc":{"start":{"line":95,"column":44},"end":{"line":100,"column":1}},"line":95},"14":{"name":"(anonymous_14)","decl":{"start":{"line":96,"column":18},"end":{"line":96,"column":19}},"loc":{"start":{"line":96,"column":25},"end":{"line":98,"column":3}},"line":96},"15":{"name":"(anonymous_15)","decl":{"start":{"line":102,"column":23},"end":{"line":102,"column":24}},"loc":{"start":{"line":102,"column":42},"end":{"line":107,"column":1}},"line":102},"16":{"name":"(anonymous_16)","decl":{"start":{"line":103,"column":18},"end":{"line":103,"column":19}},"loc":{"start":{"line":103,"column":25},"end":{"line":105,"column":3}},"line":103},"17":{"name":"(anonymous_17)","decl":{"start":{"line":109,"column":24},"end":{"line":109,"column":25}},"loc":{"start":{"line":109,"column":43},"end":{"line":114,"column":1}},"line":109},"18":{"name":"(anonymous_18)","decl":{"start":{"line":110,"column":18},"end":{"line":110,"column":19}},"loc":{"start":{"line":110,"column":25},"end":{"line":112,"column":3}},"line":110},"19":{"name":"(anonymous_19)","decl":{"start":{"line":116,"column":27},"end":{"line":116,"column":28}},"loc":{"start":{"line":116,"column":46},"end":{"line":121,"column":1}},"line":116},"20":{"name":"(anonymous_20)","decl":{"start":{"line":117,"column":18},"end":{"line":117,"column":19}},"loc":{"start":{"line":117,"column":25},"end":{"line":119,"column":3}},"line":117},"21":{"name":"(anonymous_21)","decl":{"start":{"line":123,"column":25},"end":{"line":123,"column":26}},"loc":{"start":{"line":123,"column":44},"end":{"line":142,"column":1}},"line":123},"22":{"name":"(anonymous_22)","decl":{"start":{"line":136,"column":18},"end":{"line":136,"column":19}},"loc":{"start":{"line":136,"column":25},"end":{"line":140,"column":4}},"line":136},"23":{"name":"(anonymous_23)","decl":{"start":{"line":136,"column":37},"end":{"line":136,"column":38}},"loc":{"start":{"line":136,"column":58},"end":{"line":140,"column":3}},"line":136},"24":{"name":"(anonymous_24)","decl":{"start":{"line":138,"column":15},"end":{"line":138,"column":16}},"loc":{"start":{"line":138,"column":30},"end":{"line":138,"column":77}},"line":138},"25":{"name":"(anonymous_25)","decl":{"start":{"line":144,"column":23},"end":{"line":144,"column":24}},"loc":{"start":{"line":144,"column":42},"end":{"line":155,"column":1}},"line":144},"26":{"name":"(anonymous_26)","decl":{"start":{"line":151,"column":18},"end":{"line":151,"column":19}},"loc":{"start":{"line":151,"column":25},"end":{"line":153,"column":3}},"line":151},"27":{"name":"(anonymous_27)","decl":{"start":{"line":157,"column":25},"end":{"line":157,"column":26}},"loc":{"start":{"line":157,"column":44},"end":{"line":164,"column":1}},"line":157},"28":{"name":"(anonymous_28)","decl":{"start":{"line":158,"column":18},"end":{"line":158,"column":19}},"loc":{"start":{"line":158,"column":25},"end":{"line":162,"column":3}},"line":158},"29":{"name":"(anonymous_29)","decl":{"start":{"line":166,"column":23},"end":{"line":166,"column":24}},"loc":{"start":{"line":166,"column":42},"end":{"line":171,"column":1}},"line":166},"30":{"name":"(anonymous_30)","decl":{"start":{"line":167,"column":18},"end":{"line":167,"column":19}},"loc":{"start":{"line":167,"column":25},"end":{"line":169,"column":3}},"line":167},"31":{"name":"(anonymous_31)","decl":{"start":{"line":173,"column":23},"end":{"line":173,"column":24}},"loc":{"start":{"line":173,"column":44},"end":{"line":178,"column":1}},"line":173}},"branchMap":{"0":{"loc":{"start":{"line":25,"column":2},"end":{"line":27,"column":3}},"type":"if","locations":[{"start":{"line":25,"column":2},"end":{"line":27,"column":3}},{"start":{"line":25,"column":2},"end":{"line":27,"column":3}}],"line":25},"1":{"loc":{"start":{"line":29,"column":2},"end":{"line":31,"column":3}},"type":"if","locations":[{"start":{"line":29,"column":2},"end":{"line":31,"column":3}},{"start":{"line":29,"column":2},"end":{"line":31,"column":3}}],"line":29},"2":{"loc":{"start":{"line":33,"column":2},"end":{"line":35,"column":3}},"type":"if","locations":[{"start":{"line":33,"column":2},"end":{"line":35,"column":3}},{"start":{"line":33,"column":2},"end":{"line":35,"column":3}}],"line":33},"3":{"loc":{"start":{"line":38,"column":2},"end":{"line":40,"column":3}},"type":"if","locations":[{"start":{"line":38,"column":2},"end":{"line":40,"column":3}},{"start":{"line":38,"column":2},"end":{"line":40,"column":3}}],"line":38},"4":{"loc":{"start":{"line":43,"column":4},"end":{"line":45,"column":5}},"type":"if","locations":[{"start":{"line":43,"column":4},"end":{"line":45,"column":5}},{"start":{"line":43,"column":4},"end":{"line":45,"column":5}}],"line":43},"5":{"loc":{"start":{"line":47,"column":42},"end":{"line":47,"column":71}},"type":"cond-expr","locations":[{"start":{"line":47,"column":48},"end":{"line":47,"column":59}},{"start":{"line":47,"column":62},"end":{"line":47,"column":71}}],"line":47},"6":{"loc":{"start":{"line":68,"column":2},"end":{"line":70,"column":3}},"type":"if","locations":[{"start":{"line":68,"column":2},"end":{"line":70,"column":3}},{"start":{"line":68,"column":2},"end":{"line":70,"column":3}}],"line":68},"7":{"loc":{"start":{"line":72,"column":2},"end":{"line":74,"column":3}},"type":"if","locations":[{"start":{"line":72,"column":2},"end":{"line":74,"column":3}},{"start":{"line":72,"column":2},"end":{"line":74,"column":3}}],"line":72},"8":{"loc":{"start":{"line":76,"column":13},"end":{"line":76,"column":22}},"type":"default-arg","locations":[{"start":{"line":76,"column":20},"end":{"line":76,"column":22}}],"line":76},"9":{"loc":{"start":{"line":77,"column":2},"end":{"line":79,"column":3}},"type":"if","locations":[{"start":{"line":77,"column":2},"end":{"line":79,"column":3}},{"start":{"line":77,"column":2},"end":{"line":79,"column":3}}],"line":77},"10":{"loc":{"start":{"line":82,"column":4},"end":{"line":84,"column":5}},"type":"if","locations":[{"start":{"line":82,"column":4},"end":{"line":84,"column":5}},{"start":{"line":82,"column":4},"end":{"line":84,"column":5}}],"line":82},"11":{"loc":{"start":{"line":86,"column":42},"end":{"line":86,"column":71}},"type":"cond-expr","locations":[{"start":{"line":86,"column":48},"end":{"line":86,"column":59}},{"start":{"line":86,"column":62},"end":{"line":86,"column":71}}],"line":86},"12":{"loc":{"start":{"line":126,"column":2},"end":{"line":128,"column":3}},"type":"if","locations":[{"start":{"line":126,"column":2},"end":{"line":128,"column":3}},{"start":{"line":126,"column":2},"end":{"line":128,"column":3}}],"line":126},"13":{"loc":{"start":{"line":130,"column":2},"end":{"line":132,"column":3}},"type":"if","locations":[{"start":{"line":130,"column":2},"end":{"line":132,"column":3}},{"start":{"line":130,"column":2},"end":{"line":132,"column":3}}],"line":130},"14":{"loc":{"start":{"line":134,"column":13},"end":{"line":134,"column":22}},"type":"default-arg","locations":[{"start":{"line":134,"column":20},"end":{"line":134,"column":22}}],"line":134},"15":{"loc":{"start":{"line":138,"column":30},"end":{"line":138,"column":77}},"type":"cond-expr","locations":[{"start":{"line":138,"column":36},"end":{"line":138,"column":47}},{"start":{"line":138,"column":50},"end":{"line":138,"column":77}}],"line":138},"16":{"loc":{"start":{"line":147,"column":2},"end":{"line":149,"column":3}},"type":"if","locations":[{"start":{"line":147,"column":2},"end":{"line":149,"column":3}},{"start":{"line":147,"column":2},"end":{"line":149,"column":3}}],"line":147},"17":{"loc":{"start":{"line":147,"column":6},"end":{"line":147,"column":67}},"type":"binary-expr","locations":[{"start":{"line":147,"column":6},"end":{"line":147,"column":13}},{"start":{"line":147,"column":17},"end":{"line":147,"column":30}},{"start":{"line":147,"column":34},"end":{"line":147,"column":67}}],"line":147}},"s":{"0":2,"1":2,"2":2,"3":28,"4":28,"5":28,"6":2,"7":0,"8":0,"9":0,"10":2,"11":0,"12":0,"13":0,"14":0,"15":0,"16":0,"17":0,"18":0,"19":0,"20":0,"21":0,"22":0,"23":0,"24":0,"25":0,"26":0,"27":2,"28":0,"29":0,"30":0,"31":2,"32":0,"33":0,"34":0,"35":0,"36":0,"37":0,"38":0,"39":0,"40":0,"41":0,"42":0,"43":0,"44":0,"45":0,"46":2,"47":0,"48":0,"49":0,"50":2,"51":0,"52":0,"53":0,"54":2,"55":0,"56":0,"57":0,"58":2,"59":0,"60":0,"61":0,"62":2,"63":0,"64":0,"65":0,"66":0,"67":0,"68":0,"69":0,"70":0,"71":0,"72":0,"73":0,"74":2,"75":28,"76":0,"77":28,"78":28,"79":28,"80":2,"81":1,"82":1,"83":1,"84":1,"85":2,"86":0,"87":0,"88":0,"89":2,"90":28,"91":29,"92":28,"93":2},"f":{"0":28,"1":0,"2":0,"3":0,"4":0,"5":0,"6":0,"7":0,"8":0,"9":0,"10":0,"11":0,"12":0,"13":0,"14":0,"15":0,"16":0,"17":0,"18":0,"19":0,"20":0,"21":0,"22":0,"23":0,"24":0,"25":28,"26":28,"27":1,"28":1,"29":0,"30":0,"31":28},"b":{"0":[0,0],"1":[0,0],"2":[0,0],"3":[0,0],"4":[0,0],"5":[0,0],"6":[0,0],"7":[0,0],"8":[0],"9":[0,0],"10":[0,0],"11":[0,0],"12":[0,0],"13":[0,0],"14":[0],"15":[0,0],"16":[0,28],"17":[28,28,0]},"_coverageSchema":"332fd63041d2c1bcb487cc26dd0d5f7d97098a6c","hash":"7b6cc96d59e883b93a41c83b82d5be372de683ea"}
,"/home/francisco/projects/server/reply/send.js": {"path":"/home/francisco/projects/server/reply/send.js","statementMap":{"0":{"start":{"line":1,"column":14},"end":{"line":1,"column":32}},"1":{"start":{"line":3,"column":0},"end":{"line":3,"column":57}},"2":{"start":{"line":3,"column":30},"end":{"line":3,"column":56}}},"fnMap":{"0":{"name":"(anonymous_0)","decl":{"start":{"line":3,"column":17},"end":{"line":3,"column":18}},"loc":{"start":{"line":3,"column":30},"end":{"line":3,"column":56}},"line":3}},"branchMap":{},"s":{"0":2,"1":2,"2":27},"f":{"0":27},"b":{},"_coverageSchema":"332fd63041d2c1bcb487cc26dd0d5f7d97098a6c","hash":"2de0fb5679922eb4100d9dc955f3085e1de66308"}
,"/home/francisco/projects/server/reply/status.js": {"path":"/home/francisco/projects/server/reply/status.js","statementMap":{"0":{"start":{"line":1,"column":14},"end":{"line":1,"column":32}},"1":{"start":{"line":3,"column":0},"end":{"line":3,"column":59}},"2":{"start":{"line":3,"column":30},"end":{"line":3,"column":58}}},"fnMap":{"0":{"name":"(anonymous_0)","decl":{"start":{"line":3,"column":17},"end":{"line":3,"column":18}},"loc":{"start":{"line":3,"column":30},"end":{"line":3,"column":58}},"line":3}},"branchMap":{},"s":{"0":2,"1":2,"2":1},"f":{"0":1},"b":{},"_coverageSchema":"332fd63041d2c1bcb487cc26dd0d5f7d97098a6c","hash":"12b5830541889d8fd98eb639025ef76b7513e8a0"}
,"/home/francisco/projects/server/reply/type.js": {"path":"/home/francisco/projects/server/reply/type.js","statementMap":{"0":{"start":{"line":1,"column":14},"end":{"line":1,"column":32}},"1":{"start":{"line":3,"column":0},"end":{"line":3,"column":57}},"2":{"start":{"line":3,"column":30},"end":{"line":3,"column":56}}},"fnMap":{"0":{"name":"(anonymous_0)","decl":{"start":{"line":3,"column":17},"end":{"line":3,"column":18}},"loc":{"start":{"line":3,"column":30},"end":{"line":3,"column":56}},"line":3}},"branchMap":{},"s":{"0":2,"1":2,"2":0},"f":{"0":0},"b":{},"_coverageSchema":"332fd63041d2c1bcb487cc26dd0d5f7d97098a6c","hash":"1a19eb7a1254e068c816f1d2738a0bf5b1988520"}
,"/home/francisco/projects/server/router/del.js": {"path":"/home/francisco/projects/server/router/del.js","statementMap":{"0":{"start":{"line":2,"column":16},"end":{"line":2,"column":36}},"1":{"start":{"line":5,"column":0},"end":{"line":7,"column":2}},"2":{"start":{"line":6,"column":2},"end":{"line":6,"column":38}}},"fnMap":{"0":{"name":"(anonymous_0)","decl":{"start":{"line":5,"column":17},"end":{"line":5,"column":18}},"loc":{"start":{"line":5,"column":32},"end":{"line":7,"column":1}},"line":5}},"branchMap":{},"s":{"0":2,"1":2,"2":2},"f":{"0":2},"b":{},"_coverageSchema":"332fd63041d2c1bcb487cc26dd0d5f7d97098a6c","hash":"39006056e2e8d02f44d4a23ace18c904af22c41a"}
,"/home/francisco/projects/server/router/error.js": {"path":"/home/francisco/projects/server/router/error.js","statementMap":{"0":{"start":{"line":1,"column":18},"end":{"line":1,"column":47}},"1":{"start":{"line":2,"column":15},"end":{"line":2,"column":47}},"2":{"start":{"line":4,"column":0},"end":{"line":24,"column":2}},"3":{"start":{"line":6,"column":27},"end":{"line":6,"column":41}},"4":{"start":{"line":7,"column":16},"end":{"line":7,"column":28}},"5":{"start":{"line":9,"column":18},"end":{"line":9,"column":26}},"6":{"start":{"line":10,"column":2},"end":{"line":22,"column":4}},"7":{"start":{"line":13,"column":4},"end":{"line":13,"column":42}},"8":{"start":{"line":14,"column":4},"end":{"line":14,"column":45}},"9":{"start":{"line":17,"column":4},"end":{"line":17,"column":83}},"10":{"start":{"line":17,"column":76},"end":{"line":17,"column":83}},"11":{"start":{"line":19,"column":16},"end":{"line":19,"column":36}},"12":{"start":{"line":20,"column":4},"end":{"line":20,"column":21}},"13":{"start":{"line":21,"column":4},"end":{"line":21,"column":15}},"14":{"start":{"line":23,"column":2},"end":{"line":23,"column":17}}},"fnMap":{"0":{"name":"(anonymous_0)","decl":{"start":{"line":4,"column":17},"end":{"line":4,"column":18}},"loc":{"start":{"line":4,"column":29},"end":{"line":24,"column":1}},"line":4},"1":{"name":"(anonymous_1)","decl":{"start":{"line":9,"column":18},"end":{"line":9,"column":19}},"loc":{"start":{"line":9,"column":24},"end":{"line":9,"column":26}},"line":9},"2":{"name":"(anonymous_2)","decl":{"start":{"line":10,"column":18},"end":{"line":10,"column":19}},"loc":{"start":{"line":10,"column":31},"end":{"line":22,"column":3}},"line":10}},"branchMap":{"0":{"loc":{"start":{"line":13,"column":21},"end":{"line":13,"column":41}},"type":"binary-expr","locations":[{"start":{"line":13,"column":21},"end":{"line":13,"column":35}},{"start":{"line":13,"column":39},"end":{"line":13,"column":41}}],"line":13},"1":{"loc":{"start":{"line":17,"column":4},"end":{"line":17,"column":83}},"type":"if","locations":[{"start":{"line":17,"column":4},"end":{"line":17,"column":83}},{"start":{"line":17,"column":4},"end":{"line":17,"column":83}}],"line":17},"2":{"loc":{"start":{"line":17,"column":8},"end":{"line":17,"column":74}},"type":"binary-expr","locations":[{"start":{"line":17,"column":8},"end":{"line":17,"column":25}},{"start":{"line":17,"column":29},"end":{"line":17,"column":74}}],"line":17}},"s":{"0":2,"1":2,"2":2,"3":13,"4":13,"5":13,"6":13,"7":10,"8":10,"9":10,"10":1,"11":9,"12":9,"13":9,"14":13},"f":{"0":13,"1":51,"2":10},"b":{"0":[10,1],"1":[1,9],"2":[10,2]},"_coverageSchema":"332fd63041d2c1bcb487cc26dd0d5f7d97098a6c","hash":"0f2bf9c24bcf2ad49a2dc12b1890b8b05f9eb842"}
,"/home/francisco/projects/server/router/errors.js": {"path":"/home/francisco/projects/server/router/errors.js","statementMap":{"0":{"start":{"line":3,"column":14},"end":{"line":3,"column":50}},"1":{"start":{"line":5,"column":0},"end":{"line":5,"column":38}},"2":{"start":{"line":6,"column":0},"end":{"line":6,"column":61}},"3":{"start":{"line":6,"column":35},"end":{"line":6,"column":60}},"4":{"start":{"line":8,"column":0},"end":{"line":8,"column":23}}},"fnMap":{"0":{"name":"(anonymous_0)","decl":{"start":{"line":6,"column":21},"end":{"line":6,"column":22}},"loc":{"start":{"line":6,"column":35},"end":{"line":6,"column":60}},"line":6}},"branchMap":{},"s":{"0":1,"1":1,"2":1,"3":1,"4":1},"f":{"0":1},"b":{},"_coverageSchema":"332fd63041d2c1bcb487cc26dd0d5f7d97098a6c","hash":"0f8f3a9853cd7a82f443e2171ae193006b354564"}
,"/home/francisco/projects/server/router/generic.js": {"path":"/home/francisco/projects/server/router/generic.js","statementMap":{"0":{"start":{"line":1,"column":18},"end":{"line":1,"column":47}},"1":{"start":{"line":2,"column":15},"end":{"line":2,"column":47}},"2":{"start":{"line":5,"column":0},"end":{"line":30,"column":2}},"3":{"start":{"line":8,"column":27},"end":{"line":8,"column":41}},"4":{"start":{"line":10,"column":16},"end":{"line":10,"column":34}},"5":{"start":{"line":12,"column":2},"end":{"line":29,"column":4}},"6":{"start":{"line":15,"column":4},"end":{"line":15,"column":28}},"7":{"start":{"line":15,"column":21},"end":{"line":15,"column":28}},"8":{"start":{"line":18,"column":4},"end":{"line":18,"column":38}},"9":{"start":{"line":18,"column":31},"end":{"line":18,"column":38}},"10":{"start":{"line":21,"column":4},"end":{"line":21,"column":33}},"11":{"start":{"line":22,"column":4},"end":{"line":22,"column":28}},"12":{"start":{"line":22,"column":21},"end":{"line":22,"column":28}},"13":{"start":{"line":23,"column":4},"end":{"line":23,"column":28}},"14":{"start":{"line":26,"column":4},"end":{"line":26,"column":38}},"15":{"start":{"line":28,"column":4},"end":{"line":28,"column":23}}},"fnMap":{"0":{"name":"(anonymous_0)","decl":{"start":{"line":5,"column":17},"end":{"line":5,"column":18}},"loc":{"start":{"line":5,"column":37},"end":{"line":30,"column":1}},"line":5},"1":{"name":"(anonymous_1)","decl":{"start":{"line":12,"column":9},"end":{"line":12,"column":10}},"loc":{"start":{"line":12,"column":22},"end":{"line":29,"column":3}},"line":12}},"branchMap":{"0":{"loc":{"start":{"line":10,"column":23},"end":{"line":10,"column":33}},"type":"binary-expr","locations":[{"start":{"line":10,"column":23},"end":{"line":10,"column":27}},{"start":{"line":10,"column":31},"end":{"line":10,"column":33}}],"line":10},"1":{"loc":{"start":{"line":15,"column":4},"end":{"line":15,"column":28}},"type":"if","locations":[{"start":{"line":15,"column":4},"end":{"line":15,"column":28}},{"start":{"line":15,"column":4},"end":{"line":15,"column":28}}],"line":15},"2":{"loc":{"start":{"line":18,"column":4},"end":{"line":18,"column":38}},"type":"if","locations":[{"start":{"line":18,"column":4},"end":{"line":18,"column":38}},{"start":{"line":18,"column":4},"end":{"line":18,"column":38}}],"line":18},"3":{"loc":{"start":{"line":22,"column":4},"end":{"line":22,"column":28}},"type":"if","locations":[{"start":{"line":22,"column":4},"end":{"line":22,"column":28}},{"start":{"line":22,"column":4},"end":{"line":22,"column":28}}],"line":22}},"s":{"0":2,"1":2,"2":2,"3":30,"4":30,"5":30,"6":31,"7":5,"8":26,"9":3,"10":23,"11":23,"12":4,"13":19,"14":19,"15":19},"f":{"0":30,"1":31},"b":{"0":[30,0],"1":[5,26],"2":[3,23],"3":[4,19]},"_coverageSchema":"332fd63041d2c1bcb487cc26dd0d5f7d97098a6c","hash":"dab0f3db2c387653b58d5a18685635b8a54380b2"}
,"/home/francisco/projects/server/router/get.js": {"path":"/home/francisco/projects/server/router/get.js","statementMap":{"0":{"start":{"line":2,"column":16},"end":{"line":2,"column":36}},"1":{"start":{"line":5,"column":0},"end":{"line":7,"column":2}},"2":{"start":{"line":6,"column":2},"end":{"line":6,"column":35}}},"fnMap":{"0":{"name":"(anonymous_0)","decl":{"start":{"line":5,"column":17},"end":{"line":5,"column":18}},"loc":{"start":{"line":5,"column":32},"end":{"line":7,"column":1}},"line":5}},"branchMap":{},"s":{"0":2,"1":2,"2":24},"f":{"0":24},"b":{},"_coverageSchema":"332fd63041d2c1bcb487cc26dd0d5f7d97098a6c","hash":"4c1bba858b0739f198d0ea4a39ed9f4ed724e4ea"}
,"/home/francisco/projects/server/router/index.js": {"path":"/home/francisco/projects/server/router/index.js","statementMap":{"0":{"start":{"line":8,"column":0},"end":{"line":20,"column":2}}},"fnMap":{},"branchMap":{},"s":{"0":2},"f":{},"b":{},"_coverageSchema":"332fd63041d2c1bcb487cc26dd0d5f7d97098a6c","hash":"7ce5c8f533ec45b3a38725619edf8ec010b2a508"}
,"/home/francisco/projects/server/router/post.js": {"path":"/home/francisco/projects/server/router/post.js","statementMap":{"0":{"start":{"line":2,"column":16},"end":{"line":2,"column":36}},"1":{"start":{"line":5,"column":0},"end":{"line":7,"column":2}},"2":{"start":{"line":6,"column":2},"end":{"line":6,"column":36}}},"fnMap":{"0":{"name":"(anonymous_0)","decl":{"start":{"line":5,"column":17},"end":{"line":5,"column":18}},"loc":{"start":{"line":5,"column":32},"end":{"line":7,"column":1}},"line":5}},"branchMap":{},"s":{"0":2,"1":2,"2":3},"f":{"0":3},"b":{},"_coverageSchema":"332fd63041d2c1bcb487cc26dd0d5f7d97098a6c","hash":"ea601708ade016ea97e162bb4b62d59a28ec0d4f"}
,"/home/francisco/projects/server/router/put.js": {"path":"/home/francisco/projects/server/router/put.js","statementMap":{"0":{"start":{"line":2,"column":16},"end":{"line":2,"column":36}},"1":{"start":{"line":5,"column":0},"end":{"line":7,"column":2}},"2":{"start":{"line":6,"column":2},"end":{"line":6,"column":35}}},"fnMap":{"0":{"name":"(anonymous_0)","decl":{"start":{"line":5,"column":17},"end":{"line":5,"column":18}},"loc":{"start":{"line":5,"column":32},"end":{"line":7,"column":1}},"line":5}},"branchMap":{},"s":{"0":2,"1":2,"2":1},"f":{"0":1},"b":{},"_coverageSchema":"332fd63041d2c1bcb487cc26dd0d5f7d97098a6c","hash":"6d5d3b2ac48210a4c22fa7a8264dceaddcc80831"}
,"/home/francisco/projects/server/router/sub.js": {"path":"/home/francisco/projects/server/router/sub.js","statementMap":{"0":{"start":{"line":1,"column":0},"end":{"line":8,"column":2}},"1":{"start":{"line":1,"column":38},"end":{"line":8,"column":1}},"2":{"start":{"line":2,"column":15},"end":{"line":2,"column":53}},"3":{"start":{"line":3,"column":2},"end":{"line":7,"column":3}},"4":{"start":{"line":5,"column":4},"end":{"line":5,"column":38}},"5":{"start":{"line":6,"column":4},"end":{"line":6,"column":23}}},"fnMap":{"0":{"name":"(anonymous_0)","decl":{"start":{"line":1,"column":17},"end":{"line":1,"column":18}},"loc":{"start":{"line":1,"column":38},"end":{"line":8,"column":1}},"line":1},"1":{"name":"(anonymous_1)","decl":{"start":{"line":1,"column":38},"end":{"line":1,"column":39}},"loc":{"start":{"line":1,"column":51},"end":{"line":8,"column":1}},"line":1}},"branchMap":{"0":{"loc":{"start":{"line":3,"column":2},"end":{"line":7,"column":3}},"type":"if","locations":[{"start":{"line":3,"column":2},"end":{"line":7,"column":3}},{"start":{"line":3,"column":2},"end":{"line":7,"column":3}}],"line":3},"1":{"loc":{"start":{"line":3,"column":6},"end":{"line":4,"column":49}},"type":"binary-expr","locations":[{"start":{"line":3,"column":7},"end":{"line":3,"column":31}},{"start":{"line":3,"column":35},"end":{"line":3,"column":48}},{"start":{"line":4,"column":7},"end":{"line":4,"column":29}},{"start":{"line":4,"column":33},"end":{"line":4,"column":48}}],"line":3}},"s":{"0":2,"1":4,"2":4,"3":4,"4":3,"5":3},"f":{"0":4,"1":4},"b":{"0":[3,1],"1":[4,2,2,2]},"_coverageSchema":"332fd63041d2c1bcb487cc26dd0d5f7d97098a6c","hash":"43f8e8124d2d90f4a945df89aec48b2f169a27d1"}
,"/home/francisco/projects/server/test/generic.js": {"path":"/home/francisco/projects/server/test/generic.js","statementMap":{"0":{"start":{"line":1,"column":18},"end":{"line":1,"column":40}},"1":{"start":{"line":3,"column":0},"end":{"line":14,"column":2}},"2":{"start":{"line":3,"column":35},"end":{"line":14,"column":1}},"3":{"start":{"line":4,"column":14},"end":{"line":4,"column":78}},"4":{"start":{"line":5,"column":2},"end":{"line":5,"column":34}},"5":{"start":{"line":6,"column":2},"end":{"line":6,"column":30}},"6":{"start":{"line":7,"column":2},"end":{"line":10,"column":3}},"7":{"start":{"line":8,"column":4},"end":{"line":8,"column":27}},"8":{"start":{"line":9,"column":4},"end":{"line":9,"column":36}},"9":{"start":{"line":12,"column":2},"end":{"line":12,"column":16}},"10":{"start":{"line":13,"column":2},"end":{"line":13,"column":13}}},"fnMap":{"0":{"name":"(anonymous_0)","decl":{"start":{"line":3,"column":17},"end":{"line":3,"column":18}},"loc":{"start":{"line":3,"column":35},"end":{"line":14,"column":1}},"line":3},"1":{"name":"(anonymous_1)","decl":{"start":{"line":3,"column":35},"end":{"line":3,"column":36}},"loc":{"start":{"line":3,"column":67},"end":{"line":14,"column":1}},"line":3}},"branchMap":{"0":{"loc":{"start":{"line":7,"column":2},"end":{"line":10,"column":3}},"type":"if","locations":[{"start":{"line":7,"column":2},"end":{"line":10,"column":3}},{"start":{"line":7,"column":2},"end":{"line":10,"column":3}}],"line":7},"1":{"loc":{"start":{"line":7,"column":6},"end":{"line":7,"column":91}},"type":"binary-expr","locations":[{"start":{"line":7,"column":6},"end":{"line":7,"column":59}},{"start":{"line":7,"column":63},"end":{"line":7,"column":91}}],"line":7}},"s":{"0":2,"1":2,"2":26,"3":26,"4":26,"5":26,"6":26,"7":0,"8":0,"9":26,"10":26},"f":{"0":26,"1":26},"b":{"0":[0,26],"1":[26,2]},"_coverageSchema":"332fd63041d2c1bcb487cc26dd0d5f7d97098a6c","hash":"6782c1207cd2479b7e5c5d3cbbb4c63b1d50f6a5"}
,"/home/francisco/projects/server/test/handler.js": {"path":"/home/francisco/projects/server/test/handler.js","statementMap":{"0":{"start":{"line":1,"column":15},"end":{"line":1,"column":29}},"1":{"start":{"line":3,"column":0},"end":{"line":6,"column":3}},"2":{"start":{"line":4,"column":2},"end":{"line":4,"column":34}},"3":{"start":{"line":4,"column":27},"end":{"line":4,"column":34}},"4":{"start":{"line":5,"column":2},"end":{"line":5,"column":58}}},"fnMap":{"0":{"name":"(anonymous_0)","decl":{"start":{"line":3,"column":37},"end":{"line":3,"column":38}},"loc":{"start":{"line":3,"column":44},"end":{"line":6,"column":1}},"line":3}},"branchMap":{"0":{"loc":{"start":{"line":4,"column":2},"end":{"line":4,"column":34}},"type":"if","locations":[{"start":{"line":4,"column":2},"end":{"line":4,"column":34}},{"start":{"line":4,"column":2},"end":{"line":4,"column":34}}],"line":4}},"s":{"0":2,"1":2,"2":1,"3":0,"4":1},"f":{"0":1},"b":{"0":[0,1]},"_coverageSchema":"332fd63041d2c1bcb487cc26dd0d5f7d97098a6c","hash":"5e3bfe399f2ef2f3ec7d51806f4df12f0d1d62a0"}
[...]
t":{"line":36,"column":15},"end":{"line":36,"column":17}},"13":{"start":{"line":39,"column":4},"end":{"line":41,"column":5}},"14":{"start":{"line":40,"column":6},"end":{"line":40,"column":43}},"15":{"start":{"line":43,"column":4},"end":{"line":43,"column":16}},"16":{"start":{"line":49,"column":18},"end":{"line":49,"column":20}},"17":{"start":{"line":52,"column":2},"end":{"line":165,"column":3}},"18":{"start":{"line":56,"column":16},"end":{"line":56,"column":28}},"19":{"start":{"line":60,"column":4},"end":{"line":60,"column":35}},"20":{"start":{"line":60,"column":26},"end":{"line":60,"column":35}},"21":{"start":{"line":63,"column":4},"end":{"line":65,"column":5}},"22":{"start":{"line":64,"column":6},"end":{"line":64,"column":72}},"23":{"start":{"line":68,"column":4},"end":{"line":102,"column":5}},"24":{"start":{"line":69,"column":6},"end":{"line":69,"column":64}},"25":{"start":{"line":73,"column":6},"end":{"line":77,"column":7}},"26":{"start":{"line":74,"column":8},"end":{"line":74,"column":60}},"27":{"start":{"line":75,"column":13},"end":{"line":77,"column":7}},"28":{"start":{"line":76,"column":8},"end":{"line":76,"column":50}},"29":{"start":{"line":80,"column":6},"end":{"line":84,"column":7}},"30":{"start":{"line":81,"column":8},"end":{"line":81,"column":76}},"31":{"start":{"line":82,"column":13},"end":{"line":84,"column":7}},"32":{"start":{"line":83,"column":8},"end":{"line":83,"column":50}},"33":{"start":{"line":87,"column":6},"end":{"line":89,"column":7}},"34":{"start":{"line":88,"column":8},"end":{"line":88,"column":74}},"35":{"start":{"line":93,"column":23},"end":{"line":98,"column":53}},"36":{"start":{"line":98,"column":24},"end":{"line":98,"column":52}},"37":{"start":{"line":99,"column":6},"end":{"line":101,"column":7}},"38":{"start":{"line":100,"column":8},"end":{"line":100,"column":28}},"39":{"start":{"line":105,"column":4},"end":{"line":107,"column":5}},"40":{"start":{"line":106,"column":6},"end":{"line":106,"column":58}},"41":{"start":{"line":110,"column":4},"end":{"line":118,"column":5}},"42":{"start":{"line":111,"column":6},"end":{"line":113,"column":7}},"43":{"start":{"line":112,"column":8},"end":{"line":112,"column":48}},"44":{"start":{"line":114,"column":6},"end":{"line":114,"column":36}},"45":{"start":{"line":115,"column":6},"end":{"line":117,"column":7}},"46":{"start":{"line":116,"column":8},"end":{"line":116,"column":33}},"47":{"start":{"line":121,"column":4},"end":{"line":123,"column":5}},"48":{"start":{"line":122,"column":6},"end":{"line":122,"column":72}},"49":{"start":{"line":130,"column":4},"end":{"line":134,"column":5}},"50":{"start":{"line":131,"column":6},"end":{"line":131,"column":51}},"51":{"start":{"line":136,"column":4},"end":{"line":138,"column":5}},"52":{"start":{"line":137,"column":6},"end":{"line":137,"column":74}},"53":{"start":{"line":141,"column":4},"end":{"line":154,"column":5}},"54":{"start":{"line":144,"column":6},"end":{"line":146,"column":63}},"55":{"start":{"line":146,"column":20},"end":{"line":146,"column":61}},"56":{"start":{"line":149,"column":6},"end":{"line":153,"column":7}},"57":{"start":{"line":150,"column":8},"end":{"line":152,"column":11}},"58":{"start":{"line":156,"column":4},"end":{"line":160,"column":5}},"59":{"start":{"line":157,"column":16},"end":{"line":157,"column":49}},"60":{"start":{"line":158,"column":6},"end":{"line":158,"column":42}},"61":{"start":{"line":158,"column":32},"end":{"line":158,"column":42}},"62":{"start":{"line":159,"column":6},"end":{"line":159,"column":68}},"63":{"start":{"line":159,"column":16},"end":{"line":159,"column":68}},"64":{"start":{"line":162,"column":4},"end":{"line":164,"column":5}},"65":{"start":{"line":163,"column":6},"end":{"line":163,"column":28}},"66":{"start":{"line":168,"column":2},"end":{"line":173,"column":3}},"67":{"start":{"line":169,"column":16},"end":{"line":169,"column":28}},"68":{"start":{"line":170,"column":4},"end":{"line":172,"column":5}},"69":{"start":{"line":171,"column":6},"end":{"line":171,"column":72}},"70":{"start":{"line":175,"column":2},"end":{"line":175,"column":17}}},"fnMap":{"0":{"name":"(anonymous_0)","decl":{"start":{"line":13,"column":31},"end":{"line":13,"column":32}},"loc":{"start":{"line":13,"column":58},"end":{"line":176,"column":1}},"line":13},"1":{"name":"(anonymous_1)","decl":{"start":{"line":21,"column":53},"end":{"line":21,"column":54}},"loc":{"start":{"line":21,"column":69},"end":{"line":44,"column":3}},"line":21},"2":{"name":"(anonymous_2)","decl":{"start":{"line":98,"column":15},"end":{"line":98,"column":16}},"loc":{"start":{"line":98,"column":24},"end":{"line":98,"column":52}},"line":98},"3":{"name":"(anonymous_3)","decl":{"start":{"line":146,"column":13},"end":{"line":146,"column":14}},"loc":{"start":{"line":146,"column":20},"end":{"line":146,"column":61}},"line":146}},"branchMap":{"0":{"loc":{"start":{"line":16,"column":2},"end":{"line":18,"column":3}},"type":"if","locations":[{"start":{"line":16,"column":2},"end":{"line":18,"column":3}},{"start":{"line":16,"column":2},"end":{"line":18,"column":3}}],"line":16},"1":{"loc":{"start":{"line":21,"column":9},"end":{"line":21,"column":17}},"type":"default-arg","locations":[{"start":{"line":21,"column":15},"end":{"line":21,"column":17}}],"line":21},"2":{"loc":{"start":{"line":21,"column":19},"end":{"line":21,"column":27}},"type":"default-arg","locations":[{"start":{"line":21,"column":25},"end":{"line":21,"column":27}}],"line":21},"3":{"loc":{"start":{"line":21,"column":29},"end":{"line":21,"column":40}},"type":"default-arg","locations":[{"start":{"line":21,"column":38},"end":{"line":21,"column":40}}],"line":21},"4":{"loc":{"start":{"line":21,"column":54},"end":{"line":21,"column":64}},"type":"default-arg","locations":[{"start":{"line":21,"column":62},"end":{"line":21,"column":64}}],"line":21},"5":{"loc":{"start":{"line":25,"column":4},"end":{"line":33,"column":5}},"type":"if","locations":[{"start":{"line":25,"column":4},"end":{"line":33,"column":5}},{"start":{"line":25,"column":4},"end":{"line":33,"column":5}}],"line":25},"6":{"loc":{"start":{"line":26,"column":6},"end":{"line":28,"column":7}},"type":"if","locations":[{"start":{"line":26,"column":6},"end":{"line":28,"column":7}},{"start":{"line":26,"column":6},"end":{"line":28,"column":7}}],"line":26},"7":{"loc":{"start":{"line":29,"column":6},"end":{"line":31,"column":7}},"type":"if","locations":[{"start":{"line":29,"column":6},"end":{"line":31,"column":7}},{"start":{"line":29,"column":6},"end":{"line":31,"column":7}}],"line":29},"8":{"loc":{"start":{"line":60,"column":4},"end":{"line":60,"column":35}},"type":"if","locations":[{"start":{"line":60,"column":4},"end":{"line":60,"column":35}},{"start":{"line":60,"column":4},"end":{"line":60,"column":35}}],"line":60},"9":{"loc":{"start":{"line":63,"column":4},"end":{"line":65,"column":5}},"type":"if","locations":[{"start":{"line":63,"column":4},"end":{"line":65,"column":5}},{"start":{"line":63,"column":4},"end":{"line":65,"column":5}}],"line":63},"10":{"loc":{"start":{"line":68,"column":4},"end":{"line":102,"column":5}},"type":"if","locations":[{"start":{"line":68,"column":4},"end":{"line":102,"column":5}},{"start":{"line":68,"column":4},"end":{"line":102,"column":5}}],"line":68},"11":{"loc":{"start":{"line":73,"column":6},"end":{"line":77,"column":7}},"type":"if","locations":[{"start":{"line":73,"column":6},"end":{"line":77,"column":7}},{"start":{"line":73,"column":6},"end":{"line":77,"column":7}}],"line":73},"12":{"loc":{"start":{"line":74,"column":18},"end":{"line":74,"column":59}},"type":"cond-expr","locations":[{"start":{"line":74,"column":37},"end":{"line":74,"column":41}},{"start":{"line":74,"column":44},"end":{"line":74,"column":59}}],"line":74},"13":{"loc":{"start":{"line":74,"column":44},"end":{"line":74,"column":59}},"type":"binary-expr","locations":[{"start":{"line":74,"column":44},"end":{"line":74,"column":51}},{"start":{"line":74,"column":55},"end":{"line":74,"column":59}}],"line":74},"14":{"loc":{"start":{"line":75,"column":13},"end":{"line":77,"column":7}},"type":"if","locations":[{"start":{"line":75,"column":13},"end":{"line":77,"column":7}},{"start":{"line":75,"column":13},"end":{"line":77,"column":7}}],"line":75},"15":{"loc":{"start":{"line":75,"column":17},"end":{"line":75,"column":53}},"type":"binary-expr","locations":[{"start":{"line":75,"column":17},"end":{"line":75,"column":26}},{"start":{"line":75,"column":30},"end":{"line":75,"column":53}}],"line":75},"16":{"loc":{"start":{"line":80,"column":6},"end":{"line":84,"column":7}},"type":"if","locations":[{"start":{"line":80,"column":6},"end":{"line":84,"column":7}},{"start":{"line":80,"column":6},"end":{"line":84,"column":7}}],"line":80},"17":{"loc":{"start":{"line":81,"column":19},"end":{"line":81,"column":60}},"type":"cond-expr","locations":[{"start":{"line":81,"column":38},"end":{"line":81,"column":42}},{"start":{"line":81,"column":45},"end":{"line":81,"column":60}}],"line":81},"18":{"loc":{"start":{"line":81,"column":45},"end":{"line":81,"column":60}},"type":"binary-expr","locations":[{"start":{"line":81,"column":45},"end":{"line":81,"column":52}},{"start":{"line":81,"column":56},"end":{"line":81,"column":60}}],"line":81},"19":{"loc":{"start":{"line":82,"column":13},"end":{"line":84,"column":7}},"type":"if","locations":[{"start":{"line":82,"column":13},"end":{"line":84,"column":7}},{"start":{"line":82,"column":13},"end":{"line":84,"column":7}}],"line":82},"20":{"loc":{"start":{"line":82,"column":17},"end":{"line":82,"column":53}},"type":"binary-expr","locations":[{"start":{"line":82,"column":17},"end":{"line":82,"column":26}},{"start":{"line":82,"column":30},"end":{"line":82,"column":53}}],"line":82},"21":{"loc":{"start":{"line":87,"column":6},"end":{"line":89,"column":7}},"type":"if","locations":[{"start":{"line":87,"column":6},"end":{"line":89,"column":7}},{"start":{"line":87,"column":6},"end":{"line":89,"column":7}}],"line":87},"22":{"loc":{"start":{"line":88,"column":23},"end":{"line":88,"column":72}},"type":"cond-expr","locations":[{"start":{"line":88,"column":46},"end":{"line":88,"column":50}},{"start":{"line":88,"column":53},"end":{"line":88,"column":72}}],"line":88},"23":{"loc":{"start":{"line":88,"column":53},"end":{"line":88,"column":72}},"type":"binary-expr","locations":[{"start":{"line":88,"column":53},"end":{"line":88,"column":64}},{"start":{"line":88,"column":68},"end":{"line":88,"column":72}}],"line":88},"24":{"loc":{"start":{"line":99,"column":6},"end":{"line":101,"column":7}},"type":"if","locations":[{"start":{"line":99,"column":6},"end":{"line":101,"column":7}},{"start":{"line":99,"column":6},"end":{"line":101,"column":7}}],"line":99},"25":{"loc":{"start":{"line":105,"column":4},"end":{"line":107,"column":5}},"type":"if","locations":[{"start":{"line":105,"column":4},"end":{"line":107,"column":5}},{"start":{"line":105,"column":4},"end":{"line":107,"column":5}}],"line":105},"26":{"loc":{"start":{"line":105,"column":8},"end":{"line":105,"column":47}},"type":"binary-expr","locations":[{"start":{"line":105,"column":8},"end":{"line":105,"column":18}},{"start":{"line":105,"column":22},"end":{"line":105,"column":47}}],"line":105},"27":{"loc":{"start":{"line":106,"column":32},"end":{"line":106,"column":49}},"type":"binary-expr","locations":[{"start":{"line":106,"column":32},"end":{"line":106,"column":43}},{"start":{"line":106,"column":47},"end":{"line":106,"column":49}}],"line":106},"28":{"loc":{"start":{"line":110,"column":4},"end":{"line":118,"column":5}},"type":"if","locations":[{"start":{"line":110,"column":4},"end":{"line":118,"column":5}},{"start":{"line":110,"column":4},"end":{"line":118,"column":5}}],"line":110},"29":{"loc":{"start":{"line":110,"column":8},"end":{"line":110,"column":61}},"type":"binary-expr","locations":[{"start":{"line":110,"column":9},"end":{"line":110,"column":17}},{"start":{"line":110,"column":21},"end":{"line":110,"column":31}},{"start":{"line":110,"column":36},"end":{"line":110,"column":61}}],"line":110},"30":{"loc":{"start":{"line":111,"column":6},"end":{"line":113,"column":7}},"type":"if","locations":[{"start":{"line":111,"column":6},"end":{"line":113,"column":7}},{"start":{"line":111,"column":6},"end":{"line":113,"column":7}}],"line":111},"31":{"loc":{"start":{"line":115,"column":6},"end":{"line":117,"column":7}},"type":"if","locations":[{"start":{"line":115,"column":6},"end":{"line":117,"column":7}},{"start":{"line":115,"column":6},"end":{"line":117,"column":7}}],"line":115},"32":{"loc":{"start":{"line":115,"column":10},"end":{"line":115,"column":60}},"type":"binary-expr","locations":[{"start":{"line":115,"column":10},"end":{"line":115,"column":20}},{"start":{"line":115,"column":24},"end":{"line":115,"column":60}}],"line":115},"33":{"loc":{"start":{"line":121,"column":4},"end":{"line":123,"column":5}},"type":"if","locations":[{"start":{"line":121,"column":4},"end":{"line":123,"column":5}},{"start":{"line":121,"column":4},"end":{"line":123,"column":5}}],"line":121},"34":{"loc":{"start":{"line":130,"column":4},"end":{"line":134,"column":5}},"type":"if","locations":[{"start":{"line":130,"column":4},"end":{"line":134,"column":5}},{"start":{"line":130,"column":4},"end":{"line":134,"column":5}}],"line":130},"35":{"loc":{"start":{"line":130,"column":8},"end":{"line":130,"column":52}},"type":"binary-expr","locations":[{"start":{"line":130,"column":8},"end":{"line":130,"column":20}},{"start":{"line":130,"column":24},"end":{"line":130,"column":52}}],"line":130},"36":{"loc":{"start":{"line":136,"column":4},"end":{"line":138,"column":5}},"type":"if","locations":[{"start":{"line":136,"column":4},"end":{"line":138,"column":5}},{"start":{"line":136,"column":4},"end":{"line":138,"column":5}}],"line":136},"37":{"loc":{"start":{"line":136,"column":8},"end":{"line":136,"column":54}},"type":"binary-expr","locations":[{"start":{"line":136,"column":8},"end":{"line":136,"column":16}},{"start":{"line":136,"column":20},"end":{"line":136,"column":25}},{"start":{"line":136,"column":29},"end":{"line":136,"column":54}}],"line":136},"38":{"loc":{"start":{"line":141,"column":4},"end":{"line":154,"column":5}},"type":"if","locations":[{"start":{"line":141,"column":4},"end":{"line":154,"column":5}},{"start":{"line":141,"column":4},"end":{"line":154,"column":5}}],"line":141},"39":{"loc":{"start":{"line":141,"column":8},"end":{"line":141,"column":25}},"type":"binary-expr","locations":[{"start":{"line":141,"column":8},"end":{"line":141,"column":16}},{"start":{"line":141,"column":20},"end":{"line":141,"column":25}}],"line":141},"40":{"loc":{"start":{"line":144,"column":18},"end":{"line":144,"column":67}},"type":"cond-expr","locations":[{"start":{"line":144,"column":46},"end":{"line":144,"column":54}},{"start":{"line":144,"column":57},"end":{"line":144,"column":67}}],"line":144},"41":{"loc":{"start":{"line":146,"column":21},"end":{"line":146,"column":46}},"type":"cond-expr","locations":[{"start":{"line":146,"column":32},"end":{"line":146,"column":40}},{"start":{"line":146,"column":43},"end":{"line":146,"column":46}}],"line":146},"42":{"loc":{"start":{"line":149,"column":6},"end":{"line":153,"column":7}},"type":"if","locations":[{"start":{"line":149,"column":6},"end":{"line":153,"column":7}},{"start":{"line":149,"column":6},"end":{"line":153,"column":7}}],"line":149},"43":{"loc":{"start":{"line":156,"column":4},"end":{"line":160,"column":5}},"type":"if","locations":[{"start":{"line":156,"column":4},"end":{"line":160,"column":5}},{"start":{"line":156,"column":4},"end":{"line":160,"column":5}}],"line":156},"44":{"loc":{"start":{"line":158,"column":6},"end":{"line":158,"column":42}},"type":"if","locations":[{"start":{"line":158,"column":6},"end":{"line":158,"column":42}},{"start":{"line":158,"column":6},"end":{"line":158,"column":42}}],"line":158},"45":{"loc":{"start":{"line":159,"column":6},"end":{"line":159,"column":68}},"type":"if","locations":[{"start":{"line":159,"column":6},"end":{"line":159,"column":68}},{"start":{"line":159,"column":6},"end":{"line":159,"column":68}}],"line":159},"46":{"loc":{"start":{"line":162,"column":4},"end":{"line":164,"column":5}},"type":"if","locations":[{"start":{"line":162,"column":4},"end":{"line":164,"column":5}},{"start":{"line":162,"column":4},"end":{"line":164,"column":5}}],"line":162},"47":{"loc":{"start":{"line":170,"column":4},"end":{"line":172,"column":5}},"type":"if","locations":[{"start":{"line":170,"column":4},"end":{"line":172,"column":5}},{"start":{"line":170,"column":4},"end":{"line":172,"column":5}}],"line":170}},"s":{"0":2,"1":2,"2":2,"3":264,"4":19,"5":245,"6":711,"7":0,"8":0,"9":0,"10":0,"11":0,"12":711,"13":711,"14":28100,"15":711,"16":245,"17":245,"18":1241,"19":1241,"20":144,"21":1097,"22":0,"23":1097,"24":0,"25":1097,"26":1049,"27":48,"28":0,"29":1097,"30":1073,"31":24,"32":0,"33":1097,"34":1097,"35":1097,"36":4388,"37":1097,"38":605,"39":1097,"40":24,"41":1097,"42":72,"43":48,"44":72,"45":72,"46":24,"47":1097,"48":48,"49":1097,"50":0,"51":1097,"52":0,"53":1097,"54":389,"55":533,"56":389,"57":0,"58":1097,"59":0,"60":0,"61":0,"62":0,"63":0,"64":1097,"65":605,"66":245,"67":1241,"68":1241,"69":0,"70":245},"f":{"0":264,"1":711,"2":4388,"3":533},"b":{"0":[19,245],"1":[0],"2":[0],"3":[24],"4":[221],"5":[0,711],"6":[0,0],"7":[0,0],"8":[144,1097],"9":[0,1097],"10":[0,1097],"11":[1049,48],"12":[0,1049],"13":[1049,95],"14":[0,48],"15":[48,0],"16":[1073,24],"17":[0,1073],"18":[1073,68],"19":[0,24],"20":[24,0],"21":[1097,0],"22":[4,1093],"23":[1093,87],"24":[605,492],"25":[24,1073],"26":[1097,24],"27":[24,0],"28":[72,1025],"29":[1097,1049,96],"30":[48,24],"31":[24,48],"32":[72,48],"33":[48,1049],"34":[0,1097],"35":[1097,0],"36":[0,1097],"37":[1097,48,48],"38":[389,708],"39":[1097,509],"40":[366,23],"41":[45,488],"42":[0,389],"43":[0,1097],"44":[0,0],"45":[0,0],"46":[605,492],"47":[0,1241]},"_coverageSchema":"332fd63041d2c1bcb487cc26dd0d5f7d97098a6c","hash":"7e045f5caa1d6088fd90ed482d79b71cdf16914e"}
,"/home/francisco/projects/server/utils/options/schema.js": {"path":"/home/francisco/projects/server/utils/options/schema.js","statementMap":{"0":{"start":{"line":1,"column":15},"end":{"line":1,"column":48}},"1":{"start":{"line":2,"column":14},"end":{"line":2,"column":77}},"2":{"start":{"line":3,"column":13},"end":{"line":3,"column":28}},"3":{"start":{"line":5,"column":0},"end":{"line":55,"column":2}},"4":{"start":{"line":16,"column":6},"end":{"line":20,"column":7}},"5":{"start":{"line":17,"column":8},"end":{"line":17,"column":56}},"6":{"start":{"line":18,"column":25},"end":{"line":18,"column":89}},"7":{"start":{"line":19,"column":8},"end":{"line":19,"column":40}},"8":{"start":{"line":21,"column":6},"end":{"line":21,"column":19}}},"fnMap":{"0":{"name":"(anonymous_0)","decl":{"start":{"line":15,"column":11},"end":{"line":15,"column":12}},"loc":{"start":{"line":15,"column":30},"end":{"line":22,"column":5}},"line":15}},"branchMap":{"0":{"loc":{"start":{"line":16,"column":6},"end":{"line":20,"column":7}},"type":"if","locations":[{"start":{"line":16,"column":6},"end":{"line":20,"column":7}},{"start":{"line":16,"column":6},"end":{"line":20,"column":7}}],"line":16},"1":{"loc":{"start":{"line":16,"column":10},"end":{"line":16,"column":72}},"type":"binary-expr","locations":[{"start":{"line":16,"column":10},"end":{"line":16,"column":39}},{"start":{"line":16,"column":43},"end":{"line":16,"column":72}}],"line":16},"2":{"loc":{"start":{"line":17,"column":16},"end":{"line":17,"column":55}},"type":"binary-expr","locations":[{"start":{"line":17,"column":16},"end":{"line":17,"column":33}},{"start":{"line":17,"column":37},"end":{"line":17,"column":55}}],"line":17},"3":{"loc":{"start":{"line":18,"column":25},"end":{"line":18,"column":89}},"type":"cond-expr","locations":[{"start":{"line":18,"column":50},"end":{"line":18,"column":55}},{"start":{"line":18,"column":58},"end":{"line":18,"column":89}}],"line":18}},"s":{"0":2,"1":2,"2":2,"3":2,"4":24,"5":0,"6":0,"7":0,"8":24},"f":{"0":24},"b":{"0":[0,24],"1":[24,0],"2":[0,0],"3":[0,0]},"_coverageSchema":"332fd63041d2c1bcb487cc26dd0d5f7d97098a6c","hash":"03b225009643002b0db18123c9ed4eb89b2d12c2"}
}
