{"/home/francisco/projects/server/server.js": {"path":"/home/francisco/projects/server/server.js","statementMap":{"0":{"start":{"line":4,"column":15},"end":{"line":4,"column":34}},"1":{"start":{"line":5,"column":14},"end":{"line":5,"column":32}},"2":{"start":{"line":6,"column":14},"end":{"line":6,"column":32}},"3":{"start":{"line":7,"column":16},"end":{"line":7,"column":36}},"4":{"start":{"line":10,"column":15},"end":{"line":10,"column":38}},"5":{"start":{"line":14,"column":13},"end":{"line":14,"column":72}},"6":{"start":{"line":14,"column":28},"end":{"line":14,"column":72}},"7":{"start":{"line":14,"column":49},"end":{"line":14,"column":56}},"8":{"start":{"line":14,"column":70},"end":{"line":14,"column":71}},"9":{"start":{"line":18,"column":15},"end":{"line":63,"column":1}},"10":{"start":{"line":21,"column":14},"end":{"line":26,"column":3}},"11":{"start":{"line":29,"column":27},"end":{"line":29,"column":51}},"12":{"start":{"line":32,"column":2},"end":{"line":32,"column":51}},"13":{"start":{"line":35,"column":2},"end":{"line":35,"column":61}},"14":{"start":{"line":35,"column":40},"end":{"line":35,"column":59}},"15":{"start":{"line":38,"column":2},"end":{"line":40,"column":3}},"16":{"start":{"line":39,"column":4},"end":{"line":39,"column":20}},"17":{"start":{"line":44,"column":2},"end":{"line":44,"column":79}},"18":{"start":{"line":47,"column":2},"end":{"line":49,"column":3}},"19":{"start":{"line":48,"column":4},"end":{"line":48,"column":22}},"20":{"start":{"line":52,"column":2},"end":{"line":54,"column":3}},"21":{"start":{"line":53,"column":4},"end":{"line":53,"column":22}},"22":{"start":{"line":56,"column":2},"end":{"line":60,"column":4}},"23":{"start":{"line":57,"column":4},"end":{"line":59,"column":5}},"24":{"start":{"line":58,"column":6},"end":{"line":58,"column":23}},"25":{"start":{"line":62,"column":2},"end":{"line":62,"column":13}},"26":{"start":{"line":67,"column":0},"end":{"line":67,"column":23}},"27":{"start":{"line":68,"column":0},"end":{"line":68,"column":21}},"28":{"start":{"line":69,"column":0},"end":{"line":69,"column":21}},"29":{"start":{"line":70,"column":0},"end":{"line":70,"column":25}},"30":{"start":{"line":71,"column":0},"end":{"line":71,"column":44}},"31":{"start":{"line":73,"column":0},"end":{"line":73,"column":24}}},"fnMap":{"0":{"name":"(anonymous_0)","decl":{"start":{"line":14,"column":13},"end":{"line":14,"column":14}},"loc":{"start":{"line":14,"column":28},"end":{"line":14,"column":72}},"line":14},"1":{"name":"(anonymous_1)","decl":{"start":{"line":14,"column":44},"end":{"line":14,"column":45}},"loc":{"start":{"line":14,"column":49},"end":{"line":14,"column":56}},"line":14},"2":{"name":"(anonymous_2)","decl":{"start":{"line":14,"column":65},"end":{"line":14,"column":66}},"loc":{"start":{"line":14,"column":70},"end":{"line":14,"column":71}},"line":14},"3":{"name":"(anonymous_3)","decl":{"start":{"line":18,"column":15},"end":{"line":18,"column":16}},"loc":{"start":{"line":18,"column":33},"end":{"line":63,"column":1}},"line":18},"4":{"name":"(anonymous_4)","decl":{"start":{"line":35,"column":35},"end":{"line":35,"column":36}},"loc":{"start":{"line":35,"column":40},"end":{"line":35,"column":59}},"line":35},"5":{"name":"(anonymous_5)","decl":{"start":{"line":56,"column":14},"end":{"line":56,"column":15}},"loc":{"start":{"line":56,"column":26},"end":{"line":60,"column":3}},"line":56}},"branchMap":{},"s":{"0":31,"1":31,"2":31,"3":31,"4":31,"5":31,"6":873,"7":8490,"8":8490,"9":31,"10":147,"11":147,"12":147,"13":146,"14":1460,"15":146,"16":584,"17":146,"18":146,"19":292,"20":146,"21":146,"22":146,"23":143,"24":143,"25":146,"26":31,"27":31,"28":31,"29":31,"30":31,"31":31},"f":{"0":873,"1":8490,"2":8490,"3":147,"4":1460,"5":143},"b":{},"_coverageSchema":"332fd63041d2c1bcb487cc26dd0d5f7d97098a6c","hash":"8b2102ea27b24146759de11f7dc04e6218b96114"}
,"/home/francisco/projects/server/error/index.js": {"path":"/home/francisco/projects/server/error/index.js","statementMap":{"0":{"start":{"line":1,"column":19},"end":{"line":7,"column":1}},"1":{"start":{"line":2,"column":16},"end":{"line":2,"column":34}},"2":{"start":{"line":3,"column":2},"end":{"line":5,"column":3}},"3":{"start":{"line":4,"column":4},"end":{"line":4,"column":77}},"4":{"start":{"line":6,"column":2},"end":{"line":6,"column":15}},"5":{"start":{"line":9,"column":20},"end":{"line":9,"column":76}},"6":{"start":{"line":9,"column":27},"end":{"line":9,"column":76}},"7":{"start":{"line":9,"column":62},"end":{"line":9,"column":65}},"8":{"start":{"line":11,"column":21},"end":{"line":21,"column":1}},"9":{"start":{"line":12,"column":2},"end":{"line":12,"column":55}},"10":{"start":{"line":14,"column":2},"end":{"line":20,"column":4}},"11":{"start":{"line":15,"column":4},"end":{"line":15,"column":73}},"12":{"start":{"line":16,"column":4},"end":{"line":16,"column":63}},"13":{"start":{"line":17,"column":4},"end":{"line":17,"column":86}},"14":{"start":{"line":18,"column":4},"end":{"line":18,"column":42}},"15":{"start":{"line":19,"column":4},"end":{"line":19,"column":48}},"16":{"start":{"line":23,"column":0},"end":{"line":23,"column":39}},"17":{"start":{"line":25,"column":0},"end":{"line":25,"column":30}}},"fnMap":{"0":{"name":"(anonymous_0)","decl":{"start":{"line":1,"column":19},"end":{"line":1,"column":20}},"loc":{"start":{"line":1,"column":38},"end":{"line":7,"column":1}},"line":1},"1":{"name":"(anonymous_1)","decl":{"start":{"line":9,"column":20},"end":{"line":9,"column":21}},"loc":{"start":{"line":9,"column":27},"end":{"line":9,"column":76}},"line":9},"2":{"name":"(anonymous_2)","decl":{"start":{"line":9,"column":55},"end":{"line":9,"column":56}},"loc":{"start":{"line":9,"column":62},"end":{"line":9,"column":65}},"line":9},"3":{"name":"(anonymous_3)","decl":{"start":{"line":11,"column":21},"end":{"line":11,"column":22}},"loc":{"start":{"line":11,"column":62},"end":{"line":21,"column":1}},"line":11},"4":{"name":"ErrorInstance","decl":{"start":{"line":14,"column":18},"end":{"line":14,"column":31}},"loc":{"start":{"line":14,"column":58},"end":{"line":20,"column":3}},"line":14}},"branchMap":{"0":{"loc":{"start":{"line":4,"column":17},"end":{"line":4,"column":76}},"type":"cond-expr","locations":[{"start":{"line":4,"column":49},"end":{"line":4,"column":64}},{"start":{"line":4,"column":67},"end":{"line":4,"column":76}}],"line":4},"1":{"loc":{"start":{"line":11,"column":31},"end":{"line":11,"column":45}},"type":"default-arg","locations":[{"start":{"line":11,"column":43},"end":{"line":11,"column":45}}],"line":11},"2":{"loc":{"start":{"line":11,"column":47},"end":{"line":11,"column":60}},"type":"default-arg","locations":[{"start":{"line":11,"column":58},"end":{"line":11,"column":60}}],"line":11},"3":{"loc":{"start":{"line":12,"column":23},"end":{"line":12,"column":54}},"type":"binary-expr","locations":[{"start":{"line":12,"column":23},"end":{"line":12,"column":41}},{"start":{"line":12,"column":45},"end":{"line":12,"column":54}}],"line":12},"4":{"loc":{"start":{"line":14,"column":33},"end":{"line":14,"column":42}},"type":"default-arg","locations":[{"start":{"line":14,"column":40},"end":{"line":14,"column":42}}],"line":14},"5":{"loc":{"start":{"line":14,"column":44},"end":{"line":14,"column":56}},"type":"default-arg","locations":[{"start":{"line":14,"column":54},"end":{"line":14,"column":56}}],"line":14}},"s":{"0":36,"1":55,"2":55,"3":358,"4":55,"5":36,"6":55,"7":237,"8":36,"9":116,"10":116,"11":55,"12":55,"13":55,"14":55,"15":55,"16":36,"17":36},"f":{"0":55,"1":55,"2":237,"3":116,"4":55},"b":{"0":[62,296],"1":[2],"2":[46],"3":[116,116],"4":[3],"5":[21]},"_coverageSchema":"332fd63041d2c1bcb487cc26dd0d5f7d97098a6c","hash":"58d57dae6c5f9372894bdb443568875a53280251"}
,"/home/francisco/projects/server/plugins/index.js": {"path":"/home/francisco/projects/server/plugins/index.js","statementMap":{"0":{"start":{"line":7,"column":12},"end":{"line":7,"column":37}},"1":{"start":{"line":9,"column":13},"end":{"line":9,"column":15}},"2":{"start":{"line":10,"column":0},"end":{"line":16,"column":1}},"3":{"start":{"line":11,"column":15},"end":{"line":11,"column":66}},"4":{"start":{"line":12,"column":19},"end":{"line":12,"column":50}},"5":{"start":{"line":12,"column":27},"end":{"line":12,"column":50}},"6":{"start":{"line":13,"column":2},"end":{"line":13,"column":72}},"7":{"start":{"line":15,"column":2},"end":{"line":15,"column":98}},"8":{"start":{"line":19,"column":0},"end":{"line":31,"column":2}}},"fnMap":{"0":{"name":"(anonymous_0)","decl":{"start":{"line":12,"column":19},"end":{"line":12,"column":20}},"loc":{"start":{"line":12,"column":27},"end":{"line":12,"column":50}},"line":12}},"branchMap":{},"s":{"0":32,"1":32,"2":32,"3":32,"4":31,"5":775,"6":31,"7":1,"8":31},"f":{"0":775},"b":{},"_coverageSchema":"332fd63041d2c1bcb487cc26dd0d5f7d97098a6c","hash":"d4b28920a32c2c701a1b01b7fcf47a5c4b889842"}
,"/home/francisco/projects/server/plugins/compress/index.js": {"path":"/home/francisco/projects/server/plugins/compress/index.js","statementMap":{"0":{"start":{"line":1,"column":17},"end":{"line":1,"column":39}},"1":{"start":{"line":3,"column":0},"end":{"line":15,"column":2}},"2":{"start":{"line":14,"column":17},"end":{"line":14,"column":70}}},"fnMap":{"0":{"name":"(anonymous_0)","decl":{"start":{"line":14,"column":10},"end":{"line":14,"column":11}},"loc":{"start":{"line":14,"column":17},"end":{"line":14,"column":70}},"line":14}},"branchMap":{},"s":{"0":31,"1":31,"2":164},"f":{"0":164},"b":{},"_coverageSchema":"332fd63041d2c1bcb487cc26dd0d5f7d97098a6c","hash":"fe6f6adce70840cb5905921359369126d75cb685"}
,"/home/francisco/projects/server/plugins/express/index.js": {"path":"/home/francisco/projects/server/plugins/express/index.js","statementMap":{"0":{"start":{"line":1,"column":16},"end":{"line":1,"column":34}},"1":{"start":{"line":4,"column":21},"end":{"line":11,"column":1}},"2":{"start":{"line":4,"column":31},"end":{"line":11,"column":1}},"3":{"start":{"line":5,"column":2},"end":{"line":10,"column":3}},"4":{"start":{"line":6,"column":16},"end":{"line":6,"column":40}},"5":{"start":{"line":7,"column":4},"end":{"line":7,"column":18}},"6":{"start":{"line":9,"column":4},"end":{"line":9,"column":12}},"7":{"start":{"line":14,"column":0},"end":{"line":81,"column":2}},"8":{"start":{"line":43,"column":4},"end":{"line":43,"column":26}},"9":{"start":{"line":44,"column":4},"end":{"line":44,"column":28}},"10":{"start":{"line":47,"column":4},"end":{"line":49,"column":5}},"11":{"start":{"line":48,"column":6},"end":{"line":48,"column":49}},"12":{"start":{"line":52,"column":4},"end":{"line":52,"column":53}},"13":{"start":{"line":55,"column":4},"end":{"line":55,"column":36}},"14":{"start":{"line":55,"column":29},"end":{"line":55,"column":36}},"15":{"start":{"line":58,"column":4},"end":{"line":60,"column":5}},"16":{"start":{"line":59,"column":6},"end":{"line":59,"column":60}},"17":{"start":{"line":63,"column":4},"end":{"line":67,"column":5}},"18":{"start":{"line":64,"column":21},"end":{"line":64,"column":45}},"19":{"start":{"line":65,"column":6},"end":{"line":65,"column":80}},"20":{"start":{"line":66,"column":6},"end":{"line":66,"column":39}},"21":{"start":{"line":69,"column":17},"end":{"line":77,"column":4}},"22":{"start":{"line":70,"column":20},"end":{"line":70,"column":78}},"23":{"start":{"line":70,"column":40},"end":{"line":70,"column":78}},"24":{"start":{"line":71,"column":4},"end":{"line":71,"column":66}},"25":{"start":{"line":71,"column":30},"end":{"line":71,"column":64}},"26":{"start":{"line":73,"column":4},"end":{"line":76,"column":7}},"27":{"start":{"line":74,"column":6},"end":{"line":74,"column":79}},"28":{"start":{"line":75,"column":6},"end":{"line":75,"column":16}},"29":{"start":{"line":78,"column":16},"end":{"line":80,"column":4}},"30":{"start":{"line":79,"column":4},"end":{"line":79,"column":59}},"31":{"start":{"line":79,"column":28},"end":{"line":79,"column":57}}},"fnMap":{"0":{"name":"(anonymous_0)","decl":{"start":{"line":4,"column":21},"end":{"line":4,"column":22}},"loc":{"start":{"line":4,"column":31},"end":{"line":11,"column":1}},"line":4},"1":{"name":"(anonymous_1)","decl":{"start":{"line":4,"column":31},"end":{"line":4,"column":32}},"loc":{"start":{"line":4,"column":57},"end":{"line":11,"column":1}},"line":4},"2":{"name":"(anonymous_2)","decl":{"start":{"line":42,"column":8},"end":{"line":42,"column":9}},"loc":{"start":{"line":42,"column":15},"end":{"line":68,"column":3}},"line":42},"3":{"name":"(anonymous_3)","decl":{"start":{"line":69,"column":10},"end":{"line":69,"column":11}},"loc":{"start":{"line":69,"column":17},"end":{"line":77,"column":4}},"line":69},"4":{"name":"(anonymous_4)","decl":{"start":{"line":69,"column":29},"end":{"line":69,"column":30}},"loc":{"start":{"line":69,"column":40},"end":{"line":77,"column":3}},"line":69},"5":{"name":"(anonymous_5)","decl":{"start":{"line":70,"column":20},"end":{"line":70,"column":21}},"loc":{"start":{"line":70,"column":40},"end":{"line":70,"column":78}},"line":70},"6":{"name":"(anonymous_6)","decl":{"start":{"line":71,"column":16},"end":{"line":71,"column":17}},"loc":{"start":{"line":71,"column":30},"end":{"line":71,"column":64}},"line":71},"7":{"name":"(anonymous_7)","decl":{"start":{"line":73,"column":50},"end":{"line":73,"column":51}},"loc":{"start":{"line":73,"column":56},"end":{"line":76,"column":5}},"line":73},"8":{"name":"(anonymous_8)","decl":{"start":{"line":78,"column":9},"end":{"line":78,"column":10}},"loc":{"start":{"line":78,"column":16},"end":{"line":80,"column":4}},"line":78},"9":{"name":"(anonymous_9)","decl":{"start":{"line":78,"column":28},"end":{"line":78,"column":29}},"loc":{"start":{"line":78,"column":49},"end":{"line":80,"column":3}},"line":78},"10":{"name":"(anonymous_10)","decl":{"start":{"line":79,"column":21},"end":{"line":79,"column":22}},"loc":{"start":{"line":79,"column":28},"end":{"line":79,"column":57}},"line":79}},"branchMap":{"0":{"loc":{"start":{"line":55,"column":4},"end":{"line":55,"column":36}},"type":"if","locations":[{"start":{"line":55,"column":4},"end":{"line":55,"column":36}},{"start":{"line":55,"column":4},"end":{"line":55,"column":36}}],"line":55},"1":{"loc":{"start":{"line":58,"column":4},"end":{"line":60,"column":5}},"type":"if","locations":[{"start":{"line":58,"column":4},"end":{"line":60,"column":5}},{"start":{"line":58,"column":4},"end":{"line":60,"column":5}}],"line":58},"2":{"loc":{"start":{"line":65,"column":27},"end":{"line":65,"column":78}},"type":"cond-expr","locations":[{"start":{"line":65,"column":49},"end":{"line":65,"column":55}},{"start":{"line":65,"column":58},"end":{"line":65,"column":78}}],"line":65},"3":{"loc":{"start":{"line":79,"column":28},"end":{"line":79,"column":57}},"type":"cond-expr","locations":[{"start":{"line":79,"column":34},"end":{"line":79,"column":45}},{"start":{"line":79,"column":48},"end":{"line":79,"column":57}}],"line":79}},"s":{"0":31,"1":31,"2":3,"3":2,"4":2,"5":1,"6":1,"7":31,"8":146,"9":146,"10":146,"11":590,"12":146,"13":146,"14":1,"15":145,"16":141,"17":4,"18":4,"19":4,"20":4,"21":146,"22":146,"23":145,"24":146,"25":145,"26":146,"27":146,"28":146,"29":143,"30":143,"31":115},"f":{"0":3,"1":2,"2":146,"3":146,"4":146,"5":145,"6":145,"7":146,"8":143,"9":143,"10":115},"b":{"0":[1,145],"1":[141,4],"2":[1,3],"3":[1,114]},"_coverageSchema":"332fd63041d2c1bcb487cc26dd0d5f7d97098a6c","hash":"375ab63f92e8df864777c8e40966a3fc15e0cec4"}
,"/home/francisco/projects/server/plugins/favicon/index.js": {"path":"/home/francisco/projects/server/plugins/favicon/index.js","statementMap":{"0":{"start":{"line":1,"column":16},"end":{"line":1,"column":40}},"1":{"start":{"line":3,"column":0},"end":{"line":19,"column":2}},"2":{"start":{"line":15,"column":11},"end":{"line":17,"column":13}}},"fnMap":{"0":{"name":"(anonymous_0)","decl":{"start":{"line":15,"column":4},"end":{"line":15,"column":5}},"loc":{"start":{"line":15,"column":11},"end":{"line":17,"column":13}},"line":15}},"branchMap":{"0":{"loc":{"start":{"line":15,"column":11},"end":{"line":17,"column":13}},"type":"cond-expr","locations":[{"start":{"line":16,"column":8},"end":{"line":16,"column":68}},{"start":{"line":17,"column":8},"end":{"line":17,"column":13}}],"line":15},"1":{"loc":{"start":{"line":15,"column":11},"end":{"line":15,"column":62}},"type":"binary-expr","locations":[{"start":{"line":15,"column":11},"end":{"line":15,"column":30}},{"start":{"line":15,"column":34},"end":{"line":15,"column":62}}],"line":15}},"s":{"0":31,"1":31,"2":166},"f":{"0":166},"b":{"0":[1,165],"1":[166,166]},"_coverageSchema":"332fd63041d2c1bcb487cc26dd0d5f7d97098a6c","hash":"c2b7b89255e6ea74dd32d9e03f7a1a6e86871ac6"}
,"/home/francisco/projects/server/plugins/final/errors.js": {"path":"/home/francisco/projects/server/plugins/final/errors.js","statementMap":{"0":{"start":{"line":1,"column":14},"end":{"line":1,"column":54}},"1":{"start":{"line":3,"column":0},"end":{"line":34,"column":2}},"2":{"start":{"line":3,"column":31},"end":{"line":34,"column":1}},"3":{"start":{"line":37,"column":0},"end":{"line":61,"column":2}},"4":{"start":{"line":63,"column":0},"end":{"line":63,"column":23}}},"fnMap":{"0":{"name":"(anonymous_0)","decl":{"start":{"line":3,"column":17},"end":{"line":3,"column":18}},"loc":{"start":{"line":3,"column":31},"end":{"line":34,"column":1}},"line":3}},"branchMap":{},"s":{"0":31,"1":31,"2":2,"3":31,"4":31},"f":{"0":2},"b":{},"_coverageSchema":"332fd63041d2c1bcb487cc26dd0d5f7d97098a6c","hash":"f64431723bc09c8f546c7e683b4adfac0129aef7"}
,"/home/francisco/projects/server/plugins/final/index.js": {"path":"/home/francisco/projects/server/plugins/final/index.js","statementMap":{"0":{"start":{"line":4,"column":19},"end":{"line":4,"column":38}},"1":{"start":{"line":6,"column":18},"end":{"line":6,"column":41}},"2":{"start":{"line":7,"column":19},"end":{"line":7,"column":41}},"3":{"start":{"line":10,"column":22},"end":{"line":23,"column":1}},"4":{"start":{"line":11,"column":2},"end":{"line":11,"column":23}},"5":{"start":{"line":11,"column":16},"end":{"line":11,"column":23}},"6":{"start":{"line":12,"column":2},"end":{"line":12,"column":34}},"7":{"start":{"line":12,"column":27},"end":{"line":12,"column":34}},"8":{"start":{"line":15,"column":2},"end":{"line":17,"column":3}},"9":{"start":{"line":16,"column":4},"end":{"line":16,"column":45}},"10":{"start":{"line":20,"column":14},"end":{"line":20,"column":73}},"11":{"start":{"line":21,"column":2},"end":{"line":21,"column":29}},"12":{"start":{"line":22,"column":2},"end":{"line":22,"column":28}},"13":{"start":{"line":26,"column":21},"end":{"line":41,"column":1}},"14":{"start":{"line":27,"column":16},"end":{"line":27,"column":25}},"15":{"start":{"line":28,"column":2},"end":{"line":28,"column":23}},"16":{"start":{"line":29,"column":2},"end":{"line":29,"column":34}},"17":{"start":{"line":29,"column":27},"end":{"line":29,"column":34}},"18":{"start":{"line":31,"column":15},"end":{"line":31,"column":41}},"19":{"start":{"line":32,"column":2},"end":{"line":32,"column":47}},"20":{"start":{"line":32,"column":34},"end":{"line":32,"column":47}},"21":{"start":{"line":35,"column":2},"end":{"line":37,"column":3}},"22":{"start":{"line":36,"column":4},"end":{"line":36,"column":54}},"23":{"start":{"line":40,"column":2},"end":{"line":40,"column":32}},"24":{"start":{"line":43,"column":0},"end":{"line":50,"column":2}}},"fnMap":{"0":{"name":"(anonymous_0)","decl":{"start":{"line":10,"column":22},"end":{"line":10,"column":23}},"loc":{"start":{"line":10,"column":35},"end":{"line":23,"column":1}},"line":10},"1":{"name":"(anonymous_1)","decl":{"start":{"line":26,"column":21},"end":{"line":26,"column":22}},"loc":{"start":{"line":26,"column":28},"end":{"line":41,"column":1}},"line":26}},"branchMap":{"0":{"loc":{"start":{"line":11,"column":2},"end":{"line":11,"column":23}},"type":"if","locations":[{"start":{"line":11,"column":2},"end":{"line":11,"column":23}},{"start":{"line":11,"column":2},"end":{"line":11,"column":23}}],"line":11},"1":{"loc":{"start":{"line":12,"column":2},"end":{"line":12,"column":34}},"type":"if","locations":[{"start":{"line":12,"column":2},"end":{"line":12,"column":34}},{"start":{"line":12,"column":2},"end":{"line":12,"column":34}}],"line":12},"2":{"loc":{"start":{"line":15,"column":2},"end":{"line":17,"column":3}},"type":"if","locations":[{"start":{"line":15,"column":2},"end":{"line":17,"column":3}},{"start":{"line":15,"column":2},"end":{"line":17,"column":3}}],"line":15},"3":{"loc":{"start":{"line":29,"column":2},"end":{"line":29,"column":34}},"type":"if","locations":[{"start":{"line":29,"column":2},"end":{"line":29,"column":34}},{"start":{"line":29,"column":2},"end":{"line":29,"column":34}}],"line":29},"4":{"loc":{"start":{"line":31,"column":15},"end":{"line":31,"column":41}},"type":"binary-expr","locations":[{"start":{"line":31,"column":15},"end":{"line":31,"column":27}},{"start":{"line":31,"column":31},"end":{"line":31,"column":41}}],"line":31},"5":{"loc":{"start":{"line":32,"column":2},"end":{"line":32,"column":47}},"type":"if","locations":[{"start":{"line":32,"column":2},"end":{"line":32,"column":47}},{"start":{"line":32,"column":2},"end":{"line":32,"column":47}}],"line":32},"6":{"loc":{"start":{"line":35,"column":2},"end":{"line":37,"column":3}},"type":"if","locations":[{"start":{"line":35,"column":2},"end":{"line":37,"column":3}},{"start":{"line":35,"column":2},"end":{"line":37,"column":3}}],"line":35},"7":{"loc":{"start":{"line":35,"column":6},"end":{"line":35,"column":54}},"type":"binary-expr","locations":[{"start":{"line":35,"column":6},"end":{"line":35,"column":18}},{"start":{"line":35,"column":22},"end":{"line":35,"column":54}}],"line":35}},"s":{"0":31,"1":31,"2":31,"3":31,"4":158,"5":22,"6":136,"7":126,"8":10,"9":8,"10":2,"11":2,"12":2,"13":31,"14":7,"15":7,"16":7,"17":1,"18":6,"19":6,"20":5,"21":6,"22":5,"23":1,"24":31},"f":{"0":158,"1":7},"b":{"0":[22,136],"1":[126,10],"2":[8,2],"3":[1,6],"4":[6,5],"5":[5,1],"6":[5,1],"7":[6,4]},"_coverageSchema":"332fd63041d2c1bcb487cc26dd0d5f7d97098a6c","hash":"98e4677a2fbbc7551382d6dc58e0fdc7943491f6"}
,"/home/francisco/projects/server/plugins/log/index.js": {"path":"/home/francisco/projects/server/plugins/log/index.js","statementMap":{"0":{"start":{"line":1,"column":12},"end":{"line":1,"column":26}},"1":{"start":{"line":3,"column":14},"end":{"line":12,"column":1}},"2":{"start":{"line":15,"column":15},"end":{"line":31,"column":1}},"3":{"start":{"line":29,"column":4},"end":{"line":29,"column":69}},"4":{"start":{"line":33,"column":0},"end":{"line":33,"column":24}}},"fnMap":{"0":{"name":"(anonymous_0)","decl":{"start":{"line":28,"column":8},"end":{"line":28,"column":9}},"loc":{"start":{"line":28,"column":15},"end":{"line":30,"column":3}},"line":28}},"branchMap":{},"s":{"0":31,"1":31,"2":31,"3":146,"4":31},"f":{"0":146},"b":{},"_coverageSchema":"332fd63041d2c1bcb487cc26dd0d5f7d97098a6c","hash":"13d8eee4f9b3a28b58e3444c2fde9656331e2f07"}
,"/home/francisco/projects/server/plugins/parser/index.js": {"path":"/home/francisco/projects/server/plugins/parser/index.js","statementMap":{"0":{"start":{"line":5,"column":15},"end":{"line":92,"column":1}},"1":{"start":{"line":38,"column":22},"end":{"line":38,"column":65}},"2":{"start":{"line":44,"column":6},"end":{"line":44,"column":45}},"3":{"start":{"line":44,"column":38},"end":{"line":44,"column":45}},"4":{"start":{"line":45,"column":6},"end":{"line":47,"column":15}},"5":{"start":{"line":46,"column":8},"end":{"line":46,"column":65}},"6":{"start":{"line":51,"column":6},"end":{"line":51,"column":43}},"7":{"start":{"line":51,"column":36},"end":{"line":51,"column":43}},"8":{"start":{"line":52,"column":19},"end":{"line":52,"column":77}},"9":{"start":{"line":53,"column":6},"end":{"line":53,"column":41}},"10":{"start":{"line":58,"column":6},"end":{"line":58,"column":43}},"11":{"start":{"line":58,"column":36},"end":{"line":58,"column":43}},"12":{"start":{"line":59,"column":19},"end":{"line":59,"column":71}},"13":{"start":{"line":60,"column":6},"end":{"line":60,"column":41}},"14":{"start":{"line":65,"column":6},"end":{"line":65,"column":43}},"15":{"start":{"line":65,"column":36},"end":{"line":65,"column":43}},"16":{"start":{"line":66,"column":19},"end":{"line":66,"column":71}},"17":{"start":{"line":67,"column":6},"end":{"line":67,"column":41}},"18":{"start":{"line":72,"column":6},"end":{"line":72,"column":43}},"19":{"start":{"line":72,"column":36},"end":{"line":72,"column":43}},"20":{"start":{"line":73,"column":19},"end":{"line":73,"column":74}},"21":{"start":{"line":74,"column":6},"end":{"line":74,"column":41}},"22":{"start":{"line":79,"column":6},"end":{"line":79,"column":45}},"23":{"start":{"line":79,"column":38},"end":{"line":79,"column":45}},"24":{"start":{"line":80,"column":21},"end":{"line":83,"column":7}},"25":{"start":{"line":84,"column":6},"end":{"line":84,"column":43}},"26":{"start":{"line":89,"column":6},"end":{"line":89,"column":38}},"27":{"start":{"line":94,"column":0},"end":{"line":94,"column":24}}},"fnMap":{"0":{"name":"(anonymous_0)","decl":{"start":{"line":38,"column":13},"end":{"line":38,"column":14}},"loc":{"start":{"line":38,"column":22},"end":{"line":38,"column":65}},"line":38},"1":{"name":"(anonymous_1)","decl":{"start":{"line":43,"column":4},"end":{"line":43,"column":5}},"loc":{"start":{"line":43,"column":11},"end":{"line":48,"column":5}},"line":43},"2":{"name":"(anonymous_2)","decl":{"start":{"line":45,"column":58},"end":{"line":45,"column":59}},"loc":{"start":{"line":45,"column":65},"end":{"line":47,"column":7}},"line":45},"3":{"name":"(anonymous_3)","decl":{"start":{"line":50,"column":4},"end":{"line":50,"column":5}},"loc":{"start":{"line":50,"column":11},"end":{"line":54,"column":5}},"line":50},"4":{"name":"(anonymous_4)","decl":{"start":{"line":57,"column":4},"end":{"line":57,"column":5}},"loc":{"start":{"line":57,"column":11},"end":{"line":61,"column":5}},"line":57},"5":{"name":"(anonymous_5)","decl":{"start":{"line":64,"column":4},"end":{"line":64,"column":5}},"loc":{"start":{"line":64,"column":11},"end":{"line":68,"column":5}},"line":64},"6":{"name":"(anonymous_6)","decl":{"start":{"line":71,"column":4},"end":{"line":71,"column":5}},"loc":{"start":{"line":71,"column":11},"end":{"line":75,"column":5}},"line":71},"7":{"name":"(anonymous_7)","decl":{"start":{"line":78,"column":4},"end":{"line":78,"column":5}},"loc":{"start":{"line":78,"column":11},"end":{"line":85,"column":5}},"line":78},"8":{"name":"(anonymous_8)","decl":{"start":{"line":88,"column":4},"end":{"line":88,"column":5}},"loc":{"start":{"line":88,"column":11},"end":{"line":90,"column":5}},"line":88}},"branchMap":{"0":{"loc":{"start":{"line":38,"column":22},"end":{"line":38,"column":65}},"type":"cond-expr","locations":[{"start":{"line":38,"column":50},"end":{"line":38,"column":57}},{"start":{"line":38,"column":60},"end":{"line":38,"column":65}}],"line":38},"1":{"loc":{"start":{"line":44,"column":6},"end":{"line":44,"column":45}},"type":"if","locations":[{"start":{"line":44,"column":6},"end":{"line":44,"column":45}},{"start":{"line":44,"column":6},"end":{"line":44,"column":45}}],"line":44},"2":{"loc":{"start":{"line":51,"column":6},"end":{"line":51,"column":43}},"type":"if","locations":[{"start":{"line":51,"column":6},"end":{"line":51,"column":43}},{"start":{"line":51,"column":6},"end":{"line":51,"column":43}}],"line":51},"3":{"loc":{"start":{"line":58,"column":6},"end":{"line":58,"column":43}},"type":"if","locations":[{"start":{"line":58,"column":6},"end":{"line":58,"column":43}},{"start":{"line":58,"column":6},"end":{"line":58,"column":43}}],"line":58},"4":{"loc":{"start":{"line":65,"column":6},"end":{"line":65,"column":43}},"type":"if","locations":[{"start":{"line":65,"column":6},"end":{"line":65,"column":43}},{"start":{"line":65,"column":6},"end":{"line":65,"column":43}}],"line":65},"5":{"loc":{"start":{"line":72,"column":6},"end":{"line":72,"column":43}},"type":"if","locations":[{"start":{"line":72,"column":6},"end":{"line":72,"column":43}},{"start":{"line":72,"column":6},"end":{"line":72,"column":43}}],"line":72},"6":{"loc":{"start":{"line":79,"column":6},"end":{"line":79,"column":45}},"type":"if","locations":[{"start":{"line":79,"column":6},"end":{"line":79,"column":45}},{"start":{"line":79,"column":6},"end":{"line":79,"column":45}}],"line":79},"7":{"loc":{"start":{"line":89,"column":17},"end":{"line":89,"column":37}},"type":"binary-expr","locations":[{"start":{"line":89,"column":17},"end":{"line":89,"column":25}},{"start":{"line":89,"column":29},"end":{"line":89,"column":37}}],"line":89}},"s":{"0":31,"1":147,"2":167,"3":1,"4":166,"5":658,"6":167,"7":1,"8":166,"9":166,"10":167,"11":1,"12":166,"13":166,"14":167,"15":1,"16":166,"17":166,"18":167,"19":1,"20":166,"21":166,"22":167,"23":1,"24":166,"25":166,"26":167,"27":31},"f":{"0":147,"1":167,"2":658,"3":167,"4":167,"5":167,"6":167,"7":167,"8":167},"b":{"0":[1,146],"1":[1,166],"2":[1,166],"3":[1,166],"4":[1,166],"5":[1,166],"6":[1,166],"7":[167,159]},"_coverageSchema":"332fd63041d2c1bcb487cc26dd0d5f7d97098a6c","hash":"7db375a03fe78fd6598f4c0a8ee8f2f21c473be8"}
,"/home/francisco/projects/server/plugins/security/index.js": {"path":"/home/francisco/projects/server/plugins/security/index.js","statementMap":{"0":{"start":{"line":1,"column":14},"end":{"line":1,"column":30}},"1":{"start":{"line":2,"column":15},"end":{"line":2,"column":32}},"2":{"start":{"line":4,"column":0},"end":{"line":63,"column":2}},"3":{"start":{"line":50,"column":11},"end":{"line":52,"column":13}},"4":{"start":{"line":55,"column":6},"end":{"line":58,"column":7}},"5":{"start":{"line":56,"column":8},"end":{"line":56,"column":39}},"6":{"start":{"line":57,"column":8},"end":{"line":57,"column":39}},"7":{"start":{"line":61,"column":11},"end":{"line":61,"column":62}}},"fnMap":{"0":{"name":"(anonymous_0)","decl":{"start":{"line":50,"column":4},"end":{"line":50,"column":5}},"loc":{"start":{"line":50,"column":11},"end":{"line":52,"column":13}},"line":50},"1":{"name":"(anonymous_1)","decl":{"start":{"line":53,"column":4},"end":{"line":53,"column":5}},"loc":{"start":{"line":53,"column":11},"end":{"line":59,"column":5}},"line":53},"2":{"name":"(anonymous_2)","decl":{"start":{"line":61,"column":4},"end":{"line":61,"column":5}},"loc":{"start":{"line":61,"column":11},"end":{"line":61,"column":62}},"line":61}},"branchMap":{"0":{"loc":{"start":{"line":50,"column":11},"end":{"line":52,"column":13}},"type":"cond-expr","locations":[{"start":{"line":51,"column":8},"end":{"line":51,"column":63}},{"start":{"line":52,"column":8},"end":{"line":52,"column":13}}],"line":50},"1":{"loc":{"start":{"line":50,"column":11},"end":{"line":50,"column":60}},"type":"binary-expr","locations":[{"start":{"line":50,"column":11},"end":{"line":50,"column":31}},{"start":{"line":50,"column":35},"end":{"line":50,"column":60}}],"line":50},"2":{"loc":{"start":{"line":55,"column":6},"end":{"line":58,"column":7}},"type":"if","locations":[{"start":{"line":55,"column":6},"end":{"line":58,"column":7}},{"start":{"line":55,"column":6},"end":{"line":58,"column":7}}],"line":55},"3":{"loc":{"start":{"line":55,"column":10},"end":{"line":55,"column":38}},"type":"binary-expr","locations":[{"start":{"line":55,"column":10},"end":{"line":55,"column":17}},{"start":{"line":55,"column":21},"end":{"line":55,"column":38}}],"line":55}},"s":{"0":31,"1":31,"2":31,"3":125,"4":125,"5":102,"6":102,"7":125},"f":{"0":125,"1":125,"2":125},"b":{"0":[124,1],"1":[125,125],"2":[102,23],"3":[125,103]},"_coverageSchema":"332fd63041d2c1bcb487cc26dd0d5f7d97098a6c","hash":"997fbc6970d9b643cd8668667ad07edadfe4535c"}
,"/home/francisco/projects/server/plugins/session/index.js": {"path":"/home/francisco/projects/server/plugins/session/index.js","statementMap":{"0":{"start":{"line":1,"column":15},"end":{"line":1,"column":38}},"1":{"start":{"line":4,"column":0},"end":{"line":4,"column":44}},"2":{"start":{"line":6,"column":19},"end":{"line":6,"column":59}},"3":{"start":{"line":9,"column":0},"end":{"line":48,"column":2}},"4":{"start":{"line":37,"column":4},"end":{"line":39,"column":5}},"5":{"start":{"line":38,"column":6},"end":{"line":38,"column":85}},"6":{"start":{"line":40,"column":4},"end":{"line":40,"column":60}},"7":{"start":{"line":42,"column":17},"end":{"line":42,"column":57}},"8":{"start":{"line":44,"column":4},"end":{"line":46,"column":7}},"9":{"start":{"line":45,"column":6},"end":{"line":45,"column":66}}},"fnMap":{"0":{"name":"(anonymous_0)","decl":{"start":{"line":36,"column":8},"end":{"line":36,"column":9}},"loc":{"start":{"line":36,"column":15},"end":{"line":41,"column":3}},"line":36},"1":{"name":"(anonymous_1)","decl":{"start":{"line":42,"column":10},"end":{"line":42,"column":11}},"loc":{"start":{"line":42,"column":17},"end":{"line":42,"column":57}},"line":42},"2":{"name":"(anonymous_2)","decl":{"start":{"line":43,"column":10},"end":{"line":43,"column":11}},"loc":{"start":{"line":43,"column":17},"end":{"line":47,"column":3}},"line":43},"3":{"name":"(anonymous_3)","decl":{"start":{"line":44,"column":15},"end":{"line":44,"column":16}},"loc":{"start":{"line":44,"column":39},"end":{"line":46,"column":5}},"line":44}},"branchMap":{"0":{"loc":{"start":{"line":37,"column":4},"end":{"line":39,"column":5}},"type":"if","locations":[{"start":{"line":37,"column":4},"end":{"line":39,"column":5}},{"start":{"line":37,"column":4},"end":{"line":39,"column":5}}],"line":37},"1":{"loc":{"start":{"line":37,"column":8},"end":{"line":37,"column":63}},"type":"binary-expr","locations":[{"start":{"line":37,"column":8},"end":{"line":37,"column":34}},{"start":{"line":37,"column":38},"end":{"line":37,"column":63}}],"line":37}},"s":{"0":31,"1":31,"2":31,"3":31,"4":146,"5":1,"6":146,"7":166,"8":146,"9":7},"f":{"0":146,"1":166,"2":146,"3":7},"b":{"0":[1,145],"1":[146,146]},"_coverageSchema":"332fd63041d2c1bcb487cc26dd0d5f7d97098a6c","hash":"79feb229a2aa89faa8f3994f20c15575ab431552"}
,"/home/francisco/projects/server/plugins/socket/index.js": {"path":"/home/francisco/projects/server/plugins/socket/index.js","statementMap":{"0":{"start":{"line":2,"column":17},"end":{"line":2,"column":37}},"1":{"start":{"line":3,"column":17},"end":{"line":3,"column":47}},"2":{"start":{"line":5,"column":0},"end":{"line":43,"column":2}},"3":{"start":{"line":14,"column":31},"end":{"line":23,"column":3}},"4":{"start":{"line":15,"column":4},"end":{"line":15,"column":28}},"5":{"start":{"line":15,"column":21},"end":{"line":15,"column":28}},"6":{"start":{"line":16,"column":4},"end":{"line":16,"column":50}},"7":{"start":{"line":16,"column":43},"end":{"line":16,"column":50}},"8":{"start":{"line":18,"column":4},"end":{"line":18,"column":23}},"9":{"start":{"line":19,"column":16},"end":{"line":19,"column":49}},"10":{"start":{"line":20,"column":4},"end":{"line":22,"column":5}},"11":{"start":{"line":21,"column":6},"end":{"line":21,"column":33}},"12":{"start":{"line":25,"column":19},"end":{"line":27,"column":6}},"13":{"start":{"line":25,"column":47},"end":{"line":27,"column":6}},"14":{"start":{"line":28,"column":4},"end":{"line":28,"column":54}},"15":{"start":{"line":29,"column":4},"end":{"line":29,"column":25}},"16":{"start":{"line":30,"column":4},"end":{"line":41,"column":7}},"17":{"start":{"line":31,"column":6},"end":{"line":34,"column":9}},"18":{"start":{"line":32,"column":29},"end":{"line":32,"column":40}},"19":{"start":{"line":33,"column":8},"end":{"line":33,"column":51}},"20":{"start":{"line":36,"column":6},"end":{"line":38,"column":9}},"21":{"start":{"line":37,"column":8},"end":{"line":37,"column":59}},"22":{"start":{"line":40,"column":6},"end":{"line":40,"column":60}}},"fnMap":{"0":{"name":"(anonymous_0)","decl":{"start":{"line":14,"column":10},"end":{"line":14,"column":11}},"loc":{"start":{"line":14,"column":31},"end":{"line":23,"column":3}},"line":14},"1":{"name":"(anonymous_1)","decl":{"start":{"line":14,"column":31},"end":{"line":14,"column":32}},"loc":{"start":{"line":14,"column":44},"end":{"line":23,"column":3}},"line":14},"2":{"name":"(anonymous_2)","decl":{"start":{"line":24,"column":10},"end":{"line":24,"column":11}},"loc":{"start":{"line":24,"column":17},"end":{"line":42,"column":3}},"line":24},"3":{"name":"(anonymous_3)","decl":{"start":{"line":25,"column":19},"end":{"line":25,"column":20}},"loc":{"start":{"line":25,"column":47},"end":{"line":27,"column":6}},"line":25},"4":{"name":"(anonymous_4)","decl":{"start":{"line":30,"column":25},"end":{"line":30,"column":26}},"loc":{"start":{"line":30,"column":41},"end":{"line":41,"column":5}},"line":30},"5":{"name":"(anonymous_5)","decl":{"start":{"line":31,"column":21},"end":{"line":31,"column":22}},"loc":{"start":{"line":31,"column":31},"end":{"line":34,"column":7}},"line":31},"6":{"name":"(anonymous_6)","decl":{"start":{"line":36,"column":30},"end":{"line":36,"column":31}},"loc":{"start":{"line":36,"column":36},"end":{"line":38,"column":7}},"line":36}},"branchMap":{"0":{"loc":{"start":{"line":15,"column":4},"end":{"line":15,"column":28}},"type":"if","locations":[{"start":{"line":15,"column":4},"end":{"line":15,"column":28}},{"start":{"line":15,"column":4},"end":{"line":15,"column":28}}],"line":15},"1":{"loc":{"start":{"line":16,"column":4},"end":{"line":16,"column":50}},"type":"if","locations":[{"start":{"line":16,"column":4},"end":{"line":16,"column":50}},{"start":{"line":16,"column":4},"end":{"line":16,"column":50}}],"line":16},"2":{"loc":{"start":{"line":16,"column":8},"end":{"line":16,"column":41}},"type":"binary-expr","locations":[{"start":{"line":16,"column":8},"end":{"line":16,"column":25}},{"start":{"line":16,"column":29},"end":{"line":16,"column":41}}],"line":16},"3":{"loc":{"start":{"line":20,"column":4},"end":{"line":22,"column":5}},"type":"if","locations":[{"start":{"line":20,"column":4},"end":{"line":22,"column":5}},{"start":{"line":20,"column":4},"end":{"line":22,"column":5}}],"line":20}},"s":{"0":31,"1":31,"2":31,"3":11,"4":36,"5":7,"6":29,"7":13,"8":16,"9":16,"10":16,"11":1,"12":146,"13":22,"14":146,"15":146,"16":146,"17":7,"18":8,"19":8,"20":7,"21":7,"22":7},"f":{"0":11,"1":36,"2":146,"3":22,"4":7,"5":8,"6":7},"b":{"0":[7,29],"1":[13,16],"2":[29,19],"3":[1,15]},"_coverageSchema":"332fd63041d2c1bcb487cc26dd0d5f7d97098a6c","hash":"662b5244669d53264318e34c1da12eb7d8c2c627"}
,"/home/francisco/projects/server/plugins/static/index.js": {"path":"/home/francisco/projects/server/plugins/static/index.js","statementMap":{"0":{"start":{"line":1,"column":0},"end":{"line":16,"column":2}},"1":{"start":{"line":12,"column":4},"end":{"line":14,"column":6}}},"fnMap":{"0":{"name":"(anonymous_0)","decl":{"start":{"line":11,"column":8},"end":{"line":11,"column":9}},"loc":{"start":{"line":11,"column":15},"end":{"line":15,"column":3}},"line":11}},"branchMap":{},"s":{"0":31,"1":146},"f":{"0":146},"b":{},"_coverageSchema":"332fd63041d2c1bcb487cc26dd0d5f7d97098a6c","hash":"116d8108f41e08f289cf39caef1981a241faeefe"}
,"/home/francisco/projects/server/reply/cookie.js": {"path":"/home/francisco/projects/server/reply/cookie.js","statementMap":{"0":{"start":{"line":1,"column":14},"end":{"line":1,"column":32}},"1":{"start":{"line":3,"column":0},"end":{"line":3,"column":59}},"2":{"start":{"line":3,"column":30},"end":{"line":3,"column":58}}},"fnMap":{"0":{"name":"(anonymous_0)","decl":{"start":{"line":3,"column":17},"end":{"line":3,"column":18}},"loc":{"start":{"line":3,"column":30},"end":{"line":3,"column":58}},"line":3}},"branchMap":{},"s":{"0":32,"1":32,"2":2},"f":{"0":2},"b":{},"_coverageSchema":"332fd63041d2c1bcb487cc26dd0d5f7d97098a6c","hash":"2063829c956e882bdced6c2a4614f1e8851aef29"}
,"/home/francisco/projects/server/reply/download.js": {"path":"/home/francisco/projects/server/reply/download.js","statementMap":{"0":{"start":{"line":1,"column":14},"end":{"line":1,"column":32}},"1":{"start":{"line":3,"column":0},"end":{"line":3,"column":61}},"2":{"start":{"line":3,"column":30},"end":{"line":3,"column":60}}},"fnMap":{"0":{"name":"(anonymous_0)","decl":{"start":{"line":3,"column":17},"end":{"line":3,"column":18}},"loc":{"start":{"line":3,"column":30},"end":{"line":3,"column":60}},"line":3}},"branchMap":{},"s":{"0":32,"1":32,"2":6},"f":{"0":6},"b":{},"_coverageSchema":"332fd63041d2c1bcb487cc26dd0d5f7d97098a6c","hash":"b65cfa8551e0073e1f6d21d8ae427a258d7f3c9f"}
,"/home/francisco/projects/server/reply/end.js": {"path":"/home/francisco/projects/server/reply/end.js","statementMap":{"0":{"start":{"line":1,"column":14},"end":{"line":1,"column":32}},"1":{"start":{"line":3,"column":0},"end":{"line":3,"column":56}},"2":{"start":{"line":3,"column":30},"end":{"line":3,"column":55}}},"fnMap":{"0":{"name":"(anonymous_0)","decl":{"start":{"line":3,"column":17},"end":{"line":3,"column":18}},"loc":{"start":{"line":3,"column":30},"end":{"line":3,"column":55}},"line":3}},"branchMap":{},"s":{"0":32,"1":32,"2":1},"f":{"0":1},"b":{},"_coverageSchema":"332fd63041d2c1bcb487cc26dd0d5f7d97098a6c","hash":"0ca9413ad367fd76eaa2b57c2d09c75f80f70c5d"}
,"/home/francisco/projects/server/reply/file.js": {"path":"/home/francisco/projects/server/reply/file.js","statementMap":{"0":{"start":{"line":1,"column":14},"end":{"line":1,"column":32}},"1":{"start":{"line":3,"column":0},"end":{"line":3,"column":57}},"2":{"start":{"line":3,"column":30},"end":{"line":3,"column":56}}},"fnMap":{"0":{"name":"(anonymous_0)","decl":{"start":{"line":3,"column":17},"end":{"line":3,"column":18}},"loc":{"start":{"line":3,"column":30},"end":{"line":3,"column":56}},"line":3}},"branchMap":{},"s":{"0":32,"1":32,"2":9},"f":{"0":9},"b":{},"_coverageSchema":"332fd63041d2c1bcb487cc26dd0d5f7d97098a6c","hash":"0159ec18a68a8df16e71831b687b58da412dc10f"}
,"/home/francisco/projects/server/reply/header.js": {"path":"/home/francisco/projects/server/reply/header.js","statementMap":{"0":{"start":{"line":1,"column":14},"end":{"line":1,"column":32}},"1":{"start":{"line":3,"column":0},"end":{"line":3,"column":59}},"2":{"start":{"line":3,"column":30},"end":{"line":3,"column":58}}},"fnMap":{"0":{"name":"(anonymous_0)","decl":{"start":{"line":3,"column":17},"end":{"line":3,"column":18}},"loc":{"start":{"line":3,"column":30},"end":{"line":3,"column":58}},"line":3}},"branchMap":{},"s":{"0":32,"1":32,"2":1},"f":{"0":1},"b":{},"_coverageSchema":"332fd63041d2c1bcb487cc26dd0d5f7d97098a6c","hash":"114708e6029b3ed5e202ba659984e767f148d211"}
,"/home/francisco/projects/server/reply/index.js": {"path":"/home/francisco/projects/server/reply/index.js","statementMap":{"0":{"start":{"line":1,"column":0},"end":{"line":14,"column":2}}},"fnMap":{},"branchMap":{},"s":{"0":32},"f":{},"b":{},"_coverageSchema":"332fd63041d2c1bcb487cc26dd0d5f7d97098a6c","hash":"d3c1cd0e14f4f0f8627960ca8eb3ca2d263d66de"}
,"/home/francisco/projects/server/reply/json.js": {"path":"/home/francisco/projects/server/reply/json.js","statementMap":{"0":{"start":{"line":1,"column":14},"end":{"line":1,"column":32}},"1":{"start":{"line":3,"column":0},"end":{"line":3,"column":57}},"2":{"start":{"line":3,"column":30},"end":{"line":3,"column":56}}},"fnMap":{"0":{"name":"(anonymous_0)","decl":{"start":{"line":3,"column":17},"end":{"line":3,"column":18}},"loc":{"start":{"line":3,"column":30},"end":{"line":3,"column":56}},"line":3}},"branchMap":{},"s":{"0":32,"1":32,"2":1},"f":{"0":1},"b":{},"_coverageSchema":"332fd63041d2c1bcb487cc26dd0d5f7d97098a6c","hash":"b1a6fdb3532b76665b3b7d09bcafb0cd51c8cac6"}
,"/home/francisco/projects/server/reply/jsonp.js": {"path":"/home/francisco/projects/server/reply/jsonp.js","statementMap":{"0":{"start":{"line":1,"column":14},"end":{"line":1,"column":32}},"1":{"start":{"line":3,"column":0},"end":{"line":3,"column":58}},"2":{"start":{"line":3,"column":30},"end":{"line":3,"column":57}}},"fnMap":{"0":{"name":"(anonymous_0)","decl":{"start":{"line":3,"column":17},"end":{"line":3,"column":18}},"loc":{"start":{"line":3,"column":30},"end":{"line":3,"column":57}},"line":3}},"branchMap":{},"s":{"0":32,"1":32,"2":1},"f":{"0":1},"b":{},"_coverageSchema":"332fd63041d2c1bcb487cc26dd0d5f7d97098a6c","hash":"7c12aa967696d447959300a67878e6158904898e"}
,"/home/francisco/projects/server/reply/redirect.js": {"path":"/home/francisco/projects/server/reply/redirect.js","statementMap":{"0":{"start":{"line":1,"column":14},"end":{"line":1,"column":32}},"1":{"start":{"line":3,"column":0},"end":{"line":3,"column":61}},"2":{"start":{"line":3,"column":30},"end":{"line":3,"column":60}}},"fnMap":{"0":{"name":"(anonymous_0)","decl":{"start":{"line":3,"column":17},"end":{"line":3,"column":18}},"loc":{"start":{"line":3,"column":30},"end":{"line":3,"column":60}},"line":3}},"branchMap":{},"s":{"0":32,"1":32,"2":2},"f":{"0":2},"b":{},"_coverageSchema":"332fd63041d2c1bcb487cc26dd0d5f7d97098a6c","hash":"6a85f119145dc56432c286f970c6cf79e2306acd"}
,"/home/francisco/projects/server/reply/render.js": {"path":"/home/francisco/projects/server/reply/render.js","statementMap":{"0":{"start":{"line":1,"column":14},"end":{"line":1,"column":32}},"1":{"start":{"line":3,"column":0},"end":{"line":3,"column":59}},"2":{"start":{"line":3,"column":30},"end":{"line":3,"column":58}}},"fnMap":{"0":{"name":"(anonymous_0)","decl":{"start":{"line":3,"column":17},"end":{"line":3,"column":18}},"loc":{"start":{"line":3,"column":30},"end":{"line":3,"column":58}},"line":3}},"branchMap":{},"s":{"0":32,"1":32,"2":8},"f":{"0":8},"b":{},"_coverageSchema":"332fd63041d2c1bcb487cc26dd0d5f7d97098a6c","hash":"df236916f2ed7b24a5dd4c78ed0d5386f2c5506b"}
,"/home/francisco/projects/server/reply/reply.js": {"path":"/home/francisco/projects/server/reply/reply.js","statementMap":{"0":{"start":{"line":1,"column":13},"end":{"line":1,"column":28}},"1":{"start":{"line":2,"column":11},"end":{"line":2,"column":27}},"2":{"start":{"line":5,"column":14},"end":{"line":9,"column":1}},"3":{"start":{"line":6,"column":2},"end":{"line":6,"column":18}},"4":{"start":{"line":7,"column":2},"end":{"line":7,"column":22}},"5":{"start":{"line":8,"column":2},"end":{"line":8,"column":14}},"6":{"start":{"line":13,"column":0},"end":{"line":18,"column":2}},"7":{"start":{"line":14,"column":2},"end":{"line":16,"column":5}},"8":{"start":{"line":15,"column":4},"end":{"line":15,"column":28}},"9":{"start":{"line":17,"column":2},"end":{"line":17,"column":14}},"10":{"start":{"line":22,"column":0},"end":{"line":52,"column":2}},"11":{"start":{"line":25,"column":2},"end":{"line":27,"column":3}},"12":{"start":{"line":26,"column":4},"end":{"line":26,"column":71}},"13":{"start":{"line":29,"column":2},"end":{"line":31,"column":3}},"14":{"start":{"line":30,"column":4},"end":{"line":30,"column":76}},"15":{"start":{"line":33,"column":2},"end":{"line":35,"column":3}},"16":{"start":{"line":34,"column":4},"end":{"line":34,"column":114}},"17":{"start":{"line":37,"column":21},"end":{"line":37,"column":25}},"18":{"start":{"line":38,"column":2},"end":{"line":40,"column":3}},"19":{"start":{"line":39,"column":4},"end":{"line":39,"column":45}},"20":{"start":{"line":42,"column":2},"end":{"line":49,"column":5}},"21":{"start":{"line":43,"column":4},"end":{"line":45,"column":5}},"22":{"start":{"line":44,"column":6},"end":{"line":44,"column":147}},"23":{"start":{"line":46,"column":4},"end":{"line":48,"column":7}},"24":{"start":{"line":47,"column":6},"end":{"line":47,"column":73}},"25":{"start":{"line":47,"column":42},"end":{"line":47,"column":71}},"26":{"start":{"line":51,"column":2},"end":{"line":51,"column":14}},"27":{"start":{"line":56,"column":0},"end":{"line":61,"column":2}},"28":{"start":{"line":57,"column":2},"end":{"line":59,"column":5}},"29":{"start":{"line":58,"column":4},"end":{"line":58,"column":18}},"30":{"start":{"line":60,"column":2},"end":{"line":60,"column":14}},"31":{"start":{"line":65,"column":0},"end":{"line":91,"column":2}},"32":{"start":{"line":68,"column":2},"end":{"line":70,"column":3}},"33":{"start":{"line":69,"column":4},"end":{"line":69,"column":67}},"34":{"start":{"line":72,"column":2},"end":{"line":74,"column":3}},"35":{"start":{"line":73,"column":4},"end":{"line":73,"column":114}},"36":{"start":{"line":76,"column":26},"end":{"line":76,"column":30}},"37":{"start":{"line":77,"column":2},"end":{"line":79,"column":3}},"38":{"start":{"line":78,"column":4},"end":{"line":78,"column":45}},"39":{"start":{"line":81,"column":2},"end":{"line":88,"column":5}},"40":{"start":{"line":82,"column":4},"end":{"line":84,"column":5}},"41":{"start":{"line":83,"column":6},"end":{"line":83,"column":147}},"42":{"start":{"line":85,"column":4},"end":{"line":87,"column":7}},"43":{"start":{"line":86,"column":6},"end":{"line":86,"column":73}},"44":{"start":{"line":86,"column":42},"end":{"line":86,"column":71}},"45":{"start":{"line":90,"column":2},"end":{"line":90,"column":14}},"46":{"start":{"line":95,"column":0},"end":{"line":100,"column":2}},"47":{"start":{"line":96,"column":2},"end":{"line":98,"column":5}},"48":{"start":{"line":97,"column":4},"end":{"line":97,"column":28}},"49":{"start":{"line":99,"column":2},"end":{"line":99,"column":14}},"50":{"start":{"line":102,"column":0},"end":{"line":107,"column":2}},"51":{"start":{"line":103,"column":2},"end":{"line":105,"column":5}},"52":{"start":{"line":104,"column":4},"end":{"line":104,"column":26}},"53":{"start":{"line":106,"column":2},"end":{"line":106,"column":14}},"54":{"start":{"line":109,"column":0},"end":{"line":114,"column":2}},"55":{"start":{"line":110,"column":2},"end":{"line":112,"column":5}},"56":{"start":{"line":111,"column":4},"end":{"line":111,"column":27}},"57":{"start":{"line":113,"column":2},"end":{"line":113,"column":14}},"58":{"start":{"line":116,"column":0},"end":{"line":121,"column":2}},"59":{"start":{"line":117,"column":2},"end":{"line":119,"column":5}},"60":{"start":{"line":118,"column":4},"end":{"line":118,"column":30}},"61":{"start":{"line":120,"column":2},"end":{"line":120,"column":14}},"62":{"start":{"line":123,"column":0},"end":{"line":142,"column":2}},"63":{"start":{"line":126,"column":2},"end":{"line":128,"column":3}},"64":{"start":{"line":127,"column":4},"end":{"line":127,"column":47}},"65":{"start":{"line":130,"column":2},"end":{"line":132,"column":3}},"66":{"start":{"line":131,"column":4},"end":{"line":131,"column":76}},"67":{"start":{"line":134,"column":26},"end":{"line":134,"column":30}},"68":{"start":{"line":136,"column":2},"end":{"line":140,"column":6}},"69":{"start":{"line":136,"column":25},"end":{"line":140,"column":4}},"70":{"start":{"line":138,"column":15},"end":{"line":138,"column":77}},"71":{"start":{"line":138,"column":30},"end":{"line":138,"column":77}},"72":{"start":{"line":139,"column":4},"end":{"line":139,"column":35}},"73":{"start":{"line":141,"column":2},"end":{"line":141,"column":14}},"74":{"start":{"line":144,"column":0},"end":{"line":155,"column":2}},"75":{"start":{"line":147,"column":2},"end":{"line":149,"column":3}},"76":{"start":{"line":148,"column":4},"end":{"line":148,"column":96}},"77":{"start":{"line":151,"column":2},"end":{"line":153,"column":5}},"78":{"start":{"line":152,"column":4},"end":{"line":152,"column":26}},"79":{"start":{"line":154,"column":2},"end":{"line":154,"column":14}},"80":{"start":{"line":157,"column":0},"end":{"line":164,"column":2}},"81":{"start":{"line":158,"column":2},"end":{"line":162,"column":5}},"82":{"start":{"line":160,"column":4},"end":{"line":160,"column":34}},"83":{"start":{"line":161,"column":4},"end":{"line":161,"column":28}},"84":{"start":{"line":163,"column":2},"end":{"line":163,"column":14}},"85":{"start":{"line":166,"column":0},"end":{"line":171,"column":2}},"86":{"start":{"line":167,"column":2},"end":{"line":169,"column":5}},"87":{"start":{"line":168,"column":4},"end":{"line":168,"column":26}},"88":{"start":{"line":170,"column":2},"end":{"line":170,"column":14}},"89":{"start":{"line":173,"column":0},"end":{"line":178,"column":2}},"90":{"start":{"line":174,"column":2},"end":{"line":176,"column":3}},"91":{"start":{"line":175,"column":4},"end":{"line":175,"column":18}},"92":{"start":{"line":177,"column":2},"end":{"line":177,"column":18}},"93":{"start":{"line":181,"column":0},"end":{"line":181,"column":23}}},"fnMap":{"0":{"name":"(anonymous_0)","decl":{"start":{"line":5,"column":14},"end":{"line":5,"column":15}},"loc":{"start":{"line":5,"column":39},"end":{"line":9,"column":1}},"line":5},"1":{"name":"(anonymous_1)","decl":{"start":{"line":13,"column":25},"end":{"line":13,"column":26}},"loc":{"start":{"line":13,"column":44},"end":{"line":18,"column":1}},"line":13},"2":{"name":"(anonymous_2)","decl":{"start":{"line":14,"column":18},"end":{"line":14,"column":19}},"loc":{"start":{"line":14,"column":25},"end":{"line":16,"column":3}},"line":14},"3":{"name":"(anonymous_3)","decl":{"start":{"line":22,"column":27},"end":{"line":22,"column":28}},"loc":{"start":{"line":22,"column":46},"end":{"line":52,"column":1}},"line":22},"4":{"name":"(anonymous_4)","decl":{"start":{"line":42,"column":18},"end":{"line":42,"column":19}},"loc":{"start":{"line":42,"column":31},"end":{"line":49,"column":3}},"line":42},"5":{"name":"(anonymous_5)","decl":{"start":{"line":46,"column":23},"end":{"line":46,"column":24}},"loc":{"start":{"line":46,"column":44},"end":{"line":48,"column":5}},"line":46},"6":{"name":"(anonymous_6)","decl":{"start":{"line":47,"column":35},"end":{"line":47,"column":36}},"loc":{"start":{"line":47,"column":42},"end":{"line":47,"column":71}},"line":47},"7":{"name":"(anonymous_7)","decl":{"start":{"line":56,"column":22},"end":{"line":56,"column":23}},"loc":{"start":{"line":56,"column":34},"end":{"line":61,"column":1}},"line":56},"8":{"name":"(anonymous_8)","decl":{"start":{"line":57,"column":18},"end":{"line":57,"column":19}},"loc":{"start":{"line":57,"column":25},"end":{"line":59,"column":3}},"line":57},"9":{"name":"(anonymous_9)","decl":{"start":{"line":65,"column":23},"end":{"line":65,"column":24}},"loc":{"start":{"line":65,"column":42},"end":{"line":91,"column":1}},"line":65},"10":{"name":"(anonymous_10)","decl":{"start":{"line":81,"column":18},"end":{"line":81,"column":19}},"loc":{"start":{"line":81,"column":31},"end":{"line":88,"column":3}},"line":81},"11":{"name":"(anonymous_11)","decl":{"start":{"line":85,"column":23},"end":{"line":85,"column":24}},"loc":{"start":{"line":85,"column":44},"end":{"line":87,"column":5}},"line":85},"12":{"name":"(anonymous_12)","decl":{"start":{"line":86,"column":35},"end":{"line":86,"column":36}},"loc":{"start":{"line":86,"column":42},"end":{"line":86,"column":71}},"line":86},"13":{"name":"(anonymous_13)","decl":{"start":{"line":95,"column":25},"end":{"line":95,"column":26}},"loc":{"start":{"line":95,"column":44},"end":{"line":100,"column":1}},"line":95},"14":{"name":"(anonymous_14)","decl":{"start":{"line":96,"column":18},"end":{"line":96,"column":19}},"loc":{"start":{"line":96,"column":25},"end":{"line":98,"column":3}},"line":96},"15":{"name":"(anonymous_15)","decl":{"start":{"line":102,"column":23},"end":{"line":102,"column":24}},"loc":{"start":{"line":102,"column":42},"end":{"line":107,"column":1}},"line":102},"16":{"name":"(anonymous_16)","decl":{"start":{"line":103,"column":18},"end":{"line":103,"column":19}},"loc":{"start":{"line":103,"column":25},"end":{"line":105,"column":3}},"line":103},"17":{"name":"(anonymous_17)","decl":{"start":{"line":109,"column":24},"end":{"line":109,"column":25}},"loc":{"start":{"line":109,"column":43},"end":{"line":114,"column":1}},"line":109},"18":{"name":"(anonymous_18)","decl":{"start":{"line":110,"column":18},"end":{"line":110,"column":19}},"loc":{"start":{"line":110,"column":25},"end":{"line":112,"column":3}},"line":110},"19":{"name":"(anonymous_19)","decl":{"start":{"line":116,"column":27},"end":{"line":116,"column":28}},"loc":{"start":{"line":116,"column":46},"end":{"line":121,"column":1}},"line":116},"20":{"name":"(anonymous_20)","decl":{"start":{"line":117,"column":18},"end":{"line":117,"column":19}},"loc":{"start":{"line":117,"column":25},"end":{"line":119,"column":3}},"line":117},"21":{"name":"(anonymous_21)","decl":{"start":{"line":123,"column":25},"end":{"line":123,"column":26}},"loc":{"start":{"line":123,"column":44},"end":{"line":142,"column":1}},"line":123},"22":{"name":"(anonymous_22)","decl":{"start":{"line":136,"column":18},"end":{"line":136,"column":19}},"loc":{"start":{"line":136,"column":25},"end":{"line":140,"column":4}},"line":136},"23":{"name":"(anonymous_23)","decl":{"start":{"line":136,"column":37},"end":{"line":136,"column":38}},"loc":{"start":{"line":136,"column":58},"end":{"line":140,"column":3}},"line":136},"24":{"name":"(anonymous_24)","decl":{"start":{"line":138,"column":15},"end":{"line":138,"column":16}},"loc":{"start":{"line":138,"column":30},"end":{"line":138,"column":77}},"line":138},"25":{"name":"(anonymous_25)","decl":{"start":{"line":144,"column":23},"end":{"line":144,"column":24}},"loc":{"start":{"line":144,"column":42},"end":{"line":155,"column":1}},"line":144},"26":{"name":"(anonymous_26)","decl":{"start":{"line":151,"column":18},"end":{"line":151,"column":19}},"loc":{"start":{"line":151,"column":25},"end":{"line":153,"column":3}},"line":151},"27":{"name":"(anonymous_27)","decl":{"start":{"line":157,"column":25},"end":{"line":157,"column":26}},"loc":{"start":{"line":157,"column":44},"end":{"line":164,"column":1}},"line":157},"28":{"name":"(anonymous_28)","decl":{"start":{"line":158,"column":18},"end":{"line":158,"column":19}},"loc":{"start":{"line":158,"column":25},"end":{"line":162,"column":3}},"line":158},"29":{"name":"(anonymous_29)","decl":{"start":{"line":166,"column":23},"end":{"line":166,"column":24}},"loc":{"start":{"line":166,"column":42},"end":{"line":171,"column":1}},"line":166},"30":{"name":"(anonymous_30)","decl":{"start":{"line":167,"column":18},"end":{"line":167,"column":19}},"loc":{"start":{"line":167,"column":25},"end":{"line":169,"column":3}},"line":167},"31":{"name":"(anonymous_31)","decl":{"start":{"line":173,"column":23},"end":{"line":173,"column":24}},"loc":{"start":{"line":173,"column":44},"end":{"line":178,"column":1}},"line":173}},"branchMap":{"0":{"loc":{"start":{"line":25,"column":2},"end":{"line":27,"column":3}},"type":"if","locations":[{"start":{"line":25,"column":2},"end":{"line":27,"column":3}},{"start":{"line":25,"column":2},"end":{"line":27,"column":3}}],"line":25},"1":{"loc":{"start":{"line":29,"column":2},"end":{"line":31,"column":3}},"type":"if","locations":[{"start":{"line":29,"column":2},"end":{"line":31,"column":3}},{"start":{"line":29,"column":2},"end":{"line":31,"column":3}}],"line":29},"2":{"loc":{"start":{"line":33,"column":2},"end":{"line":35,"column":3}},"type":"if","locations":[{"start":{"line":33,"column":2},"end":{"line":35,"column":3}},{"start":{"line":33,"column":2},"end":{"line":35,"column":3}}],"line":33},"3":{"loc":{"start":{"line":38,"column":2},"end":{"line":40,"column":3}},"type":"if","locations":[{"start":{"line":38,"column":2},"end":{"line":40,"column":3}},{"start":{"line":38,"column":2},"end":{"line":40,"column":3}}],"line":38},"4":{"loc":{"start":{"line":43,"column":4},"end":{"line":45,"column":5}},"type":"if","locations":[{"start":{"line":43,"column":4},"end":{"line":45,"column":5}},{"start":{"line":43,"column":4},"end":{"line":45,"column":5}}],"line":43},"5":{"loc":{"start":{"line":47,"column":42},"end":{"line":47,"column":71}},"type":"cond-expr","locations":[{"start":{"line":47,"column":48},"end":{"line":47,"column":59}},{"start":{"line":47,"column":62},"end":{"line":47,"column":71}}],"line":47},"6":{"loc":{"start":{"line":68,"column":2},"end":{"line":70,"column":3}},"type":"if","locations":[{"start":{"line":68,"column":2},"end":{"line":70,"column":3}},{"start":{"line":68,"column":2},"end":{"line":70,"column":3}}],"line":68},"7":{"loc":{"start":{"line":72,"column":2},"end":{"line":74,"column":3}},"type":"if","locations":[{"start":{"line":72,"column":2},"end":{"line":74,"column":3}},{"start":{"line":72,"column":2},"end":{"line":74,"column":3}}],"line":72},"8":{"loc":{"start":{"line":76,"column":13},"end":{"line":76,"column":22}},"type":"default-arg","locations":[{"start":{"line":76,"column":20},"end":{"line":76,"column":22}}],"line":76},"9":{"loc":{"start":{"line":77,"column":2},"end":{"line":79,"column":3}},"type":"if","locations":[{"start":{"line":77,"column":2},"end":{"line":79,"column":3}},{"start":{"line":77,"column":2},"end":{"line":79,"column":3}}],"line":77},"10":{"loc":{"start":{"line":82,"column":4},"end":{"line":84,"column":5}},"type":"if","locations":[{"start":{"line":82,"column":4},"end":{"line":84,"column":5}},{"start":{"line":82,"column":4},"end":{"line":84,"column":5}}],"line":82},"11":{"loc":{"start":{"line":86,"column":42},"end":{"line":86,"column":71}},"type":"cond-expr","locations":[{"start":{"line":86,"column":48},"end":{"line":86,"column":59}},{"start":{"line":86,"column":62},"end":{"line":86,"column":71}}],"line":86},"12":{"loc":{"start":{"line":126,"column":2},"end":{"line":128,"column":3}},"type":"if","locations":[{"start":{"line":126,"column":2},"end":{"line":128,"column":3}},{"start":{"line":126,"column":2},"end":{"line":128,"column":3}}],"line":126},"13":{"loc":{"start":{"line":130,"column":2},"end":{"line":132,"column":3}},"type":"if","locations":[{"start":{"line":130,"column":2},"end":{"line":132,"column":3}},{"start":{"line":130,"column":2},"end":{"line":132,"column":3}}],"line":130},"14":{"loc":{"start":{"line":134,"column":13},"end":{"line":134,"column":22}},"type":"default-arg","locations":[{"start":{"line":134,"column":20},"end":{"line":134,"column":22}}],"line":134},"15":{"loc":{"start":{"line":138,"column":30},"end":{"line":138,"column":77}},"type":"cond-expr","locations":[{"start":{"line":138,"column":36},"end":{"line":138,"column":47}},{"start":{"line":138,"column":50},"end":{"line":138,"column":77}}],"line":138},"16":{"loc":{"start":{"line":147,"column":2},"end":{"line":149,"column":3}},"type":"if","locations":[{"start":{"line":147,"column":2},"end":{"line":149,"column":3}},{"start":{"line":147,"column":2},"end":{"line":149,"column":3}}],"line":147},"17":{"loc":{"start":{"line":147,"column":6},"end":{"line":147,"column":67}},"type":"binary-expr","locations":[{"start":{"line":147,"column":6},"end":{"line":147,"column":13}},{"start":{"line":147,"column":17},"end":{"line":147,"column":30}},{"start":{"line":147,"column":34},"end":{"line":147,"column":67}}],"line":147}},"s":{"0":32,"1":32,"2":32,"3":169,"4":169,"5":161,"6":32,"7":2,"8":2,"9":2,"10":32,"11":6,"12":1,"13":5,"14":1,"15":4,"16":1,"17":3,"18":3,"19":2,"20":3,"21":3,"22":1,"23":2,"24":2,"25":2,"26":3,"27":32,"28":4,"29":4,"30":4,"31":32,"32":10,"33":1,"34":9,"35":1,"36":8,"37":8,"38":7,"39":8,"40":3,"41":1,"42":2,"43":2,"44":2,"45":8,"46":32,"47":1,"48":1,"49":1,"50":32,"51":1,"52":1,"53":1,"54":32,"55":1,"56":1,"57":1,"58":32,"59":2,"60":2,"61":2,"62":32,"63":8,"64":1,"65":7,"66":1,"67":6,"68":6,"69":6,"70":6,"71":5,"72":6,"73":6,"74":32,"75":130,"76":1,"77":129,"78":129,"79":129,"80":32,"81":34,"82":34,"83":34,"84":34,"85":32,"86":1,"87":1,"88":1,"89":32,"90":157,"91":187,"92":146,"93":32},"f":{"0":169,"1":2,"2":2,"3":6,"4":3,"5":2,"6":2,"7":4,"8":4,"9":10,"10":3,"11":2,"12":2,"13":1,"14":1,"15":1,"16":1,"17":1,"18":1,"19":2,"20":2,"21":8,"22":6,"23":6,"24":5,"25":130,"26":129,"27":34,"28":34,"29":1,"30":1,"31":157},"b":{"0":[1,5],"1":[1,4],"2":[1,3],"3":[2,1],"4":[1,2],"5":[0,2],"6":[1,9],"7":[1,8],"8":[5],"9":[7,1],"10":[1,2],"11":[0,2],"12":[1,7],"13":[1,6],"14":[6],"15":[2,3],"16":[1,129],"17":[130,118,1]},"_coverageSchema":"332fd63041d2c1bcb487cc26dd0d5f7d97098a6c","hash":"7b6cc96d59e883b93a41c83b82d5be372de683ea"}
,"/home/francisco/projects/server/reply/send.js": {"path":"/home/francisco/projects/server/reply/send.js","statementMap":{"0":{"start":{"line":1,"column":14},"end":{"line":1,"column":32}},"1":{"start":{"line":3,"column":0},"end":{"line":3,"column":57}},"2":{"start":{"line":3,"column":30},"end":{"line":3,"column":56}}},"fnMap":{"0":{"name":"(anonymous_0)","decl":{"start":{"line":3,"column":17},"end":{"line":3,"column":18}},"loc":{"start":{"line":3,"column":30},"end":{"line":3,"column":56}},"line":3}},"branchMap":{},"s":{"0":32,"1":32,"2":103},"f":{"0":103},"b":{},"_coverageSchema":"332fd63041d2c1bcb487cc26dd0d5f7d97098a6c","hash":"2de0fb5679922eb4100d9dc955f3085e1de66308"}
,"/home/francisco/projects/server/reply/status.js": {"path":"/home/francisco/projects/server/reply/status.js","statementMap":{"0":{"start":{"line":1,"column":14},"end":{"line":1,"column":32}},"1":{"start":{"line":3,"column":0},"end":{"line":3,"column":59}},"2":{"start":{"line":3,"column":30},"end":{"line":3,"column":58}}},"fnMap":{"0":{"name":"(anonymous_0)","decl":{"start":{"line":3,"column":17},"end":{"line":3,"column":18}},"loc":{"start":{"line":3,"column":30},"end":{"line":3,"column":58}},"line":3}},"branchMap":{},"s":{"0":32,"1":32,"2":34},"f":{"0":34},"b":{},"_coverageSchema":"332fd63041d2c1bcb487cc26dd0d5f7d97098a6c","hash":"12b5830541889d8fd98eb639025ef76b7513e8a0"}
,"/home/francisco/projects/server/reply/type.js": {"path":"/home/francisco/projects/server/reply/type.js","statementMap":{"0":{"start":{"line":1,"column":14},"end":{"line":1,"column":32}},"1":{"start":{"line":3,"column":0},"end":{"line":3,"column":57}},"2":{"start":{"line":3,"column":30},"end":{"line":3,"column":56}}},"fnMap":{"0":{"name":"(anonymous_0)","decl":{"start":{"line":3,"column":17},"end":{"line":3,"column":18}},"loc":{"start":{"line":3,"column":30},"end":{"line":3,"column":56}},"line":3}},"branchMap":{},"s":{"0":32,"1":32,"2":1},"f":{"0":1},"b":{},"_coverageSchema":"332fd63041d2c1bcb487cc26dd0d5f7d97098a6c","hash":"1a19eb7a1254e068c816f1d2738a0bf5b1988520"}
,"/home/francisco/projects/server/router/del.js": {"path":"/home/francisco/projects/server/router/del.js","statementMap":{"0":{"start":{"line":2,"column":16},"end":{"line":2,"column":36}},"1":{"start":{"line":5,"column":0},"end":{"line":7,"column":2}},"2":{"start":{"line":6,"column":2},"end":{"line":6,"column":38}}},"fnMap":{"0":{"name":"(anonymous_0)","decl":{"start":{"line":5,"column":17},"end":{"line":5,"column":18}},"loc":{"start":{"line":5,"column":32},"end":{"line":7,"column":1}},"line":5}},"branchMap":{},"s":{"0":31,"1":31,"2":2},"f":{"0":2},"b":{},"_coverageSchema":"332fd63041d2c1bcb487cc26dd0d5f7d97098a6c","hash":"39006056e2e8d02f44d4a23ace18c904af22c41a"}
,"/home/francisco/projects/server/router/error.js": {"path":"/home/francisco/projects/server/router/error.js","statementMap":{"0":{"start":{"line":1,"column":18},"end":{"line":1,"column":47}},"1":{"start":{"line":2,"column":15},"end":{"line":2,"column":47}},"2":{"start":{"line":4,"column":0},"end":{"line":24,"column":2}},"3":{"start":{"line":6,"column":27},"end":{"line":6,"column":41}},"4":{"start":{"line":7,"column":16},"end":{"line":7,"column":28}},"5":{"start":{"line":9,"column":18},"end":{"line":9,"column":26}},"6":{"start":{"line":10,"column":2},"end":{"line":22,"column":4}},"7":{"start":{"line":13,"column":4},"end":{"line":13,"column":42}},"8":{"start":{"line":14,"column":4},"end":{"line":14,"column":45}},"9":{"start":{"line":17,"column":4},"end":{"line":17,"column":83}},"10":{"start":{"line":17,"column":76},"end":{"line":17,"column":83}},"11":{"start":{"line":19,"column":16},"end":{"line":19,"column":36}},"12":{"start":{"line":20,"column":4},"end":{"line":20,"column":21}},"13":{"start":{"line":21,"column":4},"end":{"line":21,"column":15}},"14":{"start":{"line":23,"column":2},"end":{"line":23,"column":17}}},"fnMap":{"0":{"name":"(anonymous_0)","decl":{"start":{"line":4,"column":17},"end":{"line":4,"column":18}},"loc":{"start":{"line":4,"column":29},"end":{"line":24,"column":1}},"line":4},"1":{"name":"(anonymous_1)","decl":{"start":{"line":9,"column":18},"end":{"line":9,"column":19}},"loc":{"start":{"line":9,"column":24},"end":{"line":9,"column":26}},"line":9},"2":{"name":"(anonymous_2)","decl":{"start":{"line":10,"column":18},"end":{"line":10,"column":19}},"loc":{"start":{"line":10,"column":31},"end":{"line":22,"column":3}},"line":10}},"branchMap":{"0":{"loc":{"start":{"line":13,"column":21},"end":{"line":13,"column":41}},"type":"binary-expr","locations":[{"start":{"line":13,"column":21},"end":{"line":13,"column":35}},{"start":{"line":13,"column":39},"end":{"line":13,"column":41}}],"line":13},"1":{"loc":{"start":{"line":17,"column":4},"end":{"line":17,"column":83}},"type":"if","locations":[{"start":{"line":17,"column":4},"end":{"line":17,"column":83}},{"start":{"line":17,"column":4},"end":{"line":17,"column":83}}],"line":17},"2":{"loc":{"start":{"line":17,"column":8},"end":{"line":17,"column":74}},"type":"binary-expr","locations":[{"start":{"line":17,"column":8},"end":{"line":17,"column":25}},{"start":{"line":17,"column":29},"end":{"line":17,"column":74}}],"line":17}},"s":{"0":31,"1":31,"2":31,"3":69,"4":69,"5":69,"6":69,"7":35,"8":35,"9":35,"10":0,"11":35,"12":35,"13":35,"14":69},"f":{"0":69,"1":293,"2":35},"b":{"0":[35,27],"1":[0,35],"2":[35,1]},"_coverageSchema":"332fd63041d2c1bcb487cc26dd0d5f7d97098a6c","hash":"0f2bf9c24bcf2ad49a2dc12b1890b8b05f9eb842"}
,"/home/francisco/projects/server/router/errors.js": {"path":"/home/francisco/projects/server/router/errors.js","statementMap":{"0":{"start":{"line":3,"column":14},"end":{"line":3,"column":50}},"1":{"start":{"line":5,"column":0},"end":{"line":5,"column":38}},"2":{"start":{"line":6,"column":0},"end":{"line":6,"column":61}},"3":{"start":{"line":6,"column":35},"end":{"line":6,"column":60}},"4":{"start":{"line":8,"column":0},"end":{"line":8,"column":23}}},"fnMap":{"0":{"name":"(anonymous_0)","decl":{"start":{"line":6,"column":21},"end":{"line":6,"column":22}},"loc":{"start":{"line":6,"column":35},"end":{"line":6,"column":60}},"line":6}},"branchMap":{},"s":{"0":1,"1":1,"2":1,"3":1,"4":1},"f":{"0":1},"b":{},"_coverageSchema":"332fd63041d2c1bcb487cc26dd0d5f7d97098a6c","hash":"0f8f3a9853cd7a82f443e2171ae193006b354564"}
,"/home/francisco/projects/server/router/generic.js": {"path":"/home/francisco/projects/server/router/generic.js","statementMap":{"0":{"start":{"line":1,"column":18},"end":{"line":1,"column":47}},"1":{"start":{"line":2,"column":15},"end":{"line":2,"column":47}},"2":{"start":{"line":5,"column":0},"end":{"line":30,"column":2}},"3":{"start":{"line":8,"column":27},"end":{"line":8,"column":41}},"4":{"start":{"line":10,"column":16},"end":{"line":10,"column":34}},"5":{"start":{"line":12,"column":2},"end":{"line":29,"column":4}},"6":{"start":{"line":15,"column":4},"end":{"line":15,"column":28}},"7":{"start":{"line":15,"column":21},"end":{"line":15,"column":28}},"8":{"start":{"line":18,"column":4},"end":{"line":18,"column":38}},"9":{"start":{"line":18,"column":31},"end":{"line":18,"column":38}},"10":{"start":{"line":21,"column":4},"end":{"line":21,"column":33}},"11":{"start":{"line":22,"column":4},"end":{"line":22,"column":28}},"12":{"start":{"line":22,"column":21},"end":{"line":22,"column":28}},"13":{"start":{"line":23,"column":4},"end":{"line":23,"column":28}},"14":{"start":{"line":26,"column":4},"end":{"line":26,"column":38}},"15":{"start":{"line":28,"column":4},"end":{"line":28,"column":23}}},"fnMap":{"0":{"name":"(anonymous_0)","decl":{"start":{"line":5,"column":17},"end":{"line":5,"column":18}},"loc":{"start":{"line":5,"column":37},"end":{"line":30,"column":1}},"line":5},"1":{"name":"(anonymous_1)","decl":{"start":{"line":12,"column":9},"end":{"line":12,"column":10}},"loc":{"start":{"line":12,"column":22},"end":{"line":29,"column":3}},"line":12}},"branchMap":{"0":{"loc":{"start":{"line":10,"column":23},"end":{"line":10,"column":33}},"type":"binary-expr","locations":[{"start":{"line":10,"column":23},"end":{"line":10,"column":27}},{"start":{"line":10,"column":31},"end":{"line":10,"column":33}}],"line":10},"1":{"loc":{"start":{"line":15,"column":4},"end":{"line":15,"column":28}},"type":"if","locations":[{"start":{"line":15,"column":4},"end":{"line":15,"column":28}},{"start":{"line":15,"column":4},"end":{"line":15,"column":28}}],"line":15},"2":{"loc":{"start":{"line":18,"column":4},"end":{"line":18,"column":38}},"type":"if","locations":[{"start":{"line":18,"column":4},"end":{"line":18,"column":38}},{"start":{"line":18,"column":4},"end":{"line":18,"column":38}}],"line":18},"3":{"loc":{"start":{"line":22,"column":4},"end":{"line":22,"column":28}},"type":"if","locations":[{"start":{"line":22,"column":4},"end":{"line":22,"column":28}},{"start":{"line":22,"column":4},"end":{"line":22,"column":28}}],"line":22}},"s":{"0":31,"1":31,"2":31,"3":39,"4":39,"5":39,"6":48,"7":8,"8":40,"9":4,"10":36,"11":36,"12":6,"13":30,"14":30,"15":30},"f":{"0":39,"1":48},"b":{"0":[39,0],"1":[8,40],"2":[4,36],"3":[6,30]},"_coverageSchema":"332fd63041d2c1bcb487cc26dd0d5f7d97098a6c","hash":"dab0f3db2c387653b58d5a18685635b8a54380b2"}
,"/home/francisco/projects/server/router/get.js": {"path":"/home/francisco/projects/server/router/get.js","statementMap":{"0":{"start":{"line":2,"column":16},"end":{"line":2,"column":36}},"1":{"start":{"line":5,"column":0},"end":{"line":7,"column":2}},"2":{"start":{"line":6,"column":2},"end":{"line":6,"column":35}}},"fnMap":{"0":{"name":"(anonymous_0)","decl":{"start":{"line":5,"column":17},"end":{"line":5,"column":18}},"loc":{"start":{"line":5,"column":32},"end":{"line":7,"column":1}},"line":5}},"branchMap":{},"s":{"0":31,"1":31,"2":32},"f":{"0":32},"b":{},"_coverageSchema":"332fd63041d2c1bcb487cc26dd0d5f7d97098a6c","hash":"4c1bba858b0739f198d0ea4a39ed9f4ed724e4ea"}
,"/home/francisco/projects/server/router/index.js": {"path":"/home/francisco/projects/server/router/index.js","statementMap":{"0":{"start":{"line":8,"column":0},"end":{"line":20,"column":2}}},"fnMap":{},"branchMap":{},"s":{"0":31},"f":{},"b":{},"_coverageSchema":"332fd63041d2c1bcb487cc26dd0d5f7d97098a6c","hash":"7ce5c8f533ec45b3a38725619edf8ec010b2a508"}
,"/home/francisco/projects/server/router/post.js": {"path":"/home/francisco/projects/server/router/post.js","statementMap":{"0":{"start":{"line":2,"column":16},"end":{"line":2,"column":36}},"1":{"start":{"line":5,"column":0},"end":{"line":7,"column":2}},"2":{"start":{"line":6,"column":2},"end":{"line":6,"column":36}}},"fnMap":{"0":{"name":"(anonymous_0)","decl":{"start":{"line":5,"column":17},"end":{"line":5,"column":18}},"loc":{"start":{"line":5,"column":32},"end":{"line":7,"column":1}},"line":5}},"branchMap":{},"s":{"0":31,"1":31,"2":4},"f":{"0":4},"b":{},"_coverageSchema":"332fd63041d2c1bcb487cc26dd0d5f7d97098a6c","hash":"ea601708ade016ea97e162bb4b62d59a28ec0d4f"}
,"/home/francisco/projects/server/router/put.js": {"path":"/home/francisco/projects/server/router/put.js","statementMap":{"0":{"start":{"line":2,"column":16},"end":{"line":2,"column":36}},"1":{"start":{"line":5,"column":0},"end":{"line":7,"column":2}},"2":{"start":{"line":6,"column":2},"end":{"line":6,"column":35}}},"fnMap":{"0":{"name":"(anonymous_0)","decl":{"start":{"line":5,"column":17},"end":{"line":5,"column":18}},"loc":{"start":{"line":5,"column":32},"end":{"line":7,"column":1}},"line":5}},"branchMap":{},"s":{"0":31,"1":31,"2":1},"f":{"0":1},"b":{},"_coverageSchema":"332fd63041d2c1bcb487cc26dd0d5f7d97098a6c","hash":"6d5d3b2ac48210a4c22fa7a8264dceaddcc80831"}
,"/home/francisco/projects/server/router/sub.js": {"path":"/home/francisco/projects/server/router/sub.js","statementMap":{"0":{"start":{"line":1,"column":0},"end":{"line":8,"column":2}},"1":{"start":{"line":1,"column":38},"end":{"line":8,"column":1}},"2":{"start":{"line":2,"column":15},"end":{"line":2,"column":53}},"3":{"start":{"line":3,"column":2},"end":{"line":7,"column":3}},"4":{"start":{"line":5,"column":4},"end":{"line":5,"column":38}},"5":{"start":{"line":6,"column":4},"end":{"line":6,"column":23}}},"fnMap":{"0":{"name":"(anonymous_0)","decl":{"start":{"line":1,"column":17},"end":{"line":1,"column":18}},"loc":{"start":{"line":1,"column":38},"end":{"line":8,"column":1}},"line":1},"1":{"name":"(anonymous_1)","decl":{"start":{"line":1,"column":38},"end":{"line":1,"column":39}},"loc":{"start":{"line":1,"column":51},"end":{"line":8,"column":1}},"line":1}},"branchMap":{"0":{"loc":{"start":{"line":3,"column":2},"end":{"line":7,"column":3}},"type":"if","locations":[{"start":{"line":3,"column":2},"end":{"line":7,"column":3}},{"start":{"line":3,"column":2},"end":{"line":7,"column":3}}],"line":3},"1":{"loc":{"start":{"line":3,"column":6},"end":{"line":4,"column":49}},"type":"binary-expr","locations":[{"start":{"line":3,"column":7},"end":{"line":3,"column":31}},{"start":{"line":3,"column":35},"end":{"line":3,"column":48}},{"start":{"line":4,"column":7},"end":{"line":4,"column":29}},{"start":{"line":4,"column":33},"end":{"line":4,"column":48}}],"line":3}},"s":{"0":31,"1":4,"2":4,"3":4,"4":3,"5":3},"f":{"0":4,"1":4},"b":{"0":[3,1],"1":[4,2,2,2]},"_coverageSchema":"332fd63041d2c1bcb487cc26dd0d5f7d97098a6c","hash":"43f8e8124d2d90f4a945df89aec48b2f169a27d1"}
,"/home/francisco/projects/server/src/config/env.js": {"path":"/home/francisco/projects/server/src/config/env.js","statementMap":{"0":{"start":{"line":2,"column":0},"end":{"line":2,"column":43}},"1":{"start":{"line":5,"column":11},"end":{"line":9,"column":1}},"2":{"start":{"line":6,"column":18},"end":{"line":6,"column":29}},"3":{"start":{"line":7,"column":19},"end":{"line":7,"column":47}},"4":{"start":{"line":8,"column":15},"end":{"line":8,"column":54}},"5":{"start":{"line":11,"column":13},"end":{"line":22,"column":1}},"6":{"start":{"line":12,"column":2},"end":{"line":12,"column":19}},"7":{"start":{"line":12,"column":12},"end":{"line":12,"column":19}},"8":{"start":{"line":13,"column":2},"end":{"line":13,"column":42}},"9":{"start":{"line":13,"column":31},"end":{"line":13,"column":42}},"10":{"start":{"line":14,"column":2},"end":{"line":14,"column":35}},"11":{"start":{"line":14,"column":23},"end":{"line":14,"column":35}},"12":{"start":{"line":15,"column":2},"end":{"line":15,"column":48}},"13":{"start":{"line":15,"column":23},"end":{"line":15,"column":48}},"14":{"start":{"line":16,"column":2},"end":{"line":20,"column":3}},"15":{"start":{"line":17,"column":4},"end":{"line":17,"column":45}},"16":{"start":{"line":17,"column":22},"end":{"line":17,"column":45}},"17":{"start":{"line":19,"column":4},"end":{"line":19,"column":15}},"18":{"start":{"line":21,"column":2},"end":{"line":21,"column":13}},"19":{"start":{"line":24,"column":12},"end":{"line":24,"column":14}},"20":{"start":{"line":25,"column":0},"end":{"line":27,"column":1}},"21":{"start":{"line":26,"column":2},"end":{"line":26,"column":36}},"22":{"start":{"line":29,"column":0},"end":{"line":29,"column":21}}},"fnMap":{"0":{"name":"(anonymous_0)","decl":{"start":{"line":6,"column":11},"end":{"line":6,"column":12}},"loc":{"start":{"line":6,"column":18},"end":{"line":6,"column":29}},"line":6},"1":{"name":"(anonymous_1)","decl":{"start":{"line":7,"column":11},"end":{"line":7,"column":12}},"loc":{"start":{"line":7,"column":19},"end":{"line":7,"column":47}},"line":7},"2":{"name":"(anonymous_2)","decl":{"start":{"line":8,"column":8},"end":{"line":8,"column":9}},"loc":{"start":{"line":8,"column":15},"end":{"line":8,"column":54}},"line":8},"3":{"name":"(anonymous_3)","decl":{"start":{"line":11,"column":13},"end":{"line":11,"column":14}},"loc":{"start":{"line":11,"column":20},"end":{"line":22,"column":1}},"line":11}},"branchMap":{"0":{"loc":{"start":{"line":8,"column":15},"end":{"line":8,"column":54}},"type":"binary-expr","locations":[{"start":{"line":8,"column":15},"end":{"line":8,"column":32}},{"start":{"line":8,"column":36},"end":{"line":8,"column":54}}],"line":8},"1":{"loc":{"start":{"line":12,"column":2},"end":{"line":12,"column":19}},"type":"if","locations":[{"start":{"line":12,"column":2},"end":{"line":12,"column":19}},{"start":{"line":12,"column":2},"end":{"line":12,"column":19}}],"line":12},"2":{"loc":{"start":{"line":13,"column":2},"end":{"line":13,"column":42}},"type":"if","locations":[{"start":{"line":13,"column":2},"end":{"line":13,"column":42}},{"start":{"line":13,"column":2},"end":{"line":13,"column":42}}],"line":13},"3":{"loc":{"start":{"line":14,"column":2},"end":{"line":14,"column":35}},"type":"if","locations":[{"start":{"line":14,"column":2},"end":{"line":14,"column":35}},{"start":{"line":14,"column":2},"end":{"line":14,"column":35}}],"line":14},"4":{"loc":{"start":{"line":15,"column":2},"end":{"line":15,"column":48}},"type":"if","locations":[{"start":{"line":15,"column":2},"end":{"line":15,"column":48}},{"start":{"line":15,"column":2},"end":{"line":15,"column":48}}],"line":15},"5":{"loc":{"start":{"line":17,"column":4},"end":{"line":17,"column":45}},"type":"if","locations":[{"start":{"line":17,"column":4},"end":{"line":17,"column":45}},{"start":{"line":17,"column":4},"end":{"line":17,"column":45}}],"line":17}},"s":{"0":33,"1":3
[...]
,"/home/francisco/projects/server/test/options.js": {"path":"/home/francisco/projects/server/test/options.js","statementMap":{"0":{"start":{"line":1,"column":15},"end":{"line":1,"column":29}},"1":{"start":{"line":2,"column":17},"end":{"line":2,"column":38}},"2":{"start":{"line":5,"column":0},"end":{"line":15,"column":2}},"3":{"start":{"line":8,"column":2},"end":{"line":8,"column":34}},"4":{"start":{"line":8,"column":22},"end":{"line":8,"column":34}},"5":{"start":{"line":11,"column":2},"end":{"line":14,"column":5}}},"fnMap":{"0":{"name":"(anonymous_0)","decl":{"start":{"line":5,"column":17},"end":{"line":5,"column":18}},"loc":{"start":{"line":5,"column":61},"end":{"line":15,"column":1}},"line":5}},"branchMap":{"0":{"loc":{"start":{"line":5,"column":18},"end":{"line":5,"column":27}},"type":"default-arg","locations":[{"start":{"line":5,"column":25},"end":{"line":5,"column":27}}],"line":5},"1":{"loc":{"start":{"line":5,"column":29},"end":{"line":5,"column":41}},"type":"default-arg","locations":[{"start":{"line":5,"column":39},"end":{"line":5,"column":41}}],"line":5},"2":{"loc":{"start":{"line":5,"column":43},"end":{"line":5,"column":56}},"type":"default-arg","locations":[{"start":{"line":5,"column":54},"end":{"line":5,"column":56}}],"line":5},"3":{"loc":{"start":{"line":8,"column":2},"end":{"line":8,"column":34}},"type":"if","locations":[{"start":{"line":8,"column":2},"end":{"line":8,"column":34}},{"start":{"line":8,"column":2},"end":{"line":8,"column":34}}],"line":8}},"s":{"0":29,"1":29,"2":29,"3":141,"4":5,"5":136},"f":{"0":141},"b":{"0":[0],"1":[0],"2":[0],"3":[5,136]},"_coverageSchema":"332fd63041d2c1bcb487cc26dd0d5f7d97098a6c","hash":"5c29348c25b8baf9ee2845550347621aec01023f"}
,"/home/francisco/projects/server/test/port.js": {"path":"/home/francisco/projects/server/test/port.js","statementMap":{"0":{"start":{"line":4,"column":14},"end":{"line":4,"column":16}},"1":{"start":{"line":5,"column":14},"end":{"line":5,"column":18}},"2":{"start":{"line":7,"column":15},"end":{"line":7,"column":59}},"3":{"start":{"line":7,"column":21},"end":{"line":7,"column":59}},"4":{"start":{"line":10,"column":17},"end":{"line":21,"column":1}},"5":{"start":{"line":11,"column":15},"end":{"line":11,"column":23}},"6":{"start":{"line":14,"column":2},"end":{"line":16,"column":3}},"7":{"start":{"line":15,"column":4},"end":{"line":15,"column":27}},"8":{"start":{"line":19,"column":2},"end":{"line":19,"column":19}},"9":{"start":{"line":20,"column":2},"end":{"line":20,"column":14}},"10":{"start":{"line":23,"column":0},"end":{"line":23,"column":26}}},"fnMap":{"0":{"name":"(anonymous_0)","decl":{"start":{"line":7,"column":15},"end":{"line":7,"column":16}},"loc":{"start":{"line":7,"column":21},"end":{"line":7,"column":59}},"line":7},"1":{"name":"(anonymous_1)","decl":{"start":{"line":10,"column":17},"end":{"line":10,"column":18}},"loc":{"start":{"line":10,"column":28},"end":{"line":21,"column":1}},"line":10}},"branchMap":{"0":{"loc":{"start":{"line":10,"column":18},"end":{"line":10,"column":23}},"type":"default-arg","locations":[{"start":{"line":10,"column":22},"end":{"line":10,"column":23}}],"line":10},"1":{"loc":{"start":{"line":14,"column":2},"end":{"line":16,"column":3}},"type":"if","locations":[{"start":{"line":14,"column":2},"end":{"line":16,"column":3}},{"start":{"line":14,"column":2},"end":{"line":16,"column":3}}],"line":14}},"s":{"0":30,"1":30,"2":30,"3":152,"4":30,"5":152,"6":152,"7":0,"8":152,"9":152,"10":30},"f":{"0":152,"1":152},"b":{"0":[152],"1":[0,152]},"_coverageSchema":"332fd63041d2c1bcb487cc26dd0d5f7d97098a6c","hash":"335be6d2f2f87e0c8167f7c3873eb4f780f0836a"}
,"/home/francisco/projects/server/test/wait.js": {"path":"/home/francisco/projects/server/test/wait.js","statementMap":{"0":{"start":{"line":2,"column":0},"end":{"line":4,"column":3}},"1":{"start":{"line":2,"column":25},"end":{"line":4,"column":2}},"2":{"start":{"line":3,"column":2},"end":{"line":3,"column":28}}},"fnMap":{"0":{"name":"(anonymous_0)","decl":{"start":{"line":2,"column":17},"end":{"line":2,"column":18}},"loc":{"start":{"line":2,"column":25},"end":{"line":4,"column":2}},"line":2},"1":{"name":"(anonymous_1)","decl":{"start":{"line":2,"column":37},"end":{"line":2,"column":38}},"loc":{"start":{"line":2,"column":48},"end":{"line":4,"column":1}},"line":2}},"branchMap":{},"s":{"0":29,"1":1,"2":1},"f":{"0":1,"1":1},"b":{},"_coverageSchema":"332fd63041d2c1bcb487cc26dd0d5f7d97098a6c","hash":"b59c59ee1822ade1cf1a0be972304d9f137ed49b"}
,"/home/francisco/projects/server/utils/index.js": {"path":"/home/francisco/projects/server/utils/index.js","statementMap":{"0":{"start":{"line":2,"column":0},"end":{"line":2,"column":33}},"1":{"start":{"line":3,"column":0},"end":{"line":3,"column":37}},"2":{"start":{"line":4,"column":0},"end":{"line":4,"column":43}}},"fnMap":{},"branchMap":{},"s":{"0":31,"1":31,"2":31},"f":{},"b":{},"_coverageSchema":"332fd63041d2c1bcb487cc26dd0d5f7d97098a6c","hash":"1989986d6663282f8dfa09e39e7a3936434db5e2"}
,"/home/francisco/projects/server/utils/join/index.js": {"path":"/home/francisco/projects/server/utils/join/index.js","statementMap":{"0":{"start":{"line":1,"column":13},"end":{"line":1,"column":32}},"1":{"start":{"line":2,"column":15},"end":{"line":2,"column":32}},"2":{"start":{"line":3,"column":14},"end":{"line":3,"column":36}},"3":{"start":{"line":6,"column":22},"end":{"line":28,"column":1}},"4":{"start":{"line":7,"column":2},"end":{"line":7,"column":19}},"5":{"start":{"line":7,"column":12},"end":{"line":7,"column":19}},"6":{"start":{"line":10,"column":2},"end":{"line":12,"column":3}},"7":{"start":{"line":11,"column":4},"end":{"line":11,"column":31}},"8":{"start":{"line":15,"column":2},"end":{"line":17,"column":3}},"9":{"start":{"line":16,"column":4},"end":{"line":16,"column":14}},"10":{"start":{"line":22,"column":13},"end":{"line":22,"column":56}},"11":{"start":{"line":24,"column":2},"end":{"line":26,"column":3}},"12":{"start":{"line":25,"column":4},"end":{"line":25,"column":42}},"13":{"start":{"line":27,"column":2},"end":{"line":27,"column":13}},"14":{"start":{"line":31,"column":0},"end":{"line":61,"column":2}},"15":{"start":{"line":34,"column":17},"end":{"line":34,"column":30}},"16":{"start":{"line":37,"column":2},"end":{"line":60,"column":4}},"17":{"start":{"line":38,"column":23},"end":{"line":38,"column":28}},"18":{"start":{"line":39,"column":4},"end":{"line":58,"column":5}},"19":{"start":{"line":40,"column":6},"end":{"line":57,"column":7}},"20":{"start":{"line":42,"column":8},"end":{"line":54,"column":9}},"21":{"start":{"line":44,"column":10},"end":{"line":48,"column":11}},"22":{"start":{"line":45,"column":12},"end":{"line":45,"column":88}},"23":{"start":{"line":46,"column":22},"end":{"line":46,"column":42}},"24":{"start":{"line":47,"column":12},"end":{"line":47,"column":42}},"25":{"start":{"line":52,"column":20},"end":{"line":52,"column":34}},"26":{"start":{"line":53,"column":10},"end":{"line":53,"column":71}},"27":{"start":{"line":56,"column":8},"end":{"line":56,"column":24}},"28":{"start":{"line":59,"column":4},"end":{"line":59,"column":24}}},"fnMap":{"0":{"name":"(anonymous_0)","decl":{"start":{"line":6,"column":22},"end":{"line":6,"column":23}},"loc":{"start":{"line":6,"column":42},"end":{"line":28,"column":1}},"line":6},"1":{"name":"(anonymous_1)","decl":{"start":{"line":31,"column":17},"end":{"line":31,"column":18}},"loc":{"start":{"line":31,"column":33},"end":{"line":61,"column":1}},"line":31},"2":{"name":"(anonymous_2)","decl":{"start":{"line":37,"column":9},"end":{"line":37,"column":10}},"loc":{"start":{"line":37,"column":22},"end":{"line":60,"column":3}},"line":37}},"branchMap":{"0":{"loc":{"start":{"line":7,"column":2},"end":{"line":7,"column":19}},"type":"if","locations":[{"start":{"line":7,"column":2},"end":{"line":7,"column":19}},{"start":{"line":7,"column":2},"end":{"line":7,"column":19}}],"line":7},"1":{"loc":{"start":{"line":10,"column":2},"end":{"line":12,"column":3}},"type":"if","locations":[{"start":{"line":10,"column":2},"end":{"line":12,"column":3}},{"start":{"line":10,"column":2},"end":{"line":12,"column":3}}],"line":10},"2":{"loc":{"start":{"line":15,"column":2},"end":{"line":17,"column":3}},"type":"if","locations":[{"start":{"line":15,"column":2},"end":{"line":17,"column":3}},{"start":{"line":15,"column":2},"end":{"line":17,"column":3}}],"line":15},"3":{"loc":{"start":{"line":22,"column":13},"end":{"line":22,"column":56}},"type":"cond-expr","locations":[{"start":{"line":22,"column":39},"end":{"line":22,"column":47}},{"start":{"line":22,"column":50},"end":{"line":22,"column":56}}],"line":22},"4":{"loc":{"start":{"line":24,"column":2},"end":{"line":26,"column":3}},"type":"if","locations":[{"start":{"line":24,"column":2},"end":{"line":26,"column":3}},{"start":{"line":24,"column":2},"end":{"line":26,"column":3}}],"line":24},"5":{"loc":{"start":{"line":42,"column":8},"end":{"line":54,"column":9}},"type":"if","locations":[{"start":{"line":42,"column":8},"end":{"line":54,"column":9}},{"start":{"line":42,"column":8},"end":{"line":54,"column":9}}],"line":42},"6":{"loc":{"start":{"line":44,"column":10},"end":{"line":48,"column":11}},"type":"if","locations":[{"start":{"line":44,"column":10},"end":{"line":48,"column":11}},{"start":{"line":44,"column":10},"end":{"line":48,"column":11}}],"line":44},"7":{"loc":{"start":{"line":53,"column":25},"end":{"line":53,"column":70}},"type":"binary-expr","locations":[{"start":{"line":53,"column":25},"end":{"line":53,"column":54}},{"start":{"line":53,"column":58},"end":{"line":53,"column":70}}],"line":53}},"s":{"0":32,"1":32,"2":32,"3":32,"4":3593,"5":3431,"6":162,"7":54,"8":108,"9":4,"10":104,"11":104,"12":103,"13":1,"14":32,"15":365,"16":365,"17":386,"18":386,"19":3628,"20":3628,"21":43,"22":35,"23":35,"24":35,"25":3585,"26":3558,"27":40,"28":384},"f":{"0":3593,"1":365,"2":386},"b":{"0":[3431,162],"1":[54,108],"2":[4,104],"3":[4,100],"4":[103,1],"5":[43,3585],"6":[35,8],"7":[3558,3547]},"_coverageSchema":"332fd63041d2c1bcb487cc26dd0d5f7d97098a6c","hash":"82479d9a26e362c990ea40e60836af80440b0f8f"}
,"/home/francisco/projects/server/utils/modern/errors.js": {"path":"/home/francisco/projects/server/utils/modern/errors.js","statementMap":{"0":{"start":{"line":1,"column":14},"end":{"line":3,"column":2}},"1":{"start":{"line":2,"column":19},"end":{"line":2,"column":68}},"2":{"start":{"line":5,"column":0},"end":{"line":7,"column":2}},"3":{"start":{"line":14,"column":0},"end":{"line":17,"column":2}},"4":{"start":{"line":14,"column":40},"end":{"line":17,"column":1}},"5":{"start":{"line":25,"column":0},"end":{"line":29,"column":2}},"6":{"start":{"line":38,"column":0},"end":{"line":40,"column":2}},"7":{"start":{"line":47,"column":0},"end":{"line":52,"column":2}},"8":{"start":{"line":47,"column":39},"end":{"line":52,"column":1}},"9":{"start":{"line":62,"column":0},"end":{"line":62,"column":23}}},"fnMap":{"0":{"name":"(anonymous_0)","decl":{"start":{"line":2,"column":7},"end":{"line":2,"column":8}},"loc":{"start":{"line":2,"column":19},"end":{"line":2,"column":68}},"line":2},"1":{"name":"(anonymous_1)","decl":{"start":{"line":14,"column":26},"end":{"line":14,"column":27}},"loc":{"start":{"line":14,"column":40},"end":{"line":17,"column":1}},"line":14},"2":{"name":"(anonymous_2)","decl":{"start":{"line":47,"column":25},"end":{"line":47,"column":26}},"loc":{"start":{"line":47,"column":39},"end":{"line":52,"column":1}},"line":47}},"branchMap":{},"s":{"0":32,"1":11,"2":32,"3":32,"4":4,"5":32,"6":32,"7":32,"8":3,"9":32},"f":{"0":11,"1":4,"2":3},"b":{},"_coverageSchema":"332fd63041d2c1bcb487cc26dd0d5f7d97098a6c","hash":"0152feec81b42fc4d5ed1f7edbe27d3933238996"}
,"/home/francisco/projects/server/utils/modern/index.js": {"path":"/home/francisco/projects/server/utils/modern/index.js","statementMap":{"0":{"start":{"line":4,"column":16},"end":{"line":6,"column":1}},"1":{"start":{"line":9,"column":17},"end":{"line":9,"column":38}},"2":{"start":{"line":12,"column":0},"end":{"line":33,"column":2}},"3":{"start":{"line":15,"column":2},"end":{"line":15,"column":30}},"4":{"start":{"line":18,"column":2},"end":{"line":32,"column":5}},"5":{"start":{"line":18,"column":16},"end":{"line":32,"column":4}},"6":{"start":{"line":21,"column":4},"end":{"line":23,"column":5}},"7":{"start":{"line":22,"column":6},"end":{"line":22,"column":23}},"8":{"start":{"line":25,"column":4},"end":{"line":25,"column":26}},"9":{"start":{"line":28,"column":17},"end":{"line":28,"column":53}},"10":{"start":{"line":28,"column":24},"end":{"line":28,"column":53}},"11":{"start":{"line":31,"column":4},"end":{"line":31,"column":35}}},"fnMap":{"0":{"name":"(anonymous_0)","decl":{"start":{"line":12,"column":17},"end":{"line":12,"column":18}},"loc":{"start":{"line":12,"column":27},"end":{"line":33,"column":1}},"line":12},"1":{"name":"(anonymous_1)","decl":{"start":{"line":18,"column":9},"end":{"line":18,"column":10}},"loc":{"start":{"line":18,"column":16},"end":{"line":32,"column":4}},"line":18},"2":{"name":"(anonymous_2)","decl":{"start":{"line":18,"column":28},"end":{"line":18,"column":29}},"loc":{"start":{"line":18,"column":49},"end":{"line":32,"column":3}},"line":18},"3":{"name":"(anonymous_3)","decl":{"start":{"line":28,"column":17},"end":{"line":28,"column":18}},"loc":{"start":{"line":28,"column":24},"end":{"line":28,"column":53}},"line":28}},"branchMap":{"0":{"loc":{"start":{"line":21,"column":4},"end":{"line":23,"column":5}},"type":"if","locations":[{"start":{"line":21,"column":4},"end":{"line":23,"column":5}},{"start":{"line":21,"column":4},"end":{"line":23,"column":5}}],"line":21},"1":{"loc":{"start":{"line":28,"column":24},"end":{"line":28,"column":53}},"type":"cond-expr","locations":[{"start":{"line":28,"column":30},"end":{"line":28,"column":41}},{"start":{"line":28,"column":44},"end":{"line":28,"column":53}}],"line":28}},"s":{"0":32,"1":32,"2":32,"3":2240,"4":2233,"5":2251,"6":2251,"7":308,"8":1939,"9":1939,"10":1936,"11":1939},"f":{"0":2240,"1":2251,"2":2251,"3":1936},"b":{"0":[308,1939],"1":[1,1935]},"_coverageSchema":"332fd63041d2c1bcb487cc26dd0d5f7d97098a6c","hash":"f354ed6d6fe734332400b15642f7d3919cc0a475"}
,"/home/francisco/projects/server/utils/modern/validate.js": {"path":"/home/francisco/projects/server/utils/modern/validate.js","statementMap":{"0":{"start":{"line":1,"column":20},"end":{"line":1,"column":39}},"1":{"start":{"line":3,"column":0},"end":{"line":13,"column":2}},"2":{"start":{"line":4,"column":2},"end":{"line":6,"column":3}},"3":{"start":{"line":5,"column":4},"end":{"line":5,"column":47}},"4":{"start":{"line":7,"column":2},"end":{"line":9,"column":3}},"5":{"start":{"line":8,"column":4},"end":{"line":8,"column":72}},"6":{"start":{"line":10,"column":2},"end":{"line":12,"column":3}},"7":{"start":{"line":11,"column":4},"end":{"line":11,"column":45}},"8":{"start":{"line":15,"column":0},"end":{"line":25,"column":2}},"9":{"start":{"line":16,"column":2},"end":{"line":18,"column":3}},"10":{"start":{"line":17,"column":4},"end":{"line":17,"column":44}},"11":{"start":{"line":19,"column":2},"end":{"line":21,"column":3}},"12":{"start":{"line":20,"column":4},"end":{"line":20,"column":63}},"13":{"start":{"line":22,"column":2},"end":{"line":24,"column":3}},"14":{"start":{"line":23,"column":4},"end":{"line":23,"column":63}}},"fnMap":{"0":{"name":"(anonymous_0)","decl":{"start":{"line":3,"column":21},"end":{"line":3,"column":22}},"loc":{"start":{"line":3,"column":31},"end":{"line":13,"column":1}},"line":3},"1":{"name":"(anonymous_1)","decl":{"start":{"line":15,"column":18},"end":{"line":15,"column":19}},"loc":{"start":{"line":15,"column":25},"end":{"line":25,"column":1}},"line":15}},"branchMap":{"0":{"loc":{"start":{"line":4,"column":2},"end":{"line":6,"column":3}},"type":"if","locations":[{"start":{"line":4,"column":2},"end":{"line":6,"column":3}},{"start":{"line":4,"column":2},"end":{"line":6,"column":3}}],"line":4},"1":{"loc":{"start":{"line":7,"column":2},"end":{"line":9,"column":3}},"type":"if","locations":[{"start":{"line":7,"column":2},"end":{"line":9,"column":3}},{"start":{"line":7,"column":2},"end":{"line":9,"column":3}}],"line":7},"2":{"loc":{"start":{"line":10,"column":2},"end":{"line":12,"column":3}},"type":"if","locations":[{"start":{"line":10,"column":2},"end":{"line":12,"column":3}},{"start":{"line":10,"column":2},"end":{"line":12,"column":3}}],"line":10},"3":{"loc":{"start":{"line":16,"column":2},"end":{"line":18,"column":3}},"type":"if","locations":[{"start":{"line":16,"column":2},"end":{"line":18,"column":3}},{"start":{"line":16,"column":2},"end":{"line":18,"column":3}}],"line":16},"4":{"loc":{"start":{"line":19,"column":2},"end":{"line":21,"column":3}},"type":"if","locations":[{"start":{"line":19,"column":2},"end":{"line":21,"column":3}},{"start":{"line":19,"column":2},"end":{"line":21,"column":3}}],"line":19},"5":{"loc":{"start":{"line":22,"column":2},"end":{"line":24,"column":3}},"type":"if","locations":[{"start":{"line":22,"column":2},"end":{"line":24,"column":3}},{"start":{"line":22,"column":2},"end":{"line":24,"column":3}}],"line":22}},"s":{"0":32,"1":32,"2":2240,"3":2,"4":2238,"5":4,"6":2234,"7":1,"8":32,"9":1943,"10":1,"11":1942,"12":2,"13":1940,"14":1},"f":{"0":2240,"1":1943},"b":{"0":[2,2238],"1":[4,2234],"2":[1,2233],"3":[1,1942],"4":[2,1940],"5":[1,1939]},"_coverageSchema":"332fd63041d2c1bcb487cc26dd0d5f7d97098a6c","hash":"b4f2fc5e46cc69bdb18a4ef0e141df9e570c1e49"}
,"/home/francisco/projects/server/utils/normalize/index.js": {"path":"/home/francisco/projects/server/utils/normalize/index.js","statementMap":{"0":{"start":{"line":5,"column":0},"end":{"line":17,"column":5}},"1":{"start":{"line":5,"column":27},"end":{"line":17,"column":4}}},"fnMap":{"0":{"name":"(anonymous_0)","decl":{"start":{"line":5,"column":17},"end":{"line":5,"column":18}},"loc":{"start":{"line":5,"column":27},"end":{"line":17,"column":4}},"line":5}},"branchMap":{"0":{"loc":{"start":{"line":5,"column":27},"end":{"line":17,"column":4}},"type":"cond-expr","locations":[{"start":{"line":5,"column":62},"end":{"line":7,"column":1}},{"start":{"line":7,"column":5},"end":{"line":17,"column":4}}],"line":5},"1":{"loc":{"start":{"line":7,"column":5},"end":{"line":17,"column":4}},"type":"cond-expr","locations":[{"start":{"line":13,"column":5},"end":{"line":15,"column":3}},{"start":{"line":15,"column":8},"end":{"line":17,"column":3}}],"line":7},"2":{"loc":{"start":{"line":8,"column":2},"end":{"line":12,"column":28}},"type":"binary-expr","locations":[{"start":{"line":8,"column":2},"end":{"line":8,"column":34}},{"start":{"line":9,"column":2},"end":{"line":9,"column":32}},{"start":{"line":10,"column":2},"end":{"line":10,"column":20}},{"start":{"line":11,"column":2},"end":{"line":11,"column":31}},{"start":{"line":12,"column":2},"end":{"line":12,"column":28}}],"line":8}},"s":{"0":31,"1":396},"f":{"0":396},"b":{"0":[43,353],"1":[142,211],"2":[353,352,352,352,223]},"_coverageSchema":"332fd63041d2c1bcb487cc26dd0d5f7d97098a6c","hash":"40ff8df053606e7e0975e2c4129280d6c6997acd"}
}
