TN:
SF:/home/francisco/projects/server/server.js
FN:11,(anonymous_0)
FN:11,(anonymous_1)
FN:11,(anonymous_2)
FN:15,(anonymous_3)
FN:32,(anonymous_4)
FN:53,(anonymous_5)
FNF:6
FNH:6
FNDA:144,(anonymous_0)
FNDA:1326,(anonymous_1)
FNDA:1326,(anonymous_2)
FNDA:24,(anonymous_3)
FNDA:240,(anonymous_4)
FNDA:24,(anonymous_5)
DA:4,2
DA:5,2
DA:6,2
DA:7,2
DA:11,1326
DA:15,2
DA:18,24
DA:26,24
DA:29,24
DA:32,240
DA:35,24
DA:36,96
DA:41,24
DA:44,24
DA:45,48
DA:49,24
DA:50,24
DA:53,24
DA:54,24
DA:55,24
DA:59,24
DA:64,2
DA:65,2
DA:66,2
DA:67,2
DA:68,2
DA:70,2
LF:27
LH:27
BRF:0
BRH:0
end_of_record
TN:
SF:/home/francisco/projects/server/error/index.js
FN:1,(anonymous_0)
FN:9,(anonymous_1)
FN:9,(anonymous_2)
FN:11,(anonymous_3)
FN:14,ErrorInstance
FNF:5
FNH:5
FNDA:4,(anonymous_0)
FNDA:4,(anonymous_1)
FNDA:20,(anonymous_2)
FNDA:7,(anonymous_3)
FNDA:4,ErrorInstance
DA:1,2
DA:2,4
DA:3,4
DA:4,21
DA:6,4
DA:9,20
DA:11,2
DA:12,7
DA:14,7
DA:15,4
DA:16,4
DA:17,4
DA:18,4
DA:19,4
DA:23,2
DA:25,2
LF:16
LH:16
BRDA:4,0,0,1
BRDA:4,0,1,20
BRDA:11,1,0,0
BRDA:11,2,0,3
BRDA:12,3,0,7
BRDA:12,3,1,7
BRDA:14,4,0,0
BRDA:14,5,0,3
BRF:8
BRH:6
end_of_record
TN:
SF:/home/francisco/projects/server/plugins/index.js
FN:12,(anonymous_0)
FNF:1
FNH:1
FNDA:50,(anonymous_0)
DA:7,2
DA:9,2
DA:10,2
DA:11,2
DA:12,50
DA:13,2
DA:15,0
DA:19,2
LF:8
LH:7
BRF:0
BRH:0
end_of_record
TN:
SF:/home/francisco/projects/server/plugins/compress/index.js
FN:14,(anonymous_0)
FNF:1
FNH:1
FNDA:26,(anonymous_0)
DA:1,2
DA:3,2
DA:14,26
LF:3
LH:3
BRF:0
BRH:0
end_of_record
TN:
SF:/home/francisco/projects/server/plugins/express/index.js
FN:4,(anonymous_0)
FN:4,(anonymous_1)
FN:42,(anonymous_2)
FN:69,(anonymous_3)
FN:69,(anonymous_4)
FN:70,(anonymous_5)
FN:71,(anonymous_6)
FN:73,(anonymous_7)
FN:78,(anonymous_8)
FN:78,(anonymous_9)
FN:79,(anonymous_10)
FNF:11
FNH:9
FNDA:0,(anonymous_0)
FNDA:0,(anonymous_1)
FNDA:24,(anonymous_2)
FNDA:24,(anonymous_3)
FNDA:24,(anonymous_4)
FNDA:26,(anonymous_5)
FNDA:26,(anonymous_6)
FNDA:24,(anonymous_7)
FNDA:24,(anonymous_8)
FNDA:24,(anonymous_9)
FNDA:22,(anonymous_10)
DA:1,2
DA:4,2
DA:5,0
DA:6,0
DA:7,0
DA:9,0
DA:14,2
DA:43,24
DA:44,24
DA:47,24
DA:48,96
DA:52,24
DA:55,24
DA:58,24
DA:59,24
DA:63,0
DA:64,0
DA:65,0
DA:66,0
DA:69,24
DA:70,26
DA:71,26
DA:73,24
DA:74,24
DA:75,24
DA:78,24
DA:79,24
LF:27
LH:19
BRDA:55,0,0,0
BRDA:55,0,1,24
BRDA:58,1,0,24
BRDA:58,1,1,0
BRDA:65,2,0,0
BRDA:65,2,1,0
BRDA:79,3,0,0
BRDA:79,3,1,22
BRF:8
BRH:3
end_of_record
TN:
SF:/home/francisco/projects/server/plugins/favicon/index.js
FN:15,(anonymous_0)
FNF:1
FNH:1
FNDA:26,(anonymous_0)
DA:1,2
DA:3,2
DA:15,26
LF:3
LH:3
BRDA:15,0,0,0
BRDA:15,0,1,26
BRDA:15,1,0,26
BRDA:15,1,1,26
BRF:4
BRH:3
end_of_record
TN:
SF:/home/francisco/projects/server/plugins/final/errors.js
FN:3,(anonymous_0)
FNF:1
FNH:0
FNDA:0,(anonymous_0)
DA:1,2
DA:3,2
DA:37,2
DA:63,2
LF:4
LH:4
BRF:0
BRH:0
end_of_record
TN:
SF:/home/francisco/projects/server/plugins/final/index.js
FN:10,(anonymous_0)
FN:26,(anonymous_1)
FNF:2
FNH:1
FNDA:26,(anonymous_0)
FNDA:0,(anonymous_1)
DA:4,2
DA:6,2
DA:7,2
DA:10,2
DA:11,26
DA:12,26
DA:15,0
DA:16,0
DA:20,0
DA:21,0
DA:22,0
DA:26,2
DA:27,0
DA:28,0
DA:29,0
DA:31,0
DA:32,0
DA:35,0
DA:36,0
DA:40,0
DA:43,2
LF:21
LH:8
BRDA:11,0,0,0
BRDA:11,0,1,26
BRDA:12,1,0,26
BRDA:12,1,1,0
BRDA:15,2,0,0
BRDA:15,2,1,0
BRDA:29,3,0,0
BRDA:29,3,1,0
BRDA:31,4,0,0
BRDA:31,4,1,0
BRDA:32,5,0,0
BRDA:32,5,1,0
BRDA:35,6,0,0
BRDA:35,6,1,0
BRDA:35,7,0,0
BRDA:35,7,1,0
BRF:16
BRH:2
end_of_record
TN:
SF:/home/francisco/projects/server/plugins/log/index.js
FN:28,(anonymous_0)
FNF:1
FNH:1
FNDA:24,(anonymous_0)
DA:1,2
DA:3,2
DA:15,2
DA:29,24
DA:33,2
LF:5
LH:5
BRF:0
BRH:0
end_of_record
TN:
SF:/home/francisco/projects/server/plugins/parser/index.js
FN:38,(anonymous_0)
FN:43,(anonymous_1)
FN:45,(anonymous_2)
FN:50,(anonymous_3)
FN:57,(anonymous_4)
FN:64,(anonymous_5)
FN:71,(anonymous_6)
FN:78,(anonymous_7)
FN:88,(anonymous_8)
FNF:9
FNH:9
FNDA:24,(anonymous_0)
FNDA:26,(anonymous_1)
FNDA:104,(anonymous_2)
FNDA:26,(anonymous_3)
FNDA:26,(anonymous_4)
FNDA:26,(anonymous_5)
FNDA:26,(anonymous_6)
FNDA:26,(anonymous_7)
FNDA:26,(anonymous_8)
DA:5,2
DA:38,24
DA:44,26
DA:45,26
DA:46,104
DA:51,26
DA:52,26
DA:53,26
DA:58,26
DA:59,26
DA:60,26
DA:65,26
DA:66,26
DA:67,26
DA:72,26
DA:73,26
DA:74,26
DA:79,26
DA:80,26
DA:84,26
DA:89,26
DA:94,2
LF:22
LH:22
BRDA:38,0,0,0
BRDA:38,0,1,24
BRDA:44,1,0,0
BRDA:44,1,1,26
BRDA:51,2,0,0
BRDA:51,2,1,26
BRDA:58,3,0,0
BRDA:58,3,1,26
BRDA:65,4,0,0
BRDA:65,4,1,26
BRDA:72,5,0,0
BRDA:72,5,1,26
BRDA:79,6,0,0
BRDA:79,6,1,26
BRDA:89,7,0,26
BRDA:89,7,1,26
BRF:16
BRH:9
end_of_record
TN:
SF:/home/francisco/projects/server/plugins/security/index.js
FN:50,(anonymous_0)
FN:53,(anonymous_1)
FN:61,(anonymous_2)
FNF:3
FNH:3
FNDA:5,(anonymous_0)
FNDA:5,(anonymous_1)
FNDA:5,(anonymous_2)
DA:1,2
DA:2,2
DA:4,2
DA:50,5
DA:55,5
DA:56,5
DA:57,5
DA:61,5
LF:8
LH:8
BRDA:50,0,0,5
BRDA:50,0,1,0
BRDA:50,1,0,5
BRDA:50,1,1,5
BRDA:55,2,0,5
BRDA:55,2,1,0
BRDA:55,3,0,5
BRDA:55,3,1,5
BRF:8
BRH:6
end_of_record
TN:
SF:/home/francisco/projects/server/plugins/session/index.js
FN:36,(anonymous_0)
FN:42,(anonymous_1)
FN:43,(anonymous_2)
FN:44,(anonymous_3)
FNF:4
FNH:3
FNDA:24,(anonymous_0)
FNDA:26,(anonymous_1)
FNDA:24,(anonymous_2)
FNDA:0,(anonymous_3)
DA:1,2
DA:4,2
DA:6,2
DA:9,2
DA:37,24
DA:38,0
DA:40,24
DA:42,26
DA:44,24
DA:45,0
LF:10
LH:8
BRDA:37,0,0,0
BRDA:37,0,1,24
BRDA:37,1,0,24
BRDA:37,1,1,24
BRF:4
BRH:3
end_of_record
TN:
SF:/home/francisco/projects/server/plugins/socket/index.js
FN:14,(anonymous_0)
FN:14,(anonymous_1)
FN:24,(anonymous_2)
FN:25,(anonymous_3)
FN:30,(anonymous_4)
FN:31,(anonymous_5)
FN:36,(anonymous_6)
FNF:7
FNH:1
FNDA:0,(anonymous_0)
FNDA:0,(anonymous_1)
FNDA:24,(anonymous_2)
FNDA:0,(anonymous_3)
FNDA:0,(anonymous_4)
FNDA:0,(anonymous_5)
FNDA:0,(anonymous_6)
DA:2,2
DA:3,2
DA:5,2
DA:14,0
DA:15,0
DA:16,0
DA:18,0
DA:19,0
DA:20,0
DA:21,0
DA:25,24
DA:28,24
DA:29,24
DA:30,24
DA:31,0
DA:32,0
DA:33,0
DA:36,0
DA:37,0
DA:40,0
LF:20
LH:7
BRDA:15,0,0,0
BRDA:15,0,1,0
BRDA:16,1,0,0
BRDA:16,1,1,0
BRDA:16,2,0,0
BRDA:16,2,1,0
BRDA:20,3,0,0
BRDA:20,3,1,0
BRF:8
BRH:0
end_of_record
TN:
SF:/home/francisco/projects/server/plugins/static/index.js
FN:11,(anonymous_0)
FNF:1
FNH:1
FNDA:24,(anonymous_0)
DA:1,2
DA:12,24
LF:2
LH:2
BRF:0
BRH:0
end_of_record
TN:
SF:/home/francisco/projects/server/reply/cookie.js
FN:3,(anonymous_0)
FNF:1
FNH:0
FNDA:0,(anonymous_0)
DA:1,2
DA:3,2
LF:2
LH:2
BRF:0
BRH:0
end_of_record
TN:
SF:/home/francisco/projects/server/reply/download.js
FN:3,(anonymous_0)
FNF:1
FNH:0
FNDA:0,(anonymous_0)
DA:1,2
DA:3,2
LF:2
LH:2
BRF:0
BRH:0
end_of_record
TN:
SF:/home/francisco/projects/server/reply/end.js
FN:3,(anonymous_0)
FNF:1
FNH:0
FNDA:0,(anonymous_0)
DA:1,2
DA:3,2
LF:2
LH:2
BRF:0
BRH:0
end_of_record
TN:
SF:/home/francisco/projects/server/reply/file.js
FN:3,(anonymous_0)
FNF:1
FNH:0
FNDA:0,(anonymous_0)
DA:1,2
DA:3,2
LF:2
LH:2
BRF:0
BRH:0
end_of_record
TN:
SF:/home/francisco/projects/server/reply/header.js
FN:3,(anonymous_0)
FNF:1
FNH:0
FNDA:0,(anonymous_0)
DA:1,2
DA:3,2
LF:2
LH:2
BRF:0
BRH:0
end_of_record
TN:
SF:/home/francisco/projects/server/reply/index.js
FNF:0
FNH:0
DA:1,2
LF:1
LH:1
BRF:0
BRH:0
end_of_record
TN:
SF:/home/francisco/projects/server/reply/json.js
FN:3,(anonymous_0)
FNF:1
FNH:0
FNDA:0,(anonymous_0)
DA:1,2
DA:3,2
LF:2
LH:2
BRF:0
BRH:0
end_of_record
TN:
SF:/home/francisco/projects/server/reply/jsonp.js
FN:3,(anonymous_0)
FNF:1
FNH:0
FNDA:0,(anonymous_0)
DA:1,2
DA:3,2
LF:2
LH:2
BRF:0
BRH:0
end_of_record
TN:
SF:/home/francisco/projects/server/reply/redirect.js
FN:3,(anonymous_0)
FNF:1
FNH:0
FNDA:0,(anonymous_0)
DA:1,2
DA:3,2
LF:2
LH:2
BRF:0
BRH:0
end_of_record
TN:
SF:/home/francisco/projects/server/reply/render.js
FN:3,(anonymous_0)
FNF:1
FNH:0
FNDA:0,(anonymous_0)
DA:1,2
DA:3,2
LF:2
LH:2
BRF:0
BRH:0
end_of_record
TN:
SF:/home/francisco/projects/server/reply/reply.js
FN:5,(anonymous_0)
FN:13,(anonymous_1)
FN:14,(anonymous_2)
FN:22,(anonymous_3)
FN:42,(anonymous_4)
FN:46,(anonymous_5)
FN:47,(anonymous_6)
FN:56,(anonymous_7)
FN:57,(anonymous_8)
FN:65,(anonymous_9)
FN:81,(anonymous_10)
FN:85,(anonymous_11)
FN:86,(anonymous_12)
FN:95,(anonymous_13)
FN:96,(anonymous_14)
FN:102,(anonymous_15)
FN:103,(anonymous_16)
FN:109,(anonymous_17)
FN:110,(anonymous_18)
FN:116,(anonymous_19)
FN:117,(anonymous_20)
FN:123,(anonymous_21)
FN:136,(anonymous_22)
FN:136,(anonymous_23)
FN:138,(anonymous_24)
FN:144,(anonymous_25)
FN:151,(anonymous_26)
FN:157,(anonymous_27)
FN:158,(anonymous_28)
FN:166,(anonymous_29)
FN:167,(anonymous_30)
FN:173,(anonymous_31)
FNF:32
FNH:6
FNDA:28,(anonymous_0)
FNDA:0,(anonymous_1)
FNDA:0,(anonymous_2)
FNDA:0,(anonymous_3)
FNDA:0,(anonymous_4)
FNDA:0,(anonymous_5)
FNDA:0,(anonymous_6)
FNDA:0,(anonymous_7)
FNDA:0,(anonymous_8)
FNDA:0,(anonymous_9)
FNDA:0,(anonymous_10)
FNDA:0,(anonymous_11)
FNDA:0,(anonymous_12)
FNDA:0,(anonymous_13)
FNDA:0,(anonymous_14)
FNDA:0,(anonymous_15)
FNDA:0,(anonymous_16)
FNDA:0,(anonymous_17)
FNDA:0,(anonymous_18)
FNDA:0,(anonymous_19)
FNDA:0,(anonymous_20)
FNDA:0,(anonymous_21)
FNDA:0,(anonymous_22)
FNDA:0,(anonymous_23)
FNDA:0,(anonymous_24)
FNDA:28,(anonymous_25)
FNDA:28,(anonymous_26)
FNDA:1,(anonymous_27)
FNDA:1,(anonymous_28)
FNDA:0,(anonymous_29)
FNDA:0,(anonymous_30)
FNDA:28,(anonymous_31)
DA:1,2
DA:2,2
DA:5,2
DA:6,28
DA:7,28
DA:8,28
DA:13,2
DA:14,0
DA:15,0
DA:17,0
DA:22,2
DA:25,0
DA:26,0
DA:29,0
DA:30,0
DA:33,0
DA:34,0
DA:37,0
DA:38,0
DA:39,0
DA:42,0
DA:43,0
DA:44,0
DA:46,0
DA:47,0
DA:51,0
DA:56,2
DA:57,0
DA:58,0
DA:60,0
DA:65,2
DA:68,0
DA:69,0
DA:72,0
DA:73,0
DA:76,0
DA:77,0
DA:78,0
DA:81,0
DA:82,0
DA:83,0
DA:85,0
DA:86,0
DA:90,0
DA:95,2
DA:96,0
DA:97,0
DA:99,0
DA:102,2
DA:103,0
DA:104,0
DA:106,0
DA:109,2
DA:110,0
DA:111,0
DA:113,0
DA:116,2
DA:117,0
DA:118,0
DA:120,0
DA:123,2
DA:126,0
DA:127,0
DA:130,0
DA:131,0
DA:134,0
DA:136,0
DA:138,0
DA:139,0
DA:141,0
DA:144,2
DA:147,28
DA:148,0
DA:151,28
DA:152,28
DA:154,28
DA:157,2
DA:158,1
DA:160,1
DA:161,1
DA:163,1
DA:166,2
DA:167,0
DA:168,0
DA:170,0
DA:173,2
DA:174,28
DA:175,29
DA:177,28
DA:181,2
LF:90
LH:31
BRDA:25,0,0,0
BRDA:25,0,1,0
BRDA:29,1,0,0
BRDA:29,1,1,0
BRDA:33,2,0,0
BRDA:33,2,1,0
BRDA:38,3,0,0
BRDA:38,3,1,0
BRDA:43,4,0,0
BRDA:43,4,1,0
BRDA:47,5,0,0
BRDA:47,5,1,0
BRDA:68,6,0,0
BRDA:68,6,1,0
BRDA:72,7,0,0
BRDA:72,7,1,0
BRDA:76,8,0,0
BRDA:77,9,0,0
BRDA:77,9,1,0
BRDA:82,10,0,0
BRDA:82,10,1,0
BRDA:86,11,0,0
BRDA:86,11,1,0
BRDA:126,12,0,0
BRDA:126,12,1,0
BRDA:130,13,0,0
BRDA:130,13,1,0
BRDA:134,14,0,0
BRDA:138,15,0,0
BRDA:138,15,1,0
BRDA:147,16,0,0
BRDA:147,16,1,28
BRDA:147,17,0,28
BRDA:147,17,1,28
BRDA:147,17,2,0
BRF:35
BRH:3
end_of_record
TN:
SF:/home/francisco/projects/server/reply/send.js
FN:3,(anonymous_0)
FNF:1
FNH:1
FNDA:27,(anonymous_0)
DA:1,2
DA:3,27
LF:2
LH:2
BRF:0
BRH:0
end_of_record
TN:
SF:/home/francisco/projects/server/reply/status.js
FN:3,(anonymous_0)
FNF:1
FNH:1
FNDA:1,(anonymous_0)
DA:1,2
DA:3,2
LF:2
LH:2
BRF:0
BRH:0
end_of_record
TN:
SF:/home/francisco/projects/server/reply/type.js
FN:3,(anonymous_0)
FNF:1
FNH:0
FNDA:0,(anonymous_0)
DA:1,2
DA:3,2
LF:2
LH:2
BRF:0
BRH:0
end_of_record
TN:
SF:/home/francisco/projects/server/router/del.js
FN:5,(anonymous_0)
FNF:1
FNH:1
FNDA:2,(anonymous_0)
DA:2,2
DA:5,2
DA:6,2
LF:3
LH:3
BRF:0
BRH:0
end_of_record
TN:
SF:/home/francisco/projects/server/router/error.js
FN:4,(anonymous_0)
FN:9,(anonymous_1)
FN:10,(anonymous_2)
FNF:3
FNH:3
FNDA:13,(anonymous_0)
FNDA:51,(anonymous_1)
FNDA:10,(anonymous_2)
DA:1,2
DA:2,2
DA:4,2
DA:6,13
DA:7,13
DA:9,13
DA:10,13
DA:13,10
DA:14,10
DA:17,10
DA:19,9
DA:20,9
DA:21,9
DA:23,13
LF:14
LH:14
BRDA:13,0,0,10
BRDA:13,0,1,1
BRDA:17,1,0,1
BRDA:17,1,1,9
BRDA:17,2,0,10
BRDA:17,2,1,2
BRF:6
BRH:6
end_of_record
TN:
SF:/home/francisco/projects/server/router/errors.js
FN:6,(anonymous_0)
FNF:1
FNH:1
FNDA:1,(anonymous_0)
DA:3,1
DA:5,1
DA:6,1
DA:8,1
LF:4
LH:4
BRF:0
BRH:0
end_of_record
TN:
SF:/home/francisco/projects/server/router/generic.js
FN:5,(anonymous_0)
FN:12,(anonymous_1)
FNF:2
FNH:2
FNDA:30,(anonymous_0)
FNDA:31,(anonymous_1)
DA:1,2
DA:2,2
DA:5,2
DA:8,30
DA:10,30
DA:12,30
DA:15,31
DA:18,26
DA:21,23
DA:22,23
DA:23,19
DA:26,19
DA:28,19
LF:13
LH:13
BRDA:10,0,0,30
BRDA:10,0,1,0
BRDA:15,1,0,5
BRDA:15,1,1,26
BRDA:18,2,0,3
BRDA:18,2,1,23
BRDA:22,3,0,4
BRDA:22,3,1,19
BRF:8
BRH:7
end_of_record
TN:
SF:/home/francisco/projects/server/router/get.js
FN:5,(anonymous_0)
FNF:1
FNH:1
FNDA:24,(anonymous_0)
DA:2,2
DA:5,2
DA:6,24
LF:3
LH:3
BRF:0
BRH:0
end_of_record
TN:
SF:/home/francisco/projects/server/router/index.js
FNF:0
FNH:0
DA:8,2
LF:1
LH:1
BRF:0
BRH:0
end_of_record
TN:
SF:/home/francisco/projects/server/router/post.js
FN:5,(anonymous_0)
FNF:1
FNH:1
FNDA:3,(anonymous_0)
DA:2,2
DA:5,2
DA:6,3
LF:3
LH:3
BRF:0
BRH:0
end_of_record
TN:
SF:/home/francisco/projects/server/router/put.js
FN:5,(anonymous_0)
FNF:1
FNH:1
FNDA:1,(anonymous_0)
DA:2,2
DA:5,2
DA:6,1
LF:3
LH:3
BRF:0
BRH:0
end_of_record
TN:
SF:/home/francisco/projects/server/router/sub.js
FN:1,(anonymous_0)
FN:1,(anonymous_1)
FNF:2
FNH:2
FNDA:4,(anonymous_0)
FNDA:4,(anonymous_1)
DA:1,4
DA:2,4
DA:3,4
DA:5,3
DA:6,3
LF:5
LH:5
BRDA:3,0,0,3
BRDA:3,0,1,1
BRDA:3,1,0,4
BRDA:3,1,1,2
BRDA:3,1,2,2
BRDA:3,1,3,2
BRF:6
BRH:6
end_of_record
TN:
SF:/home/francisco/projects/server/test/generic.js
FN:3,(anonymous_0)
FN:3,(anonymous_1)
FNF:2
FNH:2
FNDA:26,(anonymous_0)
FNDA:26,(anonymous_1)
DA:1,2
DA:3,26
DA:4,26
DA:5,26
DA:6,26
DA:7,26
DA:8,0
DA:9,0
DA:12,26
DA:13,26
LF:10
LH:8
BRDA:7,0,0,0
BRDA:7,0,1,26
BRDA:7,1,0,26
BRDA:7,1,1,2
BRF:4
BRH:3
end_of_record
TN:
SF:/home/francisco/projects/server/test/handler.js
FN:3,(anonymous_0)
FNF:1
FNH:1
FNDA:1,(anonymous_0)
DA:1,2
DA:3,2
DA:4,1
DA:5,1
LF:4
LH:4
BRDA:4,0,0,0
BRDA:4,0,1,1
BRF:2
BRH:1
end_of_record
TN:
SF:/home/francisco/projects/server/test/index.js
FN:13,(anonymous_0)
FN:25,(anonymous_1)
FN:25,(anonymous_2)
FN:26,(anonymous_3)
FN:26,(anonymous_4)
FN:27,(anonymous_5)
FN:27,(anonymous_6)
FN:28,(anonymous_7)
FN:28,(anonymous_8)
FN:39,(anonymous_9)
FN:53,(anonymous_10)
FN:64,(anonymous_11)
FN:65,(anonymous_12)
FN:66,(anonymous_13)
FN:67,(anonymous_14)
FN:80,(anonymous_15)
FNF:16
FNH:13
FNDA:24,(anonymous_0)
FNDA:20,(anonymous_1)
FNDA:20,(anonymous_2)
FNDA:2,(anonymous_3)
FNDA:2,(anonymous_4)
FNDA:0,(anonymous_5)
FNDA:0,(anonymous_6)
FNDA:1,(anonymous_7)
FNDA:1,(anonymous_8)
FNDA:24,(anonymous_9)
FNDA:24,(anonymous_10)
FNDA:23,(anonymous_11)
FNDA:2,(anonymous_12)
FNDA:0,(anonymous_13)
FNDA:1,(anonymous_14)
FNDA:24,(anonymous_15)
DA:2,2
DA:3,2
DA:4,2
DA:5,2
DA:6,2
DA:7,2
DA:8,2
DA:9,2
DA:13,2
DA:16,24
DA:19,24
DA:22,24
DA:25,24
DA:26,24
DA:27,24
DA:28,24
DA:31,24
DA:33,24
DA:39,2
DA:41,24
DA:45,24
DA:46,24
DA:53,2
DA:56,24
DA:59,24
DA:63,24
DA:64,23
DA:65,2
DA:66,0
DA:67,1
DA:73,24
DA:74,24
DA:80,24
DA:81,2
DA:84,2
DA:85,2
LF:36
LH:35
BRDA:22,0,0,0
BRDA:22,0,1,24
BRDA:46,1,0,0
BRDA:46,1,1,24
BRDA:73,2,0,24
BRDA:73,2,1,0
BRDA:73,3,0,24
BRDA:73,3,1,24
BRF:8
BRH:5
end_of_record
TN:
SF:/home/francisco/projects/server/test/instance.js
FN:2,(anonymous_0)
FNF:1
FNH:1
FNDA:48,(anonymous_0)
DA:2,2
DA:3,48
LF:2
LH:2
BRDA:2,0,0,0
BRDA:3,1,0,48
BRDA:3,1,1,48
BRDA:3,1,2,0
BRDA:3,1,3,0
BRF:5
BRH:2
end_of_record
TN:
SF:/home/francisco/projects/server/test/normalize.js
FN:3,(anonymous_0)
FNF:1
FNH:1
FNDA:26,(anonymous_0)
DA:3,2
DA:6,26
DA:9,26
DA:10,26
DA:11,0
DA:15,26
DA:16,26
DA:20,26
DA:21,3
DA:25,26
LF:10
LH:9
BRDA:6,0,0,0
BRDA:6,0,1,26
BRDA:10,1,0,0
BRDA:10,1,1,26
BRDA:10,2,0,26
BRDA:10,2,1,26
BRDA:10,2,2,3
BRDA:15,3,0,26
BRDA:15,3,1,0
BRDA:20,4,0,3
BRDA:20,4,1,23
BRDA:20,5,0,26
BRDA:20,5,1,3
BRF:13
BRH:10
end_of_record
TN:
SF:/home/francisco/projects/server/test/options.js
FN:5,(anonymous_0)
FNF:1
FNH:1
FNDA:24,(anonymous_0)
DA:1,2
DA:2,2
DA:5,2
DA:8,24
DA:11,24
LF:5
LH:5
BRDA:5,0,0,0
BRDA:5,1,0,0
BRDA:5,2,0,0
BRDA:8,3,0,0
BRDA:8,3,1,24
BRF:5
BRH:1
end_of_record
TN:
SF:/home/francisco/projects/server/test/port.js
FN:7,(anonymous_0)
FN:10,(anonymous_1)
FNF:2
FNH:2
FNDA:24,(anonymous_0)
FNDA:24,(anonymous_1)
DA:4,2
DA:5,2
DA:7,24
DA:10,2
DA:11,24
DA:14,24
DA:15,0
DA:19,24
DA:20,24
DA:23,2
LF:10
LH:9
BRDA:10,0,0,24
BRDA:14,1,0,0
BRDA:14,1,1,24
BRF:3
BRH:2
end_of_record
TN:
SF:/home/francisco/projects/server/test/wait.js
FN:2,(anonymous_0)
FN:2,(anonymous_1)
FNF:2
FNH:0
FNDA:0,(anonymous_0)
FNDA:0,(anonymous_1)
DA:2,2
DA:3,0
LF:2
LH:1
BRF:0
BRH:0
end_of_record
TN:
SF:/home/francisco/projects/server/utils/index.js
FNF:0
FNH:0
DA:2,2
DA:3,2
DA:4,2
DA:5,2
LF:4
LH:4
BRF:0
BRH:0
end_of_record
TN:
SF:/home/francisco/projects/server/utils/join/index.js
FN:6,(anonymous_0)
FN:31,(anonymous_1)
FN:37,(anonymous_2)
FNF:3
FNH:3
FNDA:552,(anonymous_0)
FNDA:75,(anonymous_1)
FNDA:77,(anonymous_2)
DA:1,2
DA:2,2
DA:3,2
DA:6,2
DA:7,552
DA:10,28
DA:11,1
DA:15,27
DA:16,0
DA:22,27
DA:24,27
DA:25,27
DA:27,0
DA:31,2
DA:34,75
DA:37,75
DA:38,77
DA:39,77
DA:40,561
DA:42,561
DA:44,10
DA:45,10
DA:46,10
DA:47,10
DA:52,551
DA:53,542
DA:56,9
DA:59,77
LF:28
LH:26
BRDA:7,0,0,524
BRDA:7,0,1,28
BRDA:10,1,0,1
BRDA:10,1,1,27
BRDA:15,2,0,0
BRDA:15,2,1,27
BRDA:22,3,0,0
BRDA:22,3,1,27
BRDA:24,4,0,27
BRDA:24,4,1,0
BRDA:42,5,0,10
BRDA:42,5,1,551
BRDA:44,6,0,10
BRDA:44,6,1,0
BRDA:53,7,0,542
BRDA:53,7,1,542
BRF:16
BRH:12
end_of_record
TN:
SF:/home/francisco/projects/server/utils/modern/errors.js
FN:2,(anonymous_0)
FN:14,(anonymous_1)
FN:47,(anonymous_2)
FNF:3
FNH:0
FNDA:0,(anonymous_0)
FNDA:0,(anonymous_1)
FNDA:0,(anonymous_2)
DA:1,2
DA:2,0
DA:5,2
DA:14,2
DA:25,2
DA:38,2
DA:47,2
DA:62,2
LF:8
LH:7
BRF:0
BRH:0
end_of_record
TN:
SF:/home/francisco/projects/server/utils/modern/index.js
FN:12,(anonymous_0)
FN:18,(anonymous_1)
FN:18,(anonymous_2)
FN:28,(anonymous_3)
FNF:4
FNH:4
FNDA:320,(anonymous_0)
FNDA:322,(anonymous_1)
FNDA:322,(anonymous_2)
FNDA:322,(anonymous_3)
DA:4,2
DA:9,2
DA:12,2
DA:15,320
DA:18,322
DA:21,322
DA:22,0
DA:25,322
DA:28,322
DA:31,322
LF:10
LH:9
BRDA:21,0,0,0
BRDA:21,0,1,322
BRDA:28,1,0,0
BRDA:28,1,1,322
BRF:4
BRH:2
end_of_record
TN:
SF:/home/francisco/projects/server/utils/modern/validate.js
FN:3,(anonymous_0)
FN:15,(anonymous_1)
FNF:2
FNH:2
FNDA:320,(anonymous_0)
FNDA:322,(anonymous_1)
DA:1,2
DA:3,2
DA:4,320
DA:5,0
DA:7,320
DA:8,0
DA:10,320
DA:11,0
DA:15,2
DA:16,322
DA:17,0
DA:19,322
DA:20,0
DA:22,322
DA:23,0
LF:15
LH:9
BRDA:4,0,0,0
BRDA:4,0,1,320
BRDA:7,1,0,0
BRDA:7,1,1,320
BRDA:10,2,0,0
BRDA:10,2,1,320
BRDA:16,3,0,0
BRDA:16,3,1,322
BRDA:19,4,0,0
BRDA:19,4,1,322
BRDA:22,5,0,0
BRDA:22,5,1,322
BRF:12
BRH:6
end_of_record
TN:
SF:/home/francisco/projects/server/utils/normalize/index.js
FN:5,(anonymous_0)
FNF:1
FNH:1
FNDA:91,(anonymous_0)
DA:5,91
LF:1
LH:1
BRDA:5,0,0,36
BRDA:5,0,1,55
BRDA:7,1,0,29
BRDA:7,1,1,26
BRDA:8,2,0,55
BRDA:8,2,1,55
BRDA:8,2,2,55
BRDA:8,2,3,55
BRDA:8,2,4,32
BRF:9
BRH:9
end_of_record
TN:
SF:/home/francisco/projects/server/utils/options/env.js
FN:6,(anonymous_0)
FN:7,(anonymous_1)
FN:8,(anonymous_2)
FN:11,(anonymous_3)
FNF:4
FNH:4
FNDA:206,(anonymous_0)
FNDA:182,(anonymous_1)
FNDA:174,(anonymous_2)
FNDA:216,(anonymous_3)
DA:2,2
DA:5,2
DA:6,206
DA:7,182
DA:8,174
DA:11,2
DA:12,216
DA:13,206
DA:14,206
DA:15,182
DA:16,174
DA:17,174
DA:19,2
DA:21,164
DA:24,2
DA:25,2
DA:26,216
DA:29,2
LF:18
LH:18
BRDA:8,0,0,174
BRDA:8,0,1,10
BRDA:12,1,0,10
BRDA:12,1,1,206
BRDA:13,2,0,0
BRDA:13,2,1,206
BRDA:14,3,0,24
BRDA:14,3,1,182
BRDA:15,4,0,8
BRDA:15,4,1,174
BRDA:17,5,0,10
BRDA:17,5,1,164
BRF:12
BRH:11
end_of_record
TN:
SF:/home/francisco/projects/server/utils/options/errors.js
FN:2,(anonymous_0)
FN:16,(anonymous_1)
FN:21,(anonymous_2)
FN:27,(anonymous_3)
FN:32,(anonymous_4)
FN:41,(anonymous_5)
FN:46,(anonymous_6)
FN:51,(anonymous_7)
FN:56,(anonymous_8)
FNF:9
FNH:0
FNDA:0,(anonymous_0)
FNDA:0,(anonymous_1)
FNDA:0,(anonymous_2)
FNDA:0,(anonymous_3)
FNDA:0,(anonymous_4)
FNDA:0,(anonymous_5)
FNDA:0,(anonymous_6)
FNDA:0,(anonymous_7)
FNDA:0,(anonymous_8)
DA:1,2
DA:2,0
DA:5,2
DA:11,2
DA:16,2
DA:21,2
DA:27,2
DA:32,2
DA:41,2
DA:46,2
DA:51,2
DA:56,2
DA:61,2
DA:67,2
DA:73,2
LF:15
LH:14
BRDA:35,0,0,0
BRDA:35,0,1,0
BRF:2
BRH:0
end_of_record
TN:
SF:/home/francisco/projects/server/utils/options/index.js
FN:7,(anonymous_0)
FN:13,(anonymous_1)
FNF:2
FNH:2
FNDA:24,(anonymous_0)
FNDA:240,(anonymous_1)
DA:1,2
DA:2,2
DA:3,2
DA:7,2
DA:10,24
DA:13,24
DA:14,240
DA:17,24
LF:8
LH:8
BRDA:7,0,0,0
BRDA:7,1,0,0
BRDA:13,2,0,0
BRDA:13,3,0,24
BRF:4
BRH:1
end_of_record
TN:
SF:/home/francisco/projects/server/utils/options/parse.js
FN:13,(anonymous_0)
FN:21,(anonymous_1)
FN:98,(anonymous_2)
FN:146,(anonymous_3)
FNF:4
FNH:4
FNDA:264,(anonymous_0)
FNDA:711,(anonymous_1)
FNDA:4388,(anonymous_2)
FNDA:533,(anonymous_3)
DA:5,2
DA:6,2
DA:13,2
DA:16,264
DA:17,19
DA:21,245
DA:25,711
DA:26,0
DA:27,0
DA:29,0
DA:30,0
DA:32,0
DA:36,711
DA:39,711
DA:40,28100
DA:43,711
DA:49,245
DA:52,245
DA:56,1241
DA:60,1241
DA:63,1097
DA:64,0
DA:68,1097
DA:69,0
DA:73,1097
DA:74,1049
DA:75,48
DA:76,0
DA:80,1097
DA:81,1073
DA:82,24
DA:83,0
DA:87,1097
DA:88,1097
DA:93,1097
DA:98,4388
DA:99,1097
DA:100,605
DA:105,1097
DA:106,24
DA:110,1097
DA:111,72
DA:112,48
DA:114,72
DA:115,72
DA:116,24
DA:121,1097
DA:122,48
DA:130,1097
DA:131,0
DA:136,1097
DA:137,0
DA:141,1097
DA:144,389
DA:146,533
DA:149,389
DA:150,0
DA:156,1097
DA:157,0
DA:158,0
DA:159,0
DA:162,1097
DA:163,605
DA:168,245
DA:169,1241
DA:170,1241
DA:171,0
DA:175,245
LF:68
LH:52
BRDA:16,0,0,19
BRDA:16,0,1,245
BRDA:21,1,0,0
BRDA:21,2,0,0
BRDA:21,3,0,24
BRDA:21,4,0,221
BRDA:25,5,0,0
BRDA:25,5,1,711
BRDA:26,6,0,0
BRDA:26,6,1,0
BRDA:29,7,0,0
BRDA:29,7,1,0
BRDA:60,8,0,144
BRDA:60,8,1,1097
BRDA:63,9,0,0
BRDA:63,9,1,1097
BRDA:68,10,0,0
BRDA:68,10,1,1097
BRDA:73,11,0,1049
BRDA:73,11,1,48
BRDA:74,12,0,0
BRDA:74,12,1,1049
BRDA:74,13,0,1049
BRDA:74,13,1,95
BRDA:75,14,0,0
BRDA:75,14,1,48
BRDA:75,15,0,48
BRDA:75,15,1,0
BRDA:80,16,0,1073
BRDA:80,16,1,24
BRDA:81,17,0,0
BRDA:81,17,1,1073
BRDA:81,18,0,1073
BRDA:81,18,1,68
BRDA:82,19,0,0
BRDA:82,19,1,24
BRDA:82,20,0,24
BRDA:82,20,1,0
BRDA:87,21,0,1097
BRDA:87,21,1,0
BRDA:88,22,0,4
BRDA:88,22,1,1093
BRDA:88,23,0,1093
BRDA:88,23,1,87
BRDA:99,24,0,605
BRDA:99,24,1,492
BRDA:105,25,0,24
BRDA:105,25,1,1073
BRDA:105,26,0,1097
BRDA:105,26,1,24
BRDA:106,27,0,24
BRDA:106,27,1,0
BRDA:110,28,0,72
BRDA:110,28,1,1025
BRDA:110,29,0,1097
BRDA:110,29,1,1049
BRDA:110,29,2,96
BRDA:111,30,0,48
BRDA:111,30,1,24
BRDA:115,31,0,24
BRDA:115,31,1,48
BRDA:115,32,0,72
BRDA:115,32,1,48
BRDA:121,33,0,48
BRDA:121,33,1,1049
BRDA:130,34,0,0
BRDA:130,34,1,1097
BRDA:130,35,0,1097
BRDA:130,35,1,0
BRDA:136,36,0,0
BRDA:136,36,1,1097
BRDA:136,37,0,1097
BRDA:136,37,1,48
BRDA:136,37,2,48
BRDA:141,38,0,389
BRDA:141,38,1,708
BRDA:141,39,0,1097
BRDA:141,39,1,509
BRDA:144,40,0,366
BRDA:144,40,1,23
BRDA:146,41,0,45
BRDA:146,41,1,488
BRDA:149,42,0,0
BRDA:149,42,1,389
BRDA:156,43,0,0
BRDA:156,43,1,1097
BRDA:158,44,0,0
BRDA:158,44,1,0
BRDA:159,45,0,0
BRDA:159,45,1,0
BRDA:162,46,0,605
BRDA:162,46,1,492
BRDA:170,47,0,0
BRDA:170,47,1,1241
BRF:94
BRH:67
end_of_record
TN:
SF:/home/francisco/projects/server/utils/options/schema.js
FN:15,(anonymous_0)
FNF:1
FNH:1
FNDA:24,(anonymous_0)
DA:1,2
DA:2,2
DA:3,2
DA:5,2
DA:16,24
DA:17,0
DA:18,0
DA:19,0
DA:21,24
LF:9
LH:6
BRDA:16,0,0,0
BRDA:16,0,1,24
BRDA:16,1,0,24
BRDA:16,1,1,0
BRDA:17,2,0,0
BRDA:17,2,1,0
BRDA:18,3,0,0
BRDA:18,3,1,0
BRF:8
BRH:2
end_of_record
