TN:
SF:/home/francisco/projects/server/server.js
FN:11,(anonymous_0)
FN:11,(anonymous_1)
FN:11,(anonymous_2)
FN:15,(anonymous_3)
FN:32,(anonymous_4)
FN:53,(anonymous_5)
FNF:6
FNH:6
FNDA:879,(anonymous_0)
FNDA:8544,(anonymous_1)
FNDA:8544,(anonymous_2)
FNDA:148,(anonymous_3)
FNDA:1470,(anonymous_4)
FNDA:144,(anonymous_5)
DA:4,31
DA:5,31
DA:6,31
DA:7,31
DA:11,8544
DA:15,31
DA:18,148
DA:26,148
DA:29,148
DA:32,1470
DA:35,147
DA:36,588
DA:41,147
DA:44,147
DA:45,294
DA:49,147
DA:50,147
DA:53,147
DA:54,144
DA:55,144
DA:59,147
DA:64,31
DA:65,31
DA:66,31
DA:67,31
DA:68,31
DA:70,31
LF:27
LH:27
BRF:0
BRH:0
end_of_record
TN:
SF:/home/francisco/projects/server/error/index.js
FN:1,(anonymous_0)
FN:9,(anonymous_1)
FN:9,(anonymous_2)
FN:11,(anonymous_3)
FN:14,ErrorInstance
FNF:5
FNH:5
FNDA:54,(anonymous_0)
FNDA:54,(anonymous_1)
FNDA:233,(anonymous_2)
FNDA:116,(anonymous_3)
FNDA:54,ErrorInstance
DA:1,36
DA:2,54
DA:3,54
DA:4,349
DA:6,54
DA:9,233
DA:11,36
DA:12,116
DA:14,116
DA:15,54
DA:16,54
DA:17,54
DA:18,54
DA:19,54
DA:23,36
DA:25,36
LF:16
LH:16
BRDA:4,0,0,60
BRDA:4,0,1,289
BRDA:11,1,0,2
BRDA:11,2,0,46
BRDA:12,3,0,116
BRDA:12,3,1,116
BRDA:14,4,0,3
BRDA:14,5,0,21
BRF:8
BRH:8
end_of_record
TN:
SF:/home/francisco/projects/server/plugins/index.js
FN:12,(anonymous_0)
FNF:1
FNH:1
FNDA:775,(anonymous_0)
DA:7,32
DA:9,32
DA:10,32
DA:11,32
DA:12,775
DA:13,31
DA:15,1
DA:19,31
LF:8
LH:8
BRF:0
BRH:0
end_of_record
TN:
SF:/home/francisco/projects/server/plugins/compress/index.js
FN:14,(anonymous_0)
FNF:1
FNH:1
FNDA:165,(anonymous_0)
DA:1,31
DA:3,31
DA:14,165
LF:3
LH:3
BRF:0
BRH:0
end_of_record
TN:
SF:/home/francisco/projects/server/plugins/express/index.js
FN:4,(anonymous_0)
FN:4,(anonymous_1)
FN:42,(anonymous_2)
FN:69,(anonymous_3)
FN:69,(anonymous_4)
FN:70,(anonymous_5)
FN:71,(anonymous_6)
FN:73,(anonymous_7)
FN:78,(anonymous_8)
FN:78,(anonymous_9)
FN:79,(anonymous_10)
FNF:11
FNH:11
FNDA:3,(anonymous_0)
FNDA:2,(anonymous_1)
FNDA:147,(anonymous_2)
FNDA:147,(anonymous_3)
FNDA:147,(anonymous_4)
FNDA:146,(anonymous_5)
FNDA:146,(anonymous_6)
FNDA:147,(anonymous_7)
FNDA:144,(anonymous_8)
FNDA:144,(anonymous_9)
FNDA:116,(anonymous_10)
DA:1,31
DA:4,31
DA:5,2
DA:6,2
DA:7,1
DA:9,1
DA:14,31
DA:43,147
DA:44,147
DA:47,147
DA:48,594
DA:52,147
DA:55,147
DA:58,146
DA:59,142
DA:63,4
DA:64,4
DA:65,4
DA:66,4
DA:69,147
DA:70,147
DA:71,147
DA:73,147
DA:74,147
DA:75,147
DA:78,144
DA:79,144
LF:27
LH:27
BRDA:55,0,0,1
BRDA:55,0,1,146
BRDA:58,1,0,142
BRDA:58,1,1,4
BRDA:65,2,0,1
BRDA:65,2,1,3
BRDA:79,3,0,1
BRDA:79,3,1,115
BRF:8
BRH:8
end_of_record
TN:
SF:/home/francisco/projects/server/plugins/favicon/index.js
FN:15,(anonymous_0)
FNF:1
FNH:1
FNDA:167,(anonymous_0)
DA:1,31
DA:3,31
DA:15,167
LF:3
LH:3
BRDA:15,0,0,1
BRDA:15,0,1,166
BRDA:15,1,0,167
BRDA:15,1,1,167
BRF:4
BRH:4
end_of_record
TN:
SF:/home/francisco/projects/server/plugins/final/errors.js
FN:3,(anonymous_0)
FNF:1
FNH:1
FNDA:2,(anonymous_0)
DA:1,31
DA:3,31
DA:37,31
DA:63,31
LF:4
LH:4
BRF:0
BRH:0
end_of_record
TN:
SF:/home/francisco/projects/server/plugins/final/index.js
FN:10,(anonymous_0)
FN:26,(anonymous_1)
FNF:2
FNH:2
FNDA:159,(anonymous_0)
FNDA:7,(anonymous_1)
DA:4,31
DA:6,31
DA:7,31
DA:10,31
DA:11,159
DA:12,137
DA:15,10
DA:16,8
DA:20,2
DA:21,2
DA:22,2
DA:26,31
DA:27,7
DA:28,7
DA:29,7
DA:31,6
DA:32,6
DA:35,6
DA:36,5
DA:40,1
DA:43,31
LF:21
LH:21
BRDA:11,0,0,22
BRDA:11,0,1,137
BRDA:12,1,0,127
BRDA:12,1,1,10
BRDA:15,2,0,8
BRDA:15,2,1,2
BRDA:29,3,0,1
BRDA:29,3,1,6
BRDA:31,4,0,6
BRDA:31,4,1,5
BRDA:32,5,0,5
BRDA:32,5,1,1
BRDA:35,6,0,5
BRDA:35,6,1,1
BRDA:35,7,0,6
BRDA:35,7,1,4
BRF:16
BRH:16
end_of_record
TN:
SF:/home/francisco/projects/server/plugins/log/index.js
FN:28,(anonymous_0)
FNF:1
FNH:1
FNDA:147,(anonymous_0)
DA:1,31
DA:3,31
DA:15,31
DA:29,147
DA:33,31
LF:5
LH:5
BRF:0
BRH:0
end_of_record
TN:
SF:/home/francisco/projects/server/plugins/parser/index.js
FN:38,(anonymous_0)
FN:43,(anonymous_1)
FN:45,(anonymous_2)
FN:50,(anonymous_3)
FN:57,(anonymous_4)
FN:64,(anonymous_5)
FN:71,(anonymous_6)
FN:78,(anonymous_7)
FN:88,(anonymous_8)
FNF:9
FNH:9
FNDA:148,(anonymous_0)
FNDA:168,(anonymous_1)
FNDA:662,(anonymous_2)
FNDA:168,(anonymous_3)
FNDA:168,(anonymous_4)
FNDA:168,(anonymous_5)
FNDA:168,(anonymous_6)
FNDA:168,(anonymous_7)
FNDA:168,(anonymous_8)
DA:5,31
DA:38,148
DA:44,168
DA:45,167
DA:46,662
DA:51,168
DA:52,167
DA:53,167
DA:58,168
DA:59,167
DA:60,167
DA:65,168
DA:66,167
DA:67,167
DA:72,168
DA:73,167
DA:74,167
DA:79,168
DA:80,167
DA:84,167
DA:89,168
DA:94,31
LF:22
LH:22
BRDA:38,0,0,1
BRDA:38,0,1,147
BRDA:44,1,0,1
BRDA:44,1,1,167
BRDA:51,2,0,1
BRDA:51,2,1,167
BRDA:58,3,0,1
BRDA:58,3,1,167
BRDA:65,4,0,1
BRDA:65,4,1,167
BRDA:72,5,0,1
BRDA:72,5,1,167
BRDA:79,6,0,1
BRDA:79,6,1,167
BRDA:89,7,0,168
BRDA:89,7,1,160
BRF:16
BRH:16
end_of_record
TN:
SF:/home/francisco/projects/server/plugins/security/index.js
FN:50,(anonymous_0)
FN:53,(anonymous_1)
FN:61,(anonymous_2)
FNF:3
FNH:3
FNDA:125,(anonymous_0)
FNDA:125,(anonymous_1)
FNDA:125,(anonymous_2)
DA:1,31
DA:2,31
DA:4,31
DA:50,125
DA:55,125
DA:56,102
DA:57,102
DA:61,125
LF:8
LH:8
BRDA:50,0,0,124
BRDA:50,0,1,1
BRDA:50,1,0,125
BRDA:50,1,1,125
BRDA:55,2,0,102
BRDA:55,2,1,23
BRDA:55,3,0,125
BRDA:55,3,1,103
BRF:8
BRH:8
end_of_record
TN:
SF:/home/francisco/projects/server/plugins/session/index.js
FN:36,(anonymous_0)
FN:42,(anonymous_1)
FN:43,(anonymous_2)
FN:44,(anonymous_3)
FNF:4
FNH:4
FNDA:147,(anonymous_0)
FNDA:167,(anonymous_1)
FNDA:147,(anonymous_2)
FNDA:7,(anonymous_3)
DA:1,31
DA:4,31
DA:6,31
DA:9,31
DA:37,147
DA:38,1
DA:40,147
DA:42,167
DA:44,147
DA:45,7
LF:10
LH:10
BRDA:37,0,0,1
BRDA:37,0,1,146
BRDA:37,1,0,147
BRDA:37,1,1,147
BRF:4
BRH:4
end_of_record
TN:
SF:/home/francisco/projects/server/plugins/socket/index.js
FN:14,(anonymous_0)
FN:14,(anonymous_1)
FN:24,(anonymous_2)
FN:25,(anonymous_3)
FN:30,(anonymous_4)
FN:31,(anonymous_5)
FN:36,(anonymous_6)
FNF:7
FNH:7
FNDA:11,(anonymous_0)
FNDA:36,(anonymous_1)
FNDA:147,(anonymous_2)
FNDA:22,(anonymous_3)
FNDA:7,(anonymous_4)
FNDA:8,(anonymous_5)
FNDA:7,(anonymous_6)
DA:2,31
DA:3,31
DA:5,31
DA:14,11
DA:15,36
DA:16,29
DA:18,16
DA:19,16
DA:20,16
DA:21,1
DA:25,147
DA:28,147
DA:29,147
DA:30,147
DA:31,7
DA:32,8
DA:33,8
DA:36,7
DA:37,7
DA:40,7
LF:20
LH:20
BRDA:15,0,0,7
BRDA:15,0,1,29
BRDA:16,1,0,13
BRDA:16,1,1,16
BRDA:16,2,0,29
BRDA:16,2,1,19
BRDA:20,3,0,1
BRDA:20,3,1,15
BRF:8
BRH:8
end_of_record
TN:
SF:/home/francisco/projects/server/plugins/static/index.js
FN:11,(anonymous_0)
FNF:1
FNH:1
FNDA:147,(anonymous_0)
DA:1,31
DA:12,147
LF:2
LH:2
BRF:0
BRH:0
end_of_record
TN:
SF:/home/francisco/projects/server/reply/cookie.js
FN:3,(anonymous_0)
FNF:1
FNH:1
FNDA:2,(anonymous_0)
DA:1,32
DA:3,32
LF:2
LH:2
BRF:0
BRH:0
end_of_record
TN:
SF:/home/francisco/projects/server/reply/download.js
FN:3,(anonymous_0)
FNF:1
FNH:1
FNDA:6,(anonymous_0)
DA:1,32
DA:3,32
LF:2
LH:2
BRF:0
BRH:0
end_of_record
TN:
SF:/home/francisco/projects/server/reply/end.js
FN:3,(anonymous_0)
FNF:1
FNH:1
FNDA:1,(anonymous_0)
DA:1,32
DA:3,32
LF:2
LH:2
BRF:0
BRH:0
end_of_record
TN:
SF:/home/francisco/projects/server/reply/file.js
FN:3,(anonymous_0)
FNF:1
FNH:1
FNDA:9,(anonymous_0)
DA:1,32
DA:3,32
LF:2
LH:2
BRF:0
BRH:0
end_of_record
TN:
SF:/home/francisco/projects/server/reply/header.js
FN:3,(anonymous_0)
FNF:1
FNH:1
FNDA:1,(anonymous_0)
DA:1,32
DA:3,32
LF:2
LH:2
BRF:0
BRH:0
end_of_record
TN:
SF:/home/francisco/projects/server/reply/index.js
FNF:0
FNH:0
DA:1,32
LF:1
LH:1
BRF:0
BRH:0
end_of_record
TN:
SF:/home/francisco/projects/server/reply/json.js
FN:3,(anonymous_0)
FNF:1
FNH:1
FNDA:1,(anonymous_0)
DA:1,32
DA:3,32
LF:2
LH:2
BRF:0
BRH:0
end_of_record
TN:
SF:/home/francisco/projects/server/reply/jsonp.js
FN:3,(anonymous_0)
FNF:1
FNH:1
FNDA:1,(anonymous_0)
DA:1,32
DA:3,32
LF:2
LH:2
BRF:0
BRH:0
end_of_record
TN:
SF:/home/francisco/projects/server/reply/redirect.js
FN:3,(anonymous_0)
FNF:1
FNH:1
FNDA:2,(anonymous_0)
DA:1,32
DA:3,32
LF:2
LH:2
BRF:0
BRH:0
end_of_record
TN:
SF:/home/francisco/projects/server/reply/render.js
FN:3,(anonymous_0)
FNF:1
FNH:1
FNDA:8,(anonymous_0)
DA:1,32
DA:3,32
LF:2
LH:2
BRF:0
BRH:0
end_of_record
TN:
SF:/home/francisco/projects/server/reply/reply.js
FN:6,(anonymous_0)
FN:14,(anonymous_1)
FN:15,(anonymous_2)
FN:23,(anonymous_3)
FN:43,(anonymous_4)
FN:55,(anonymous_5)
FN:56,(anonymous_6)
FN:64,(anonymous_7)
FN:80,(anonymous_8)
FN:92,(anonymous_9)
FN:93,(anonymous_10)
FN:99,(anonymous_11)
FN:100,(anonymous_12)
FN:106,(anonymous_13)
FN:107,(anonymous_14)
FN:113,(anonymous_15)
FN:114,(anonymous_16)
FN:120,(anonymous_17)
FN:134,(anonymous_18)
FN:142,(anonymous_19)
FN:149,(anonymous_20)
FN:155,(anonymous_21)
FN:156,(anonymous_22)
FN:164,(anonymous_23)
FN:165,(anonymous_24)
FN:171,(anonymous_25)
FNF:26
FNH:26
FNDA:170,(anonymous_0)
FNDA:2,(anonymous_1)
FNDA:2,(anonymous_2)
FNDA:6,(anonymous_3)
FNDA:3,(anonymous_4)
FNDA:4,(anonymous_5)
FNDA:4,(anonymous_6)
FNDA:10,(anonymous_7)
FNDA:3,(anonymous_8)
FNDA:1,(anonymous_9)
FNDA:1,(anonymous_10)
FNDA:1,(anonymous_11)
FNDA:1,(anonymous_12)
FNDA:1,(anonymous_13)
FNDA:1,(anonymous_14)
FNDA:2,(anonymous_15)
FNDA:2,(anonymous_16)
FNDA:8,(anonymous_17)
FNDA:6,(anonymous_18)
FNDA:131,(anonymous_19)
FNDA:130,(anonymous_20)
FNDA:34,(anonymous_21)
FNDA:34,(anonymous_22)
FNDA:1,(anonymous_23)
FNDA:1,(anonymous_24)
FNDA:158,(anonymous_25)
DA:1,32
DA:2,32
DA:3,32
DA:6,32
DA:7,170
DA:8,170
DA:9,162
DA:14,32
DA:15,2
DA:16,2
DA:18,2
DA:23,32
DA:26,6
DA:27,1
DA:30,5
DA:31,1
DA:34,4
DA:35,1
DA:38,3
DA:39,3
DA:40,2
DA:43,3
DA:44,3
DA:45,1
DA:47,2
DA:50,3
DA:55,32
DA:56,4
DA:57,4
DA:59,4
DA:64,32
DA:67,10
DA:68,1
DA:71,9
DA:72,1
DA:75,8
DA:76,8
DA:77,7
DA:80,8
DA:81,3
DA:82,1
DA:84,2
DA:87,8
DA:92,32
DA:93,1
DA:94,1
DA:96,1
DA:99,32
DA:100,1
DA:101,1
DA:103,1
DA:106,32
DA:107,1
DA:108,1
DA:110,1
DA:113,32
DA:114,2
DA:115,2
DA:117,2
DA:120,32
DA:123,8
DA:124,1
DA:127,7
DA:128,1
DA:131,6
DA:134,6
DA:135,6
DA:136,3
DA:139,6
DA:142,32
DA:145,131
DA:146,1
DA:149,130
DA:150,130
DA:152,130
DA:155,32
DA:156,34
DA:158,34
DA:159,34
DA:161,34
DA:164,32
DA:165,1
DA:166,1
DA:168,1
DA:171,32
DA:172,158
DA:173,188
DA:175,147
DA:179,32
LF:89
LH:89
BRDA:26,0,0,1
BRDA:26,0,1,5
BRDA:30,1,0,1
BRDA:30,1,1,4
BRDA:34,2,0,1
BRDA:34,2,1,3
BRDA:39,3,0,2
BRDA:39,3,1,1
BRDA:44,4,0,1
BRDA:44,4,1,2
BRDA:67,5,0,1
BRDA:67,5,1,9
BRDA:71,6,0,1
BRDA:71,6,1,8
BRDA:75,7,0,5
BRDA:76,8,0,7
BRDA:76,8,1,1
BRDA:81,9,0,1
BRDA:81,9,1,2
BRDA:123,10,0,1
BRDA:123,10,1,7
BRDA:127,11,0,1
BRDA:127,11,1,6
BRDA:131,12,0,6
BRDA:145,13,0,1
BRDA:145,13,1,130
BRDA:145,14,0,131
BRDA:145,14,1,119
BRDA:145,14,2,1
BRF:29
BRH:29
end_of_record
TN:
SF:/home/francisco/projects/server/reply/send.js
FN:3,(anonymous_0)
FNF:1
FNH:1
FNDA:104,(anonymous_0)
DA:1,32
DA:3,104
LF:2
LH:2
BRF:0
BRH:0
end_of_record
TN:
SF:/home/francisco/projects/server/reply/status.js
FN:3,(anonymous_0)
FNF:1
FNH:1
FNDA:34,(anonymous_0)
DA:1,32
DA:3,34
LF:2
LH:2
BRF:0
BRH:0
end_of_record
TN:
SF:/home/francisco/projects/server/reply/type.js
FN:3,(anonymous_0)
FNF:1
FNH:1
FNDA:1,(anonymous_0)
DA:1,32
DA:3,32
LF:2
LH:2
BRF:0
BRH:0
end_of_record
TN:
SF:/home/francisco/projects/server/router/del.js
FN:5,(anonymous_0)
FNF:1
FNH:1
FNDA:2,(anonymous_0)
DA:2,31
DA:5,31
DA:6,2
LF:3
LH:3
BRF:0
BRH:0
end_of_record
TN:
SF:/home/francisco/projects/server/router/error.js
FN:4,(anonymous_0)
FN:9,(anonymous_1)
FN:10,(anonymous_2)
FNF:3
FNH:3
FNDA:71,(anonymous_0)
FNDA:295,(anonymous_1)
FNDA:37,(anonymous_2)
DA:1,31
DA:2,31
DA:4,31
DA:6,71
DA:7,71
DA:9,71
DA:10,71
DA:13,37
DA:14,37
DA:17,37
DA:19,36
DA:20,36
DA:21,36
DA:23,71
LF:14
LH:14
BRDA:13,0,0,37
BRDA:13,0,1,27
BRDA:17,1,0,1
BRDA:17,1,1,36
BRDA:17,2,0,37
BRDA:17,2,1,2
BRF:6
BRH:6
end_of_record
TN:
SF:/home/francisco/projects/server/router/errors.js
FN:6,(anonymous_0)
FNF:1
FNH:1
FNDA:1,(anonymous_0)
DA:3,1
DA:5,1
DA:6,1
DA:8,1
LF:4
LH:4
BRF:0
BRH:0
end_of_record
TN:
SF:/home/francisco/projects/server/router/generic.js
FN:5,(anonymous_0)
FN:12,(anonymous_1)
FNF:2
FNH:2
FNDA:39,(anonymous_0)
FNDA:48,(anonymous_1)
DA:1,31
DA:2,31
DA:5,31
DA:8,39
DA:10,39
DA:12,39
DA:15,48
DA:18,40
DA:21,36
DA:22,36
DA:23,30
DA:26,30
DA:28,30
LF:13
LH:13
BRDA:15,0,0,8
BRDA:15,0,1,40
BRDA:18,1,0,4
BRDA:18,1,1,36
BRDA:22,2,0,6
BRDA:22,2,1,30
BRF:6
BRH:6
end_of_record
TN:
SF:/home/francisco/projects/server/router/get.js
FN:5,(anonymous_0)
FNF:1
FNH:1
FNDA:32,(anonymous_0)
DA:2,31
DA:5,31
DA:6,32
LF:3
LH:3
BRF:0
BRH:0
end_of_record
TN:
SF:/home/francisco/projects/server/router/index.js
FNF:0
FNH:0
DA:8,31
LF:1
LH:1
BRF:0
BRH:0
end_of_record
TN:
SF:/home/francisco/projects/server/router/post.js
FN:5,(anonymous_0)
FNF:1
FNH:1
FNDA:4,(anonymous_0)
DA:2,31
DA:5,31
DA:6,4
LF:3
LH:3
BRF:0
BRH:0
end_of_record
TN:
SF:/home/francisco/projects/server/router/put.js
FN:5,(anonymous_0)
FNF:1
FNH:1
FNDA:1,(anonymous_0)
DA:2,31
DA:5,31
DA:6,1
LF:3
LH:3
BRF:0
BRH:0
end_of_record
TN:
SF:/home/francisco/projects/server/router/sub.js
FN:1,(anonymous_0)
FN:1,(anonymous_1)
FNF:2
FNH:2
FNDA:4,(anonymous_0)
FNDA:4,(anonymous_1)
DA:1,31
DA:2,4
DA:3,4
DA:5,3
DA:6,3
LF:5
LH:5
BRDA:3,0,0,3
BRDA:3,0,1,1
BRDA:3,1,0,4
BRDA:3,1,1,2
BRDA:3,1,2,2
BRDA:3,1,3,2
BRF:6
BRH:6
end_of_record
TN:
SF:/home/francisco/projects/server/test/generic.js
FN:3,(anonymous_0)
FN:3,(anonymous_1)
FNF:2
FNH:2
FNDA:144,(anonymous_0)
FNDA:144,(anonymous_1)
DA:1,29
DA:3,144
DA:4,144
DA:5,144
DA:6,144
DA:7,144
DA:8,12
DA:9,12
DA:12,144
DA:13,144
LF:10
LH:10
BRDA:7,0,0,12
BRDA:7,0,1,132
BRDA:7,1,0,144
BRDA:7,1,1,14
BRF:4
BRH:4
end_of_record
TN:
SF:/home/francisco/projects/server/test/handler.js
FN:3,(anonymous_0)
FNF:1
FNH:1
FNDA:17,(anonymous_0)
DA:1,29
DA:3,29
DA:4,17
DA:5,15
LF:4
LH:4
BRDA:4,0,0,2
BRDA:4,0,1,15
BRF:2
BRH:2
end_of_record
TN:
SF:/home/francisco/projects/server/test/index.js
FN:13,(anonymous_0)
FN:25,(anonymous_1)
FN:25,(anonymous_2)
FN:26,(anonymous_3)
FN:26,(anonymous_4)
FN:27,(anonymous_5)
FN:27,(anonymous_6)
FN:28,(anonymous_7)
FN:28,(anonymous_8)
FN:39,(anonymous_9)
FN:53,(anonymous_10)
FN:64,(anonymous_11)
FN:65,(anonymous_12)
FN:66,(anonymous_13)
FN:67,(anonymous_14)
FN:80,(anonymous_15)
FNF:16
FNH:16
FNDA:142,(anonymous_0)
FNDA:108,(anonymous_1)
FNDA:107,(anonymous_2)
FNDA:16,(anonymous_3)
FNDA:16,(anonymous_4)
FNDA:1,(anonymous_5)
FNDA:1,(anonymous_6)
FNDA:2,(anonymous_7)
FNDA:2,(anonymous_8)
FNDA:141,(anonymous_9)
FNDA:141,(anonymous_10)
FNDA:124,(anonymous_11)
FNDA:17,(anonymous_12)
FNDA:1,(anonymous_13)
FNDA:2,(anonymous_14)
FNDA:142,(anonymous_15)
DA:2,29
DA:3,29
DA:4,29
DA:5,29
DA:6,29
DA:7,29
DA:8,29
DA:9,29
DA:13,29
DA:16,142
DA:19,142
DA:22,142
DA:25,142
DA:26,142
DA:27,142
DA:28,142
DA:31,142
DA:33,142
DA:39,29
DA:41,141
DA:45,141
DA:46,141
DA:53,29
DA:56,141
DA:59,141
DA:63,140
DA:64,124
DA:65,17
DA:66,1
DA:67,2
DA:73,141
DA:74,135
DA:80,142
DA:81,29
DA:84,29
DA:85,29
LF:36
LH:36
BRDA:22,0,0,7
BRDA:22,0,1,135
BRDA:46,1,0,5
BRDA:46,1,1,136
BRDA:73,2,0,135
BRDA:73,2,1,6
BRDA:73,3,0,141
BRDA:73,3,1,136
BRF:8
BRH:8
end_of_record
TN:
SF:/home/francisco/projects/server/test/instance.js
FN:2,(anonymous_0)
FNF:1
FNH:1
FNDA:283,(anonymous_0)
DA:2,29
DA:3,283
LF:2
LH:2
BRDA:2,0,0,0
BRDA:3,1,0,283
BRDA:3,1,1,279
BRDA:3,1,2,6
BRDA:3,1,3,6
BRF:5
BRH:4
end_of_record
TN:
SF:/home/francisco/projects/server/test/normalize.js
FN:3,(anonymous_0)
FNF:1
FNH:1
FNDA:144,(anonymous_0)
DA:3,29
DA:6,144
DA:9,144
DA:10,144
DA:11,3
DA:15,144
DA:16,144
DA:20,144
DA:21,6
DA:25,144
LF:10
LH:10
BRDA:6,0,0,0
BRDA:6,0,1,144
BRDA:10,1,0,3
BRDA:10,1,1,141
BRDA:10,2,0,144
BRDA:10,2,1,144
BRDA:10,2,2,9
BRDA:15,3,0,144
BRDA:15,3,1,0
BRDA:20,4,0,6
BRDA:20,4,1,138
BRDA:20,5,0,144
BRDA:20,5,1,9
BRF:13
BRH:11
end_of_record
TN:
SF:/home/francisco/projects/server/test/options.js
FN:5,(anonymous_0)
FNF:1
FNH:1
FNDA:142,(anonymous_0)
DA:1,29
DA:2,29
DA:5,29
DA:8,142
DA:11,137
LF:5
LH:5
BRDA:5,0,0,0
BRDA:5,1,0,0
BRDA:5,2,0,0
BRDA:8,3,0,5
BRDA:8,3,1,137
BRF:5
BRH:2
end_of_record
TN:
SF:/home/francisco/projects/server/test/port.js
FN:7,(anonymous_0)
FN:10,(anonymous_1)
FNF:2
FNH:2
FNDA:153,(anonymous_0)
FNDA:153,(anonymous_1)
DA:4,30
DA:5,30
DA:7,153
DA:10,30
DA:11,153
DA:14,153
DA:15,0
DA:19,153
DA:20,153
DA:23,30
LF:10
LH:9
BRDA:10,0,0,153
BRDA:14,1,0,0
BRDA:14,1,1,153
BRF:3
BRH:2
end_of_record
TN:
SF:/home/francisco/projects/server/test/wait.js
FN:2,(anonymous_0)
FN:2,(anonymous_1)
FNF:2
FNH:2
FNDA:1,(anonymous_0)
FNDA:1,(anonymous_1)
DA:2,29
DA:3,1
LF:2
LH:2
BRF:0
BRH:0
end_of_record
TN:
SF:/home/francisco/projects/server/utils/index.js
FNF:0
FNH:0
DA:2,31
DA:3,31
DA:4,31
DA:5,31
LF:4
LH:4
BRF:0
BRH:0
end_of_record
TN:
SF:/home/francisco/projects/server/utils/join/index.js
FN:6,(anonymous_0)
FN:32,(anonymous_1)
FN:38,(anonymous_2)
FNF:3
FNH:3
FNDA:3613,(anonymous_0)
FNDA:367,(anonymous_1)
FNDA:388,(anonymous_2)
DA:1,32
DA:2,32
DA:3,32
DA:6,32
DA:7,3613
DA:10,163
DA:11,54
DA:15,109
DA:16,4
DA:22,105
DA:24,105
DA:25,104
DA:28,1
DA:32,32
DA:35,367
DA:38,367
DA:39,388
DA:40,388
DA:41,3649
DA:43,3649
DA:45,45
DA:46,37
DA:47,37
DA:48,37
DA:53,3604
DA:54,3576
DA:57,41
DA:60,386
LF:28
LH:28
BRDA:7,0,0,3450
BRDA:7,0,1,163
BRDA:10,1,0,54
BRDA:10,1,1,109
BRDA:15,2,0,4
BRDA:15,2,1,105
BRDA:22,3,0,4
BRDA:22,3,1,101
BRDA:24,4,0,104
BRDA:24,4,1,1
BRDA:43,5,0,45
BRDA:43,5,1,3604
BRDA:45,6,0,37
BRDA:45,6,1,8
BRDA:54,7,0,3576
BRDA:54,7,1,3565
BRF:16
BRH:16
end_of_record
TN:
SF:/home/francisco/projects/server/utils/modern/errors.js
FN:2,(anonymous_0)
FN:14,(anonymous_1)
FN:47,(anonymous_2)
FNF:3
FNH:3
FNDA:11,(anonymous_0)
FNDA:4,(anonymous_1)
FNDA:3,(anonymous_2)
DA:1,32
DA:2,11
DA:5,32
DA:14,32
DA:25,32
DA:38,32
DA:47,32
DA:62,32
LF:8
LH:8
BRF:0
BRH:0
end_of_record
TN:
SF:/home/francisco/projects/server/utils/modern/index.js
FN:12,(anonymous_0)
FN:18,(anonymous_1)
FN:18,(anonymous_2)
FN:28,(anonymous_3)
FNF:4
FNH:4
FNDA:2252,(anonymous_0)
FNDA:2263,(anonymous_1)
FNDA:2263,(anonymous_2)
FNDA:1948,(anonymous_3)
DA:4,32
DA:9,32
DA:12,32
DA:15,2252
DA:18,2263
DA:21,2263
DA:22,308
DA:25,1951
DA:28,1951
DA:31,1951
LF:10
LH:10
BRDA:21,0,0,308
BRDA:21,0,1,1951
BRDA:28,1,0,1
BRDA:28,1,1,1947
BRF:4
BRH:4
end_of_record
TN:
SF:/home/francisco/projects/server/utils/modern/validate.js
FN:3,(anonymous_0)
FN:15,(anonymous_1)
FNF:2
FNH:2
FNDA:2252,(anonymous_0)
FNDA:1955,(anonymous_1)
DA:1,32
DA:3,32
DA:4,2252
DA:5,2
DA:7,2250
DA:8,4
DA:10,2246
DA:11,1
DA:15,32
DA:16,1955
DA:17,1
DA:19,1954
DA:20,2
DA:22,1952
DA:23,1
LF:15
LH:15
BRDA:4,0,0,2
BRDA:4,0,1,2250
BRDA:7,1,0,4
BRDA:7,1,1,2246
BRDA:10,2,0,1
BRDA:10,2,1,2245
BRDA:16,3,0,1
BRDA:16,3,1,1954
BRDA:19,4,0,2
BRDA:19,4,1,1952
BRDA:22,5,0,1
BRDA:22,5,1,1951
BRF:12
BRH:12
end_of_record
TN:
SF:/home/francisco/projects/server/utils/normalize/index.js
FN:5,(anonymous_0)
FNF:1
FNH:1
FNDA:400,(anonymous_0)
DA:5,400
LF:1
LH:1
BRDA:5,0,0,45
BRDA:5,0,1,355
BRDA:7,1,0,143
BRDA:7,1,1,212
BRDA:8,2,0,355
BRDA:8,2,1,354
BRDA:8,2,2,354
BRDA:8,2,3,354
BRDA:8,2,4,224
BRF:9
BRH:9
end_of_record
TN:
SF:/home/francisco/projects/server/utils/options/env.js
FN:6,(anonymous_0)
FN:7,(anonymous_1)
FN:8,(anonymous_2)
FN:11,(anonymous_3)
FNF:4
FNH:4
FNDA:7623,(anonymous_0)
FNDA:6633,(anonymous_1)
FNDA:5973,(anonymous_2)
FNDA:9570,(anonymous_3)
DA:2,33
DA:5,33
DA:6,7623
DA:7,6633
DA:8,5973
DA:11,33
DA:12,9570
DA:13,7623
DA:14,7623
DA:15,6633
DA:16,5973
DA:17,5973
DA:19,33
DA:21,5775
DA:24,33
DA:25,33
DA:26,9570
DA:29,33
LF:18
LH:18
BRDA:8,0,0,5973
BRDA:8,0,1,198
BRDA:12,1,0,1947
BRDA:12,1,1,7623
BRDA:13,2,0,0
BRDA:13,2,1,7623
BRDA:14,3,0,990
BRDA:14,3,1,6633
BRDA:15,4,0,660
BRDA:15,4,1,5973
BRDA:17,5,0,198
BRDA:17,5,1,5775
BRF:12
BRH:11
end_of_record
TN:
SF:/home/francisco/projects/server/utils/options/errors.js
FN:2,(anonymous_0)
FN:16,(anonymous_1)
FN:21,(anonymous_2)
FN:27,(anonymous_3)
FN:32,(anonymous_4)
FN:41,(anonymous_5)
FN:46,(anonymous_6)
FN:51,(anonymous_7)
FN:56,(anonymous_8)
FNF:9
FNH:8
FNDA:19,(anonymous_0)
FNDA:3,(anonymous_1)
FNDA:2,(anonymous_2)
FNDA:1,(anonymous_3)
FNDA:0,(anonymous_4)
FNDA:1,(anonymous_5)
FNDA:6,(anonymous_6)
FNDA:3,(anonymous_7)
FNDA:1,(anonymous_8)
DA:1,34
DA:2,19
DA:5,34
DA:11,34
DA:16,34
DA:21,34
DA:27,34
DA:32,34
DA:41,34
DA:46,34
DA:51,34
DA:56,34
DA:61,34
DA:67,34
DA:73,34
LF:15
LH:15
BRDA:35,0,0,0
BRDA:35,0,1,0
BRF:2
BRH:0
end_of_record
TN:
SF:/home/francisco/projects/server/utils/options/index.js
FN:7,(anonymous_0)
FN:13,(anonymous_1)
FNF:2
FNH:2
FNDA:155,(anonymous_0)
FNDA:1480,(anonymous_1)
DA:1,32
DA:2,32
DA:3,32
DA:7,32
DA:10,155
DA:13,154
DA:14,1480
DA:17,153
LF:8
LH:8
BRDA:7,0,0,3
BRDA:7,1,0,7
BRDA:13,2,0,0
BRDA:13,3,0,148
BRF:4
BRH:3
end_of_record
TN:
SF:/home/francisco/projects/server/utils/options/parse.js
FN:13,(anonymous_0)
FN:21,(anonymous_1)
FN:98,(anonymous_2)
FN:146,(anonymous_3)
FNF:4
FNH:4
FNDA:1734,(anonymous_0)
FNDA:4770,(anonymous_1)
FNDA:32072,(anonymous_2)
FNDA:3489,(anonymous_3)
DA:5,34
DA:6,34
DA:13,34
DA:16,1734
DA:17,43
DA:21,1691
DA:25,4770
DA:26,12
DA:27,1
DA:29,11
DA:30,1
DA:32,10
DA:36,4768
DA:39,4768
DA:40,472977
DA:43,4768
DA:49,1689
DA:52,1689
DA:56,8936
DA:60,8936
DA:63,8026
DA:64,3
DA:68,8023
DA:69,2
DA:73,8021
DA:74,7680
DA:75,341
DA:76,2
DA:80,8019
DA:81,7863
DA:82,156
DA:83,1
DA:87,8018
DA:88,8012
DA:93,8018
DA:98,32072
DA:99,8018
DA:100,4021
DA:105,8020
DA:106,152
DA:110,8020
DA:111,504
DA:112,343
DA:114,504
DA:115,504
DA:116,168
DA:121,8020
DA:122,317
DA:130,8020
DA:131,1
DA:136,8019
DA:137,3
DA:141,8016
DA:144,2569
DA:146,3489
DA:149,2569
DA:150,6
DA:156,8010
DA:157,3
DA:158,3
DA:159,2
DA:162,8008
DA:163,4013
DA:168,1671
DA:169,8895
DA:170,8895
DA:171,9
DA:175,1671
LF:68
LH:68
BRDA:16,0,0,43
BRDA:16,0,1,1691
BRDA:21,1,0,20
BRDA:21,2,0,47
BRDA:21,3,0,234
BRDA:21,4,0,1419
BRDA:25,5,0,12
BRDA:25,5,1,4758
BRDA:26,6,0,1
BRDA:26,6,1,11
BRDA:29,7,0,1
BRDA:29,7,1,10
BRDA:60,8,0,910
BRDA:60,8,1,8026
BRDA:63,9,0,3
BRDA:63,9,1,8023
BRDA:68,10,0,2
BRDA:68,10,1,8021
BRDA:73,11,0,7680
BRDA:73,11,1,341
BRDA:74,12,0,2
BRDA:74,12,1,7678
BRDA:74,13,0,7678
BRDA:74,13,1,1619
BRDA:75,14,0,2
BRDA:75,14,1,339
BRDA:75,15,0,341
BRDA:75,15,1,2
BRDA:80,16,0,7863
BRDA:80,16,1,156
BRDA:81,17,0,2
BRDA:81,17,1,7861
BRDA:81,18,0,7861
BRDA:81,18,1,1058
BRDA:82,19,0,1
BRDA:82,19,1,155
BRDA:82,20,0,156
BRDA:82,20,1,1
BRDA:87,21,0,8012
BRDA:87,21,1,6
BRDA:88,22,0,61
BRDA:88,22,1,7951
BRDA:88,23,0,7951
BRDA:88,23,1,1504
BRDA:99,24,0,4021
BRDA:99,24,1,3997
BRDA:105,25,0,152
BRDA:105,25,1,7868
BRDA:105,26,0,8020
BRDA:105,26,1,153
BRDA:106,27,0,152
BRDA:106,27,1,1
BRDA:110,28,0,504
BRDA:110,28,1,7516
BRDA:110,29,0,8020
BRDA:110,29,1,7692
BRDA:110,29,2,653
BRDA:111,30,0,343
BRDA:111,30,1,161
BRDA:115,31,0,168
BRDA:115,31,1,336
BRDA:115,32,0,504
BRDA:115,32,1,325
BRDA:121,33,0,317
BRDA:121,33,1,7703
BRDA:130,34,0,1
BRDA:130,34,1,8019
BRDA:130,35,0,8020
BRDA:130,35,1,2
BRDA:136,36,0,3
BRDA:136,36,1,8016
BRDA:136,37,0,8019
BRDA:136,37,1,324
BRDA:136,37,2,320
BRDA:141,38,0,2569
BRDA:141,38,1,5447
BRDA:141,39,0,8016
BRDA:141,39,1,3334
BRDA:144,40,0,2202
BRDA:144,40,1,367
BRDA:146,41,0,705
BRDA:146,41,1,2784
BRDA:149,42,0,6
BRDA:149,42,1,2563
BRDA:156,43,0,3
BRDA:156,43,1,8007
BRDA:158,44,0,1
BRDA:158,44,1,2
BRDA:159,45,0,1
BRDA:159,45,1,1
BRDA:162,46,0,4013
BRDA:162,46,1,3995
BRDA:170,47,0,9
BRDA:170,47,1,8886
BRF:94
BRH:94
end_of_record
TN:
SF:/home/francisco/projects/server/utils/options/schema.js
FN:15,(anonymous_0)
FNF:1
FNH:1
FNDA:172,(anonymous_0)
DA:1,33
DA:2,33
DA:3,33
DA:5,33
DA:16,172
DA:17,4
DA:18,4
DA:19,4
DA:21,168
LF:9
LH:9
BRDA:16,0,0,4
BRDA:16,0,1,168
BRDA:16,1,0,172
BRDA:16,1,1,4
BRDA:17,2,0,4
BRDA:17,2,1,2
BRDA:18,3,0,2
BRDA:18,3,1,2
BRF:8
BRH:8
end_of_record
